22:49:30.843 [FXGL Launcher Thread     ] DEBUG FXGL                 - FXGL logger initialized
22:49:30.846 [FXGL Launcher Thread     ] DEBUG FXGL                 - Service <<AudioPlayer>> initialized
22:49:30.846 [FXGL Launcher Thread     ] DEBUG FXGLAssetLoader      - Asset cacheSize=35
22:49:30.847 [FXGL Launcher Thread     ] DEBUG FXGL                 - Service <<AssetLoader>> initialized
22:49:30.847 [FXGL Launcher Thread     ] DEBUG FXGL                 - Service <<EventBus>> initialized
22:49:30.849 [FXGL Launcher Thread     ] DEBUG FXGLAssetLoader      - Loading from disk: /assets/ui/cursors/fxgl_default.png
22:49:30.864 [FXGL Launcher Thread     ] DEBUG FXGLAssetLoader      - Loading from disk: /assets/sounds/core/notification.wav
22:49:30.880 [FXGL Launcher Thread     ] DEBUG FXGLAssetLoader      - Loading from disk: /assets/sounds/menu/select.wav
22:49:30.881 [FXGL Launcher Thread     ] DEBUG FXGLAssetLoader      - Loading from disk: /assets/sounds/menu/back.wav
22:49:30.883 [FXGL Launcher Thread     ] DEBUG FXGLAssetLoader      - Loading from disk: /assets/sounds/menu/press.wav
22:49:30.885 [FXGL Launcher Thread     ] DEBUG FXGLAssetLoader      - Loading from disk: /assets/ui/fonts/Copperplate_Gothic_Light_Regular.ttf
22:49:30.983 [FXGL Launcher Thread     ] DEBUG FXGLAssetLoader      - Loading from disk: /assets/ui/fonts/lucida_console.ttf
22:49:31.009 [FXGL Launcher Thread     ] DEBUG FXGLAssetLoader      - Loading from disk: /assets/ui/css/fxgl_dark.css
22:49:31.009 [FXGL Launcher Thread     ] DEBUG FXGLAssetLoader      - Loading from disk: /assets/ui/icons/fxgl_icon.png
22:49:31.022 [FXGL Launcher Thread     ] DEBUG FXGLDisplay          - Using CSS: CSS(externalForm=jar:file:/C:/Users/lukel/Documents/Programming/CellularAutomata/ElementaryCellularAutomata/lib/fxgl-0.3.4-uber.jar!/assets/ui/css/fxgl_dark.css)
22:49:31.022 [FXGL Launcher Thread     ] DEBUG FXGL                 - Service <<Display>> initialized
22:49:31.024 [FXGL Launcher Thread     ] DEBUG FXGL                 - Service <<Executor>> initialized
22:49:31.029 [FXGL Launcher Thread     ] DEBUG FXGL                 - Service <<NotificationService>> initialized
22:49:31.030 [FXGL Launcher Thread     ] DEBUG FXGL                 - Service <<Net>> initialized
22:49:31.045 [FXGL Launcher Thread     ] DEBUG FXGL                 - Service <<Gameplay>> initialized
22:49:31.050 [FXGL Launcher Thread     ] DEBUG FXGLPooler           - Default pool size for objects = 128
22:49:31.051 [FXGL Launcher Thread     ] DEBUG FXGL                 - Service <<Pooler>> initialized
22:49:31.051 [FXGL Launcher Thread     ] DEBUG FXGL                 - Service <<ExceptionHandler>> initialized
22:49:31.051 [FXGL Launcher Thread     ] DEBUG FXGL                 - Service <<UIFactory>> initialized
22:49:31.051 [FXGL Launcher Thread     ] DEBUG FXGL                 - Service <<DialogFactory>> initialized
22:49:31.052 [FXGL Launcher Thread     ] DEBUG FXGL                 - Service <<SceneFactory>> initialized
22:49:31.052 [FXGL Launcher Thread     ] DEBUG FXGL                 - Loading FXGL system data
22:49:31.055 [FXGL Launcher Thread     ] DEBUG IOTask               - Executing task: readDataTask(system/fxgl.bundle)
22:49:31.057 [FXGL Launcher Thread     ] DEBUG FS                   - Reading from: system\fxgl.bundle
22:49:31.065 [FXGL Launcher Thread     ] DEBUG IOTask               - Task succeeded: readDataTask(system/fxgl.bundle)
22:49:31.065 [FXGL Launcher Thread     ] DEBUG Bundle               - Logging bundle: FXGL
22:49:31.065 [FXGL Launcher Thread     ] DEBUG Bundle               - FXGL.offline.timer.version.check=2017-07-11T21:40:31.112
22:49:31.065 [FXGL Launcher Thread     ] DEBUG GameApplication      - FXGL configuration complete
22:49:31.066 [FXGL Launcher Thread     ] INFO  GameApplication      - FXGL configuration took:  0.647 sec
22:49:31.066 [FXGL Launcher Thread     ] DEBUG GameApplication      - Logging game settings
Title: Elementary Cellular Automata
Version: 0.0
Width: 1000
Height: 1000
Fullscreen: false
Intro: false
Menus: false
Profiling: false
App Mode: DEVELOPER
Menu Style: FXGL_DEFAULT
Menu Key: ESCAPE
Services: []
22:49:31.076 [FXGL Launcher Thread     ] DEBUG GameApplication      - Configuring GameApplication
22:49:31.077 [FXGL Launcher Thread     ] DEBUG AppStateMachine      - Initializing application states
22:49:31.079 [FXGL Launcher Thread     ] DEBUG FXGLAssetLoader      - Loading from disk: /assets/ui/cursors/fxgl_default.png
22:49:31.083 [FXGL Launcher Thread     ] DEBUG FXGLAssetLoader      - Loading from disk: /assets/ui/cursors/fxgl_default.png
22:49:31.113 [FXGL Launcher Thread     ] DEBUG GameWorld            - Game world initialized
22:49:31.147 [FXGL Launcher Thread     ] DEBUG PhysicsWorld         - Physics world initialized: appHeight=1000, physics.ppm=50.0
22:49:31.154 [FXGL Launcher Thread     ] DEBUG FXGLAssetLoader      - Loading from disk: /assets/ui/cursors/fxgl_default.png
22:49:31.170 [FXGL Launcher Thread     ] DEBUG GameScene            - Game scene initialized: 1000x1000
22:49:31.188 [FXGL Launcher Thread     ] DEBUG Input                - Registered new binding: Pause - Esc
22:49:31.198 [FXGL Launcher Thread     ] INFO  GameApplication      - Game configuration took:  0.122 sec
22:49:31.203 [JavaFX Application Thread] DEBUG FXGLDisplay          - Target size: DoubleProperty [value: 1000.0] x DoubleProperty [value: 1000.0] @ 1.0
22:49:31.203 [JavaFX Application Thread] DEBUG FXGLDisplay          - New size:    1000.0 x 1000.0 @ DoubleProperty [value: 1.0]
22:49:31.203 [JavaFX Application Thread] DEBUG FXGLDisplay          - Opening primary stage
22:49:31.235 [JavaFX Application Thread] DEBUG FXGLDisplay          - Stage shown
22:49:31.235 [JavaFX Application Thread] DEBUG FXGLDisplay          - Root size: 1000.0x1000.0
22:49:31.236 [JavaFX Application Thread] DEBUG FXGLDisplay          - Scene size: 1000.0x1000.0
22:49:31.236 [JavaFX Application Thread] DEBUG FXGLDisplay          - Stage size: 1016.0x1039.0
22:49:31.266 [JavaFX Application Thread] DEBUG GameApplication      - Running preInit()
22:49:31.268 [JavaFX Application Thread] DEBUG Input                - Registered new binding: Screenshot - P
22:49:31.269 [JavaFX Application Thread] DEBUG Input                - Registered new binding: Dev Options - CTRL+0
22:49:31.307 [JavaFX Application Thread] DEBUG GameApplication      - Starting main loop
22:49:31.311 [JavaFX Application Thread] DEBUG StartupState         - STARTUP
22:49:31.311 [JavaFX Application Thread] DEBUG GameApplication      - Starting new game
22:49:31.311 [JavaFX Application Thread] DEBUG Input                - Clearing active input actions
22:49:31.312 [JavaFX Application Thread] DEBUG AppStateMachine      - StartupState -> LoadingState
22:49:31.468 [JavaFX Application Thread] DEBUG InitAppTask          - @AddCollisionHandler: []
22:49:31.468 [JavaFX Application Thread] DEBUG InitAppTask          - @SetEntityFactory: []
22:49:31.471 [FXGL Background Thread 1 ] DEBUG InitAppTask          - Clearing previous game
22:49:31.471 [FXGL Background Thread 1 ] DEBUG GameWorld            - Resetting game world
22:49:31.472 [FXGL Background Thread 1 ] DEBUG PhysicsWorld         - Resetting physics world
22:49:31.472 [FXGL Background Thread 1 ] DEBUG GameScene            - Resetting game scene
22:49:31.472 [FXGL Background Thread 1 ] DEBUG InitAppTask          - Initializing Assets
22:49:31.473 [FXGL Background Thread 1 ] DEBUG InitAppTask          - Initializing Game
22:49:31.507 [FXGL Background Thread 1 ] DEBUG GameScene            - Creating render group for layer: BACKGROUND(1000)
22:49:31.510 [FXGL Background Thread 1 ] DEBUG InitAppTask          - Initializing Physics
22:49:31.510 [FXGL Background Thread 1 ] DEBUG InitAppTask          - Initializing UI
22:49:31.510 [FXGL Background Thread 1 ] DEBUG InitAppTask          - Initialization Complete
22:49:31.510 [FXGL Background Thread 1 ] INFO  InitAppTask          - Game initialization took: 0.039 sec
22:49:31.552 [JavaFX Application Thread] DEBUG Input                - Clearing active input actions
22:49:31.552 [JavaFX Application Thread] DEBUG AppStateMachine      - LoadingState -> PlayState
22:49:33.423 [JavaFX Application Thread] DEBUG GameWorld            - Resetting game world
22:49:33.626 [JavaFX Application Thread] DEBUG PhysicsWorld         - Resetting physics world
22:49:33.626 [JavaFX Application Thread] DEBUG GameScene            - Resetting game scene
22:49:33.627 [JavaFX Application Thread] DEBUG GameScene            - Creating render group for layer: BACKGROUND(1000)
22:49:35.786 [JavaFX Application Thread] DEBUG FXGLEventBus         - Firing event: DisplayEvent[type=CLOSE_REQUEST]
22:49:35.786 [JavaFX Application Thread] DEBUG GameApplication      - Exiting FXGL application
22:49:35.787 [JavaFX Application Thread] DEBUG FXGL                 - Saving FXGL system data
22:49:35.788 [JavaFX Application Thread] DEBUG IOTask               - Executing task: writeDataTask(system/fxgl.bundle)
22:49:35.789 [JavaFX Application Thread] DEBUG FS                   - Writing to: system\fxgl.bundle
22:49:35.792 [JavaFX Application Thread] DEBUG IOTask               - Task succeeded: writeDataTask(system/fxgl.bundle)
22:49:35.792 [JavaFX Application Thread] DEBUG GameApplication      - Closing FXGL logger and exiting JavaFX
