22:44:14.601 [FXGL Launcher Thread     ] DEBUG FXGL                 - FXGL logger initialized
22:44:14.604 [FXGL Launcher Thread     ] DEBUG FXGL                 - Service <<AudioPlayer>> initialized
22:44:14.605 [FXGL Launcher Thread     ] DEBUG FXGLAssetLoader      - Asset cacheSize=35
22:44:14.605 [FXGL Launcher Thread     ] DEBUG FXGL                 - Service <<AssetLoader>> initialized
22:44:14.606 [FXGL Launcher Thread     ] DEBUG FXGL                 - Service <<EventBus>> initialized
22:44:14.608 [FXGL Launcher Thread     ] DEBUG FXGLAssetLoader      - Loading from disk: /assets/ui/cursors/fxgl_default.png
22:44:14.623 [FXGL Launcher Thread     ] DEBUG FXGLAssetLoader      - Loading from disk: /assets/sounds/core/notification.wav
22:44:14.639 [FXGL Launcher Thread     ] DEBUG FXGLAssetLoader      - Loading from disk: /assets/sounds/menu/select.wav
22:44:14.640 [FXGL Launcher Thread     ] DEBUG FXGLAssetLoader      - Loading from disk: /assets/sounds/menu/back.wav
22:44:14.642 [FXGL Launcher Thread     ] DEBUG FXGLAssetLoader      - Loading from disk: /assets/sounds/menu/press.wav
22:44:14.644 [FXGL Launcher Thread     ] DEBUG FXGLAssetLoader      - Loading from disk: /assets/ui/fonts/Copperplate_Gothic_Light_Regular.ttf
22:44:14.735 [FXGL Launcher Thread     ] DEBUG FXGLAssetLoader      - Loading from disk: /assets/ui/fonts/lucida_console.ttf
22:44:14.748 [FXGL Launcher Thread     ] DEBUG FXGLAssetLoader      - Loading from disk: /assets/ui/css/fxgl_dark.css
22:44:14.749 [FXGL Launcher Thread     ] DEBUG FXGLAssetLoader      - Loading from disk: /assets/ui/icons/fxgl_icon.png
22:44:14.762 [FXGL Launcher Thread     ] DEBUG FXGLDisplay          - Using CSS: CSS(externalForm=jar:file:/C:/Users/lukel/Documents/Programming/CellularAutomata/ElementaryCellularAutomata/lib/fxgl-0.3.4-uber.jar!/assets/ui/css/fxgl_dark.css)
22:44:14.763 [FXGL Launcher Thread     ] DEBUG FXGL                 - Service <<Display>> initialized
22:44:14.764 [FXGL Launcher Thread     ] DEBUG FXGL                 - Service <<Executor>> initialized
22:44:14.769 [FXGL Launcher Thread     ] DEBUG FXGL                 - Service <<NotificationService>> initialized
22:44:14.770 [FXGL Launcher Thread     ] DEBUG FXGL                 - Service <<Net>> initialized
22:44:14.795 [FXGL Launcher Thread     ] DEBUG FXGL                 - Service <<Gameplay>> initialized
22:44:14.800 [FXGL Launcher Thread     ] DEBUG FXGLPooler           - Default pool size for objects = 128
22:44:14.800 [FXGL Launcher Thread     ] DEBUG FXGL                 - Service <<Pooler>> initialized
22:44:14.801 [FXGL Launcher Thread     ] DEBUG FXGL                 - Service <<ExceptionHandler>> initialized
22:44:14.801 [FXGL Launcher Thread     ] DEBUG FXGL                 - Service <<UIFactory>> initialized
22:44:14.801 [FXGL Launcher Thread     ] DEBUG FXGL                 - Service <<DialogFactory>> initialized
22:44:14.801 [FXGL Launcher Thread     ] DEBUG FXGL                 - Service <<SceneFactory>> initialized
22:44:14.801 [FXGL Launcher Thread     ] DEBUG FXGL                 - Loading FXGL system data
22:44:14.804 [FXGL Launcher Thread     ] DEBUG IOTask               - Executing task: readDataTask(system/fxgl.bundle)
22:44:14.806 [FXGL Launcher Thread     ] DEBUG FS                   - Reading from: system\fxgl.bundle
22:44:14.814 [FXGL Launcher Thread     ] DEBUG IOTask               - Task succeeded: readDataTask(system/fxgl.bundle)
22:44:14.814 [FXGL Launcher Thread     ] DEBUG Bundle               - Logging bundle: FXGL
22:44:14.815 [FXGL Launcher Thread     ] DEBUG Bundle               - FXGL.offline.timer.version.check=2017-07-11T21:40:31.112
22:44:14.815 [FXGL Launcher Thread     ] DEBUG GameApplication      - FXGL configuration complete
22:44:14.816 [FXGL Launcher Thread     ] INFO  GameApplication      - FXGL configuration took:  0.632 sec
22:44:14.816 [FXGL Launcher Thread     ] DEBUG GameApplication      - Logging game settings
Title: Elementary Cellular Automata
Version: 0.0
Width: 1000
Height: 1000
Fullscreen: false
Intro: false
Menus: false
Profiling: false
App Mode: DEVELOPER
Menu Style: FXGL_DEFAULT
Menu Key: ESCAPE
Services: []
22:44:14.836 [FXGL Launcher Thread     ] DEBUG GameApplication      - Configuring GameApplication
22:44:14.836 [FXGL Launcher Thread     ] DEBUG AppStateMachine      - Initializing application states
22:44:14.838 [FXGL Launcher Thread     ] DEBUG FXGLAssetLoader      - Loading from disk: /assets/ui/cursors/fxgl_default.png
22:44:14.841 [FXGL Launcher Thread     ] DEBUG FXGLAssetLoader      - Loading from disk: /assets/ui/cursors/fxgl_default.png
22:44:14.876 [FXGL Launcher Thread     ] DEBUG GameWorld            - Game world initialized
22:44:14.913 [FXGL Launcher Thread     ] DEBUG PhysicsWorld         - Physics world initialized: appHeight=1000, physics.ppm=50.0
22:44:14.920 [FXGL Launcher Thread     ] DEBUG FXGLAssetLoader      - Loading from disk: /assets/ui/cursors/fxgl_default.png
22:44:14.936 [FXGL Launcher Thread     ] DEBUG GameScene            - Game scene initialized: 1000x1000
22:44:14.953 [FXGL Launcher Thread     ] DEBUG Input                - Registered new binding: Pause - Esc
22:44:14.963 [FXGL Launcher Thread     ] INFO  GameApplication      - Game configuration took:  0.127 sec
22:44:14.980 [JavaFX Application Thread] DEBUG FXGLDisplay          - Target size: DoubleProperty [value: 1000.0] x DoubleProperty [value: 1000.0] @ 1.0
22:44:14.980 [JavaFX Application Thread] DEBUG FXGLDisplay          - New size:    1000.0 x 1000.0 @ DoubleProperty [value: 1.0]
22:44:14.980 [JavaFX Application Thread] DEBUG FXGLDisplay          - Opening primary stage
22:44:15.016 [JavaFX Application Thread] DEBUG FXGLDisplay          - Stage shown
22:44:15.017 [JavaFX Application Thread] DEBUG FXGLDisplay          - Root size: 1000.0x1000.0
22:44:15.017 [JavaFX Application Thread] DEBUG FXGLDisplay          - Scene size: 1000.0x1000.0
22:44:15.017 [JavaFX Application Thread] DEBUG FXGLDisplay          - Stage size: 1016.0x1039.0
22:44:15.048 [JavaFX Application Thread] DEBUG GameApplication      - Running preInit()
22:44:15.050 [JavaFX Application Thread] DEBUG Input                - Registered new binding: Screenshot - P
22:44:15.050 [JavaFX Application Thread] DEBUG Input                - Registered new binding: Dev Options - CTRL+0
22:44:15.083 [JavaFX Application Thread] DEBUG GameApplication      - Starting main loop
22:44:15.086 [JavaFX Application Thread] DEBUG StartupState         - STARTUP
22:44:15.086 [JavaFX Application Thread] DEBUG GameApplication      - Starting new game
22:44:15.086 [JavaFX Application Thread] DEBUG Input                - Clearing active input actions
22:44:15.086 [JavaFX Application Thread] DEBUG AppStateMachine      - StartupState -> LoadingState
22:44:15.180 [JavaFX Application Thread] DEBUG InitAppTask          - @SetEntityFactory: []
22:44:15.181 [JavaFX Application Thread] DEBUG InitAppTask          - @AddCollisionHandler: []
22:44:15.183 [FXGL Background Thread 1 ] DEBUG InitAppTask          - Clearing previous game
22:44:15.183 [FXGL Background Thread 1 ] DEBUG GameWorld            - Resetting game world
22:44:15.184 [FXGL Background Thread 1 ] DEBUG PhysicsWorld         - Resetting physics world
22:44:15.184 [FXGL Background Thread 1 ] DEBUG GameScene            - Resetting game scene
22:44:15.184 [FXGL Background Thread 1 ] DEBUG InitAppTask          - Initializing Assets
22:44:15.184 [FXGL Background Thread 1 ] DEBUG InitAppTask          - Initializing Game
22:44:15.221 [FXGL Background Thread 1 ] DEBUG GameScene            - Creating render group for layer: BACKGROUND(1000)
22:44:15.225 [FXGL Background Thread 1 ] DEBUG InitAppTask          - Initializing Physics
22:44:15.225 [FXGL Background Thread 1 ] DEBUG InitAppTask          - Initializing UI
22:44:15.225 [FXGL Background Thread 1 ] DEBUG InitAppTask          - Initialization Complete
22:44:15.225 [FXGL Background Thread 1 ] INFO  InitAppTask          - Game initialization took: 0.042 sec
22:44:15.277 [JavaFX Application Thread] DEBUG Input                - Clearing active input actions
22:44:15.278 [JavaFX Application Thread] DEBUG AppStateMachine      - LoadingState -> PlayState
22:44:18.677 [JavaFX Application Thread] DEBUG GameWorld            - Resetting game world
22:44:18.684 [JavaFX Application Thread] DEBUG PhysicsWorld         - Resetting physics world
22:44:18.684 [JavaFX Application Thread] DEBUG GameScene            - Resetting game scene
22:44:18.685 [JavaFX Application Thread] DEBUG GameScene            - Creating render group for layer: BACKGROUND(1000)
22:44:22.303 [JavaFX Application Thread] DEBUG GameWorld            - Resetting game world
22:44:22.532 [JavaFX Application Thread] DEBUG PhysicsWorld         - Resetting physics world
22:44:22.532 [JavaFX Application Thread] DEBUG GameScene            - Resetting game scene
22:44:22.533 [JavaFX Application Thread] DEBUG GameScene            - Creating render group for layer: BACKGROUND(1000)
22:44:25.860 [JavaFX Application Thread] DEBUG GameWorld            - Resetting game world
22:44:25.861 [JavaFX Application Thread] DEBUG PhysicsWorld         - Resetting physics world
22:44:25.862 [JavaFX Application Thread] DEBUG GameScene            - Resetting game scene
22:44:25.862 [JavaFX Application Thread] DEBUG GameScene            - Creating render group for layer: BACKGROUND(1000)
22:44:27.984 [JavaFX Application Thread] DEBUG FXGLEventBus         - Firing event: DisplayEvent[type=CLOSE_REQUEST]
22:44:27.985 [JavaFX Application Thread] DEBUG GameApplication      - Exiting FXGL application
22:44:27.985 [JavaFX Application Thread] DEBUG FXGL                 - Saving FXGL system data
22:44:27.986 [JavaFX Application Thread] DEBUG IOTask               - Executing task: writeDataTask(system/fxgl.bundle)
22:44:27.987 [JavaFX Application Thread] DEBUG FS                   - Writing to: system\fxgl.bundle
22:44:27.990 [JavaFX Application Thread] DEBUG IOTask               - Task succeeded: writeDataTask(system/fxgl.bundle)
22:44:27.990 [JavaFX Application Thread] DEBUG GameApplication      - Closing FXGL logger and exiting JavaFX
