22:41:17.723 [FXGL Launcher Thread     ] DEBUG FXGL                 - FXGL logger initialized
22:41:17.725 [FXGL Launcher Thread     ] DEBUG FXGL                 - Service <<AudioPlayer>> initialized
22:41:17.726 [FXGL Launcher Thread     ] DEBUG FXGLAssetLoader      - Asset cacheSize=35
22:41:17.727 [FXGL Launcher Thread     ] DEBUG FXGL                 - Service <<AssetLoader>> initialized
22:41:17.727 [FXGL Launcher Thread     ] DEBUG FXGL                 - Service <<EventBus>> initialized
22:41:17.729 [FXGL Launcher Thread     ] DEBUG FXGLAssetLoader      - Loading from disk: /assets/ui/cursors/fxgl_default.png
22:41:17.745 [FXGL Launcher Thread     ] DEBUG FXGLAssetLoader      - Loading from disk: /assets/sounds/core/notification.wav
22:41:17.762 [FXGL Launcher Thread     ] DEBUG FXGLAssetLoader      - Loading from disk: /assets/sounds/menu/select.wav
22:41:17.763 [FXGL Launcher Thread     ] DEBUG FXGLAssetLoader      - Loading from disk: /assets/sounds/menu/back.wav
22:41:17.764 [FXGL Launcher Thread     ] DEBUG FXGLAssetLoader      - Loading from disk: /assets/sounds/menu/press.wav
22:41:17.766 [FXGL Launcher Thread     ] DEBUG FXGLAssetLoader      - Loading from disk: /assets/ui/fonts/Copperplate_Gothic_Light_Regular.ttf
22:41:17.857 [FXGL Launcher Thread     ] DEBUG FXGLAssetLoader      - Loading from disk: /assets/ui/fonts/lucida_console.ttf
22:41:17.870 [FXGL Launcher Thread     ] DEBUG FXGLAssetLoader      - Loading from disk: /assets/ui/css/fxgl_dark.css
22:41:17.870 [FXGL Launcher Thread     ] DEBUG FXGLAssetLoader      - Loading from disk: /assets/ui/icons/fxgl_icon.png
22:41:17.883 [FXGL Launcher Thread     ] DEBUG FXGLDisplay          - Using CSS: CSS(externalForm=jar:file:/C:/Users/lukel/Documents/Programming/CellularAutomata/ElementaryCellularAutomata/lib/fxgl-0.3.4-uber.jar!/assets/ui/css/fxgl_dark.css)
22:41:17.884 [FXGL Launcher Thread     ] DEBUG FXGL                 - Service <<Display>> initialized
22:41:17.886 [FXGL Launcher Thread     ] DEBUG FXGL                 - Service <<Executor>> initialized
22:41:17.892 [FXGL Launcher Thread     ] DEBUG FXGL                 - Service <<NotificationService>> initialized
22:41:17.892 [FXGL Launcher Thread     ] DEBUG FXGL                 - Service <<Net>> initialized
22:41:17.907 [FXGL Launcher Thread     ] DEBUG FXGL                 - Service <<Gameplay>> initialized
22:41:17.913 [FXGL Launcher Thread     ] DEBUG FXGLPooler           - Default pool size for objects = 128
22:41:17.913 [FXGL Launcher Thread     ] DEBUG FXGL                 - Service <<Pooler>> initialized
22:41:17.914 [FXGL Launcher Thread     ] DEBUG FXGL                 - Service <<ExceptionHandler>> initialized
22:41:17.914 [FXGL Launcher Thread     ] DEBUG FXGL                 - Service <<UIFactory>> initialized
22:41:17.914 [FXGL Launcher Thread     ] DEBUG FXGL                 - Service <<DialogFactory>> initialized
22:41:17.914 [FXGL Launcher Thread     ] DEBUG FXGL                 - Service <<SceneFactory>> initialized
22:41:17.914 [FXGL Launcher Thread     ] DEBUG FXGL                 - Loading FXGL system data
22:41:17.918 [FXGL Launcher Thread     ] DEBUG IOTask               - Executing task: readDataTask(system/fxgl.bundle)
22:41:17.921 [FXGL Launcher Thread     ] DEBUG FS                   - Reading from: system\fxgl.bundle
22:41:17.929 [FXGL Launcher Thread     ] DEBUG IOTask               - Task succeeded: readDataTask(system/fxgl.bundle)
22:41:17.930 [FXGL Launcher Thread     ] DEBUG Bundle               - Logging bundle: FXGL
22:41:17.930 [FXGL Launcher Thread     ] DEBUG Bundle               - FXGL.offline.timer.version.check=2017-07-11T21:40:31.112
22:41:17.930 [FXGL Launcher Thread     ] DEBUG GameApplication      - FXGL configuration complete
22:41:17.931 [FXGL Launcher Thread     ] INFO  GameApplication      - FXGL configuration took:  0.661 sec
22:41:17.931 [FXGL Launcher Thread     ] DEBUG GameApplication      - Logging game settings
Title: Elementary Cellular Automata
Version: 0.0
Width: 1000
Height: 1000
Fullscreen: false
Intro: false
Menus: false
Profiling: false
App Mode: DEVELOPER
Menu Style: FXGL_DEFAULT
Menu Key: ESCAPE
Services: []
22:41:17.941 [FXGL Launcher Thread     ] DEBUG GameApplication      - Configuring GameApplication
22:41:17.942 [FXGL Launcher Thread     ] DEBUG AppStateMachine      - Initializing application states
22:41:17.944 [FXGL Launcher Thread     ] DEBUG FXGLAssetLoader      - Loading from disk: /assets/ui/cursors/fxgl_default.png
22:41:17.947 [FXGL Launcher Thread     ] DEBUG FXGLAssetLoader      - Loading from disk: /assets/ui/cursors/fxgl_default.png
22:41:17.979 [FXGL Launcher Thread     ] DEBUG GameWorld            - Game world initialized
22:41:18.013 [FXGL Launcher Thread     ] DEBUG PhysicsWorld         - Physics world initialized: appHeight=1000, physics.ppm=50.0
22:41:18.019 [FXGL Launcher Thread     ] DEBUG FXGLAssetLoader      - Loading from disk: /assets/ui/cursors/fxgl_default.png
22:41:18.035 [FXGL Launcher Thread     ] DEBUG GameScene            - Game scene initialized: 1000x1000
22:41:18.051 [FXGL Launcher Thread     ] DEBUG Input                - Registered new binding: Pause - Esc
22:41:18.060 [FXGL Launcher Thread     ] INFO  GameApplication      - Game configuration took:  0.118 sec
22:41:18.063 [JavaFX Application Thread] DEBUG FXGLDisplay          - Target size: DoubleProperty [value: 1000.0] x DoubleProperty [value: 1000.0] @ 1.0
22:41:18.063 [JavaFX Application Thread] DEBUG FXGLDisplay          - New size:    1000.0 x 1000.0 @ DoubleProperty [value: 1.0]
22:41:18.063 [JavaFX Application Thread] DEBUG FXGLDisplay          - Opening primary stage
22:41:18.091 [JavaFX Application Thread] DEBUG FXGLDisplay          - Stage shown
22:41:18.091 [JavaFX Application Thread] DEBUG FXGLDisplay          - Root size: 1000.0x1000.0
22:41:18.091 [JavaFX Application Thread] DEBUG FXGLDisplay          - Scene size: 1000.0x1000.0
22:41:18.092 [JavaFX Application Thread] DEBUG FXGLDisplay          - Stage size: 1016.0x1039.0
22:41:18.125 [JavaFX Application Thread] DEBUG GameApplication      - Running preInit()
22:41:18.128 [JavaFX Application Thread] DEBUG Input                - Registered new binding: Screenshot - P
22:41:18.128 [JavaFX Application Thread] DEBUG Input                - Registered new binding: Dev Options - CTRL+0
22:41:18.167 [JavaFX Application Thread] DEBUG GameApplication      - Starting main loop
22:41:18.168 [JavaFX Application Thread] DEBUG StartupState         - STARTUP
22:41:18.169 [JavaFX Application Thread] DEBUG GameApplication      - Starting new game
22:41:18.169 [JavaFX Application Thread] DEBUG Input                - Clearing active input actions
22:41:18.169 [JavaFX Application Thread] DEBUG AppStateMachine      - StartupState -> LoadingState
22:41:18.242 [JavaFX Application Thread] DEBUG InitAppTask          - @SetEntityFactory: []
22:41:18.243 [JavaFX Application Thread] DEBUG InitAppTask          - @AddCollisionHandler: []
22:41:18.245 [FXGL Background Thread 1 ] DEBUG InitAppTask          - Clearing previous game
22:41:18.246 [FXGL Background Thread 1 ] DEBUG GameWorld            - Resetting game world
22:41:18.246 [FXGL Background Thread 1 ] DEBUG PhysicsWorld         - Resetting physics world
22:41:18.247 [FXGL Background Thread 1 ] DEBUG GameScene            - Resetting game scene
22:41:18.247 [FXGL Background Thread 1 ] DEBUG InitAppTask          - Initializing Assets
22:41:18.248 [FXGL Background Thread 1 ] DEBUG InitAppTask          - Initializing Game
22:41:18.297 [FXGL Background Thread 1 ] DEBUG GameScene            - Creating render group for layer: BACKGROUND(1000)
22:41:18.301 [FXGL Background Thread 1 ] DEBUG InitAppTask          - Initializing Physics
22:41:18.301 [FXGL Background Thread 1 ] DEBUG InitAppTask          - Initializing UI
22:41:18.301 [FXGL Background Thread 1 ] DEBUG InitAppTask          - Initialization Complete
22:41:18.301 [FXGL Background Thread 1 ] INFO  InitAppTask          - Game initialization took: 0.056 sec
22:41:18.323 [JavaFX Application Thread] DEBUG Input                - Clearing active input actions
22:41:18.324 [JavaFX Application Thread] DEBUG AppStateMachine      - LoadingState -> PlayState
22:41:21.723 [JavaFX Application Thread] DEBUG GameWorld            - Resetting game world
22:41:21.731 [JavaFX Application Thread] DEBUG PhysicsWorld         - Resetting physics world
22:41:21.731 [JavaFX Application Thread] DEBUG GameScene            - Resetting game scene
22:41:21.732 [JavaFX Application Thread] DEBUG GameScene            - Creating render group for layer: BACKGROUND(1000)
22:41:25.220 [JavaFX Application Thread] DEBUG GameWorld            - Resetting game world
22:41:25.531 [JavaFX Application Thread] DEBUG PhysicsWorld         - Resetting physics world
22:41:25.531 [JavaFX Application Thread] DEBUG GameScene            - Resetting game scene
22:41:25.532 [JavaFX Application Thread] DEBUG GameScene            - Creating render group for layer: BACKGROUND(1000)
22:41:26.703 [JavaFX Application Thread] DEBUG FXGLEventBus         - Firing event: DisplayEvent[type=CLOSE_REQUEST]
22:41:26.703 [JavaFX Application Thread] DEBUG GameApplication      - Exiting FXGL application
22:41:26.704 [JavaFX Application Thread] DEBUG FXGL                 - Saving FXGL system data
22:41:26.705 [JavaFX Application Thread] DEBUG IOTask               - Executing task: writeDataTask(system/fxgl.bundle)
22:41:26.706 [JavaFX Application Thread] DEBUG FS                   - Writing to: system\fxgl.bundle
22:41:26.710 [JavaFX Application Thread] DEBUG IOTask               - Task succeeded: writeDataTask(system/fxgl.bundle)
22:41:26.710 [JavaFX Application Thread] DEBUG GameApplication      - Closing FXGL logger and exiting JavaFX
