22:40:32.118 [FXGL Launcher Thread     ] DEBUG FXGL                 - FXGL logger initialized
22:40:32.121 [FXGL Launcher Thread     ] DEBUG FXGL                 - Service <<AudioPlayer>> initialized
22:40:32.122 [FXGL Launcher Thread     ] DEBUG FXGLAssetLoader      - Asset cacheSize=35
22:40:32.122 [FXGL Launcher Thread     ] DEBUG FXGL                 - Service <<AssetLoader>> initialized
22:40:32.123 [FXGL Launcher Thread     ] DEBUG FXGL                 - Service <<EventBus>> initialized
22:40:32.125 [FXGL Launcher Thread     ] DEBUG FXGLAssetLoader      - Loading from disk: /assets/ui/cursors/fxgl_default.png
22:40:32.141 [FXGL Launcher Thread     ] DEBUG FXGLAssetLoader      - Loading from disk: /assets/sounds/core/notification.wav
22:40:32.159 [FXGL Launcher Thread     ] DEBUG FXGLAssetLoader      - Loading from disk: /assets/sounds/menu/select.wav
22:40:32.161 [FXGL Launcher Thread     ] DEBUG FXGLAssetLoader      - Loading from disk: /assets/sounds/menu/back.wav
22:40:32.163 [FXGL Launcher Thread     ] DEBUG FXGLAssetLoader      - Loading from disk: /assets/sounds/menu/press.wav
22:40:32.165 [FXGL Launcher Thread     ] DEBUG FXGLAssetLoader      - Loading from disk: /assets/ui/fonts/Copperplate_Gothic_Light_Regular.ttf
22:40:32.249 [FXGL Launcher Thread     ] DEBUG FXGLAssetLoader      - Loading from disk: /assets/ui/fonts/lucida_console.ttf
22:40:32.263 [FXGL Launcher Thread     ] DEBUG FXGLAssetLoader      - Loading from disk: /assets/ui/css/fxgl_dark.css
22:40:32.264 [FXGL Launcher Thread     ] DEBUG FXGLAssetLoader      - Loading from disk: /assets/ui/icons/fxgl_icon.png
22:40:32.277 [FXGL Launcher Thread     ] DEBUG FXGLDisplay          - Using CSS: CSS(externalForm=jar:file:/C:/Users/lukel/Documents/Programming/CellularAutomata/ElementaryCellularAutomata/lib/fxgl-0.3.4-uber.jar!/assets/ui/css/fxgl_dark.css)
22:40:32.278 [FXGL Launcher Thread     ] DEBUG FXGL                 - Service <<Display>> initialized
22:40:32.280 [FXGL Launcher Thread     ] DEBUG FXGL                 - Service <<Executor>> initialized
22:40:32.290 [FXGL Launcher Thread     ] DEBUG FXGL                 - Service <<NotificationService>> initialized
22:40:32.291 [FXGL Launcher Thread     ] DEBUG FXGL                 - Service <<Net>> initialized
22:40:32.301 [FXGL Launcher Thread     ] DEBUG FXGL                 - Service <<Gameplay>> initialized
22:40:32.307 [FXGL Launcher Thread     ] DEBUG FXGLPooler           - Default pool size for objects = 128
22:40:32.307 [FXGL Launcher Thread     ] DEBUG FXGL                 - Service <<Pooler>> initialized
22:40:32.308 [FXGL Launcher Thread     ] DEBUG FXGL                 - Service <<ExceptionHandler>> initialized
22:40:32.308 [FXGL Launcher Thread     ] DEBUG FXGL                 - Service <<UIFactory>> initialized
22:40:32.308 [FXGL Launcher Thread     ] DEBUG FXGL                 - Service <<DialogFactory>> initialized
22:40:32.308 [FXGL Launcher Thread     ] DEBUG FXGL                 - Service <<SceneFactory>> initialized
22:40:32.308 [FXGL Launcher Thread     ] DEBUG FXGL                 - Loading FXGL system data
22:40:32.311 [FXGL Launcher Thread     ] DEBUG IOTask               - Executing task: readDataTask(system/fxgl.bundle)
22:40:32.313 [FXGL Launcher Thread     ] DEBUG FS                   - Reading from: system\fxgl.bundle
22:40:32.321 [FXGL Launcher Thread     ] DEBUG IOTask               - Task succeeded: readDataTask(system/fxgl.bundle)
22:40:32.321 [FXGL Launcher Thread     ] DEBUG Bundle               - Logging bundle: FXGL
22:40:32.321 [FXGL Launcher Thread     ] DEBUG Bundle               - FXGL.offline.timer.version.check=2017-07-11T21:40:31.112
22:40:32.322 [FXGL Launcher Thread     ] DEBUG GameApplication      - FXGL configuration complete
22:40:32.322 [FXGL Launcher Thread     ] INFO  GameApplication      - FXGL configuration took:  0.632 sec
22:40:32.322 [FXGL Launcher Thread     ] DEBUG GameApplication      - Logging game settings
Title: Elementary Cellular Automata
Version: 0.0
Width: 1000
Height: 1000
Fullscreen: false
Intro: false
Menus: false
Profiling: false
App Mode: DEVELOPER
Menu Style: FXGL_DEFAULT
Menu Key: ESCAPE
Services: []
22:40:32.332 [FXGL Launcher Thread     ] DEBUG GameApplication      - Configuring GameApplication
22:40:32.333 [FXGL Launcher Thread     ] DEBUG AppStateMachine      - Initializing application states
22:40:32.335 [FXGL Launcher Thread     ] DEBUG FXGLAssetLoader      - Loading from disk: /assets/ui/cursors/fxgl_default.png
22:40:32.339 [FXGL Launcher Thread     ] DEBUG FXGLAssetLoader      - Loading from disk: /assets/ui/cursors/fxgl_default.png
22:40:32.370 [FXGL Launcher Thread     ] DEBUG GameWorld            - Game world initialized
22:40:32.403 [FXGL Launcher Thread     ] DEBUG PhysicsWorld         - Physics world initialized: appHeight=1000, physics.ppm=50.0
22:40:32.410 [FXGL Launcher Thread     ] DEBUG FXGLAssetLoader      - Loading from disk: /assets/ui/cursors/fxgl_default.png
22:40:32.428 [FXGL Launcher Thread     ] DEBUG GameScene            - Game scene initialized: 1000x1000
22:40:32.445 [FXGL Launcher Thread     ] DEBUG Input                - Registered new binding: Pause - Esc
22:40:32.453 [FXGL Launcher Thread     ] INFO  GameApplication      - Game configuration took:  0.120 sec
22:40:32.458 [JavaFX Application Thread] DEBUG FXGLDisplay          - Target size: DoubleProperty [value: 1000.0] x DoubleProperty [value: 1000.0] @ 1.0
22:40:32.458 [JavaFX Application Thread] DEBUG FXGLDisplay          - New size:    1000.0 x 1000.0 @ DoubleProperty [value: 1.0]
22:40:32.458 [JavaFX Application Thread] DEBUG FXGLDisplay          - Opening primary stage
22:40:32.490 [JavaFX Application Thread] DEBUG FXGLDisplay          - Stage shown
22:40:32.490 [JavaFX Application Thread] DEBUG FXGLDisplay          - Root size: 1000.0x1000.0
22:40:32.490 [JavaFX Application Thread] DEBUG FXGLDisplay          - Scene size: 1000.0x1000.0
22:40:32.490 [JavaFX Application Thread] DEBUG FXGLDisplay          - Stage size: 1016.0x1039.0
22:40:32.547 [JavaFX Application Thread] DEBUG GameApplication      - Running preInit()
22:40:32.550 [JavaFX Application Thread] DEBUG Input                - Registered new binding: Screenshot - P
22:40:32.550 [JavaFX Application Thread] DEBUG Input                - Registered new binding: Dev Options - CTRL+0
22:40:32.590 [JavaFX Application Thread] DEBUG GameApplication      - Starting main loop
22:40:32.594 [JavaFX Application Thread] DEBUG StartupState         - STARTUP
22:40:32.594 [JavaFX Application Thread] DEBUG GameApplication      - Starting new game
22:40:32.594 [JavaFX Application Thread] DEBUG Input                - Clearing active input actions
22:40:32.594 [JavaFX Application Thread] DEBUG AppStateMachine      - StartupState -> LoadingState
22:40:32.751 [JavaFX Application Thread] DEBUG InitAppTask          - @SetEntityFactory: []
22:40:32.751 [JavaFX Application Thread] DEBUG InitAppTask          - @AddCollisionHandler: []
22:40:32.753 [FXGL Background Thread 1 ] DEBUG InitAppTask          - Clearing previous game
22:40:32.754 [FXGL Background Thread 1 ] DEBUG GameWorld            - Resetting game world
22:40:32.754 [FXGL Background Thread 1 ] DEBUG PhysicsWorld         - Resetting physics world
22:40:32.754 [FXGL Background Thread 1 ] DEBUG GameScene            - Resetting game scene
22:40:32.755 [FXGL Background Thread 1 ] DEBUG InitAppTask          - Initializing Assets
22:40:32.755 [FXGL Background Thread 1 ] DEBUG InitAppTask          - Initializing Game
22:40:32.786 [FXGL Background Thread 1 ] DEBUG GameScene            - Creating render group for layer: BACKGROUND(1000)
22:40:32.789 [FXGL Background Thread 1 ] DEBUG InitAppTask          - Initializing Physics
22:40:32.789 [FXGL Background Thread 1 ] DEBUG InitAppTask          - Initializing UI
22:40:32.789 [FXGL Background Thread 1 ] DEBUG InitAppTask          - Initialization Complete
22:40:32.789 [FXGL Background Thread 1 ] INFO  InitAppTask          - Game initialization took: 0.036 sec
22:40:32.839 [JavaFX Application Thread] DEBUG Input                - Clearing active input actions
22:40:32.839 [JavaFX Application Thread] DEBUG AppStateMachine      - LoadingState -> PlayState
22:40:36.225 [JavaFX Application Thread] DEBUG GameWorld            - Resetting game world
22:40:36.234 [JavaFX Application Thread] DEBUG PhysicsWorld         - Resetting physics world
22:40:36.234 [JavaFX Application Thread] DEBUG GameScene            - Resetting game scene
22:40:36.234 [JavaFX Application Thread] DEBUG GameScene            - Creating render group for layer: BACKGROUND(1000)
22:40:39.815 [JavaFX Application Thread] DEBUG GameWorld            - Resetting game world
22:40:40.064 [JavaFX Application Thread] DEBUG PhysicsWorld         - Resetting physics world
22:40:40.064 [JavaFX Application Thread] DEBUG GameScene            - Resetting game scene
22:40:40.064 [JavaFX Application Thread] DEBUG GameScene            - Creating render group for layer: BACKGROUND(1000)
22:40:43.389 [JavaFX Application Thread] DEBUG GameWorld            - Resetting game world
22:40:43.390 [JavaFX Application Thread] DEBUG PhysicsWorld         - Resetting physics world
22:40:43.390 [JavaFX Application Thread] DEBUG GameScene            - Resetting game scene
22:40:43.391 [JavaFX Application Thread] DEBUG GameScene            - Creating render group for layer: BACKGROUND(1000)
22:40:46.832 [JavaFX Application Thread] DEBUG GameWorld            - Resetting game world
22:40:47.123 [JavaFX Application Thread] DEBUG PhysicsWorld         - Resetting physics world
22:40:47.123 [JavaFX Application Thread] DEBUG GameScene            - Resetting game scene
22:40:47.124 [JavaFX Application Thread] DEBUG GameScene            - Creating render group for layer: BACKGROUND(1000)
22:40:50.476 [JavaFX Application Thread] DEBUG GameWorld            - Resetting game world
22:40:50.524 [JavaFX Application Thread] DEBUG PhysicsWorld         - Resetting physics world
22:40:50.524 [JavaFX Application Thread] DEBUG GameScene            - Resetting game scene
22:40:50.525 [JavaFX Application Thread] DEBUG GameScene            - Creating render group for layer: BACKGROUND(1000)
22:40:53.882 [JavaFX Application Thread] DEBUG GameWorld            - Resetting game world
22:40:54.509 [JavaFX Application Thread] DEBUG PhysicsWorld         - Resetting physics world
22:40:54.510 [JavaFX Application Thread] DEBUG GameScene            - Resetting game scene
22:40:54.510 [JavaFX Application Thread] DEBUG GameScene            - Creating render group for layer: BACKGROUND(1000)
22:40:57.839 [JavaFX Application Thread] DEBUG GameWorld            - Resetting game world
22:40:57.839 [JavaFX Application Thread] DEBUG PhysicsWorld         - Resetting physics world
22:40:57.839 [JavaFX Application Thread] DEBUG GameScene            - Resetting game scene
22:40:57.840 [JavaFX Application Thread] DEBUG GameScene            - Creating render group for layer: BACKGROUND(1000)
22:41:00.211 [JavaFX Application Thread] DEBUG FXGLEventBus         - Firing event: DisplayEvent[type=CLOSE_REQUEST]
22:41:00.211 [JavaFX Application Thread] DEBUG GameApplication      - Exiting FXGL application
22:41:00.212 [JavaFX Application Thread] DEBUG FXGL                 - Saving FXGL system data
22:41:00.213 [JavaFX Application Thread] DEBUG IOTask               - Executing task: writeDataTask(system/fxgl.bundle)
22:41:00.214 [JavaFX Application Thread] DEBUG FS                   - Writing to: system\fxgl.bundle
22:41:00.217 [JavaFX Application Thread] DEBUG IOTask               - Task succeeded: writeDataTask(system/fxgl.bundle)
22:41:00.217 [JavaFX Application Thread] DEBUG GameApplication      - Closing FXGL logger and exiting JavaFX
