22:49:42.354 [FXGL Launcher Thread     ] DEBUG FXGL                 - FXGL logger initialized
22:49:42.357 [FXGL Launcher Thread     ] DEBUG FXGL                 - Service <<AudioPlayer>> initialized
22:49:42.358 [FXGL Launcher Thread     ] DEBUG FXGLAssetLoader      - Asset cacheSize=35
22:49:42.358 [FXGL Launcher Thread     ] DEBUG FXGL                 - Service <<AssetLoader>> initialized
22:49:42.359 [FXGL Launcher Thread     ] DEBUG FXGL                 - Service <<EventBus>> initialized
22:49:42.361 [FXGL Launcher Thread     ] DEBUG FXGLAssetLoader      - Loading from disk: /assets/ui/cursors/fxgl_default.png
22:49:42.376 [FXGL Launcher Thread     ] DEBUG FXGLAssetLoader      - Loading from disk: /assets/sounds/core/notification.wav
22:49:42.392 [FXGL Launcher Thread     ] DEBUG FXGLAssetLoader      - Loading from disk: /assets/sounds/menu/select.wav
22:49:42.394 [FXGL Launcher Thread     ] DEBUG FXGLAssetLoader      - Loading from disk: /assets/sounds/menu/back.wav
22:49:42.396 [FXGL Launcher Thread     ] DEBUG FXGLAssetLoader      - Loading from disk: /assets/sounds/menu/press.wav
22:49:42.397 [FXGL Launcher Thread     ] DEBUG FXGLAssetLoader      - Loading from disk: /assets/ui/fonts/Copperplate_Gothic_Light_Regular.ttf
22:49:42.476 [FXGL Launcher Thread     ] DEBUG FXGLAssetLoader      - Loading from disk: /assets/ui/fonts/lucida_console.ttf
22:49:42.490 [FXGL Launcher Thread     ] DEBUG FXGLAssetLoader      - Loading from disk: /assets/ui/css/fxgl_dark.css
22:49:42.491 [FXGL Launcher Thread     ] DEBUG FXGLAssetLoader      - Loading from disk: /assets/ui/icons/fxgl_icon.png
22:49:42.504 [FXGL Launcher Thread     ] DEBUG FXGLDisplay          - Using CSS: CSS(externalForm=jar:file:/C:/Users/lukel/Documents/Programming/CellularAutomata/ElementaryCellularAutomata/lib/fxgl-0.3.4-uber.jar!/assets/ui/css/fxgl_dark.css)
22:49:42.505 [FXGL Launcher Thread     ] DEBUG FXGL                 - Service <<Display>> initialized
22:49:42.507 [FXGL Launcher Thread     ] DEBUG FXGL                 - Service <<Executor>> initialized
22:49:42.512 [FXGL Launcher Thread     ] DEBUG FXGL                 - Service <<NotificationService>> initialized
22:49:42.513 [FXGL Launcher Thread     ] DEBUG FXGL                 - Service <<Net>> initialized
22:49:42.523 [FXGL Launcher Thread     ] DEBUG FXGL                 - Service <<Gameplay>> initialized
22:49:42.537 [FXGL Launcher Thread     ] DEBUG FXGLPooler           - Default pool size for objects = 128
22:49:42.537 [FXGL Launcher Thread     ] DEBUG FXGL                 - Service <<Pooler>> initialized
22:49:42.537 [FXGL Launcher Thread     ] DEBUG FXGL                 - Service <<ExceptionHandler>> initialized
22:49:42.538 [FXGL Launcher Thread     ] DEBUG FXGL                 - Service <<UIFactory>> initialized
22:49:42.538 [FXGL Launcher Thread     ] DEBUG FXGL                 - Service <<DialogFactory>> initialized
22:49:42.538 [FXGL Launcher Thread     ] DEBUG FXGL                 - Service <<SceneFactory>> initialized
22:49:42.538 [FXGL Launcher Thread     ] DEBUG FXGL                 - Loading FXGL system data
22:49:42.541 [FXGL Launcher Thread     ] DEBUG IOTask               - Executing task: readDataTask(system/fxgl.bundle)
22:49:42.544 [FXGL Launcher Thread     ] DEBUG FS                   - Reading from: system\fxgl.bundle
22:49:42.551 [FXGL Launcher Thread     ] DEBUG IOTask               - Task succeeded: readDataTask(system/fxgl.bundle)
22:49:42.551 [FXGL Launcher Thread     ] DEBUG Bundle               - Logging bundle: FXGL
22:49:42.552 [FXGL Launcher Thread     ] DEBUG Bundle               - FXGL.offline.timer.version.check=2017-07-11T21:40:31.112
22:49:42.552 [FXGL Launcher Thread     ] DEBUG GameApplication      - FXGL configuration complete
22:49:42.552 [FXGL Launcher Thread     ] INFO  GameApplication      - FXGL configuration took:  0.623 sec
22:49:42.553 [FXGL Launcher Thread     ] DEBUG GameApplication      - Logging game settings
Title: Elementary Cellular Automata
Version: 0.0
Width: 1000
Height: 1000
Fullscreen: false
Intro: false
Menus: false
Profiling: false
App Mode: DEVELOPER
Menu Style: FXGL_DEFAULT
Menu Key: ESCAPE
Services: []
22:49:42.562 [FXGL Launcher Thread     ] DEBUG GameApplication      - Configuring GameApplication
22:49:42.563 [FXGL Launcher Thread     ] DEBUG AppStateMachine      - Initializing application states
22:49:42.565 [FXGL Launcher Thread     ] DEBUG FXGLAssetLoader      - Loading from disk: /assets/ui/cursors/fxgl_default.png
22:49:42.568 [FXGL Launcher Thread     ] DEBUG FXGLAssetLoader      - Loading from disk: /assets/ui/cursors/fxgl_default.png
22:49:42.608 [FXGL Launcher Thread     ] DEBUG GameWorld            - Game world initialized
22:49:42.640 [FXGL Launcher Thread     ] DEBUG PhysicsWorld         - Physics world initialized: appHeight=1000, physics.ppm=50.0
22:49:42.646 [FXGL Launcher Thread     ] DEBUG FXGLAssetLoader      - Loading from disk: /assets/ui/cursors/fxgl_default.png
22:49:42.662 [FXGL Launcher Thread     ] DEBUG GameScene            - Game scene initialized: 1000x1000
22:49:42.678 [FXGL Launcher Thread     ] DEBUG Input                - Registered new binding: Pause - Esc
22:49:42.686 [FXGL Launcher Thread     ] INFO  GameApplication      - Game configuration took:  0.123 sec
22:49:42.703 [JavaFX Application Thread] DEBUG FXGLDisplay          - Target size: DoubleProperty [value: 1000.0] x DoubleProperty [value: 1000.0] @ 1.0
22:49:42.703 [JavaFX Application Thread] DEBUG FXGLDisplay          - New size:    1000.0 x 1000.0 @ DoubleProperty [value: 1.0]
22:49:42.704 [JavaFX Application Thread] DEBUG FXGLDisplay          - Opening primary stage
22:49:42.738 [JavaFX Application Thread] DEBUG FXGLDisplay          - Stage shown
22:49:42.738 [JavaFX Application Thread] DEBUG FXGLDisplay          - Root size: 1000.0x1000.0
22:49:42.738 [JavaFX Application Thread] DEBUG FXGLDisplay          - Scene size: 1000.0x1000.0
22:49:42.738 [JavaFX Application Thread] DEBUG FXGLDisplay          - Stage size: 1016.0x1039.0
22:49:42.807 [JavaFX Application Thread] DEBUG GameApplication      - Running preInit()
22:49:42.809 [JavaFX Application Thread] DEBUG Input                - Registered new binding: Screenshot - P
22:49:42.809 [JavaFX Application Thread] DEBUG Input                - Registered new binding: Dev Options - CTRL+0
22:49:42.852 [JavaFX Application Thread] DEBUG GameApplication      - Starting main loop
22:49:42.853 [JavaFX Application Thread] DEBUG StartupState         - STARTUP
22:49:42.853 [JavaFX Application Thread] DEBUG GameApplication      - Starting new game
22:49:42.854 [JavaFX Application Thread] DEBUG Input                - Clearing active input actions
22:49:42.854 [JavaFX Application Thread] DEBUG AppStateMachine      - StartupState -> LoadingState
22:49:42.947 [JavaFX Application Thread] DEBUG InitAppTask          - @AddCollisionHandler: []
22:49:42.947 [JavaFX Application Thread] DEBUG InitAppTask          - @SetEntityFactory: []
22:49:42.949 [FXGL Background Thread 1 ] DEBUG InitAppTask          - Clearing previous game
22:49:42.950 [FXGL Background Thread 1 ] DEBUG GameWorld            - Resetting game world
22:49:42.950 [FXGL Background Thread 1 ] DEBUG PhysicsWorld         - Resetting physics world
22:49:42.951 [FXGL Background Thread 1 ] DEBUG GameScene            - Resetting game scene
22:49:42.951 [FXGL Background Thread 1 ] DEBUG InitAppTask          - Initializing Assets
22:49:42.951 [FXGL Background Thread 1 ] DEBUG InitAppTask          - Initializing Game
22:49:42.987 [FXGL Background Thread 1 ] DEBUG GameScene            - Creating render group for layer: BACKGROUND(1000)
22:49:42.991 [FXGL Background Thread 1 ] DEBUG InitAppTask          - Initializing Physics
22:49:42.991 [FXGL Background Thread 1 ] DEBUG InitAppTask          - Initializing UI
22:49:42.991 [FXGL Background Thread 1 ] DEBUG InitAppTask          - Initialization Complete
22:49:42.991 [FXGL Background Thread 1 ] INFO  InitAppTask          - Game initialization took: 0.042 sec
22:49:43.035 [JavaFX Application Thread] DEBUG Input                - Clearing active input actions
22:49:43.035 [JavaFX Application Thread] DEBUG AppStateMachine      - LoadingState -> PlayState
22:50:25.412 [JavaFX Application Thread] DEBUG FXGLEventBus         - Firing event: DisplayEvent[type=CLOSE_REQUEST]
22:50:25.412 [JavaFX Application Thread] DEBUG GameApplication      - Exiting FXGL application
22:50:25.413 [JavaFX Application Thread] DEBUG FXGL                 - Saving FXGL system data
22:50:25.414 [JavaFX Application Thread] DEBUG IOTask               - Executing task: writeDataTask(system/fxgl.bundle)
22:50:25.415 [JavaFX Application Thread] DEBUG FS                   - Writing to: system\fxgl.bundle
22:50:25.419 [JavaFX Application Thread] DEBUG IOTask               - Task succeeded: writeDataTask(system/fxgl.bundle)
22:50:25.419 [JavaFX Application Thread] DEBUG GameApplication      - Closing FXGL logger and exiting JavaFX
