23:54:55.360 [FXGL Launcher Thread     ] DEBUG FXGL                 - FXGL logger initialized
23:54:55.363 [FXGL Launcher Thread     ] DEBUG FXGL                 - Service <<AudioPlayer>> initialized
23:54:55.364 [FXGL Launcher Thread     ] DEBUG FXGLAssetLoader      - Asset cacheSize=35
23:54:55.364 [FXGL Launcher Thread     ] DEBUG FXGL                 - Service <<AssetLoader>> initialized
23:54:55.365 [FXGL Launcher Thread     ] DEBUG FXGL                 - Service <<EventBus>> initialized
23:54:55.367 [FXGL Launcher Thread     ] DEBUG FXGLAssetLoader      - Loading from disk: /assets/ui/cursors/fxgl_default.png
23:54:55.381 [FXGL Launcher Thread     ] DEBUG FXGLAssetLoader      - Loading from disk: /assets/sounds/core/notification.wav
23:54:55.397 [FXGL Launcher Thread     ] DEBUG FXGLAssetLoader      - Loading from disk: /assets/sounds/menu/select.wav
23:54:55.399 [FXGL Launcher Thread     ] DEBUG FXGLAssetLoader      - Loading from disk: /assets/sounds/menu/back.wav
23:54:55.401 [FXGL Launcher Thread     ] DEBUG FXGLAssetLoader      - Loading from disk: /assets/sounds/menu/press.wav
23:54:55.402 [FXGL Launcher Thread     ] DEBUG FXGLAssetLoader      - Loading from disk: /assets/ui/fonts/Copperplate_Gothic_Light_Regular.ttf
23:54:55.480 [FXGL Launcher Thread     ] DEBUG FXGLAssetLoader      - Loading from disk: /assets/ui/fonts/lucida_console.ttf
23:54:55.492 [FXGL Launcher Thread     ] DEBUG FXGLAssetLoader      - Loading from disk: /assets/ui/css/fxgl_dark.css
23:54:55.493 [FXGL Launcher Thread     ] DEBUG FXGLAssetLoader      - Loading from disk: /assets/ui/icons/fxgl_icon.png
23:54:55.506 [FXGL Launcher Thread     ] DEBUG FXGLDisplay          - Using CSS: CSS(externalForm=jar:file:/C:/Users/lukel/Documents/Programming/CellularAutomata/MapGeneration/lib/fxgl-0.3.4-uber.jar!/assets/ui/css/fxgl_dark.css)
23:54:55.507 [FXGL Launcher Thread     ] DEBUG FXGL                 - Service <<Display>> initialized
23:54:55.509 [FXGL Launcher Thread     ] DEBUG FXGL                 - Service <<Executor>> initialized
23:54:55.514 [FXGL Launcher Thread     ] DEBUG FXGL                 - Service <<NotificationService>> initialized
23:54:55.515 [FXGL Launcher Thread     ] DEBUG FXGL                 - Service <<Net>> initialized
23:54:55.524 [FXGL Launcher Thread     ] DEBUG FXGL                 - Service <<Gameplay>> initialized
23:54:55.528 [FXGL Launcher Thread     ] DEBUG FXGLPooler           - Default pool size for objects = 128
23:54:55.528 [FXGL Launcher Thread     ] DEBUG FXGL                 - Service <<Pooler>> initialized
23:54:55.529 [FXGL Launcher Thread     ] DEBUG FXGL                 - Service <<ExceptionHandler>> initialized
23:54:55.529 [FXGL Launcher Thread     ] DEBUG FXGL                 - Service <<UIFactory>> initialized
23:54:55.529 [FXGL Launcher Thread     ] DEBUG FXGL                 - Service <<DialogFactory>> initialized
23:54:55.529 [FXGL Launcher Thread     ] DEBUG FXGL                 - Service <<SceneFactory>> initialized
23:54:55.529 [FXGL Launcher Thread     ] DEBUG FXGL                 - Loading FXGL system data
23:54:55.532 [FXGL Launcher Thread     ] DEBUG IOTask               - Executing task: readDataTask(system/fxgl.bundle)
23:54:55.541 [FXGL Launcher Thread     ] DEBUG FS                   - Reading from: system\fxgl.bundle
23:54:55.548 [FXGL Launcher Thread     ] DEBUG IOTask               - Task succeeded: readDataTask(system/fxgl.bundle)
23:54:55.548 [FXGL Launcher Thread     ] DEBUG Bundle               - Logging bundle: FXGL
23:54:55.549 [FXGL Launcher Thread     ] DEBUG Bundle               - FXGL.offline.timer.version.check=2017-07-13T23:35:28.234
23:54:55.549 [FXGL Launcher Thread     ] DEBUG GameApplication      - FXGL configuration complete
23:54:55.550 [FXGL Launcher Thread     ] INFO  GameApplication      - FXGL configuration took:  0.624 sec
23:54:55.550 [FXGL Launcher Thread     ] DEBUG GameApplication      - Logging game settings
Title: Map Generation w/ Cellular Automata
Version: 0.1
Width: 800
Height: 400
Fullscreen: false
Intro: false
Menus: false
Profiling: false
App Mode: DEVELOPER
Menu Style: FXGL_DEFAULT
Menu Key: ESCAPE
Services: []
23:54:55.560 [FXGL Launcher Thread     ] DEBUG GameApplication      - Configuring GameApplication
23:54:55.560 [FXGL Launcher Thread     ] DEBUG AppStateMachine      - Initializing application states
23:54:55.563 [FXGL Launcher Thread     ] DEBUG FXGLAssetLoader      - Loading from disk: /assets/ui/cursors/fxgl_default.png
23:54:55.566 [FXGL Launcher Thread     ] DEBUG FXGLAssetLoader      - Loading from disk: /assets/ui/cursors/fxgl_default.png
23:54:55.598 [FXGL Launcher Thread     ] DEBUG GameWorld            - Game world initialized
23:54:55.629 [FXGL Launcher Thread     ] DEBUG PhysicsWorld         - Physics world initialized: appHeight=400, physics.ppm=50.0
23:54:55.635 [FXGL Launcher Thread     ] DEBUG FXGLAssetLoader      - Loading from disk: /assets/ui/cursors/fxgl_default.png
23:54:55.650 [FXGL Launcher Thread     ] DEBUG GameScene            - Game scene initialized: 800x400
23:54:55.666 [FXGL Launcher Thread     ] DEBUG Input                - Registered new binding: Pause - Esc
23:54:55.673 [FXGL Launcher Thread     ] INFO  GameApplication      - Game configuration took:  0.114 sec
23:54:55.683 [JavaFX Application Thread] DEBUG FXGLDisplay          - Target size: DoubleProperty [value: 800.0] x DoubleProperty [value: 400.0] @ 1.0
23:54:55.683 [JavaFX Application Thread] DEBUG FXGLDisplay          - New size:    800.0 x 400.0 @ DoubleProperty [value: 1.0]
23:54:55.683 [JavaFX Application Thread] DEBUG FXGLDisplay          - Opening primary stage
23:54:55.714 [JavaFX Application Thread] DEBUG FXGLDisplay          - Stage shown
23:54:55.714 [JavaFX Application Thread] DEBUG FXGLDisplay          - Root size: 800.0x400.0
23:54:55.714 [JavaFX Application Thread] DEBUG FXGLDisplay          - Scene size: 800.0x400.0
23:54:55.714 [JavaFX Application Thread] DEBUG FXGLDisplay          - Stage size: 816.0x439.0
23:54:55.746 [JavaFX Application Thread] DEBUG GameApplication      - Running preInit()
23:54:55.748 [JavaFX Application Thread] DEBUG Input                - Registered new binding: Screenshot - P
23:54:55.748 [JavaFX Application Thread] DEBUG Input                - Registered new binding: Dev Options - CTRL+0
23:54:55.781 [JavaFX Application Thread] DEBUG GameApplication      - Starting main loop
23:54:55.783 [JavaFX Application Thread] DEBUG StartupState         - STARTUP
23:54:55.783 [JavaFX Application Thread] DEBUG GameApplication      - Starting new game
23:54:55.783 [JavaFX Application Thread] DEBUG Input                - Clearing active input actions
23:54:55.783 [JavaFX Application Thread] DEBUG AppStateMachine      - StartupState -> LoadingState
23:54:55.805 [JavaFX Application Thread] WARN  InitAppTask          - Main has no package. Disabling annotations processing
23:54:55.807 [FXGL Background Thread 1 ] DEBUG InitAppTask          - Clearing previous game
23:54:55.808 [FXGL Background Thread 1 ] DEBUG GameWorld            - Resetting game world
23:54:55.808 [FXGL Background Thread 1 ] DEBUG PhysicsWorld         - Resetting physics world
23:54:55.808 [FXGL Background Thread 1 ] DEBUG GameScene            - Resetting game scene
23:54:55.808 [FXGL Background Thread 1 ] DEBUG InitAppTask          - Initializing Assets
23:54:55.809 [FXGL Background Thread 1 ] DEBUG InitAppTask          - Initializing Game
23:54:55.811 [FXGL Background Thread 1 ] DEBUG GameWorld            - Resetting game world
23:54:55.811 [FXGL Background Thread 1 ] DEBUG PhysicsWorld         - Resetting physics world
23:54:55.811 [FXGL Background Thread 1 ] DEBUG GameScene            - Resetting game scene
23:54:55.826 [FXGL Background Thread 1 ] DEBUG GameScene            - Creating render group for layer: TOP(2147483647)
23:54:56.524 [FXGL Background Thread 1 ] DEBUG InitAppTask          - Initializing Physics
23:54:56.524 [FXGL Background Thread 1 ] DEBUG InitAppTask          - Initializing UI
23:54:56.524 [FXGL Background Thread 1 ] DEBUG InitAppTask          - Initialization Complete
23:54:56.524 [FXGL Background Thread 1 ] INFO  InitAppTask          - Game initialization took: 0.717 sec
23:54:56.530 [JavaFX Application Thread] DEBUG Input                - Clearing active input actions
23:54:56.530 [JavaFX Application Thread] DEBUG AppStateMachine      - LoadingState -> PlayState
23:54:57.384 [JavaFX Application Thread] DEBUG GameWorld            - Resetting game world
23:54:57.653 [JavaFX Application Thread] DEBUG PhysicsWorld         - Resetting physics world
23:54:57.653 [JavaFX Application Thread] DEBUG GameScene            - Resetting game scene
23:54:57.653 [JavaFX Application Thread] DEBUG GameScene            - Creating render group for layer: TOP(2147483647)
23:54:58.247 [JavaFX Application Thread] DEBUG GameWorld            - Resetting game world
23:54:58.284 [JavaFX Application Thread] DEBUG PhysicsWorld         - Resetting physics world
23:54:58.284 [JavaFX Application Thread] DEBUG GameScene            - Resetting game scene
23:54:58.284 [JavaFX Application Thread] DEBUG GameScene            - Creating render group for layer: TOP(2147483647)
23:54:58.709 [JavaFX Application Thread] DEBUG GameWorld            - Resetting game world
23:54:58.737 [JavaFX Application Thread] DEBUG PhysicsWorld         - Resetting physics world
23:54:58.737 [JavaFX Application Thread] DEBUG GameScene            - Resetting game scene
23:54:58.737 [JavaFX Application Thread] DEBUG GameScene            - Creating render group for layer: TOP(2147483647)
23:54:59.125 [JavaFX Application Thread] DEBUG GameWorld            - Resetting game world
23:54:59.152 [JavaFX Application Thread] DEBUG PhysicsWorld         - Resetting physics world
23:54:59.152 [JavaFX Application Thread] DEBUG GameScene            - Resetting game scene
23:54:59.152 [JavaFX Application Thread] DEBUG GameScene            - Creating render group for layer: TOP(2147483647)
23:54:59.556 [JavaFX Application Thread] DEBUG GameWorld            - Resetting game world
23:54:59.587 [JavaFX Application Thread] DEBUG PhysicsWorld         - Resetting physics world
23:54:59.587 [JavaFX Application Thread] DEBUG GameScene            - Resetting game scene
23:54:59.587 [JavaFX Application Thread] DEBUG GameScene            - Creating render group for layer: TOP(2147483647)
23:55:00.022 [JavaFX Application Thread] DEBUG GameWorld            - Resetting game world
23:55:00.062 [JavaFX Application Thread] DEBUG PhysicsWorld         - Resetting physics world
23:55:00.062 [JavaFX Application Thread] DEBUG GameScene            - Resetting game scene
23:55:00.062 [JavaFX Application Thread] DEBUG GameScene            - Creating render group for layer: TOP(2147483647)
23:55:00.518 [JavaFX Application Thread] DEBUG GameWorld            - Resetting game world
23:55:00.540 [JavaFX Application Thread] DEBUG PhysicsWorld         - Resetting physics world
23:55:00.540 [JavaFX Application Thread] DEBUG GameScene            - Resetting game scene
23:55:00.540 [JavaFX Application Thread] DEBUG GameScene            - Creating render group for layer: TOP(2147483647)
23:55:00.980 [JavaFX Application Thread] DEBUG GameWorld            - Resetting game world
23:55:01.010 [JavaFX Application Thread] DEBUG PhysicsWorld         - Resetting physics world
23:55:01.010 [JavaFX Application Thread] DEBUG GameScene            - Resetting game scene
23:55:01.010 [JavaFX Application Thread] DEBUG GameScene            - Creating render group for layer: TOP(2147483647)
23:55:01.478 [JavaFX Application Thread] DEBUG GameWorld            - Resetting game world
23:55:01.517 [JavaFX Application Thread] DEBUG PhysicsWorld         - Resetting physics world
23:55:01.517 [JavaFX Application Thread] DEBUG GameScene            - Resetting game scene
23:55:01.517 [JavaFX Application Thread] DEBUG GameScene            - Creating render group for layer: TOP(2147483647)
23:55:01.956 [JavaFX Application Thread] DEBUG GameWorld            - Resetting game world
23:55:02.014 [JavaFX Application Thread] DEBUG PhysicsWorld         - Resetting physics world
23:55:02.014 [JavaFX Application Thread] DEBUG GameScene            - Resetting game scene
23:55:02.014 [JavaFX Application Thread] DEBUG GameScene            - Creating render group for layer: TOP(2147483647)
23:55:02.501 [JavaFX Application Thread] DEBUG GameWorld            - Resetting game world
23:55:02.536 [JavaFX Application Thread] DEBUG PhysicsWorld         - Resetting physics world
23:55:02.536 [JavaFX Application Thread] DEBUG GameScene            - Resetting game scene
23:55:02.537 [JavaFX Application Thread] DEBUG GameScene            - Creating render group for layer: TOP(2147483647)
23:55:02.998 [JavaFX Application Thread] DEBUG GameWorld            - Resetting game world
23:55:03.056 [JavaFX Application Thread] DEBUG PhysicsWorld         - Resetting physics world
23:55:03.056 [JavaFX Application Thread] DEBUG GameScene            - Resetting game scene
23:55:03.056 [JavaFX Application Thread] DEBUG GameScene            - Creating render group for layer: TOP(2147483647)
23:55:03.508 [JavaFX Application Thread] DEBUG GameWorld            - Resetting game world
23:55:03.536 [JavaFX Application Thread] DEBUG PhysicsWorld         - Resetting physics world
23:55:03.536 [JavaFX Application Thread] DEBUG GameScene            - Resetting game scene
23:55:03.536 [JavaFX Application Thread] DEBUG GameScene            - Creating render group for layer: TOP(2147483647)
23:55:04.022 [JavaFX Application Thread] DEBUG GameWorld            - Resetting game world
23:55:04.053 [JavaFX Application Thread] DEBUG PhysicsWorld         - Resetting physics world
23:55:04.053 [JavaFX Application Thread] DEBUG GameScene            - Resetting game scene
23:55:04.053 [JavaFX Application Thread] DEBUG GameScene            - Creating render group for layer: TOP(2147483647)
23:55:04.516 [JavaFX Application Thread] DEBUG GameWorld            - Resetting game world
23:55:04.551 [JavaFX Application Thread] DEBUG PhysicsWorld         - Resetting physics world
23:55:04.551 [JavaFX Application Thread] DEBUG GameScene            - Resetting game scene
23:55:04.551 [JavaFX Application Thread] DEBUG GameScene            - Creating render group for layer: TOP(2147483647)
23:55:05.012 [JavaFX Application Thread] DEBUG GameWorld            - Resetting game world
23:55:05.045 [JavaFX Application Thread] DEBUG PhysicsWorld         - Resetting physics world
23:55:05.045 [JavaFX Application Thread] DEBUG GameScene            - Resetting game scene
23:55:05.045 [JavaFX Application Thread] DEBUG GameScene            - Creating render group for layer: TOP(2147483647)
23:55:05.556 [JavaFX Application Thread] DEBUG GameWorld            - Resetting game world
23:55:05.587 [JavaFX Application Thread] DEBUG PhysicsWorld         - Resetting physics world
23:55:05.587 [JavaFX Application Thread] DEBUG GameScene            - Resetting game scene
23:55:05.587 [JavaFX Application Thread] DEBUG GameScene            - Creating render group for layer: TOP(2147483647)
23:55:06.052 [JavaFX Application Thread] DEBUG GameWorld            - Resetting game world
23:55:06.082 [JavaFX Application Thread] DEBUG PhysicsWorld         - Resetting physics world
23:55:06.082 [JavaFX Application Thread] DEBUG GameScene            - Resetting game scene
23:55:06.082 [JavaFX Application Thread] DEBUG GameScene            - Creating render group for layer: TOP(2147483647)
23:55:06.564 [JavaFX Application Thread] DEBUG GameWorld            - Resetting game world
23:55:06.601 [JavaFX Application Thread] DEBUG PhysicsWorld         - Resetting physics world
23:55:06.601 [JavaFX Application Thread] DEBUG GameScene            - Resetting game scene
23:55:06.601 [JavaFX Application Thread] DEBUG GameScene            - Creating render group for layer: TOP(2147483647)
23:55:07.060 [JavaFX Application Thread] DEBUG GameWorld            - Resetting game world
23:55:07.089 [JavaFX Application Thread] DEBUG PhysicsWorld         - Resetting physics world
23:55:07.089 [JavaFX Application Thread] DEBUG GameScene            - Resetting game scene
23:55:07.089 [JavaFX Application Thread] DEBUG GameScene            - Creating render group for layer: TOP(2147483647)
23:55:07.574 [JavaFX Application Thread] DEBUG GameWorld            - Resetting game world
23:55:07.601 [JavaFX Application Thread] DEBUG PhysicsWorld         - Resetting physics world
23:55:07.602 [JavaFX Application Thread] DEBUG GameScene            - Resetting game scene
23:55:07.602 [JavaFX Application Thread] DEBUG GameScene            - Creating render group for layer: TOP(2147483647)
23:55:07.973 [JavaFX Application Thread] DEBUG FXGLEventBus         - Firing event: DisplayEvent[type=CLOSE_REQUEST]
23:55:07.973 [JavaFX Application Thread] DEBUG GameApplication      - Exiting FXGL application
23:55:07.974 [JavaFX Application Thread] DEBUG FXGL                 - Saving FXGL system data
23:55:07.975 [JavaFX Application Thread] DEBUG IOTask               - Executing task: writeDataTask(system/fxgl.bundle)
23:55:07.976 [JavaFX Application Thread] DEBUG FS                   - Writing to: system\fxgl.bundle
23:55:07.979 [JavaFX Application Thread] DEBUG IOTask               - Task succeeded: writeDataTask(system/fxgl.bundle)
23:55:07.979 [JavaFX Application Thread] DEBUG GameApplication      - Closing FXGL logger and exiting JavaFX
