15:30:59.056 [FXGL Launcher Thread     ] DEBUG FXGL                 - FXGL logger initialized
15:30:59.058 [FXGL Launcher Thread     ] DEBUG FXGL                 - Service <<AudioPlayer>> initialized
15:30:59.059 [FXGL Launcher Thread     ] DEBUG FXGLAssetLoader      - Asset cacheSize=35
15:30:59.060 [FXGL Launcher Thread     ] DEBUG FXGL                 - Service <<AssetLoader>> initialized
15:30:59.060 [FXGL Launcher Thread     ] DEBUG FXGL                 - Service <<EventBus>> initialized
15:30:59.063 [FXGL Launcher Thread     ] DEBUG FXGLAssetLoader      - Loading from disk: /assets/ui/cursors/fxgl_default.png
15:30:59.077 [FXGL Launcher Thread     ] DEBUG FXGLAssetLoader      - Loading from disk: /assets/sounds/core/notification.wav
15:30:59.094 [FXGL Launcher Thread     ] DEBUG FXGLAssetLoader      - Loading from disk: /assets/sounds/menu/select.wav
15:30:59.095 [FXGL Launcher Thread     ] DEBUG FXGLAssetLoader      - Loading from disk: /assets/sounds/menu/back.wav
15:30:59.097 [FXGL Launcher Thread     ] DEBUG FXGLAssetLoader      - Loading from disk: /assets/sounds/menu/press.wav
15:30:59.099 [FXGL Launcher Thread     ] DEBUG FXGLAssetLoader      - Loading from disk: /assets/ui/fonts/Copperplate_Gothic_Light_Regular.ttf
15:30:59.227 [FXGL Launcher Thread     ] DEBUG FXGLAssetLoader      - Loading from disk: /assets/ui/fonts/lucida_console.ttf
15:30:59.240 [FXGL Launcher Thread     ] DEBUG FXGLAssetLoader      - Loading from disk: /assets/ui/css/fxgl_dark.css
15:30:59.241 [FXGL Launcher Thread     ] DEBUG FXGLAssetLoader      - Loading from disk: /assets/ui/icons/fxgl_icon.png
15:30:59.253 [FXGL Launcher Thread     ] DEBUG FXGLDisplay          - Using CSS: CSS(externalForm=jar:file:/C:/Users/lukel/Documents/Programming/CellularAutomata/MapGeneration/lib/fxgl-0.3.4-uber.jar!/assets/ui/css/fxgl_dark.css)
15:30:59.254 [FXGL Launcher Thread     ] DEBUG FXGL                 - Service <<Display>> initialized
15:30:59.256 [FXGL Launcher Thread     ] DEBUG FXGL                 - Service <<Executor>> initialized
15:30:59.261 [FXGL Launcher Thread     ] DEBUG FXGL                 - Service <<NotificationService>> initialized
15:30:59.262 [FXGL Launcher Thread     ] DEBUG FXGL                 - Service <<Net>> initialized
15:30:59.274 [FXGL Launcher Thread     ] DEBUG FXGL                 - Service <<Gameplay>> initialized
15:30:59.280 [FXGL Launcher Thread     ] DEBUG FXGLPooler           - Default pool size for objects = 128
15:30:59.280 [FXGL Launcher Thread     ] DEBUG FXGL                 - Service <<Pooler>> initialized
15:30:59.281 [FXGL Launcher Thread     ] DEBUG FXGL                 - Service <<ExceptionHandler>> initialized
15:30:59.281 [FXGL Launcher Thread     ] DEBUG FXGL                 - Service <<UIFactory>> initialized
15:30:59.281 [FXGL Launcher Thread     ] DEBUG FXGL                 - Service <<DialogFactory>> initialized
15:30:59.282 [FXGL Launcher Thread     ] DEBUG FXGL                 - Service <<SceneFactory>> initialized
15:30:59.282 [FXGL Launcher Thread     ] DEBUG FXGL                 - Loading FXGL system data
15:30:59.285 [FXGL Launcher Thread     ] DEBUG IOTask               - Executing task: readDataTask(system/fxgl.bundle)
15:30:59.288 [FXGL Launcher Thread     ] DEBUG FS                   - Reading from: system\fxgl.bundle
15:30:59.296 [FXGL Launcher Thread     ] DEBUG IOTask               - Task succeeded: readDataTask(system/fxgl.bundle)
15:30:59.296 [FXGL Launcher Thread     ] DEBUG Bundle               - Logging bundle: FXGL
15:30:59.297 [FXGL Launcher Thread     ] DEBUG Bundle               - FXGL.offline.timer.version.check=2017-07-13T23:35:28.234
15:30:59.297 [FXGL Launcher Thread     ] DEBUG GameApplication      - FXGL configuration complete
15:30:59.297 [FXGL Launcher Thread     ] INFO  GameApplication      - FXGL configuration took:  0.716 sec
15:30:59.297 [FXGL Launcher Thread     ] DEBUG GameApplication      - Logging game settings
Title: Map Generation with Cellular Automata
Version: 0.1
Width: 800
Height: 400
Fullscreen: false
Intro: false
Menus: false
Profiling: false
App Mode: DEVELOPER
Menu Style: FXGL_DEFAULT
Menu Key: ESCAPE
Services: []
15:30:59.308 [FXGL Launcher Thread     ] DEBUG GameApplication      - Configuring GameApplication
15:30:59.309 [FXGL Launcher Thread     ] DEBUG AppStateMachine      - Initializing application states
15:30:59.313 [FXGL Launcher Thread     ] DEBUG FXGLAssetLoader      - Loading from disk: /assets/ui/cursors/fxgl_default.png
15:30:59.316 [FXGL Launcher Thread     ] DEBUG FXGLAssetLoader      - Loading from disk: /assets/ui/cursors/fxgl_default.png
15:30:59.352 [FXGL Launcher Thread     ] DEBUG GameWorld            - Game world initialized
15:30:59.388 [FXGL Launcher Thread     ] DEBUG PhysicsWorld         - Physics world initialized: appHeight=400, physics.ppm=50.0
15:30:59.395 [FXGL Launcher Thread     ] DEBUG FXGLAssetLoader      - Loading from disk: /assets/ui/cursors/fxgl_default.png
15:30:59.411 [FXGL Launcher Thread     ] DEBUG GameScene            - Game scene initialized: 800x400
15:30:59.428 [FXGL Launcher Thread     ] DEBUG Input                - Registered new binding: Pause - Esc
15:30:59.437 [FXGL Launcher Thread     ] INFO  GameApplication      - Game configuration took:  0.128 sec
15:30:59.440 [JavaFX Application Thread] DEBUG FXGLDisplay          - Target size: DoubleProperty [value: 800.0] x DoubleProperty [value: 400.0] @ 1.0
15:30:59.440 [JavaFX Application Thread] DEBUG FXGLDisplay          - New size:    800.0 x 400.0 @ DoubleProperty [value: 1.0]
15:30:59.440 [JavaFX Application Thread] DEBUG FXGLDisplay          - Opening primary stage
15:30:59.463 [JavaFX Application Thread] DEBUG FXGLDisplay          - Stage shown
15:30:59.463 [JavaFX Application Thread] DEBUG FXGLDisplay          - Root size: 800.0x400.0
15:30:59.463 [JavaFX Application Thread] DEBUG FXGLDisplay          - Scene size: 800.0x400.0
15:30:59.463 [JavaFX Application Thread] DEBUG FXGLDisplay          - Stage size: 816.0x439.0
15:30:59.491 [JavaFX Application Thread] DEBUG GameApplication      - Running preInit()
15:30:59.493 [JavaFX Application Thread] DEBUG Input                - Registered new binding: Screenshot - P
15:30:59.493 [JavaFX Application Thread] DEBUG Input                - Registered new binding: Dev Options - CTRL+0
15:30:59.494 [JavaFX Application Thread] DEBUG Input                - Registered new binding: generateMap - PRIMARY
15:30:59.536 [JavaFX Application Thread] DEBUG GameApplication      - Starting main loop
15:30:59.538 [JavaFX Application Thread] DEBUG StartupState         - STARTUP
15:30:59.538 [JavaFX Application Thread] DEBUG GameApplication      - Starting new game
15:30:59.539 [JavaFX Application Thread] DEBUG Input                - Clearing active input actions
15:30:59.539 [JavaFX Application Thread] DEBUG AppStateMachine      - StartupState -> LoadingState
15:30:59.562 [JavaFX Application Thread] WARN  InitAppTask          - Main has no package. Disabling annotations processing
15:30:59.565 [FXGL Background Thread 1 ] DEBUG InitAppTask          - Clearing previous game
15:30:59.565 [FXGL Background Thread 1 ] DEBUG GameWorld            - Resetting game world
15:30:59.566 [FXGL Background Thread 1 ] DEBUG PhysicsWorld         - Resetting physics world
15:30:59.566 [FXGL Background Thread 1 ] DEBUG GameScene            - Resetting game scene
15:30:59.566 [FXGL Background Thread 1 ] DEBUG InitAppTask          - Initializing Assets
15:30:59.567 [FXGL Background Thread 1 ] DEBUG InitAppTask          - Initializing Game
15:30:59.569 [FXGL Background Thread 1 ] DEBUG GameWorld            - Resetting game world
15:30:59.569 [FXGL Background Thread 1 ] DEBUG PhysicsWorld         - Resetting physics world
15:30:59.569 [FXGL Background Thread 1 ] DEBUG GameScene            - Resetting game scene
15:30:59.589 [FXGL Background Thread 1 ] DEBUG GameScene            - Creating render group for layer: TOP(2147483647)
15:31:00.236 [FXGL Background Thread 1 ] DEBUG InitAppTask          - Initializing Physics
15:31:00.236 [FXGL Background Thread 1 ] DEBUG InitAppTask          - Initializing UI
15:31:00.236 [FXGL Background Thread 1 ] DEBUG InitAppTask          - Initialization Complete
15:31:00.236 [FXGL Background Thread 1 ] INFO  InitAppTask          - Game initialization took: 0.672 sec
15:31:00.238 [JavaFX Application Thread] DEBUG Input                - Clearing active input actions
15:31:00.238 [JavaFX Application Thread] DEBUG AppStateMachine      - LoadingState -> PlayState
15:31:01.222 [JavaFX Application Thread] DEBUG GameWorld            - Resetting game world
15:31:01.579 [JavaFX Application Thread] DEBUG PhysicsWorld         - Resetting physics world
15:31:01.580 [JavaFX Application Thread] DEBUG GameScene            - Resetting game scene
15:31:01.580 [JavaFX Application Thread] DEBUG GameScene            - Creating render group for layer: TOP(2147483647)
15:31:02.162 [JavaFX Application Thread] DEBUG FXGLEventBus         - Firing event: NotificationEvent[message=Screenshot saved]
15:31:02.741 [JavaFX Application Thread] DEBUG GameWorld            - Resetting game world
15:31:02.880 [JavaFX Application Thread] DEBUG PhysicsWorld         - Resetting physics world
15:31:02.881 [JavaFX Application Thread] DEBUG GameScene            - Resetting game scene
15:31:02.882 [JavaFX Application Thread] DEBUG GameScene            - Creating render group for layer: TOP(2147483647)
15:31:03.603 [JavaFX Application Thread] DEBUG GameWorld            - Resetting game world
15:31:03.694 [JavaFX Application Thread] DEBUG PhysicsWorld         - Resetting physics world
15:31:03.694 [JavaFX Application Thread] DEBUG GameScene            - Resetting game scene
15:31:03.695 [JavaFX Application Thread] DEBUG GameScene            - Creating render group for layer: TOP(2147483647)
15:31:04.257 [JavaFX Application Thread] DEBUG GameWorld            - Resetting game world
15:31:04.423 [JavaFX Application Thread] DEBUG PhysicsWorld         - Resetting physics world
15:31:04.423 [JavaFX Application Thread] DEBUG GameScene            - Resetting game scene
15:31:04.423 [JavaFX Application Thread] DEBUG GameScene            - Creating render group for layer: TOP(2147483647)
15:31:04.785 [JavaFX Application Thread] DEBUG GameWorld            - Resetting game world
15:31:04.943 [JavaFX Application Thread] DEBUG PhysicsWorld         - Resetting physics world
15:31:04.943 [JavaFX Application Thread] DEBUG GameScene            - Resetting game scene
15:31:04.943 [JavaFX Application Thread] DEBUG GameScene            - Creating render group for layer: TOP(2147483647)
15:31:22.541 [JavaFX Application Thread] DEBUG GameWorld            - Resetting game world
15:31:22.617 [JavaFX Application Thread] DEBUG PhysicsWorld         - Resetting physics world
15:31:22.618 [JavaFX Application Thread] DEBUG GameScene            - Resetting game scene
15:31:22.618 [JavaFX Application Thread] DEBUG GameScene            - Creating render group for layer: TOP(2147483647)
15:31:23.539 [JavaFX Application Thread] DEBUG GameWorld            - Resetting game world
15:31:23.814 [JavaFX Application Thread] DEBUG PhysicsWorld         - Resetting physics world
15:31:23.814 [JavaFX Application Thread] DEBUG GameScene            - Resetting game scene
15:31:23.814 [JavaFX Application Thread] DEBUG GameScene            - Creating render group for layer: TOP(2147483647)
15:31:24.353 [JavaFX Application Thread] DEBUG GameWorld            - Resetting game world
15:31:24.548 [JavaFX Application Thread] DEBUG PhysicsWorld         - Resetting physics world
15:31:24.548 [JavaFX Application Thread] DEBUG GameScene            - Resetting game scene
15:31:24.548 [JavaFX Application Thread] DEBUG GameScene            - Creating render group for layer: TOP(2147483647)
15:31:25.026 [JavaFX Application Thread] DEBUG GameWorld            - Resetting game world
15:31:25.196 [JavaFX Application Thread] DEBUG PhysicsWorld         - Resetting physics world
15:31:25.196 [JavaFX Application Thread] DEBUG GameScene            - Resetting game scene
15:31:25.196 [JavaFX Application Thread] DEBUG GameScene            - Creating render group for layer: TOP(2147483647)
15:31:25.681 [JavaFX Application Thread] DEBUG GameWorld            - Resetting game world
15:31:25.777 [JavaFX Application Thread] DEBUG PhysicsWorld         - Resetting physics world
15:31:25.777 [JavaFX Application Thread] DEBUG GameScene            - Resetting game scene
15:31:25.777 [JavaFX Application Thread] DEBUG GameScene            - Creating render group for layer: TOP(2147483647)
15:31:26.193 [JavaFX Application Thread] DEBUG GameWorld            - Resetting game world
15:31:26.376 [JavaFX Application Thread] DEBUG PhysicsWorld         - Resetting physics world
15:31:26.377 [JavaFX Application Thread] DEBUG GameScene            - Resetting game scene
15:31:26.377 [JavaFX Application Thread] DEBUG GameScene            - Creating render group for layer: TOP(2147483647)
15:32:13.707 [JavaFX Application Thread] DEBUG FXGLEventBus         - Firing event: DisplayEvent[type=CLOSE_REQUEST]
15:32:13.707 [JavaFX Application Thread] DEBUG GameApplication      - Exiting FXGL application
15:32:13.708 [JavaFX Application Thread] DEBUG FXGL                 - Saving FXGL system data
15:32:13.709 [JavaFX Application Thread] DEBUG IOTask               - Executing task: writeDataTask(system/fxgl.bundle)
15:32:13.710 [JavaFX Application Thread] DEBUG FS                   - Writing to: system\fxgl.bundle
15:32:13.716 [JavaFX Application Thread] DEBUG IOTask               - Task succeeded: writeDataTask(system/fxgl.bundle)
15:32:13.716 [JavaFX Application Thread] DEBUG GameApplication      - Closing FXGL logger and exiting JavaFX
