15:40:31.242 [FXGL Launcher Thread     ] DEBUG FXGL                 - FXGL logger initialized
15:40:31.245 [FXGL Launcher Thread     ] DEBUG FXGL                 - Service <<AudioPlayer>> initialized
15:40:31.246 [FXGL Launcher Thread     ] DEBUG FXGLAssetLoader      - Asset cacheSize=35
15:40:31.246 [FXGL Launcher Thread     ] DEBUG FXGL                 - Service <<AssetLoader>> initialized
15:40:31.247 [FXGL Launcher Thread     ] DEBUG FXGL                 - Service <<EventBus>> initialized
15:40:31.249 [FXGL Launcher Thread     ] DEBUG FXGLAssetLoader      - Loading from disk: /assets/ui/cursors/fxgl_default.png
15:40:31.263 [FXGL Launcher Thread     ] DEBUG FXGLAssetLoader      - Loading from disk: /assets/sounds/core/notification.wav
15:40:31.280 [FXGL Launcher Thread     ] DEBUG FXGLAssetLoader      - Loading from disk: /assets/sounds/menu/select.wav
15:40:31.281 [FXGL Launcher Thread     ] DEBUG FXGLAssetLoader      - Loading from disk: /assets/sounds/menu/back.wav
15:40:31.283 [FXGL Launcher Thread     ] DEBUG FXGLAssetLoader      - Loading from disk: /assets/sounds/menu/press.wav
15:40:31.284 [FXGL Launcher Thread     ] DEBUG FXGLAssetLoader      - Loading from disk: /assets/ui/fonts/Copperplate_Gothic_Light_Regular.ttf
15:40:31.407 [FXGL Launcher Thread     ] DEBUG FXGLAssetLoader      - Loading from disk: /assets/ui/fonts/lucida_console.ttf
15:40:31.420 [FXGL Launcher Thread     ] DEBUG FXGLAssetLoader      - Loading from disk: /assets/ui/css/fxgl_dark.css
15:40:31.420 [FXGL Launcher Thread     ] DEBUG FXGLAssetLoader      - Loading from disk: /assets/ui/icons/fxgl_icon.png
15:40:31.433 [FXGL Launcher Thread     ] DEBUG FXGLDisplay          - Using CSS: CSS(externalForm=jar:file:/C:/Users/lukel/Documents/Programming/CellularAutomata/MapGeneration/lib/fxgl-0.3.4-uber.jar!/assets/ui/css/fxgl_dark.css)
15:40:31.434 [FXGL Launcher Thread     ] DEBUG FXGL                 - Service <<Display>> initialized
15:40:31.435 [FXGL Launcher Thread     ] DEBUG FXGL                 - Service <<Executor>> initialized
15:40:31.440 [FXGL Launcher Thread     ] DEBUG FXGL                 - Service <<NotificationService>> initialized
15:40:31.441 [FXGL Launcher Thread     ] DEBUG FXGL                 - Service <<Net>> initialized
15:40:31.459 [FXGL Launcher Thread     ] DEBUG FXGL                 - Service <<Gameplay>> initialized
15:40:31.465 [FXGL Launcher Thread     ] DEBUG FXGLPooler           - Default pool size for objects = 128
15:40:31.465 [FXGL Launcher Thread     ] DEBUG FXGL                 - Service <<Pooler>> initialized
15:40:31.465 [FXGL Launcher Thread     ] DEBUG FXGL                 - Service <<ExceptionHandler>> initialized
15:40:31.465 [FXGL Launcher Thread     ] DEBUG FXGL                 - Service <<UIFactory>> initialized
15:40:31.465 [FXGL Launcher Thread     ] DEBUG FXGL                 - Service <<DialogFactory>> initialized
15:40:31.466 [FXGL Launcher Thread     ] DEBUG FXGL                 - Service <<SceneFactory>> initialized
15:40:31.466 [FXGL Launcher Thread     ] DEBUG FXGL                 - Loading FXGL system data
15:40:31.468 [FXGL Launcher Thread     ] DEBUG IOTask               - Executing task: readDataTask(system/fxgl.bundle)
15:40:31.470 [FXGL Launcher Thread     ] DEBUG FS                   - Reading from: system\fxgl.bundle
15:40:31.477 [FXGL Launcher Thread     ] DEBUG IOTask               - Task succeeded: readDataTask(system/fxgl.bundle)
15:40:31.477 [FXGL Launcher Thread     ] DEBUG Bundle               - Logging bundle: FXGL
15:40:31.478 [FXGL Launcher Thread     ] DEBUG Bundle               - FXGL.offline.timer.version.check=2017-07-13T23:35:28.234
15:40:31.478 [FXGL Launcher Thread     ] DEBUG GameApplication      - FXGL configuration complete
15:40:31.478 [FXGL Launcher Thread     ] INFO  GameApplication      - FXGL configuration took:  0.694 sec
15:40:31.479 [FXGL Launcher Thread     ] DEBUG GameApplication      - Logging game settings
Title: Map Generation w/ Cellular Automata
Version: 0.1
Width: 800
Height: 400
Fullscreen: false
Intro: false
Menus: false
Profiling: false
App Mode: DEVELOPER
Menu Style: FXGL_DEFAULT
Menu Key: ESCAPE
Services: []
15:40:31.488 [FXGL Launcher Thread     ] DEBUG GameApplication      - Configuring GameApplication
15:40:31.489 [FXGL Launcher Thread     ] DEBUG AppStateMachine      - Initializing application states
15:40:31.491 [FXGL Launcher Thread     ] DEBUG FXGLAssetLoader      - Loading from disk: /assets/ui/cursors/fxgl_default.png
15:40:31.494 [FXGL Launcher Thread     ] DEBUG FXGLAssetLoader      - Loading from disk: /assets/ui/cursors/fxgl_default.png
15:40:31.545 [FXGL Launcher Thread     ] DEBUG GameWorld            - Game world initialized
15:40:31.576 [FXGL Launcher Thread     ] DEBUG PhysicsWorld         - Physics world initialized: appHeight=400, physics.ppm=50.0
15:40:31.585 [FXGL Launcher Thread     ] DEBUG FXGLAssetLoader      - Loading from disk: /assets/ui/cursors/fxgl_default.png
15:40:31.600 [FXGL Launcher Thread     ] DEBUG GameScene            - Game scene initialized: 800x400
15:40:31.617 [FXGL Launcher Thread     ] DEBUG Input                - Registered new binding: Pause - Esc
15:40:31.624 [FXGL Launcher Thread     ] INFO  GameApplication      - Game configuration took:  0.135 sec
15:40:31.631 [JavaFX Application Thread] DEBUG FXGLDisplay          - Target size: DoubleProperty [value: 800.0] x DoubleProperty [value: 400.0] @ 1.0
15:40:31.631 [JavaFX Application Thread] DEBUG FXGLDisplay          - New size:    800.0 x 400.0 @ DoubleProperty [value: 1.0]
15:40:31.631 [JavaFX Application Thread] DEBUG FXGLDisplay          - Opening primary stage
15:40:31.663 [JavaFX Application Thread] DEBUG FXGLDisplay          - Stage shown
15:40:31.663 [JavaFX Application Thread] DEBUG FXGLDisplay          - Root size: 800.0x400.0
15:40:31.663 [JavaFX Application Thread] DEBUG FXGLDisplay          - Scene size: 800.0x400.0
15:40:31.663 [JavaFX Application Thread] DEBUG FXGLDisplay          - Stage size: 816.0x439.0
15:40:31.691 [JavaFX Application Thread] DEBUG GameApplication      - Running preInit()
15:40:31.692 [JavaFX Application Thread] DEBUG Input                - Registered new binding: Screenshot - P
15:40:31.692 [JavaFX Application Thread] DEBUG Input                - Registered new binding: Dev Options - CTRL+0
15:40:31.693 [JavaFX Application Thread] DEBUG Input                - Registered new binding: generateMap - PRIMARY
15:40:31.729 [JavaFX Application Thread] DEBUG GameApplication      - Starting main loop
15:40:31.731 [JavaFX Application Thread] DEBUG StartupState         - STARTUP
15:40:31.731 [JavaFX Application Thread] DEBUG GameApplication      - Starting new game
15:40:31.732 [JavaFX Application Thread] DEBUG Input                - Clearing active input actions
15:40:31.732 [JavaFX Application Thread] DEBUG AppStateMachine      - StartupState -> LoadingState
15:40:31.754 [JavaFX Application Thread] WARN  InitAppTask          - Main has no package. Disabling annotations processing
15:40:31.757 [FXGL Background Thread 1 ] DEBUG InitAppTask          - Clearing previous game
15:40:31.757 [FXGL Background Thread 1 ] DEBUG GameWorld            - Resetting game world
15:40:31.758 [FXGL Background Thread 1 ] DEBUG PhysicsWorld         - Resetting physics world
15:40:31.758 [FXGL Background Thread 1 ] DEBUG GameScene            - Resetting game scene
15:40:31.758 [FXGL Background Thread 1 ] DEBUG InitAppTask          - Initializing Assets
15:40:31.758 [FXGL Background Thread 1 ] DEBUG InitAppTask          - Initializing Game
15:40:31.761 [FXGL Background Thread 1 ] DEBUG GameWorld            - Resetting game world
15:40:31.761 [FXGL Background Thread 1 ] DEBUG PhysicsWorld         - Resetting physics world
15:40:31.761 [FXGL Background Thread 1 ] DEBUG GameScene            - Resetting game scene
15:40:31.776 [FXGL Background Thread 1 ] DEBUG GameScene            - Creating render group for layer: TOP(2147483647)
15:40:32.457 [FXGL Background Thread 1 ] DEBUG InitAppTask          - Initializing Physics
15:40:32.457 [FXGL Background Thread 1 ] DEBUG InitAppTask          - Initializing UI
15:40:32.457 [FXGL Background Thread 1 ] DEBUG InitAppTask          - Initialization Complete
15:40:32.458 [FXGL Background Thread 1 ] INFO  InitAppTask          - Game initialization took: 0.701 sec
15:40:32.495 [JavaFX Application Thread] DEBUG Input                - Clearing active input actions
15:40:32.495 [JavaFX Application Thread] DEBUG AppStateMachine      - LoadingState -> PlayState
15:40:33.479 [JavaFX Application Thread] DEBUG GameWorld            - Resetting game world
15:40:33.842 [JavaFX Application Thread] DEBUG PhysicsWorld         - Resetting physics world
15:40:33.842 [JavaFX Application Thread] DEBUG GameScene            - Resetting game scene
15:40:33.843 [JavaFX Application Thread] DEBUG GameScene            - Creating render group for layer: TOP(2147483647)
15:40:34.583 [JavaFX Application Thread] DEBUG GameWorld            - Resetting game world
15:40:34.748 [JavaFX Application Thread] DEBUG PhysicsWorld         - Resetting physics world
15:40:34.748 [JavaFX Application Thread] DEBUG GameScene            - Resetting game scene
15:40:34.749 [JavaFX Application Thread] DEBUG GameScene            - Creating render group for layer: TOP(2147483647)
15:40:35.252 [JavaFX Application Thread] DEBUG GameWorld            - Resetting game world
15:40:35.380 [JavaFX Application Thread] DEBUG PhysicsWorld         - Resetting physics world
15:40:35.380 [JavaFX Application Thread] DEBUG GameScene            - Resetting game scene
15:40:35.380 [JavaFX Application Thread] DEBUG GameScene            - Creating render group for layer: TOP(2147483647)
15:40:35.891 [JavaFX Application Thread] DEBUG GameWorld            - Resetting game world
15:40:36.013 [JavaFX Application Thread] DEBUG PhysicsWorld         - Resetting physics world
15:40:36.013 [JavaFX Application Thread] DEBUG GameScene            - Resetting game scene
15:40:36.014 [JavaFX Application Thread] DEBUG GameScene            - Creating render group for layer: TOP(2147483647)
15:40:36.434 [JavaFX Application Thread] DEBUG GameWorld            - Resetting game world
15:40:36.513 [JavaFX Application Thread] DEBUG PhysicsWorld         - Resetting physics world
15:40:36.513 [JavaFX Application Thread] DEBUG GameScene            - Resetting game scene
15:40:36.513 [JavaFX Application Thread] DEBUG GameScene            - Creating render group for layer: TOP(2147483647)
15:40:37.652 [JavaFX Application Thread] DEBUG GameWorld            - Resetting game world
15:40:37.734 [JavaFX Application Thread] DEBUG PhysicsWorld         - Resetting physics world
15:40:37.734 [JavaFX Application Thread] DEBUG GameScene            - Resetting game scene
15:40:37.734 [JavaFX Application Thread] DEBUG GameScene            - Creating render group for layer: TOP(2147483647)
15:40:38.341 [JavaFX Application Thread] DEBUG GameWorld            - Resetting game world
15:40:38.685 [JavaFX Application Thread] DEBUG PhysicsWorld         - Resetting physics world
15:40:38.686 [JavaFX Application Thread] DEBUG GameScene            - Resetting game scene
15:40:38.686 [JavaFX Application Thread] DEBUG GameScene            - Creating render group for layer: TOP(2147483647)
15:40:39.236 [JavaFX Application Thread] DEBUG GameWorld            - Resetting game world
15:40:39.518 [JavaFX Application Thread] DEBUG PhysicsWorld         - Resetting physics world
15:40:39.518 [JavaFX Application Thread] DEBUG GameScene            - Resetting game scene
15:40:39.518 [JavaFX Application Thread] DEBUG GameScene            - Creating render group for layer: TOP(2147483647)
15:40:40.020 [JavaFX Application Thread] DEBUG GameWorld            - Resetting game world
15:40:40.246 [JavaFX Application Thread] DEBUG PhysicsWorld         - Resetting physics world
15:40:40.246 [JavaFX Application Thread] DEBUG GameScene            - Resetting game scene
15:40:40.246 [JavaFX Application Thread] DEBUG GameScene            - Creating render group for layer: TOP(2147483647)
15:40:40.739 [JavaFX Application Thread] DEBUG GameWorld            - Resetting game world
15:40:40.965 [JavaFX Application Thread] DEBUG PhysicsWorld         - Resetting physics world
15:40:40.965 [JavaFX Application Thread] DEBUG GameScene            - Resetting game scene
15:40:40.965 [JavaFX Application Thread] DEBUG GameScene            - Creating render group for layer: TOP(2147483647)
15:40:41.460 [JavaFX Application Thread] DEBUG GameWorld            - Resetting game world
15:40:41.666 [JavaFX Application Thread] DEBUG PhysicsWorld         - Resetting physics world
15:40:41.666 [JavaFX Application Thread] DEBUG GameScene            - Resetting game scene
15:40:41.666 [JavaFX Application Thread] DEBUG GameScene            - Creating render group for layer: TOP(2147483647)
15:40:43.242 [JavaFX Application Thread] DEBUG GameWorld            - Resetting game world
15:40:43.428 [JavaFX Application Thread] DEBUG PhysicsWorld         - Resetting physics world
15:40:43.428 [JavaFX Application Thread] DEBUG GameScene            - Resetting game scene
15:40:43.428 [JavaFX Application Thread] DEBUG GameScene            - Creating render group for layer: TOP(2147483647)
15:40:44.069 [JavaFX Application Thread] DEBUG GameWorld            - Resetting game world
15:40:44.379 [JavaFX Application Thread] DEBUG PhysicsWorld         - Resetting physics world
15:40:44.379 [JavaFX Application Thread] DEBUG GameScene            - Resetting game scene
15:40:44.379 [JavaFX Application Thread] DEBUG GameScene            - Creating render group for layer: TOP(2147483647)
15:40:44.948 [JavaFX Application Thread] DEBUG GameWorld            - Resetting game world
15:40:45.133 [JavaFX Application Thread] DEBUG PhysicsWorld         - Resetting physics world
15:40:45.133 [JavaFX Application Thread] DEBUG GameScene            - Resetting game scene
15:40:45.133 [JavaFX Application Thread] DEBUG GameScene            - Creating render group for layer: TOP(2147483647)
15:40:45.651 [JavaFX Application Thread] DEBUG GameWorld            - Resetting game world
15:40:45.845 [JavaFX Application Thread] DEBUG PhysicsWorld         - Resetting physics world
15:40:45.845 [JavaFX Application Thread] DEBUG GameScene            - Resetting game scene
15:40:45.845 [JavaFX Application Thread] DEBUG GameScene            - Creating render group for layer: TOP(2147483647)
15:40:46.324 [JavaFX Application Thread] DEBUG GameWorld            - Resetting game world
15:40:46.544 [JavaFX Application Thread] DEBUG PhysicsWorld         - Resetting physics world
15:40:46.545 [JavaFX Application Thread] DEBUG GameScene            - Resetting game scene
15:40:46.545 [JavaFX Application Thread] DEBUG GameScene            - Creating render group for layer: TOP(2147483647)
15:40:46.996 [JavaFX Application Thread] DEBUG GameWorld            - Resetting game world
15:40:47.203 [JavaFX Application Thread] DEBUG PhysicsWorld         - Resetting physics world
15:40:47.203 [JavaFX Application Thread] DEBUG GameScene            - Resetting game scene
15:40:47.203 [JavaFX Application Thread] DEBUG GameScene            - Creating render group for layer: TOP(2147483647)
15:40:49.038 [JavaFX Application Thread] DEBUG GameWorld            - Resetting game world
15:40:49.143 [JavaFX Application Thread] DEBUG PhysicsWorld         - Resetting physics world
15:40:49.143 [JavaFX Application Thread] DEBUG GameScene            - Resetting game scene
15:40:49.143 [JavaFX Application Thread] DEBUG GameScene            - Creating render group for layer: TOP(2147483647)
15:40:49.876 [JavaFX Application Thread] DEBUG GameWorld            - Resetting game world
15:40:50.239 [JavaFX Application Thread] DEBUG PhysicsWorld         - Resetting physics world
15:40:50.239 [JavaFX Application Thread] DEBUG GameScene            - Resetting game scene
15:40:50.239 [JavaFX Application Thread] DEBUG GameScene            - Creating render group for layer: TOP(2147483647)
15:40:50.772 [JavaFX Application Thread] DEBUG GameWorld            - Resetting game world
15:40:50.978 [JavaFX Application Thread] DEBUG PhysicsWorld         - Resetting physics world
15:40:50.978 [JavaFX Application Thread] DEBUG GameScene            - Resetting game scene
15:40:50.978 [JavaFX Application Thread] DEBUG GameScene            - Creating render group for layer: TOP(2147483647)
15:40:51.464 [JavaFX Application Thread] DEBUG GameWorld            - Resetting game world
15:40:51.655 [JavaFX Application Thread] DEBUG PhysicsWorld         - Resetting physics world
15:40:51.656 [JavaFX Application Thread] DEBUG GameScene            - Resetting game scene
15:40:51.656 [JavaFX Application Thread] DEBUG GameScene            - Creating render group for layer: TOP(2147483647)
15:40:52.104 [JavaFX Application Thread] DEBUG GameWorld            - Resetting game world
15:40:52.300 [JavaFX Application Thread] DEBUG PhysicsWorld         - Resetting physics world
15:40:52.300 [JavaFX Application Thread] DEBUG GameScene            - Resetting game scene
15:40:52.300 [JavaFX Application Thread] DEBUG GameScene            - Creating render group for layer: TOP(2147483647)
15:40:52.739 [JavaFX Application Thread] DEBUG GameWorld            - Resetting game world
15:40:52.831 [JavaFX Application Thread] DEBUG PhysicsWorld         - Resetting physics world
15:40:52.831 [JavaFX Application Thread] DEBUG GameScene            - Resetting game scene
15:40:52.831 [JavaFX Application Thread] DEBUG GameScene            - Creating render group for layer: TOP(2147483647)
15:56:52.050 [JavaFX Application Thread] DEBUG FXGLEventBus         - Firing event: DisplayEvent[type=CLOSE_REQUEST]
15:56:52.050 [JavaFX Application Thread] DEBUG GameApplication      - Exiting FXGL application
15:56:52.051 [JavaFX Application Thread] DEBUG FXGL                 - Saving FXGL system data
15:56:52.052 [JavaFX Application Thread] DEBUG IOTask               - Executing task: writeDataTask(system/fxgl.bundle)
15:56:52.054 [JavaFX Application Thread] DEBUG FS                   - Writing to: system\fxgl.bundle
15:56:52.057 [JavaFX Application Thread] DEBUG IOTask               - Task succeeded: writeDataTask(system/fxgl.bundle)
15:56:52.057 [JavaFX Application Thread] DEBUG GameApplication      - Closing FXGL logger and exiting JavaFX
