15:38:10.821 [FXGL Launcher Thread     ] DEBUG FXGL                 - FXGL logger initialized
15:38:10.824 [FXGL Launcher Thread     ] DEBUG FXGL                 - Service <<AudioPlayer>> initialized
15:38:10.824 [FXGL Launcher Thread     ] DEBUG FXGLAssetLoader      - Asset cacheSize=35
15:38:10.825 [FXGL Launcher Thread     ] DEBUG FXGL                 - Service <<AssetLoader>> initialized
15:38:10.825 [FXGL Launcher Thread     ] DEBUG FXGL                 - Service <<EventBus>> initialized
15:38:10.827 [FXGL Launcher Thread     ] DEBUG FXGLAssetLoader      - Loading from disk: /assets/ui/cursors/fxgl_default.png
15:38:10.842 [FXGL Launcher Thread     ] DEBUG FXGLAssetLoader      - Loading from disk: /assets/sounds/core/notification.wav
15:38:10.859 [FXGL Launcher Thread     ] DEBUG FXGLAssetLoader      - Loading from disk: /assets/sounds/menu/select.wav
15:38:10.860 [FXGL Launcher Thread     ] DEBUG FXGLAssetLoader      - Loading from disk: /assets/sounds/menu/back.wav
15:38:10.861 [FXGL Launcher Thread     ] DEBUG FXGLAssetLoader      - Loading from disk: /assets/sounds/menu/press.wav
15:38:10.863 [FXGL Launcher Thread     ] DEBUG FXGLAssetLoader      - Loading from disk: /assets/ui/fonts/Copperplate_Gothic_Light_Regular.ttf
15:38:10.993 [FXGL Launcher Thread     ] DEBUG FXGLAssetLoader      - Loading from disk: /assets/ui/fonts/lucida_console.ttf
15:38:11.009 [FXGL Launcher Thread     ] DEBUG FXGLAssetLoader      - Loading from disk: /assets/ui/css/fxgl_dark.css
15:38:11.010 [FXGL Launcher Thread     ] DEBUG FXGLAssetLoader      - Loading from disk: /assets/ui/icons/fxgl_icon.png
15:38:11.022 [FXGL Launcher Thread     ] DEBUG FXGLDisplay          - Using CSS: CSS(externalForm=jar:file:/C:/Users/lukel/Documents/Programming/CellularAutomata/MapGeneration/lib/fxgl-0.3.4-uber.jar!/assets/ui/css/fxgl_dark.css)
15:38:11.023 [FXGL Launcher Thread     ] DEBUG FXGL                 - Service <<Display>> initialized
15:38:11.024 [FXGL Launcher Thread     ] DEBUG FXGL                 - Service <<Executor>> initialized
15:38:11.030 [FXGL Launcher Thread     ] DEBUG FXGL                 - Service <<NotificationService>> initialized
15:38:11.030 [FXGL Launcher Thread     ] DEBUG FXGL                 - Service <<Net>> initialized
15:38:11.039 [FXGL Launcher Thread     ] DEBUG FXGL                 - Service <<Gameplay>> initialized
15:38:11.049 [FXGL Launcher Thread     ] DEBUG FXGLPooler           - Default pool size for objects = 128
15:38:11.049 [FXGL Launcher Thread     ] DEBUG FXGL                 - Service <<Pooler>> initialized
15:38:11.050 [FXGL Launcher Thread     ] DEBUG FXGL                 - Service <<ExceptionHandler>> initialized
15:38:11.050 [FXGL Launcher Thread     ] DEBUG FXGL                 - Service <<UIFactory>> initialized
15:38:11.050 [FXGL Launcher Thread     ] DEBUG FXGL                 - Service <<DialogFactory>> initialized
15:38:11.050 [FXGL Launcher Thread     ] DEBUG FXGL                 - Service <<SceneFactory>> initialized
15:38:11.050 [FXGL Launcher Thread     ] DEBUG FXGL                 - Loading FXGL system data
15:38:11.053 [FXGL Launcher Thread     ] DEBUG IOTask               - Executing task: readDataTask(system/fxgl.bundle)
15:38:11.056 [FXGL Launcher Thread     ] DEBUG FS                   - Reading from: system\fxgl.bundle
15:38:11.064 [FXGL Launcher Thread     ] DEBUG IOTask               - Task succeeded: readDataTask(system/fxgl.bundle)
15:38:11.064 [FXGL Launcher Thread     ] DEBUG Bundle               - Logging bundle: FXGL
15:38:11.065 [FXGL Launcher Thread     ] DEBUG Bundle               - FXGL.offline.timer.version.check=2017-07-13T23:35:28.234
15:38:11.065 [FXGL Launcher Thread     ] DEBUG GameApplication      - FXGL configuration complete
15:38:11.065 [FXGL Launcher Thread     ] INFO  GameApplication      - FXGL configuration took:  0.800 sec
15:38:11.066 [FXGL Launcher Thread     ] DEBUG GameApplication      - Logging game settings
Title: Map Generation w/ Cellular Automata
Version: 0.1
Width: 800
Height: 400
Fullscreen: false
Intro: false
Menus: false
Profiling: false
App Mode: DEVELOPER
Menu Style: FXGL_DEFAULT
Menu Key: ESCAPE
Services: []
15:38:11.077 [FXGL Launcher Thread     ] DEBUG GameApplication      - Configuring GameApplication
15:38:11.078 [FXGL Launcher Thread     ] DEBUG AppStateMachine      - Initializing application states
15:38:11.081 [FXGL Launcher Thread     ] DEBUG FXGLAssetLoader      - Loading from disk: /assets/ui/cursors/fxgl_default.png
15:38:11.084 [FXGL Launcher Thread     ] DEBUG FXGLAssetLoader      - Loading from disk: /assets/ui/cursors/fxgl_default.png
15:38:11.142 [FXGL Launcher Thread     ] DEBUG GameWorld            - Game world initialized
15:38:11.174 [FXGL Launcher Thread     ] DEBUG PhysicsWorld         - Physics world initialized: appHeight=400, physics.ppm=50.0
15:38:11.180 [FXGL Launcher Thread     ] DEBUG FXGLAssetLoader      - Loading from disk: /assets/ui/cursors/fxgl_default.png
15:38:11.196 [FXGL Launcher Thread     ] DEBUG GameScene            - Game scene initialized: 800x400
15:38:11.212 [FXGL Launcher Thread     ] DEBUG Input                - Registered new binding: Pause - Esc
15:38:11.220 [FXGL Launcher Thread     ] INFO  GameApplication      - Game configuration took:  0.143 sec
15:38:11.223 [JavaFX Application Thread] DEBUG FXGLDisplay          - Target size: DoubleProperty [value: 800.0] x DoubleProperty [value: 400.0] @ 1.0
15:38:11.223 [JavaFX Application Thread] DEBUG FXGLDisplay          - New size:    800.0 x 400.0 @ DoubleProperty [value: 1.0]
15:38:11.223 [JavaFX Application Thread] DEBUG FXGLDisplay          - Opening primary stage
15:38:11.252 [JavaFX Application Thread] DEBUG FXGLDisplay          - Stage shown
15:38:11.253 [JavaFX Application Thread] DEBUG FXGLDisplay          - Root size: 800.0x400.0
15:38:11.253 [JavaFX Application Thread] DEBUG FXGLDisplay          - Scene size: 800.0x400.0
15:38:11.253 [JavaFX Application Thread] DEBUG FXGLDisplay          - Stage size: 816.0x439.0
15:38:11.272 [JavaFX Application Thread] DEBUG GameApplication      - Running preInit()
15:38:11.274 [JavaFX Application Thread] DEBUG Input                - Registered new binding: Screenshot - P
15:38:11.274 [JavaFX Application Thread] DEBUG Input                - Registered new binding: Dev Options - CTRL+0
15:38:11.275 [JavaFX Application Thread] DEBUG Input                - Registered new binding: generateMap - PRIMARY
15:38:11.309 [JavaFX Application Thread] DEBUG GameApplication      - Starting main loop
15:38:11.311 [JavaFX Application Thread] DEBUG StartupState         - STARTUP
15:38:11.312 [JavaFX Application Thread] DEBUG GameApplication      - Starting new game
15:38:11.312 [JavaFX Application Thread] DEBUG Input                - Clearing active input actions
15:38:11.312 [JavaFX Application Thread] DEBUG AppStateMachine      - StartupState -> LoadingState
15:38:11.333 [JavaFX Application Thread] WARN  InitAppTask          - Main has no package. Disabling annotations processing
15:38:11.336 [FXGL Background Thread 1 ] DEBUG InitAppTask          - Clearing previous game
15:38:11.336 [FXGL Background Thread 1 ] DEBUG GameWorld            - Resetting game world
15:38:11.337 [FXGL Background Thread 1 ] DEBUG PhysicsWorld         - Resetting physics world
15:38:11.337 [FXGL Background Thread 1 ] DEBUG GameScene            - Resetting game scene
15:38:11.337 [FXGL Background Thread 1 ] DEBUG InitAppTask          - Initializing Assets
15:38:11.338 [FXGL Background Thread 1 ] DEBUG InitAppTask          - Initializing Game
15:38:11.341 [FXGL Background Thread 1 ] DEBUG GameWorld            - Resetting game world
15:38:11.341 [FXGL Background Thread 1 ] DEBUG PhysicsWorld         - Resetting physics world
15:38:11.341 [FXGL Background Thread 1 ] DEBUG GameScene            - Resetting game scene
15:38:11.360 [FXGL Background Thread 1 ] DEBUG GameScene            - Creating render group for layer: TOP(2147483647)
15:38:12.609 [FXGL Background Thread 1 ] DEBUG InitAppTask          - Initializing Physics
15:38:12.609 [FXGL Background Thread 1 ] DEBUG InitAppTask          - Initializing UI
15:38:12.609 [FXGL Background Thread 1 ] DEBUG InitAppTask          - Initialization Complete
15:38:12.609 [FXGL Background Thread 1 ] INFO  InitAppTask          - Game initialization took: 1.273 sec
15:38:12.614 [JavaFX Application Thread] DEBUG Input                - Clearing active input actions
15:38:12.614 [JavaFX Application Thread] DEBUG AppStateMachine      - LoadingState -> PlayState
15:38:13.644 [JavaFX Application Thread] DEBUG GameWorld            - Resetting game world
15:38:14.178 [JavaFX Application Thread] DEBUG PhysicsWorld         - Resetting physics world
15:38:14.178 [JavaFX Application Thread] DEBUG GameScene            - Resetting game scene
15:38:14.179 [JavaFX Application Thread] DEBUG GameScene            - Creating render group for layer: TOP(2147483647)
15:38:14.903 [JavaFX Application Thread] DEBUG GameWorld            - Resetting game world
15:38:15.044 [JavaFX Application Thread] DEBUG PhysicsWorld         - Resetting physics world
15:38:15.044 [JavaFX Application Thread] DEBUG GameScene            - Resetting game scene
15:38:15.045 [JavaFX Application Thread] DEBUG GameScene            - Creating render group for layer: TOP(2147483647)
15:38:15.401 [JavaFX Application Thread] DEBUG GameWorld            - Resetting game world
15:38:15.612 [JavaFX Application Thread] DEBUG PhysicsWorld         - Resetting physics world
15:38:15.612 [JavaFX Application Thread] DEBUG GameScene            - Resetting game scene
15:38:15.612 [JavaFX Application Thread] DEBUG GameScene            - Creating render group for layer: TOP(2147483647)
15:38:15.929 [JavaFX Application Thread] DEBUG GameWorld            - Resetting game world
15:38:16.028 [JavaFX Application Thread] DEBUG PhysicsWorld         - Resetting physics world
15:38:16.028 [JavaFX Application Thread] DEBUG GameScene            - Resetting game scene
15:38:16.029 [JavaFX Application Thread] DEBUG GameScene            - Creating render group for layer: TOP(2147483647)
15:38:16.340 [JavaFX Application Thread] DEBUG GameWorld            - Resetting game world
15:38:16.418 [JavaFX Application Thread] DEBUG PhysicsWorld         - Resetting physics world
15:38:16.419 [JavaFX Application Thread] DEBUG GameScene            - Resetting game scene
15:38:16.419 [JavaFX Application Thread] DEBUG GameScene            - Creating render group for layer: TOP(2147483647)
15:38:19.027 [JavaFX Application Thread] DEBUG FXGLEventBus         - Firing event: DisplayEvent[type=CLOSE_REQUEST]
15:38:19.027 [JavaFX Application Thread] DEBUG GameApplication      - Exiting FXGL application
15:38:19.028 [JavaFX Application Thread] DEBUG FXGL                 - Saving FXGL system data
15:38:19.029 [JavaFX Application Thread] DEBUG IOTask               - Executing task: writeDataTask(system/fxgl.bundle)
15:38:19.031 [JavaFX Application Thread] DEBUG FS                   - Writing to: system\fxgl.bundle
15:38:19.036 [JavaFX Application Thread] DEBUG IOTask               - Task succeeded: writeDataTask(system/fxgl.bundle)
15:38:19.036 [JavaFX Application Thread] DEBUG GameApplication      - Closing FXGL logger and exiting JavaFX
