23:53:35.477 [FXGL Launcher Thread     ] DEBUG FXGL                 - FXGL logger initialized
23:53:35.479 [FXGL Launcher Thread     ] DEBUG FXGL                 - Service <<AudioPlayer>> initialized
23:53:35.480 [FXGL Launcher Thread     ] DEBUG FXGLAssetLoader      - Asset cacheSize=35
23:53:35.480 [FXGL Launcher Thread     ] DEBUG FXGL                 - Service <<AssetLoader>> initialized
23:53:35.481 [FXGL Launcher Thread     ] DEBUG FXGL                 - Service <<EventBus>> initialized
23:53:35.483 [FXGL Launcher Thread     ] DEBUG FXGLAssetLoader      - Loading from disk: /assets/ui/cursors/fxgl_default.png
23:53:35.499 [FXGL Launcher Thread     ] DEBUG FXGLAssetLoader      - Loading from disk: /assets/sounds/core/notification.wav
23:53:35.515 [FXGL Launcher Thread     ] DEBUG FXGLAssetLoader      - Loading from disk: /assets/sounds/menu/select.wav
23:53:35.516 [FXGL Launcher Thread     ] DEBUG FXGLAssetLoader      - Loading from disk: /assets/sounds/menu/back.wav
23:53:35.518 [FXGL Launcher Thread     ] DEBUG FXGLAssetLoader      - Loading from disk: /assets/sounds/menu/press.wav
23:53:35.519 [FXGL Launcher Thread     ] DEBUG FXGLAssetLoader      - Loading from disk: /assets/ui/fonts/Copperplate_Gothic_Light_Regular.ttf
23:53:35.600 [FXGL Launcher Thread     ] DEBUG FXGLAssetLoader      - Loading from disk: /assets/ui/fonts/lucida_console.ttf
23:53:35.612 [FXGL Launcher Thread     ] DEBUG FXGLAssetLoader      - Loading from disk: /assets/ui/css/fxgl_dark.css
23:53:35.612 [FXGL Launcher Thread     ] DEBUG FXGLAssetLoader      - Loading from disk: /assets/ui/icons/fxgl_icon.png
23:53:35.625 [FXGL Launcher Thread     ] DEBUG FXGLDisplay          - Using CSS: CSS(externalForm=jar:file:/C:/Users/lukel/Documents/Programming/CellularAutomata/MapGeneration/lib/fxgl-0.3.4-uber.jar!/assets/ui/css/fxgl_dark.css)
23:53:35.626 [FXGL Launcher Thread     ] DEBUG FXGL                 - Service <<Display>> initialized
23:53:35.627 [FXGL Launcher Thread     ] DEBUG FXGL                 - Service <<Executor>> initialized
23:53:35.633 [FXGL Launcher Thread     ] DEBUG FXGL                 - Service <<NotificationService>> initialized
23:53:35.633 [FXGL Launcher Thread     ] DEBUG FXGL                 - Service <<Net>> initialized
23:53:35.648 [FXGL Launcher Thread     ] DEBUG FXGL                 - Service <<Gameplay>> initialized
23:53:35.653 [FXGL Launcher Thread     ] DEBUG FXGLPooler           - Default pool size for objects = 128
23:53:35.653 [FXGL Launcher Thread     ] DEBUG FXGL                 - Service <<Pooler>> initialized
23:53:35.653 [FXGL Launcher Thread     ] DEBUG FXGL                 - Service <<ExceptionHandler>> initialized
23:53:35.653 [FXGL Launcher Thread     ] DEBUG FXGL                 - Service <<UIFactory>> initialized
23:53:35.654 [FXGL Launcher Thread     ] DEBUG FXGL                 - Service <<DialogFactory>> initialized
23:53:35.654 [FXGL Launcher Thread     ] DEBUG FXGL                 - Service <<SceneFactory>> initialized
23:53:35.654 [FXGL Launcher Thread     ] DEBUG FXGL                 - Loading FXGL system data
23:53:35.656 [FXGL Launcher Thread     ] DEBUG IOTask               - Executing task: readDataTask(system/fxgl.bundle)
23:53:35.659 [FXGL Launcher Thread     ] DEBUG FS                   - Reading from: system\fxgl.bundle
23:53:35.667 [FXGL Launcher Thread     ] DEBUG IOTask               - Task succeeded: readDataTask(system/fxgl.bundle)
23:53:35.667 [FXGL Launcher Thread     ] DEBUG Bundle               - Logging bundle: FXGL
23:53:35.667 [FXGL Launcher Thread     ] DEBUG Bundle               - FXGL.offline.timer.version.check=2017-07-13T23:35:28.234
23:53:35.667 [FXGL Launcher Thread     ] DEBUG GameApplication      - FXGL configuration complete
23:53:35.668 [FXGL Launcher Thread     ] INFO  GameApplication      - FXGL configuration took:  0.602 sec
23:53:35.668 [FXGL Launcher Thread     ] DEBUG GameApplication      - Logging game settings
Title: Map Generation w/ Cellular Automata
Version: 0.1
Width: 800
Height: 400
Fullscreen: false
Intro: false
Menus: false
Profiling: false
App Mode: DEVELOPER
Menu Style: FXGL_DEFAULT
Menu Key: ESCAPE
Services: []
23:53:35.690 [FXGL Launcher Thread     ] DEBUG GameApplication      - Configuring GameApplication
23:53:35.690 [FXGL Launcher Thread     ] DEBUG AppStateMachine      - Initializing application states
23:53:35.692 [FXGL Launcher Thread     ] DEBUG FXGLAssetLoader      - Loading from disk: /assets/ui/cursors/fxgl_default.png
23:53:35.695 [FXGL Launcher Thread     ] DEBUG FXGLAssetLoader      - Loading from disk: /assets/ui/cursors/fxgl_default.png
23:53:35.725 [FXGL Launcher Thread     ] DEBUG GameWorld            - Game world initialized
23:53:35.759 [FXGL Launcher Thread     ] DEBUG PhysicsWorld         - Physics world initialized: appHeight=400, physics.ppm=50.0
23:53:35.768 [FXGL Launcher Thread     ] DEBUG FXGLAssetLoader      - Loading from disk: /assets/ui/cursors/fxgl_default.png
23:53:35.784 [FXGL Launcher Thread     ] DEBUG GameScene            - Game scene initialized: 800x400
23:53:35.800 [FXGL Launcher Thread     ] DEBUG Input                - Registered new binding: Pause - Esc
23:53:35.809 [FXGL Launcher Thread     ] INFO  GameApplication      - Game configuration took:  0.119 sec
23:53:35.812 [JavaFX Application Thread] DEBUG FXGLDisplay          - Target size: DoubleProperty [value: 800.0] x DoubleProperty [value: 400.0] @ 1.0
23:53:35.812 [JavaFX Application Thread] DEBUG FXGLDisplay          - New size:    800.0 x 400.0 @ DoubleProperty [value: 1.0]
23:53:35.812 [JavaFX Application Thread] DEBUG FXGLDisplay          - Opening primary stage
23:53:35.833 [JavaFX Application Thread] DEBUG FXGLDisplay          - Stage shown
23:53:35.833 [JavaFX Application Thread] DEBUG FXGLDisplay          - Root size: 800.0x400.0
23:53:35.833 [JavaFX Application Thread] DEBUG FXGLDisplay          - Scene size: 800.0x400.0
23:53:35.833 [JavaFX Application Thread] DEBUG FXGLDisplay          - Stage size: 816.0x439.0
23:53:35.863 [JavaFX Application Thread] DEBUG GameApplication      - Running preInit()
23:53:35.865 [JavaFX Application Thread] DEBUG Input                - Registered new binding: Screenshot - P
23:53:35.865 [JavaFX Application Thread] DEBUG Input                - Registered new binding: Dev Options - CTRL+0
23:53:35.907 [JavaFX Application Thread] DEBUG GameApplication      - Starting main loop
23:53:35.910 [JavaFX Application Thread] DEBUG StartupState         - STARTUP
23:53:35.911 [JavaFX Application Thread] DEBUG GameApplication      - Starting new game
23:53:35.911 [JavaFX Application Thread] DEBUG Input                - Clearing active input actions
23:53:35.911 [JavaFX Application Thread] DEBUG AppStateMachine      - StartupState -> LoadingState
23:53:35.936 [JavaFX Application Thread] WARN  InitAppTask          - Main has no package. Disabling annotations processing
23:53:35.940 [FXGL Background Thread 1 ] DEBUG InitAppTask          - Clearing previous game
23:53:35.940 [FXGL Background Thread 1 ] DEBUG GameWorld            - Resetting game world
23:53:35.941 [FXGL Background Thread 1 ] DEBUG PhysicsWorld         - Resetting physics world
23:53:35.941 [FXGL Background Thread 1 ] DEBUG GameScene            - Resetting game scene
23:53:35.941 [FXGL Background Thread 1 ] DEBUG InitAppTask          - Initializing Assets
23:53:35.942 [FXGL Background Thread 1 ] DEBUG InitAppTask          - Initializing Game
23:53:35.944 [FXGL Background Thread 1 ] DEBUG GameWorld            - Resetting game world
23:53:35.945 [FXGL Background Thread 1 ] DEBUG PhysicsWorld         - Resetting physics world
23:53:35.945 [FXGL Background Thread 1 ] DEBUG GameScene            - Resetting game scene
23:53:35.968 [FXGL Background Thread 1 ] DEBUG GameScene            - Creating render group for layer: TOP(2147483647)
23:53:36.776 [FXGL Background Thread 1 ] DEBUG InitAppTask          - Initializing Physics
23:53:36.777 [FXGL Background Thread 1 ] DEBUG InitAppTask          - Initializing UI
23:53:36.777 [FXGL Background Thread 1 ] DEBUG InitAppTask          - Initialization Complete
23:53:36.777 [FXGL Background Thread 1 ] INFO  InitAppTask          - Game initialization took: 0.837 sec
23:53:36.789 [JavaFX Application Thread] DEBUG Input                - Clearing active input actions
23:53:36.789 [JavaFX Application Thread] DEBUG AppStateMachine      - LoadingState -> PlayState
23:53:37.677 [JavaFX Application Thread] DEBUG GameWorld            - Resetting game world
23:53:37.912 [JavaFX Application Thread] DEBUG PhysicsWorld         - Resetting physics world
23:53:37.912 [JavaFX Application Thread] DEBUG GameScene            - Resetting game scene
23:53:37.913 [JavaFX Application Thread] DEBUG GameScene            - Creating render group for layer: TOP(2147483647)
23:53:38.474 [JavaFX Application Thread] DEBUG GameWorld            - Resetting game world
23:53:38.489 [JavaFX Application Thread] DEBUG PhysicsWorld         - Resetting physics world
23:53:38.489 [JavaFX Application Thread] DEBUG GameScene            - Resetting game scene
23:53:38.489 [JavaFX Application Thread] DEBUG GameScene            - Creating render group for layer: TOP(2147483647)
23:53:38.822 [JavaFX Application Thread] DEBUG GameWorld            - Resetting game world
23:53:38.835 [JavaFX Application Thread] DEBUG PhysicsWorld         - Resetting physics world
23:53:38.835 [JavaFX Application Thread] DEBUG GameScene            - Resetting game scene
23:53:38.835 [JavaFX Application Thread] DEBUG GameScene            - Creating render group for layer: TOP(2147483647)
23:53:39.206 [JavaFX Application Thread] DEBUG GameWorld            - Resetting game world
23:53:39.215 [JavaFX Application Thread] DEBUG PhysicsWorld         - Resetting physics world
23:53:39.215 [JavaFX Application Thread] DEBUG GameScene            - Resetting game scene
23:53:39.216 [JavaFX Application Thread] DEBUG GameScene            - Creating render group for layer: TOP(2147483647)
23:53:39.623 [JavaFX Application Thread] DEBUG GameWorld            - Resetting game world
23:53:39.638 [JavaFX Application Thread] DEBUG PhysicsWorld         - Resetting physics world
23:53:39.638 [JavaFX Application Thread] DEBUG GameScene            - Resetting game scene
23:53:39.638 [JavaFX Application Thread] DEBUG GameScene            - Creating render group for layer: TOP(2147483647)
23:53:40.029 [JavaFX Application Thread] DEBUG FXGLEventBus         - Firing event: DisplayEvent[type=CLOSE_REQUEST]
23:53:40.029 [JavaFX Application Thread] DEBUG GameApplication      - Exiting FXGL application
23:53:40.030 [JavaFX Application Thread] DEBUG FXGL                 - Saving FXGL system data
23:53:40.031 [JavaFX Application Thread] DEBUG IOTask               - Executing task: writeDataTask(system/fxgl.bundle)
23:53:40.032 [JavaFX Application Thread] DEBUG FS                   - Writing to: system\fxgl.bundle
23:53:40.035 [JavaFX Application Thread] DEBUG IOTask               - Task succeeded: writeDataTask(system/fxgl.bundle)
23:53:40.035 [JavaFX Application Thread] DEBUG GameApplication      - Closing FXGL logger and exiting JavaFX
