23:54:13.725 [FXGL Launcher Thread     ] DEBUG FXGL                 - FXGL logger initialized
23:54:13.728 [FXGL Launcher Thread     ] DEBUG FXGL                 - Service <<AudioPlayer>> initialized
23:54:13.729 [FXGL Launcher Thread     ] DEBUG FXGLAssetLoader      - Asset cacheSize=35
23:54:13.729 [FXGL Launcher Thread     ] DEBUG FXGL                 - Service <<AssetLoader>> initialized
23:54:13.730 [FXGL Launcher Thread     ] DEBUG FXGL                 - Service <<EventBus>> initialized
23:54:13.732 [FXGL Launcher Thread     ] DEBUG FXGLAssetLoader      - Loading from disk: /assets/ui/cursors/fxgl_default.png
23:54:13.750 [FXGL Launcher Thread     ] DEBUG FXGLAssetLoader      - Loading from disk: /assets/sounds/core/notification.wav
23:54:13.768 [FXGL Launcher Thread     ] DEBUG FXGLAssetLoader      - Loading from disk: /assets/sounds/menu/select.wav
23:54:13.769 [FXGL Launcher Thread     ] DEBUG FXGLAssetLoader      - Loading from disk: /assets/sounds/menu/back.wav
23:54:13.772 [FXGL Launcher Thread     ] DEBUG FXGLAssetLoader      - Loading from disk: /assets/sounds/menu/press.wav
23:54:13.774 [FXGL Launcher Thread     ] DEBUG FXGLAssetLoader      - Loading from disk: /assets/ui/fonts/Copperplate_Gothic_Light_Regular.ttf
23:54:13.877 [FXGL Launcher Thread     ] DEBUG FXGLAssetLoader      - Loading from disk: /assets/ui/fonts/lucida_console.ttf
23:54:13.890 [FXGL Launcher Thread     ] DEBUG FXGLAssetLoader      - Loading from disk: /assets/ui/css/fxgl_dark.css
23:54:13.891 [FXGL Launcher Thread     ] DEBUG FXGLAssetLoader      - Loading from disk: /assets/ui/icons/fxgl_icon.png
23:54:13.904 [FXGL Launcher Thread     ] DEBUG FXGLDisplay          - Using CSS: CSS(externalForm=jar:file:/C:/Users/lukel/Documents/Programming/CellularAutomata/MapGeneration/lib/fxgl-0.3.4-uber.jar!/assets/ui/css/fxgl_dark.css)
23:54:13.905 [FXGL Launcher Thread     ] DEBUG FXGL                 - Service <<Display>> initialized
23:54:13.907 [FXGL Launcher Thread     ] DEBUG FXGL                 - Service <<Executor>> initialized
23:54:13.912 [FXGL Launcher Thread     ] DEBUG FXGL                 - Service <<NotificationService>> initialized
23:54:13.913 [FXGL Launcher Thread     ] DEBUG FXGL                 - Service <<Net>> initialized
23:54:13.921 [FXGL Launcher Thread     ] DEBUG FXGL                 - Service <<Gameplay>> initialized
23:54:13.937 [FXGL Launcher Thread     ] DEBUG FXGLPooler           - Default pool size for objects = 128
23:54:13.937 [FXGL Launcher Thread     ] DEBUG FXGL                 - Service <<Pooler>> initialized
23:54:13.938 [FXGL Launcher Thread     ] DEBUG FXGL                 - Service <<ExceptionHandler>> initialized
23:54:13.938 [FXGL Launcher Thread     ] DEBUG FXGL                 - Service <<UIFactory>> initialized
23:54:13.939 [FXGL Launcher Thread     ] DEBUG FXGL                 - Service <<DialogFactory>> initialized
23:54:13.939 [FXGL Launcher Thread     ] DEBUG FXGL                 - Service <<SceneFactory>> initialized
23:54:13.939 [FXGL Launcher Thread     ] DEBUG FXGL                 - Loading FXGL system data
23:54:13.942 [FXGL Launcher Thread     ] DEBUG IOTask               - Executing task: readDataTask(system/fxgl.bundle)
23:54:13.946 [FXGL Launcher Thread     ] DEBUG FS                   - Reading from: system\fxgl.bundle
23:54:13.959 [FXGL Launcher Thread     ] DEBUG IOTask               - Task succeeded: readDataTask(system/fxgl.bundle)
23:54:13.959 [FXGL Launcher Thread     ] DEBUG Bundle               - Logging bundle: FXGL
23:54:13.959 [FXGL Launcher Thread     ] DEBUG Bundle               - FXGL.offline.timer.version.check=2017-07-13T23:35:28.234
23:54:13.960 [FXGL Launcher Thread     ] DEBUG GameApplication      - FXGL configuration complete
23:54:13.960 [FXGL Launcher Thread     ] INFO  GameApplication      - FXGL configuration took:  0.944 sec
23:54:13.960 [FXGL Launcher Thread     ] DEBUG GameApplication      - Logging game settings
Title: Map Generation w/ Cellular Automata
Version: 0.1
Width: 800
Height: 400
Fullscreen: false
Intro: false
Menus: false
Profiling: false
App Mode: DEVELOPER
Menu Style: FXGL_DEFAULT
Menu Key: ESCAPE
Services: []
23:54:13.980 [FXGL Launcher Thread     ] DEBUG GameApplication      - Configuring GameApplication
23:54:13.980 [FXGL Launcher Thread     ] DEBUG AppStateMachine      - Initializing application states
23:54:13.984 [FXGL Launcher Thread     ] DEBUG FXGLAssetLoader      - Loading from disk: /assets/ui/cursors/fxgl_default.png
23:54:13.989 [FXGL Launcher Thread     ] DEBUG FXGLAssetLoader      - Loading from disk: /assets/ui/cursors/fxgl_default.png
23:54:14.034 [FXGL Launcher Thread     ] DEBUG GameWorld            - Game world initialized
23:54:14.073 [FXGL Launcher Thread     ] DEBUG PhysicsWorld         - Physics world initialized: appHeight=400, physics.ppm=50.0
23:54:14.085 [FXGL Launcher Thread     ] DEBUG FXGLAssetLoader      - Loading from disk: /assets/ui/cursors/fxgl_default.png
23:54:14.102 [FXGL Launcher Thread     ] DEBUG GameScene            - Game scene initialized: 800x400
23:54:14.119 [FXGL Launcher Thread     ] DEBUG Input                - Registered new binding: Pause - Esc
23:54:14.127 [FXGL Launcher Thread     ] INFO  GameApplication      - Game configuration took:  0.147 sec
23:54:14.130 [JavaFX Application Thread] DEBUG FXGLDisplay          - Target size: DoubleProperty [value: 800.0] x DoubleProperty [value: 400.0] @ 1.0
23:54:14.130 [JavaFX Application Thread] DEBUG FXGLDisplay          - New size:    800.0 x 400.0 @ DoubleProperty [value: 1.0]
23:54:14.130 [JavaFX Application Thread] DEBUG FXGLDisplay          - Opening primary stage
23:54:14.145 [JavaFX Application Thread] DEBUG FXGLDisplay          - Stage shown
23:54:14.145 [JavaFX Application Thread] DEBUG FXGLDisplay          - Root size: 800.0x400.0
23:54:14.145 [JavaFX Application Thread] DEBUG FXGLDisplay          - Scene size: 800.0x400.0
23:54:14.145 [JavaFX Application Thread] DEBUG FXGLDisplay          - Stage size: 816.0x439.0
23:54:14.162 [JavaFX Application Thread] DEBUG GameApplication      - Running preInit()
23:54:14.164 [JavaFX Application Thread] DEBUG Input                - Registered new binding: Screenshot - P
23:54:14.164 [JavaFX Application Thread] DEBUG Input                - Registered new binding: Dev Options - CTRL+0
23:54:14.209 [JavaFX Application Thread] DEBUG GameApplication      - Starting main loop
23:54:14.210 [JavaFX Application Thread] DEBUG StartupState         - STARTUP
23:54:14.210 [JavaFX Application Thread] DEBUG GameApplication      - Starting new game
23:54:14.211 [JavaFX Application Thread] DEBUG Input                - Clearing active input actions
23:54:14.211 [JavaFX Application Thread] DEBUG AppStateMachine      - StartupState -> LoadingState
23:54:14.232 [JavaFX Application Thread] WARN  InitAppTask          - Main has no package. Disabling annotations processing
23:54:14.234 [FXGL Background Thread 1 ] DEBUG InitAppTask          - Clearing previous game
23:54:14.235 [FXGL Background Thread 1 ] DEBUG GameWorld            - Resetting game world
23:54:14.235 [FXGL Background Thread 1 ] DEBUG PhysicsWorld         - Resetting physics world
23:54:14.235 [FXGL Background Thread 1 ] DEBUG GameScene            - Resetting game scene
23:54:14.235 [FXGL Background Thread 1 ] DEBUG InitAppTask          - Initializing Assets
23:54:14.236 [FXGL Background Thread 1 ] DEBUG InitAppTask          - Initializing Game
23:54:14.238 [FXGL Background Thread 1 ] DEBUG GameWorld            - Resetting game world
23:54:14.238 [FXGL Background Thread 1 ] DEBUG PhysicsWorld         - Resetting physics world
23:54:14.238 [FXGL Background Thread 1 ] DEBUG GameScene            - Resetting game scene
23:54:14.253 [FXGL Background Thread 1 ] DEBUG GameScene            - Creating render group for layer: TOP(2147483647)
23:54:14.887 [FXGL Background Thread 1 ] DEBUG InitAppTask          - Initializing Physics
23:54:14.889 [FXGL Background Thread 1 ] DEBUG InitAppTask          - Initializing UI
23:54:14.889 [FXGL Background Thread 1 ] DEBUG InitAppTask          - Initialization Complete
23:54:14.890 [FXGL Background Thread 1 ] INFO  InitAppTask          - Game initialization took: 0.655 sec
23:54:14.897 [JavaFX Application Thread] DEBUG Input                - Clearing active input actions
23:54:14.897 [JavaFX Application Thread] DEBUG AppStateMachine      - LoadingState -> PlayState
23:54:15.768 [JavaFX Application Thread] DEBUG GameWorld            - Resetting game world
23:54:16.059 [JavaFX Application Thread] DEBUG PhysicsWorld         - Resetting physics world
23:54:16.059 [JavaFX Application Thread] DEBUG GameScene            - Resetting game scene
23:54:16.059 [JavaFX Application Thread] DEBUG GameScene            - Creating render group for layer: TOP(2147483647)
23:54:18.128 [JavaFX Application Thread] DEBUG GameWorld            - Resetting game world
23:54:18.782 [JavaFX Application Thread] DEBUG PhysicsWorld         - Resetting physics world
23:54:18.782 [JavaFX Application Thread] DEBUG GameScene            - Resetting game scene
23:54:18.783 [JavaFX Application Thread] DEBUG GameScene            - Creating render group for layer: TOP(2147483647)
23:54:20.452 [JavaFX Application Thread] DEBUG FXGLEventBus         - Firing event: DisplayEvent[type=CLOSE_REQUEST]
23:54:20.453 [JavaFX Application Thread] DEBUG GameApplication      - Exiting FXGL application
23:54:20.453 [JavaFX Application Thread] DEBUG FXGL                 - Saving FXGL system data
23:54:20.454 [JavaFX Application Thread] DEBUG IOTask               - Executing task: writeDataTask(system/fxgl.bundle)
23:54:20.456 [JavaFX Application Thread] DEBUG FS                   - Writing to: system\fxgl.bundle
23:54:20.459 [JavaFX Application Thread] DEBUG IOTask               - Task succeeded: writeDataTask(system/fxgl.bundle)
23:54:20.459 [JavaFX Application Thread] DEBUG GameApplication      - Closing FXGL logger and exiting JavaFX
