23:53:23.366 [FXGL Launcher Thread     ] DEBUG FXGL                 - FXGL logger initialized
23:53:23.368 [FXGL Launcher Thread     ] DEBUG FXGL                 - Service <<AudioPlayer>> initialized
23:53:23.369 [FXGL Launcher Thread     ] DEBUG FXGLAssetLoader      - Asset cacheSize=35
23:53:23.370 [FXGL Launcher Thread     ] DEBUG FXGL                 - Service <<AssetLoader>> initialized
23:53:23.370 [FXGL Launcher Thread     ] DEBUG FXGL                 - Service <<EventBus>> initialized
23:53:23.372 [FXGL Launcher Thread     ] DEBUG FXGLAssetLoader      - Loading from disk: /assets/ui/cursors/fxgl_default.png
23:53:23.387 [FXGL Launcher Thread     ] DEBUG FXGLAssetLoader      - Loading from disk: /assets/sounds/core/notification.wav
23:53:23.404 [FXGL Launcher Thread     ] DEBUG FXGLAssetLoader      - Loading from disk: /assets/sounds/menu/select.wav
23:53:23.405 [FXGL Launcher Thread     ] DEBUG FXGLAssetLoader      - Loading from disk: /assets/sounds/menu/back.wav
23:53:23.407 [FXGL Launcher Thread     ] DEBUG FXGLAssetLoader      - Loading from disk: /assets/sounds/menu/press.wav
23:53:23.408 [FXGL Launcher Thread     ] DEBUG FXGLAssetLoader      - Loading from disk: /assets/ui/fonts/Copperplate_Gothic_Light_Regular.ttf
23:53:23.510 [FXGL Launcher Thread     ] DEBUG FXGLAssetLoader      - Loading from disk: /assets/ui/fonts/lucida_console.ttf
23:53:23.523 [FXGL Launcher Thread     ] DEBUG FXGLAssetLoader      - Loading from disk: /assets/ui/css/fxgl_dark.css
23:53:23.523 [FXGL Launcher Thread     ] DEBUG FXGLAssetLoader      - Loading from disk: /assets/ui/icons/fxgl_icon.png
23:53:23.536 [FXGL Launcher Thread     ] DEBUG FXGLDisplay          - Using CSS: CSS(externalForm=jar:file:/C:/Users/lukel/Documents/Programming/CellularAutomata/MapGeneration/lib/fxgl-0.3.4-uber.jar!/assets/ui/css/fxgl_dark.css)
23:53:23.537 [FXGL Launcher Thread     ] DEBUG FXGL                 - Service <<Display>> initialized
23:53:23.538 [FXGL Launcher Thread     ] DEBUG FXGL                 - Service <<Executor>> initialized
23:53:23.545 [FXGL Launcher Thread     ] DEBUG FXGL                 - Service <<NotificationService>> initialized
23:53:23.546 [FXGL Launcher Thread     ] DEBUG FXGL                 - Service <<Net>> initialized
23:53:23.559 [FXGL Launcher Thread     ] DEBUG FXGL                 - Service <<Gameplay>> initialized
23:53:23.564 [FXGL Launcher Thread     ] DEBUG FXGLPooler           - Default pool size for objects = 128
23:53:23.565 [FXGL Launcher Thread     ] DEBUG FXGL                 - Service <<Pooler>> initialized
23:53:23.565 [FXGL Launcher Thread     ] DEBUG FXGL                 - Service <<ExceptionHandler>> initialized
23:53:23.565 [FXGL Launcher Thread     ] DEBUG FXGL                 - Service <<UIFactory>> initialized
23:53:23.565 [FXGL Launcher Thread     ] DEBUG FXGL                 - Service <<DialogFactory>> initialized
23:53:23.566 [FXGL Launcher Thread     ] DEBUG FXGL                 - Service <<SceneFactory>> initialized
23:53:23.566 [FXGL Launcher Thread     ] DEBUG FXGL                 - Loading FXGL system data
23:53:23.569 [FXGL Launcher Thread     ] DEBUG IOTask               - Executing task: readDataTask(system/fxgl.bundle)
23:53:23.571 [FXGL Launcher Thread     ] DEBUG FS                   - Reading from: system\fxgl.bundle
23:53:23.578 [FXGL Launcher Thread     ] DEBUG IOTask               - Task succeeded: readDataTask(system/fxgl.bundle)
23:53:23.578 [FXGL Launcher Thread     ] DEBUG Bundle               - Logging bundle: FXGL
23:53:23.579 [FXGL Launcher Thread     ] DEBUG Bundle               - FXGL.offline.timer.version.check=2017-07-13T23:35:28.234
23:53:23.579 [FXGL Launcher Thread     ] DEBUG GameApplication      - FXGL configuration complete
23:53:23.580 [FXGL Launcher Thread     ] INFO  GameApplication      - FXGL configuration took:  0.650 sec
23:53:23.580 [FXGL Launcher Thread     ] DEBUG GameApplication      - Logging game settings
Title: Map Generation w/ Cellular Automata
Version: 0.1
Width: 800
Height: 400
Fullscreen: false
Intro: false
Menus: false
Profiling: false
App Mode: DEVELOPER
Menu Style: FXGL_DEFAULT
Menu Key: ESCAPE
Services: []
23:53:23.590 [FXGL Launcher Thread     ] DEBUG GameApplication      - Configuring GameApplication
23:53:23.591 [FXGL Launcher Thread     ] DEBUG AppStateMachine      - Initializing application states
23:53:23.593 [FXGL Launcher Thread     ] DEBUG FXGLAssetLoader      - Loading from disk: /assets/ui/cursors/fxgl_default.png
23:53:23.596 [FXGL Launcher Thread     ] DEBUG FXGLAssetLoader      - Loading from disk: /assets/ui/cursors/fxgl_default.png
23:53:23.633 [FXGL Launcher Thread     ] DEBUG GameWorld            - Game world initialized
23:53:23.665 [FXGL Launcher Thread     ] DEBUG PhysicsWorld         - Physics world initialized: appHeight=400, physics.ppm=50.0
23:53:23.672 [FXGL Launcher Thread     ] DEBUG FXGLAssetLoader      - Loading from disk: /assets/ui/cursors/fxgl_default.png
23:53:23.686 [FXGL Launcher Thread     ] DEBUG GameScene            - Game scene initialized: 800x400
23:53:23.703 [FXGL Launcher Thread     ] DEBUG Input                - Registered new binding: Pause - Esc
23:53:23.712 [FXGL Launcher Thread     ] INFO  GameApplication      - Game configuration took:  0.121 sec
23:53:23.726 [JavaFX Application Thread] DEBUG FXGLDisplay          - Target size: DoubleProperty [value: 800.0] x DoubleProperty [value: 400.0] @ 1.0
23:53:23.726 [JavaFX Application Thread] DEBUG FXGLDisplay          - New size:    800.0 x 400.0 @ DoubleProperty [value: 1.0]
23:53:23.726 [JavaFX Application Thread] DEBUG FXGLDisplay          - Opening primary stage
23:53:23.755 [JavaFX Application Thread] DEBUG FXGLDisplay          - Stage shown
23:53:23.755 [JavaFX Application Thread] DEBUG FXGLDisplay          - Root size: 800.0x400.0
23:53:23.755 [JavaFX Application Thread] DEBUG FXGLDisplay          - Scene size: 800.0x400.0
23:53:23.755 [JavaFX Application Thread] DEBUG FXGLDisplay          - Stage size: 816.0x439.0
23:53:23.785 [JavaFX Application Thread] DEBUG GameApplication      - Running preInit()
23:53:23.787 [JavaFX Application Thread] DEBUG Input                - Registered new binding: Screenshot - P
23:53:23.788 [JavaFX Application Thread] DEBUG Input                - Registered new binding: Dev Options - CTRL+0
23:53:23.833 [JavaFX Application Thread] DEBUG GameApplication      - Starting main loop
23:53:23.836 [JavaFX Application Thread] DEBUG StartupState         - STARTUP
23:53:23.837 [JavaFX Application Thread] DEBUG GameApplication      - Starting new game
23:53:23.837 [JavaFX Application Thread] DEBUG Input                - Clearing active input actions
23:53:23.837 [JavaFX Application Thread] DEBUG AppStateMachine      - StartupState -> LoadingState
23:53:23.859 [JavaFX Application Thread] WARN  InitAppTask          - Main has no package. Disabling annotations processing
23:53:23.862 [FXGL Background Thread 1 ] DEBUG InitAppTask          - Clearing previous game
23:53:23.862 [FXGL Background Thread 1 ] DEBUG GameWorld            - Resetting game world
23:53:23.862 [FXGL Background Thread 1 ] DEBUG PhysicsWorld         - Resetting physics world
23:53:23.862 [FXGL Background Thread 1 ] DEBUG GameScene            - Resetting game scene
23:53:23.862 [FXGL Background Thread 1 ] DEBUG InitAppTask          - Initializing Assets
23:53:23.863 [FXGL Background Thread 1 ] DEBUG InitAppTask          - Initializing Game
23:53:23.865 [FXGL Background Thread 1 ] DEBUG GameWorld            - Resetting game world
23:53:23.865 [FXGL Background Thread 1 ] DEBUG PhysicsWorld         - Resetting physics world
23:53:23.865 [FXGL Background Thread 1 ] DEBUG GameScene            - Resetting game scene
23:53:23.880 [FXGL Background Thread 1 ] DEBUG GameScene            - Creating render group for layer: TOP(2147483647)
23:53:24.503 [FXGL Background Thread 1 ] DEBUG InitAppTask          - Initializing Physics
23:53:24.503 [FXGL Background Thread 1 ] DEBUG InitAppTask          - Initializing UI
23:53:24.503 [FXGL Background Thread 1 ] DEBUG InitAppTask          - Initialization Complete
23:53:24.503 [FXGL Background Thread 1 ] INFO  InitAppTask          - Game initialization took: 0.642 sec
23:53:24.509 [JavaFX Application Thread] DEBUG Input                - Clearing active input actions
23:53:24.509 [JavaFX Application Thread] DEBUG AppStateMachine      - LoadingState -> PlayState
23:53:25.382 [JavaFX Application Thread] DEBUG GameWorld            - Resetting game world
23:53:25.676 [JavaFX Application Thread] DEBUG PhysicsWorld         - Resetting physics world
23:53:25.676 [JavaFX Application Thread] DEBUG GameScene            - Resetting game scene
23:53:25.677 [JavaFX Application Thread] DEBUG GameScene            - Creating render group for layer: TOP(2147483647)
23:53:26.187 [JavaFX Application Thread] DEBUG GameWorld            - Resetting game world
23:53:26.204 [JavaFX Application Thread] DEBUG PhysicsWorld         - Resetting physics world
23:53:26.204 [JavaFX Application Thread] DEBUG GameScene            - Resetting game scene
23:53:26.205 [JavaFX Application Thread] DEBUG GameScene            - Creating render group for layer: TOP(2147483647)
23:53:26.560 [JavaFX Application Thread] DEBUG GameWorld            - Resetting game world
23:53:26.607 [JavaFX Application Thread] DEBUG PhysicsWorld         - Resetting physics world
23:53:26.607 [JavaFX Application Thread] DEBUG GameScene            - Resetting game scene
23:53:26.607 [JavaFX Application Thread] DEBUG GameScene            - Creating render group for layer: TOP(2147483647)
23:53:26.959 [JavaFX Application Thread] DEBUG GameWorld            - Resetting game world
23:53:26.966 [JavaFX Application Thread] DEBUG PhysicsWorld         - Resetting physics world
23:53:26.966 [JavaFX Application Thread] DEBUG GameScene            - Resetting game scene
23:53:26.966 [JavaFX Application Thread] DEBUG GameScene            - Creating render group for layer: TOP(2147483647)
23:53:27.374 [JavaFX Application Thread] DEBUG GameWorld            - Resetting game world
23:53:27.381 [JavaFX Application Thread] DEBUG PhysicsWorld         - Resetting physics world
23:53:27.381 [JavaFX Application Thread] DEBUG GameScene            - Resetting game scene
23:53:27.381 [JavaFX Application Thread] DEBUG GameScene            - Creating render group for layer: TOP(2147483647)
23:53:27.886 [JavaFX Application Thread] DEBUG GameWorld            - Resetting game world
23:53:27.893 [JavaFX Application Thread] DEBUG PhysicsWorld         - Resetting physics world
23:53:27.893 [JavaFX Application Thread] DEBUG GameScene            - Resetting game scene
23:53:27.893 [JavaFX Application Thread] DEBUG GameScene            - Creating render group for layer: TOP(2147483647)
23:53:28.400 [JavaFX Application Thread] DEBUG GameWorld            - Resetting game world
23:53:28.409 [JavaFX Application Thread] DEBUG PhysicsWorld         - Resetting physics world
23:53:28.410 [JavaFX Application Thread] DEBUG GameScene            - Resetting game scene
23:53:28.410 [JavaFX Application Thread] DEBUG GameScene            - Creating render group for layer: TOP(2147483647)
23:53:28.928 [JavaFX Application Thread] DEBUG GameWorld            - Resetting game world
23:53:28.933 [JavaFX Application Thread] DEBUG PhysicsWorld         - Resetting physics world
23:53:28.934 [JavaFX Application Thread] DEBUG GameScene            - Resetting game scene
23:53:28.934 [JavaFX Application Thread] DEBUG GameScene            - Creating render group for layer: TOP(2147483647)
