15:37:31.194 [FXGL Launcher Thread     ] DEBUG FXGL                 - FXGL logger initialized
15:37:31.197 [FXGL Launcher Thread     ] DEBUG FXGL                 - Service <<AudioPlayer>> initialized
15:37:31.198 [FXGL Launcher Thread     ] DEBUG FXGLAssetLoader      - Asset cacheSize=35
15:37:31.198 [FXGL Launcher Thread     ] DEBUG FXGL                 - Service <<AssetLoader>> initialized
15:37:31.199 [FXGL Launcher Thread     ] DEBUG FXGL                 - Service <<EventBus>> initialized
15:37:31.201 [FXGL Launcher Thread     ] DEBUG FXGLAssetLoader      - Loading from disk: /assets/ui/cursors/fxgl_default.png
15:37:31.215 [FXGL Launcher Thread     ] DEBUG FXGLAssetLoader      - Loading from disk: /assets/sounds/core/notification.wav
15:37:31.231 [FXGL Launcher Thread     ] DEBUG FXGLAssetLoader      - Loading from disk: /assets/sounds/menu/select.wav
15:37:31.232 [FXGL Launcher Thread     ] DEBUG FXGLAssetLoader      - Loading from disk: /assets/sounds/menu/back.wav
15:37:31.233 [FXGL Launcher Thread     ] DEBUG FXGLAssetLoader      - Loading from disk: /assets/sounds/menu/press.wav
15:37:31.235 [FXGL Launcher Thread     ] DEBUG FXGLAssetLoader      - Loading from disk: /assets/ui/fonts/Copperplate_Gothic_Light_Regular.ttf
15:37:31.363 [FXGL Launcher Thread     ] DEBUG FXGLAssetLoader      - Loading from disk: /assets/ui/fonts/lucida_console.ttf
15:37:31.377 [FXGL Launcher Thread     ] DEBUG FXGLAssetLoader      - Loading from disk: /assets/ui/css/fxgl_dark.css
15:37:31.377 [FXGL Launcher Thread     ] DEBUG FXGLAssetLoader      - Loading from disk: /assets/ui/icons/fxgl_icon.png
15:37:31.391 [FXGL Launcher Thread     ] DEBUG FXGLDisplay          - Using CSS: CSS(externalForm=jar:file:/C:/Users/lukel/Documents/Programming/CellularAutomata/MapGeneration/lib/fxgl-0.3.4-uber.jar!/assets/ui/css/fxgl_dark.css)
15:37:31.392 [FXGL Launcher Thread     ] DEBUG FXGL                 - Service <<Display>> initialized
15:37:31.394 [FXGL Launcher Thread     ] DEBUG FXGL                 - Service <<Executor>> initialized
15:37:31.399 [FXGL Launcher Thread     ] DEBUG FXGL                 - Service <<NotificationService>> initialized
15:37:31.400 [FXGL Launcher Thread     ] DEBUG FXGL                 - Service <<Net>> initialized
15:37:31.412 [FXGL Launcher Thread     ] DEBUG FXGL                 - Service <<Gameplay>> initialized
15:37:31.417 [FXGL Launcher Thread     ] DEBUG FXGLPooler           - Default pool size for objects = 128
15:37:31.417 [FXGL Launcher Thread     ] DEBUG FXGL                 - Service <<Pooler>> initialized
15:37:31.417 [FXGL Launcher Thread     ] DEBUG FXGL                 - Service <<ExceptionHandler>> initialized
15:37:31.418 [FXGL Launcher Thread     ] DEBUG FXGL                 - Service <<UIFactory>> initialized
15:37:31.418 [FXGL Launcher Thread     ] DEBUG FXGL                 - Service <<DialogFactory>> initialized
15:37:31.418 [FXGL Launcher Thread     ] DEBUG FXGL                 - Service <<SceneFactory>> initialized
15:37:31.418 [FXGL Launcher Thread     ] DEBUG FXGL                 - Loading FXGL system data
15:37:31.422 [FXGL Launcher Thread     ] DEBUG IOTask               - Executing task: readDataTask(system/fxgl.bundle)
15:37:31.425 [FXGL Launcher Thread     ] DEBUG FS                   - Reading from: system\fxgl.bundle
15:37:31.433 [FXGL Launcher Thread     ] DEBUG IOTask               - Task succeeded: readDataTask(system/fxgl.bundle)
15:37:31.433 [FXGL Launcher Thread     ] DEBUG Bundle               - Logging bundle: FXGL
15:37:31.434 [FXGL Launcher Thread     ] DEBUG Bundle               - FXGL.offline.timer.version.check=2017-07-13T23:35:28.234
15:37:31.434 [FXGL Launcher Thread     ] DEBUG GameApplication      - FXGL configuration complete
15:37:31.434 [FXGL Launcher Thread     ] INFO  GameApplication      - FXGL configuration took:  0.681 sec
15:37:31.435 [FXGL Launcher Thread     ] DEBUG GameApplication      - Logging game settings
Title: Map Generation w/ Cellular Automata
Version: 0.1
Width: 800
Height: 400
Fullscreen: false
Intro: false
Menus: false
Profiling: false
App Mode: DEVELOPER
Menu Style: FXGL_DEFAULT
Menu Key: ESCAPE
Services: []
15:37:31.454 [FXGL Launcher Thread     ] DEBUG GameApplication      - Configuring GameApplication
15:37:31.455 [FXGL Launcher Thread     ] DEBUG AppStateMachine      - Initializing application states
15:37:31.457 [FXGL Launcher Thread     ] DEBUG FXGLAssetLoader      - Loading from disk: /assets/ui/cursors/fxgl_default.png
15:37:31.462 [FXGL Launcher Thread     ] DEBUG FXGLAssetLoader      - Loading from disk: /assets/ui/cursors/fxgl_default.png
15:37:31.501 [FXGL Launcher Thread     ] DEBUG GameWorld            - Game world initialized
15:37:31.539 [FXGL Launcher Thread     ] DEBUG PhysicsWorld         - Physics world initialized: appHeight=400, physics.ppm=50.0
15:37:31.546 [FXGL Launcher Thread     ] DEBUG FXGLAssetLoader      - Loading from disk: /assets/ui/cursors/fxgl_default.png
15:37:31.567 [FXGL Launcher Thread     ] DEBUG GameScene            - Game scene initialized: 800x400
15:37:31.585 [FXGL Launcher Thread     ] DEBUG Input                - Registered new binding: Pause - Esc
15:37:31.593 [FXGL Launcher Thread     ] INFO  GameApplication      - Game configuration took:  0.139 sec
15:37:31.598 [JavaFX Application Thread] DEBUG FXGLDisplay          - Target size: DoubleProperty [value: 800.0] x DoubleProperty [value: 400.0] @ 1.0
15:37:31.598 [JavaFX Application Thread] DEBUG FXGLDisplay          - New size:    800.0 x 400.0 @ DoubleProperty [value: 1.0]
15:37:31.598 [JavaFX Application Thread] DEBUG FXGLDisplay          - Opening primary stage
15:37:31.640 [JavaFX Application Thread] DEBUG FXGLDisplay          - Stage shown
15:37:31.640 [JavaFX Application Thread] DEBUG FXGLDisplay          - Root size: 800.0x400.0
15:37:31.640 [JavaFX Application Thread] DEBUG FXGLDisplay          - Scene size: 800.0x400.0
15:37:31.640 [JavaFX Application Thread] DEBUG FXGLDisplay          - Stage size: 816.0x439.0
15:37:31.660 [JavaFX Application Thread] DEBUG GameApplication      - Running preInit()
15:37:31.662 [JavaFX Application Thread] DEBUG Input                - Registered new binding: Screenshot - P
15:37:31.662 [JavaFX Application Thread] DEBUG Input                - Registered new binding: Dev Options - CTRL+0
15:37:31.663 [JavaFX Application Thread] DEBUG Input                - Registered new binding: generateMap - PRIMARY
15:37:31.697 [JavaFX Application Thread] DEBUG GameApplication      - Starting main loop
15:37:31.699 [JavaFX Application Thread] DEBUG StartupState         - STARTUP
15:37:31.699 [JavaFX Application Thread] DEBUG GameApplication      - Starting new game
15:37:31.699 [JavaFX Application Thread] DEBUG Input                - Clearing active input actions
15:37:31.699 [JavaFX Application Thread] DEBUG AppStateMachine      - StartupState -> LoadingState
15:37:31.721 [JavaFX Application Thread] WARN  InitAppTask          - Main has no package. Disabling annotations processing
15:37:31.724 [FXGL Background Thread 1 ] DEBUG InitAppTask          - Clearing previous game
15:37:31.724 [FXGL Background Thread 1 ] DEBUG GameWorld            - Resetting game world
15:37:31.725 [FXGL Background Thread 1 ] DEBUG PhysicsWorld         - Resetting physics world
15:37:31.725 [FXGL Background Thread 1 ] DEBUG GameScene            - Resetting game scene
15:37:31.725 [FXGL Background Thread 1 ] DEBUG InitAppTask          - Initializing Assets
15:37:31.726 [FXGL Background Thread 1 ] DEBUG InitAppTask          - Initializing Game
15:37:31.730 [FXGL Background Thread 1 ] DEBUG GameWorld            - Resetting game world
15:37:31.730 [FXGL Background Thread 1 ] DEBUG PhysicsWorld         - Resetting physics world
15:37:31.730 [FXGL Background Thread 1 ] DEBUG GameScene            - Resetting game scene
15:37:31.750 [FXGL Background Thread 1 ] DEBUG GameScene            - Creating render group for layer: TOP(2147483647)
15:37:32.688 [FXGL Background Thread 1 ] DEBUG InitAppTask          - Initializing Physics
15:37:32.689 [FXGL Background Thread 1 ] DEBUG InitAppTask          - Initializing UI
15:37:32.689 [FXGL Background Thread 1 ] DEBUG InitAppTask          - Initialization Complete
15:37:32.689 [FXGL Background Thread 1 ] INFO  InitAppTask          - Game initialization took: 0.965 sec
15:37:32.700 [JavaFX Application Thread] DEBUG Input                - Clearing active input actions
15:37:32.700 [JavaFX Application Thread] DEBUG AppStateMachine      - LoadingState -> PlayState
15:37:33.668 [JavaFX Application Thread] DEBUG GameWorld            - Resetting game world
15:37:33.983 [JavaFX Application Thread] DEBUG PhysicsWorld         - Resetting physics world
15:37:33.983 [JavaFX Application Thread] DEBUG GameScene            - Resetting game scene
15:37:33.984 [JavaFX Application Thread] DEBUG GameScene            - Creating render group for layer: TOP(2147483647)
15:37:35.666 [JavaFX Application Thread] DEBUG GameWorld            - Resetting game world
15:37:36.331 [JavaFX Application Thread] DEBUG PhysicsWorld         - Resetting physics world
15:37:36.331 [JavaFX Application Thread] DEBUG GameScene            - Resetting game scene
15:37:36.331 [JavaFX Application Thread] DEBUG GameScene            - Creating render group for layer: TOP(2147483647)
15:37:37.300 [JavaFX Application Thread] DEBUG GameWorld            - Resetting game world
15:37:37.631 [JavaFX Application Thread] DEBUG PhysicsWorld         - Resetting physics world
15:37:37.631 [JavaFX Application Thread] DEBUG GameScene            - Resetting game scene
15:37:37.631 [JavaFX Application Thread] DEBUG GameScene            - Creating render group for layer: TOP(2147483647)
15:37:39.479 [JavaFX Application Thread] DEBUG GameWorld            - Resetting game world
15:37:40.180 [JavaFX Application Thread] DEBUG PhysicsWorld         - Resetting physics world
15:37:40.181 [JavaFX Application Thread] DEBUG GameScene            - Resetting game scene
15:37:40.181 [JavaFX Application Thread] DEBUG GameScene            - Creating render group for layer: TOP(2147483647)
15:37:41.471 [JavaFX Application Thread] DEBUG GameWorld            - Resetting game world
