23:53:59.501 [FXGL Launcher Thread     ] DEBUG FXGL                 - FXGL logger initialized
23:53:59.503 [FXGL Launcher Thread     ] DEBUG FXGL                 - Service <<AudioPlayer>> initialized
23:53:59.504 [FXGL Launcher Thread     ] DEBUG FXGLAssetLoader      - Asset cacheSize=35
23:53:59.504 [FXGL Launcher Thread     ] DEBUG FXGL                 - Service <<AssetLoader>> initialized
23:53:59.505 [FXGL Launcher Thread     ] DEBUG FXGL                 - Service <<EventBus>> initialized
23:53:59.508 [FXGL Launcher Thread     ] DEBUG FXGLAssetLoader      - Loading from disk: /assets/ui/cursors/fxgl_default.png
23:53:59.522 [FXGL Launcher Thread     ] DEBUG FXGLAssetLoader      - Loading from disk: /assets/sounds/core/notification.wav
23:53:59.538 [FXGL Launcher Thread     ] DEBUG FXGLAssetLoader      - Loading from disk: /assets/sounds/menu/select.wav
23:53:59.540 [FXGL Launcher Thread     ] DEBUG FXGLAssetLoader      - Loading from disk: /assets/sounds/menu/back.wav
23:53:59.541 [FXGL Launcher Thread     ] DEBUG FXGLAssetLoader      - Loading from disk: /assets/sounds/menu/press.wav
23:53:59.542 [FXGL Launcher Thread     ] DEBUG FXGLAssetLoader      - Loading from disk: /assets/ui/fonts/Copperplate_Gothic_Light_Regular.ttf
23:53:59.631 [FXGL Launcher Thread     ] DEBUG FXGLAssetLoader      - Loading from disk: /assets/ui/fonts/lucida_console.ttf
23:53:59.644 [FXGL Launcher Thread     ] DEBUG FXGLAssetLoader      - Loading from disk: /assets/ui/css/fxgl_dark.css
23:53:59.644 [FXGL Launcher Thread     ] DEBUG FXGLAssetLoader      - Loading from disk: /assets/ui/icons/fxgl_icon.png
23:53:59.657 [FXGL Launcher Thread     ] DEBUG FXGLDisplay          - Using CSS: CSS(externalForm=jar:file:/C:/Users/lukel/Documents/Programming/CellularAutomata/MapGeneration/lib/fxgl-0.3.4-uber.jar!/assets/ui/css/fxgl_dark.css)
23:53:59.657 [FXGL Launcher Thread     ] DEBUG FXGL                 - Service <<Display>> initialized
23:53:59.659 [FXGL Launcher Thread     ] DEBUG FXGL                 - Service <<Executor>> initialized
23:53:59.664 [FXGL Launcher Thread     ] DEBUG FXGL                 - Service <<NotificationService>> initialized
23:53:59.665 [FXGL Launcher Thread     ] DEBUG FXGL                 - Service <<Net>> initialized
23:53:59.673 [FXGL Launcher Thread     ] DEBUG FXGL                 - Service <<Gameplay>> initialized
23:53:59.678 [FXGL Launcher Thread     ] DEBUG FXGLPooler           - Default pool size for objects = 128
23:53:59.678 [FXGL Launcher Thread     ] DEBUG FXGL                 - Service <<Pooler>> initialized
23:53:59.679 [FXGL Launcher Thread     ] DEBUG FXGL                 - Service <<ExceptionHandler>> initialized
23:53:59.687 [FXGL Launcher Thread     ] DEBUG FXGL                 - Service <<UIFactory>> initialized
23:53:59.687 [FXGL Launcher Thread     ] DEBUG FXGL                 - Service <<DialogFactory>> initialized
23:53:59.687 [FXGL Launcher Thread     ] DEBUG FXGL                 - Service <<SceneFactory>> initialized
23:53:59.687 [FXGL Launcher Thread     ] DEBUG FXGL                 - Loading FXGL system data
23:53:59.690 [FXGL Launcher Thread     ] DEBUG IOTask               - Executing task: readDataTask(system/fxgl.bundle)
23:53:59.694 [FXGL Launcher Thread     ] DEBUG FS                   - Reading from: system\fxgl.bundle
23:53:59.701 [FXGL Launcher Thread     ] DEBUG IOTask               - Task succeeded: readDataTask(system/fxgl.bundle)
23:53:59.701 [FXGL Launcher Thread     ] DEBUG Bundle               - Logging bundle: FXGL
23:53:59.702 [FXGL Launcher Thread     ] DEBUG Bundle               - FXGL.offline.timer.version.check=2017-07-13T23:35:28.234
23:53:59.702 [FXGL Launcher Thread     ] DEBUG GameApplication      - FXGL configuration complete
23:53:59.702 [FXGL Launcher Thread     ] INFO  GameApplication      - FXGL configuration took:  0.623 sec
23:53:59.703 [FXGL Launcher Thread     ] DEBUG GameApplication      - Logging game settings
Title: Map Generation w/ Cellular Automata
Version: 0.1
Width: 800
Height: 400
Fullscreen: false
Intro: false
Menus: false
Profiling: false
App Mode: DEVELOPER
Menu Style: FXGL_DEFAULT
Menu Key: ESCAPE
Services: []
23:53:59.712 [FXGL Launcher Thread     ] DEBUG GameApplication      - Configuring GameApplication
23:53:59.713 [FXGL Launcher Thread     ] DEBUG AppStateMachine      - Initializing application states
23:53:59.717 [FXGL Launcher Thread     ] DEBUG FXGLAssetLoader      - Loading from disk: /assets/ui/cursors/fxgl_default.png
23:53:59.720 [FXGL Launcher Thread     ] DEBUG FXGLAssetLoader      - Loading from disk: /assets/ui/cursors/fxgl_default.png
23:53:59.758 [FXGL Launcher Thread     ] DEBUG GameWorld            - Game world initialized
23:53:59.787 [FXGL Launcher Thread     ] DEBUG PhysicsWorld         - Physics world initialized: appHeight=400, physics.ppm=50.0
23:53:59.793 [FXGL Launcher Thread     ] DEBUG FXGLAssetLoader      - Loading from disk: /assets/ui/cursors/fxgl_default.png
23:53:59.808 [FXGL Launcher Thread     ] DEBUG GameScene            - Game scene initialized: 800x400
23:53:59.824 [FXGL Launcher Thread     ] DEBUG Input                - Registered new binding: Pause - Esc
23:53:59.831 [FXGL Launcher Thread     ] INFO  GameApplication      - Game configuration took:  0.119 sec
23:53:59.835 [JavaFX Application Thread] DEBUG FXGLDisplay          - Target size: DoubleProperty [value: 800.0] x DoubleProperty [value: 400.0] @ 1.0
23:53:59.835 [JavaFX Application Thread] DEBUG FXGLDisplay          - New size:    800.0 x 400.0 @ DoubleProperty [value: 1.0]
23:53:59.835 [JavaFX Application Thread] DEBUG FXGLDisplay          - Opening primary stage
23:53:59.858 [JavaFX Application Thread] DEBUG FXGLDisplay          - Stage shown
23:53:59.858 [JavaFX Application Thread] DEBUG FXGLDisplay          - Root size: 800.0x400.0
23:53:59.858 [JavaFX Application Thread] DEBUG FXGLDisplay          - Scene size: 800.0x400.0
23:53:59.858 [JavaFX Application Thread] DEBUG FXGLDisplay          - Stage size: 816.0x439.0
23:53:59.891 [JavaFX Application Thread] DEBUG GameApplication      - Running preInit()
23:53:59.893 [JavaFX Application Thread] DEBUG Input                - Registered new binding: Screenshot - P
23:53:59.893 [JavaFX Application Thread] DEBUG Input                - Registered new binding: Dev Options - CTRL+0
23:53:59.929 [JavaFX Application Thread] DEBUG GameApplication      - Starting main loop
23:53:59.933 [JavaFX Application Thread] DEBUG StartupState         - STARTUP
23:53:59.933 [JavaFX Application Thread] DEBUG GameApplication      - Starting new game
23:53:59.934 [JavaFX Application Thread] DEBUG Input                - Clearing active input actions
23:53:59.934 [JavaFX Application Thread] DEBUG AppStateMachine      - StartupState -> LoadingState
23:53:59.955 [JavaFX Application Thread] WARN  InitAppTask          - Main has no package. Disabling annotations processing
23:53:59.958 [FXGL Background Thread 1 ] DEBUG InitAppTask          - Clearing previous game
23:53:59.959 [FXGL Background Thread 1 ] DEBUG GameWorld            - Resetting game world
23:53:59.959 [FXGL Background Thread 1 ] DEBUG PhysicsWorld         - Resetting physics world
23:53:59.959 [FXGL Background Thread 1 ] DEBUG GameScene            - Resetting game scene
23:53:59.959 [FXGL Background Thread 1 ] DEBUG InitAppTask          - Initializing Assets
23:53:59.960 [FXGL Background Thread 1 ] DEBUG InitAppTask          - Initializing Game
23:53:59.962 [FXGL Background Thread 1 ] DEBUG GameWorld            - Resetting game world
23:53:59.962 [FXGL Background Thread 1 ] DEBUG PhysicsWorld         - Resetting physics world
23:53:59.962 [FXGL Background Thread 1 ] DEBUG GameScene            - Resetting game scene
23:53:59.978 [FXGL Background Thread 1 ] DEBUG GameScene            - Creating render group for layer: TOP(2147483647)
23:54:00.675 [FXGL Background Thread 1 ] DEBUG InitAppTask          - Initializing Physics
23:54:00.676 [FXGL Background Thread 1 ] DEBUG InitAppTask          - Initializing UI
23:54:00.676 [FXGL Background Thread 1 ] DEBUG InitAppTask          - Initialization Complete
23:54:00.676 [FXGL Background Thread 1 ] INFO  InitAppTask          - Game initialization took: 0.718 sec
23:54:00.684 [JavaFX Application Thread] DEBUG Input                - Clearing active input actions
23:54:00.684 [JavaFX Application Thread] DEBUG AppStateMachine      - LoadingState -> PlayState
23:54:01.603 [JavaFX Application Thread] DEBUG GameWorld            - Resetting game world
23:54:01.967 [JavaFX Application Thread] DEBUG PhysicsWorld         - Resetting physics world
23:54:01.967 [JavaFX Application Thread] DEBUG GameScene            - Resetting game scene
23:54:01.968 [JavaFX Application Thread] DEBUG GameScene            - Creating render group for layer: TOP(2147483647)
23:54:04.186 [JavaFX Application Thread] DEBUG GameWorld            - Resetting game world
23:54:04.962 [JavaFX Application Thread] DEBUG PhysicsWorld         - Resetting physics world
23:54:04.962 [JavaFX Application Thread] DEBUG GameScene            - Resetting game scene
23:54:04.962 [JavaFX Application Thread] DEBUG GameScene            - Creating render group for layer: TOP(2147483647)
23:54:06.919 [JavaFX Application Thread] DEBUG GameWorld            - Resetting game world
