23:55:13.960 [FXGL Launcher Thread     ] DEBUG FXGL                 - FXGL logger initialized
23:55:13.962 [FXGL Launcher Thread     ] DEBUG FXGL                 - Service <<AudioPlayer>> initialized
23:55:13.963 [FXGL Launcher Thread     ] DEBUG FXGLAssetLoader      - Asset cacheSize=35
23:55:13.963 [FXGL Launcher Thread     ] DEBUG FXGL                 - Service <<AssetLoader>> initialized
23:55:13.964 [FXGL Launcher Thread     ] DEBUG FXGL                 - Service <<EventBus>> initialized
23:55:13.966 [FXGL Launcher Thread     ] DEBUG FXGLAssetLoader      - Loading from disk: /assets/ui/cursors/fxgl_default.png
23:55:13.981 [FXGL Launcher Thread     ] DEBUG FXGLAssetLoader      - Loading from disk: /assets/sounds/core/notification.wav
23:55:13.997 [FXGL Launcher Thread     ] DEBUG FXGLAssetLoader      - Loading from disk: /assets/sounds/menu/select.wav
23:55:13.998 [FXGL Launcher Thread     ] DEBUG FXGLAssetLoader      - Loading from disk: /assets/sounds/menu/back.wav
23:55:14.000 [FXGL Launcher Thread     ] DEBUG FXGLAssetLoader      - Loading from disk: /assets/sounds/menu/press.wav
23:55:14.002 [FXGL Launcher Thread     ] DEBUG FXGLAssetLoader      - Loading from disk: /assets/ui/fonts/Copperplate_Gothic_Light_Regular.ttf
23:55:14.078 [FXGL Launcher Thread     ] DEBUG FXGLAssetLoader      - Loading from disk: /assets/ui/fonts/lucida_console.ttf
23:55:14.091 [FXGL Launcher Thread     ] DEBUG FXGLAssetLoader      - Loading from disk: /assets/ui/css/fxgl_dark.css
23:55:14.092 [FXGL Launcher Thread     ] DEBUG FXGLAssetLoader      - Loading from disk: /assets/ui/icons/fxgl_icon.png
23:55:14.105 [FXGL Launcher Thread     ] DEBUG FXGLDisplay          - Using CSS: CSS(externalForm=jar:file:/C:/Users/lukel/Documents/Programming/CellularAutomata/MapGeneration/lib/fxgl-0.3.4-uber.jar!/assets/ui/css/fxgl_dark.css)
23:55:14.106 [FXGL Launcher Thread     ] DEBUG FXGL                 - Service <<Display>> initialized
23:55:14.108 [FXGL Launcher Thread     ] DEBUG FXGL                 - Service <<Executor>> initialized
23:55:14.113 [FXGL Launcher Thread     ] DEBUG FXGL                 - Service <<NotificationService>> initialized
23:55:14.114 [FXGL Launcher Thread     ] DEBUG FXGL                 - Service <<Net>> initialized
23:55:14.123 [FXGL Launcher Thread     ] DEBUG FXGL                 - Service <<Gameplay>> initialized
23:55:14.127 [FXGL Launcher Thread     ] DEBUG FXGLPooler           - Default pool size for objects = 128
23:55:14.127 [FXGL Launcher Thread     ] DEBUG FXGL                 - Service <<Pooler>> initialized
23:55:14.128 [FXGL Launcher Thread     ] DEBUG FXGL                 - Service <<ExceptionHandler>> initialized
23:55:14.128 [FXGL Launcher Thread     ] DEBUG FXGL                 - Service <<UIFactory>> initialized
23:55:14.128 [FXGL Launcher Thread     ] DEBUG FXGL                 - Service <<DialogFactory>> initialized
23:55:14.128 [FXGL Launcher Thread     ] DEBUG FXGL                 - Service <<SceneFactory>> initialized
23:55:14.128 [FXGL Launcher Thread     ] DEBUG FXGL                 - Loading FXGL system data
23:55:14.131 [FXGL Launcher Thread     ] DEBUG IOTask               - Executing task: readDataTask(system/fxgl.bundle)
23:55:14.134 [FXGL Launcher Thread     ] DEBUG FS                   - Reading from: system\fxgl.bundle
23:55:14.141 [FXGL Launcher Thread     ] DEBUG IOTask               - Task succeeded: readDataTask(system/fxgl.bundle)
23:55:14.141 [FXGL Launcher Thread     ] DEBUG Bundle               - Logging bundle: FXGL
23:55:14.141 [FXGL Launcher Thread     ] DEBUG Bundle               - FXGL.offline.timer.version.check=2017-07-13T23:35:28.234
23:55:14.141 [FXGL Launcher Thread     ] DEBUG GameApplication      - FXGL configuration complete
23:55:14.142 [FXGL Launcher Thread     ] INFO  GameApplication      - FXGL configuration took:  0.638 sec
23:55:14.142 [FXGL Launcher Thread     ] DEBUG GameApplication      - Logging game settings
Title: Map Generation w/ Cellular Automata
Version: 0.1
Width: 800
Height: 400
Fullscreen: false
Intro: false
Menus: false
Profiling: false
App Mode: DEVELOPER
Menu Style: FXGL_DEFAULT
Menu Key: ESCAPE
Services: []
23:55:14.152 [FXGL Launcher Thread     ] DEBUG GameApplication      - Configuring GameApplication
23:55:14.152 [FXGL Launcher Thread     ] DEBUG AppStateMachine      - Initializing application states
23:55:14.154 [FXGL Launcher Thread     ] DEBUG FXGLAssetLoader      - Loading from disk: /assets/ui/cursors/fxgl_default.png
23:55:14.158 [FXGL Launcher Thread     ] DEBUG FXGLAssetLoader      - Loading from disk: /assets/ui/cursors/fxgl_default.png
23:55:14.187 [FXGL Launcher Thread     ] DEBUG GameWorld            - Game world initialized
23:55:14.221 [FXGL Launcher Thread     ] DEBUG PhysicsWorld         - Physics world initialized: appHeight=400, physics.ppm=50.0
23:55:14.228 [FXGL Launcher Thread     ] DEBUG FXGLAssetLoader      - Loading from disk: /assets/ui/cursors/fxgl_default.png
23:55:14.244 [FXGL Launcher Thread     ] DEBUG GameScene            - Game scene initialized: 800x400
23:55:14.261 [FXGL Launcher Thread     ] DEBUG Input                - Registered new binding: Pause - Esc
23:55:14.269 [FXGL Launcher Thread     ] INFO  GameApplication      - Game configuration took:  0.117 sec
23:55:14.272 [JavaFX Application Thread] DEBUG FXGLDisplay          - Target size: DoubleProperty [value: 800.0] x DoubleProperty [value: 400.0] @ 1.0
23:55:14.272 [JavaFX Application Thread] DEBUG FXGLDisplay          - New size:    800.0 x 400.0 @ DoubleProperty [value: 1.0]
23:55:14.272 [JavaFX Application Thread] DEBUG FXGLDisplay          - Opening primary stage
23:55:14.301 [JavaFX Application Thread] DEBUG FXGLDisplay          - Stage shown
23:55:14.301 [JavaFX Application Thread] DEBUG FXGLDisplay          - Root size: 800.0x400.0
23:55:14.301 [JavaFX Application Thread] DEBUG FXGLDisplay          - Scene size: 800.0x400.0
23:55:14.301 [JavaFX Application Thread] DEBUG FXGLDisplay          - Stage size: 816.0x439.0
23:55:14.332 [JavaFX Application Thread] DEBUG GameApplication      - Running preInit()
23:55:14.334 [JavaFX Application Thread] DEBUG Input                - Registered new binding: Screenshot - P
23:55:14.334 [JavaFX Application Thread] DEBUG Input                - Registered new binding: Dev Options - CTRL+0
23:55:14.372 [JavaFX Application Thread] DEBUG GameApplication      - Starting main loop
23:55:14.374 [JavaFX Application Thread] DEBUG StartupState         - STARTUP
23:55:14.374 [JavaFX Application Thread] DEBUG GameApplication      - Starting new game
23:55:14.375 [JavaFX Application Thread] DEBUG Input                - Clearing active input actions
23:55:14.375 [JavaFX Application Thread] DEBUG AppStateMachine      - StartupState -> LoadingState
23:55:14.399 [JavaFX Application Thread] WARN  InitAppTask          - Main has no package. Disabling annotations processing
23:55:14.402 [FXGL Background Thread 1 ] DEBUG InitAppTask          - Clearing previous game
23:55:14.402 [FXGL Background Thread 1 ] DEBUG GameWorld            - Resetting game world
23:55:14.403 [FXGL Background Thread 1 ] DEBUG PhysicsWorld         - Resetting physics world
23:55:14.403 [FXGL Background Thread 1 ] DEBUG GameScene            - Resetting game scene
23:55:14.403 [FXGL Background Thread 1 ] DEBUG InitAppTask          - Initializing Assets
23:55:14.403 [FXGL Background Thread 1 ] DEBUG InitAppTask          - Initializing Game
23:55:14.406 [FXGL Background Thread 1 ] DEBUG GameWorld            - Resetting game world
23:55:14.406 [FXGL Background Thread 1 ] DEBUG PhysicsWorld         - Resetting physics world
23:55:14.406 [FXGL Background Thread 1 ] DEBUG GameScene            - Resetting game scene
23:55:14.423 [FXGL Background Thread 1 ] DEBUG GameScene            - Creating render group for layer: TOP(2147483647)
23:55:15.118 [FXGL Background Thread 1 ] DEBUG InitAppTask          - Initializing Physics
23:55:15.118 [FXGL Background Thread 1 ] DEBUG InitAppTask          - Initializing UI
23:55:15.118 [FXGL Background Thread 1 ] DEBUG InitAppTask          - Initialization Complete
23:55:15.118 [FXGL Background Thread 1 ] INFO  InitAppTask          - Game initialization took: 0.716 sec
23:55:15.123 [JavaFX Application Thread] DEBUG Input                - Clearing active input actions
23:55:15.123 [JavaFX Application Thread] DEBUG AppStateMachine      - LoadingState -> PlayState
23:55:16.011 [JavaFX Application Thread] DEBUG GameWorld            - Resetting game world
23:55:16.341 [JavaFX Application Thread] DEBUG PhysicsWorld         - Resetting physics world
23:55:16.341 [JavaFX Application Thread] DEBUG GameScene            - Resetting game scene
23:55:16.342 [JavaFX Application Thread] DEBUG GameScene            - Creating render group for layer: TOP(2147483647)
23:55:17.097 [JavaFX Application Thread] DEBUG GameWorld            - Resetting game world
23:55:17.215 [JavaFX Application Thread] DEBUG PhysicsWorld         - Resetting physics world
23:55:17.215 [JavaFX Application Thread] DEBUG GameScene            - Resetting game scene
23:55:17.216 [JavaFX Application Thread] DEBUG GameScene            - Creating render group for layer: TOP(2147483647)
23:55:17.767 [JavaFX Application Thread] DEBUG GameWorld            - Resetting game world
23:55:17.959 [JavaFX Application Thread] DEBUG PhysicsWorld         - Resetting physics world
23:55:17.959 [JavaFX Application Thread] DEBUG GameScene            - Resetting game scene
23:55:17.959 [JavaFX Application Thread] DEBUG GameScene            - Creating render group for layer: TOP(2147483647)
23:55:18.536 [JavaFX Application Thread] DEBUG GameWorld            - Resetting game world
23:55:18.670 [JavaFX Application Thread] DEBUG PhysicsWorld         - Resetting physics world
23:55:18.670 [JavaFX Application Thread] DEBUG GameScene            - Resetting game scene
23:55:18.671 [JavaFX Application Thread] DEBUG GameScene            - Creating render group for layer: TOP(2147483647)
23:55:19.094 [JavaFX Application Thread] DEBUG GameWorld            - Resetting game world
23:55:19.193 [JavaFX Application Thread] DEBUG PhysicsWorld         - Resetting physics world
23:55:19.193 [JavaFX Application Thread] DEBUG GameScene            - Resetting game scene
23:55:19.193 [JavaFX Application Thread] DEBUG GameScene            - Creating render group for layer: TOP(2147483647)
23:55:19.575 [JavaFX Application Thread] DEBUG GameWorld            - Resetting game world
23:55:19.700 [JavaFX Application Thread] DEBUG PhysicsWorld         - Resetting physics world
23:55:19.700 [JavaFX Application Thread] DEBUG GameScene            - Resetting game scene
23:55:19.700 [JavaFX Application Thread] DEBUG GameScene            - Creating render group for layer: TOP(2147483647)
23:55:20.070 [JavaFX Application Thread] DEBUG GameWorld            - Resetting game world
23:55:20.208 [JavaFX Application Thread] DEBUG PhysicsWorld         - Resetting physics world
23:55:20.208 [JavaFX Application Thread] DEBUG GameScene            - Resetting game scene
23:55:20.208 [JavaFX Application Thread] DEBUG GameScene            - Creating render group for layer: TOP(2147483647)
23:55:20.598 [JavaFX Application Thread] DEBUG GameWorld            - Resetting game world
23:55:20.735 [JavaFX Application Thread] DEBUG PhysicsWorld         - Resetting physics world
23:55:20.735 [JavaFX Application Thread] DEBUG GameScene            - Resetting game scene
23:55:20.735 [JavaFX Application Thread] DEBUG GameScene            - Creating render group for layer: TOP(2147483647)
23:55:21.094 [JavaFX Application Thread] DEBUG GameWorld            - Resetting game world
23:55:21.233 [JavaFX Application Thread] DEBUG PhysicsWorld         - Resetting physics world
23:55:21.233 [JavaFX Application Thread] DEBUG GameScene            - Resetting game scene
23:55:21.233 [JavaFX Application Thread] DEBUG GameScene            - Creating render group for layer: TOP(2147483647)
23:55:21.607 [JavaFX Application Thread] DEBUG GameWorld            - Resetting game world
23:55:21.741 [JavaFX Application Thread] DEBUG PhysicsWorld         - Resetting physics world
23:55:21.741 [JavaFX Application Thread] DEBUG GameScene            - Resetting game scene
23:55:21.741 [JavaFX Application Thread] DEBUG GameScene            - Creating render group for layer: TOP(2147483647)
23:55:22.118 [JavaFX Application Thread] DEBUG GameWorld            - Resetting game world
23:55:22.262 [JavaFX Application Thread] DEBUG PhysicsWorld         - Resetting physics world
23:55:22.262 [JavaFX Application Thread] DEBUG GameScene            - Resetting game scene
23:55:22.263 [JavaFX Application Thread] DEBUG GameScene            - Creating render group for layer: TOP(2147483647)
23:55:22.662 [JavaFX Application Thread] DEBUG GameWorld            - Resetting game world
23:55:22.737 [JavaFX Application Thread] DEBUG PhysicsWorld         - Resetting physics world
23:55:22.737 [JavaFX Application Thread] DEBUG GameScene            - Resetting game scene
23:55:22.737 [JavaFX Application Thread] DEBUG GameScene            - Creating render group for layer: TOP(2147483647)
23:55:23.095 [JavaFX Application Thread] DEBUG GameWorld            - Resetting game world
23:55:23.235 [JavaFX Application Thread] DEBUG PhysicsWorld         - Resetting physics world
23:55:23.236 [JavaFX Application Thread] DEBUG GameScene            - Resetting game scene
23:55:23.236 [JavaFX Application Thread] DEBUG GameScene            - Creating render group for layer: TOP(2147483647)
23:55:23.622 [JavaFX Application Thread] DEBUG GameWorld            - Resetting game world
23:55:23.770 [JavaFX Application Thread] DEBUG PhysicsWorld         - Resetting physics world
23:55:23.770 [JavaFX Application Thread] DEBUG GameScene            - Resetting game scene
23:55:23.770 [JavaFX Application Thread] DEBUG GameScene            - Creating render group for layer: TOP(2147483647)
23:55:24.150 [JavaFX Application Thread] DEBUG GameWorld            - Resetting game world
23:55:24.263 [JavaFX Application Thread] DEBUG PhysicsWorld         - Resetting physics world
23:55:24.263 [JavaFX Application Thread] DEBUG GameScene            - Resetting game scene
23:55:24.263 [JavaFX Application Thread] DEBUG GameScene            - Creating render group for layer: TOP(2147483647)
23:55:24.631 [JavaFX Application Thread] DEBUG GameWorld            - Resetting game world
23:55:24.776 [JavaFX Application Thread] DEBUG PhysicsWorld         - Resetting physics world
23:55:24.776 [JavaFX Application Thread] DEBUG GameScene            - Resetting game scene
23:55:24.776 [JavaFX Application Thread] DEBUG GameScene            - Creating render group for layer: TOP(2147483647)
23:55:25.174 [JavaFX Application Thread] DEBUG GameWorld            - Resetting game world
23:55:25.313 [JavaFX Application Thread] DEBUG PhysicsWorld         - Resetting physics world
23:55:25.313 [JavaFX Application Thread] DEBUG GameScene            - Resetting game scene
23:55:25.313 [JavaFX Application Thread] DEBUG GameScene            - Creating render group for layer: TOP(2147483647)
23:55:25.686 [JavaFX Application Thread] DEBUG GameWorld            - Resetting game world
23:55:25.772 [JavaFX Application Thread] DEBUG PhysicsWorld         - Resetting physics world
23:55:25.773 [JavaFX Application Thread] DEBUG GameScene            - Resetting game scene
23:55:25.773 [JavaFX Application Thread] DEBUG GameScene            - Creating render group for layer: TOP(2147483647)
23:55:26.134 [JavaFX Application Thread] DEBUG GameWorld            - Resetting game world
23:55:26.270 [JavaFX Application Thread] DEBUG PhysicsWorld         - Resetting physics world
23:55:26.271 [JavaFX Application Thread] DEBUG GameScene            - Resetting game scene
23:55:26.271 [JavaFX Application Thread] DEBUG GameScene            - Creating render group for layer: TOP(2147483647)
23:55:26.646 [JavaFX Application Thread] DEBUG GameWorld            - Resetting game world
23:55:26.777 [JavaFX Application Thread] DEBUG PhysicsWorld         - Resetting physics world
23:55:26.777 [JavaFX Application Thread] DEBUG GameScene            - Resetting game scene
23:55:26.777 [JavaFX Application Thread] DEBUG GameScene            - Creating render group for layer: TOP(2147483647)
23:55:27.142 [JavaFX Application Thread] DEBUG GameWorld            - Resetting game world
23:55:27.281 [JavaFX Application Thread] DEBUG PhysicsWorld         - Resetting physics world
23:55:27.281 [JavaFX Application Thread] DEBUG GameScene            - Resetting game scene
23:55:27.281 [JavaFX Application Thread] DEBUG GameScene            - Creating render group for layer: TOP(2147483647)
23:55:27.670 [JavaFX Application Thread] DEBUG GameWorld            - Resetting game world
23:55:27.806 [JavaFX Application Thread] DEBUG PhysicsWorld         - Resetting physics world
23:55:27.806 [JavaFX Application Thread] DEBUG GameScene            - Resetting game scene
23:55:27.806 [JavaFX Application Thread] DEBUG GameScene            - Creating render group for layer: TOP(2147483647)
23:55:28.231 [JavaFX Application Thread] DEBUG GameWorld            - Resetting game world
23:55:28.305 [JavaFX Application Thread] DEBUG PhysicsWorld         - Resetting physics world
23:55:28.305 [JavaFX Application Thread] DEBUG GameScene            - Resetting game scene
23:55:28.305 [JavaFX Application Thread] DEBUG GameScene            - Creating render group for layer: TOP(2147483647)
23:55:28.678 [JavaFX Application Thread] DEBUG GameWorld            - Resetting game world
23:55:28.819 [JavaFX Application Thread] DEBUG PhysicsWorld         - Resetting physics world
23:55:28.819 [JavaFX Application Thread] DEBUG GameScene            - Resetting game scene
23:55:28.819 [JavaFX Application Thread] DEBUG GameScene            - Creating render group for layer: TOP(2147483647)
23:55:29.206 [JavaFX Application Thread] DEBUG GameWorld            - Resetting game world
23:55:29.288 [JavaFX Application Thread] DEBUG PhysicsWorld         - Resetting physics world
23:55:29.288 [JavaFX Application Thread] DEBUG GameScene            - Resetting game scene
23:55:29.288 [JavaFX Application Thread] DEBUG GameScene            - Creating render group for layer: TOP(2147483647)
23:55:29.697 [JavaFX Application Thread] DEBUG FXGLEventBus         - Firing event: DisplayEvent[type=CLOSE_REQUEST]
23:55:29.697 [JavaFX Application Thread] DEBUG GameApplication      - Exiting FXGL application
23:55:29.698 [JavaFX Application Thread] DEBUG FXGL                 - Saving FXGL system data
23:55:29.699 [JavaFX Application Thread] DEBUG IOTask               - Executing task: writeDataTask(system/fxgl.bundle)
23:55:29.700 [JavaFX Application Thread] DEBUG FS                   - Writing to: system\fxgl.bundle
23:55:29.703 [JavaFX Application Thread] DEBUG IOTask               - Task succeeded: writeDataTask(system/fxgl.bundle)
23:55:29.703 [JavaFX Application Thread] DEBUG GameApplication      - Closing FXGL logger and exiting JavaFX
