15:39:21.669 [FXGL Launcher Thread     ] DEBUG FXGL                 - FXGL logger initialized
15:39:21.672 [FXGL Launcher Thread     ] DEBUG FXGL                 - Service <<AudioPlayer>> initialized
15:39:21.673 [FXGL Launcher Thread     ] DEBUG FXGLAssetLoader      - Asset cacheSize=35
15:39:21.674 [FXGL Launcher Thread     ] DEBUG FXGL                 - Service <<AssetLoader>> initialized
15:39:21.674 [FXGL Launcher Thread     ] DEBUG FXGL                 - Service <<EventBus>> initialized
15:39:21.677 [FXGL Launcher Thread     ] DEBUG FXGLAssetLoader      - Loading from disk: /assets/ui/cursors/fxgl_default.png
15:39:21.694 [FXGL Launcher Thread     ] DEBUG FXGLAssetLoader      - Loading from disk: /assets/sounds/core/notification.wav
15:39:21.712 [FXGL Launcher Thread     ] DEBUG FXGLAssetLoader      - Loading from disk: /assets/sounds/menu/select.wav
15:39:21.713 [FXGL Launcher Thread     ] DEBUG FXGLAssetLoader      - Loading from disk: /assets/sounds/menu/back.wav
15:39:21.715 [FXGL Launcher Thread     ] DEBUG FXGLAssetLoader      - Loading from disk: /assets/sounds/menu/press.wav
15:39:21.717 [FXGL Launcher Thread     ] DEBUG FXGLAssetLoader      - Loading from disk: /assets/ui/fonts/Copperplate_Gothic_Light_Regular.ttf
15:39:21.854 [FXGL Launcher Thread     ] DEBUG FXGLAssetLoader      - Loading from disk: /assets/ui/fonts/lucida_console.ttf
15:39:21.869 [FXGL Launcher Thread     ] DEBUG FXGLAssetLoader      - Loading from disk: /assets/ui/css/fxgl_dark.css
15:39:21.869 [FXGL Launcher Thread     ] DEBUG FXGLAssetLoader      - Loading from disk: /assets/ui/icons/fxgl_icon.png
15:39:21.882 [FXGL Launcher Thread     ] DEBUG FXGLDisplay          - Using CSS: CSS(externalForm=jar:file:/C:/Users/lukel/Documents/Programming/CellularAutomata/MapGeneration/lib/fxgl-0.3.4-uber.jar!/assets/ui/css/fxgl_dark.css)
15:39:21.883 [FXGL Launcher Thread     ] DEBUG FXGL                 - Service <<Display>> initialized
15:39:21.884 [FXGL Launcher Thread     ] DEBUG FXGL                 - Service <<Executor>> initialized
15:39:21.889 [FXGL Launcher Thread     ] DEBUG FXGL                 - Service <<NotificationService>> initialized
15:39:21.890 [FXGL Launcher Thread     ] DEBUG FXGL                 - Service <<Net>> initialized
15:39:21.908 [FXGL Launcher Thread     ] DEBUG FXGL                 - Service <<Gameplay>> initialized
15:39:21.914 [FXGL Launcher Thread     ] DEBUG FXGLPooler           - Default pool size for objects = 128
15:39:21.914 [FXGL Launcher Thread     ] DEBUG FXGL                 - Service <<Pooler>> initialized
15:39:21.915 [FXGL Launcher Thread     ] DEBUG FXGL                 - Service <<ExceptionHandler>> initialized
15:39:21.915 [FXGL Launcher Thread     ] DEBUG FXGL                 - Service <<UIFactory>> initialized
15:39:21.915 [FXGL Launcher Thread     ] DEBUG FXGL                 - Service <<DialogFactory>> initialized
15:39:21.916 [FXGL Launcher Thread     ] DEBUG FXGL                 - Service <<SceneFactory>> initialized
15:39:21.916 [FXGL Launcher Thread     ] DEBUG FXGL                 - Loading FXGL system data
15:39:21.918 [FXGL Launcher Thread     ] DEBUG IOTask               - Executing task: readDataTask(system/fxgl.bundle)
15:39:21.921 [FXGL Launcher Thread     ] DEBUG FS                   - Reading from: system\fxgl.bundle
15:39:21.929 [FXGL Launcher Thread     ] DEBUG IOTask               - Task succeeded: readDataTask(system/fxgl.bundle)
15:39:21.930 [FXGL Launcher Thread     ] DEBUG Bundle               - Logging bundle: FXGL
15:39:21.930 [FXGL Launcher Thread     ] DEBUG Bundle               - FXGL.offline.timer.version.check=2017-07-13T23:35:28.234
15:39:21.931 [FXGL Launcher Thread     ] DEBUG GameApplication      - FXGL configuration complete
15:39:21.931 [FXGL Launcher Thread     ] INFO  GameApplication      - FXGL configuration took:  0.711 sec
15:39:21.931 [FXGL Launcher Thread     ] DEBUG GameApplication      - Logging game settings
Title: Map Generation w/ Cellular Automata
Version: 0.1
Width: 800
Height: 400
Fullscreen: false
Intro: false
Menus: false
Profiling: false
App Mode: DEVELOPER
Menu Style: FXGL_DEFAULT
Menu Key: ESCAPE
Services: []
15:39:21.949 [FXGL Launcher Thread     ] DEBUG GameApplication      - Configuring GameApplication
15:39:21.950 [FXGL Launcher Thread     ] DEBUG AppStateMachine      - Initializing application states
15:39:21.952 [FXGL Launcher Thread     ] DEBUG FXGLAssetLoader      - Loading from disk: /assets/ui/cursors/fxgl_default.png
15:39:21.956 [FXGL Launcher Thread     ] DEBUG FXGLAssetLoader      - Loading from disk: /assets/ui/cursors/fxgl_default.png
15:39:21.987 [FXGL Launcher Thread     ] DEBUG GameWorld            - Game world initialized
15:39:22.031 [FXGL Launcher Thread     ] DEBUG PhysicsWorld         - Physics world initialized: appHeight=400, physics.ppm=50.0
15:39:22.038 [FXGL Launcher Thread     ] DEBUG FXGLAssetLoader      - Loading from disk: /assets/ui/cursors/fxgl_default.png
15:39:22.054 [FXGL Launcher Thread     ] DEBUG GameScene            - Game scene initialized: 800x400
15:39:22.070 [FXGL Launcher Thread     ] DEBUG Input                - Registered new binding: Pause - Esc
15:39:22.079 [FXGL Launcher Thread     ] INFO  GameApplication      - Game configuration took:  0.130 sec
15:39:22.093 [JavaFX Application Thread] DEBUG FXGLDisplay          - Target size: DoubleProperty [value: 800.0] x DoubleProperty [value: 400.0] @ 1.0
15:39:22.093 [JavaFX Application Thread] DEBUG FXGLDisplay          - New size:    800.0 x 400.0 @ DoubleProperty [value: 1.0]
15:39:22.093 [JavaFX Application Thread] DEBUG FXGLDisplay          - Opening primary stage
15:39:22.125 [JavaFX Application Thread] DEBUG FXGLDisplay          - Stage shown
15:39:22.125 [JavaFX Application Thread] DEBUG FXGLDisplay          - Root size: 800.0x400.0
15:39:22.125 [JavaFX Application Thread] DEBUG FXGLDisplay          - Scene size: 800.0x400.0
15:39:22.125 [JavaFX Application Thread] DEBUG FXGLDisplay          - Stage size: 816.0x439.0
15:39:22.145 [JavaFX Application Thread] DEBUG GameApplication      - Running preInit()
15:39:22.147 [JavaFX Application Thread] DEBUG Input                - Registered new binding: Screenshot - P
15:39:22.147 [JavaFX Application Thread] DEBUG Input                - Registered new binding: Dev Options - CTRL+0
15:39:22.148 [JavaFX Application Thread] DEBUG Input                - Registered new binding: generateMap - PRIMARY
15:39:22.184 [JavaFX Application Thread] DEBUG GameApplication      - Starting main loop
15:39:22.186 [JavaFX Application Thread] DEBUG StartupState         - STARTUP
15:39:22.186 [JavaFX Application Thread] DEBUG GameApplication      - Starting new game
15:39:22.186 [JavaFX Application Thread] DEBUG Input                - Clearing active input actions
15:39:22.186 [JavaFX Application Thread] DEBUG AppStateMachine      - StartupState -> LoadingState
15:39:22.207 [JavaFX Application Thread] WARN  InitAppTask          - Main has no package. Disabling annotations processing
15:39:22.210 [FXGL Background Thread 1 ] DEBUG InitAppTask          - Clearing previous game
15:39:22.210 [FXGL Background Thread 1 ] DEBUG GameWorld            - Resetting game world
15:39:22.211 [FXGL Background Thread 1 ] DEBUG PhysicsWorld         - Resetting physics world
15:39:22.211 [FXGL Background Thread 1 ] DEBUG GameScene            - Resetting game scene
15:39:22.211 [FXGL Background Thread 1 ] DEBUG InitAppTask          - Initializing Assets
15:39:22.212 [FXGL Background Thread 1 ] DEBUG InitAppTask          - Initializing Game
15:39:22.214 [FXGL Background Thread 1 ] DEBUG GameWorld            - Resetting game world
15:39:22.215 [FXGL Background Thread 1 ] DEBUG PhysicsWorld         - Resetting physics world
15:39:22.215 [FXGL Background Thread 1 ] DEBUG GameScene            - Resetting game scene
15:39:22.231 [FXGL Background Thread 1 ] DEBUG GameScene            - Creating render group for layer: TOP(2147483647)
15:39:22.993 [FXGL Background Thread 1 ] DEBUG InitAppTask          - Initializing Physics
15:39:22.993 [FXGL Background Thread 1 ] DEBUG InitAppTask          - Initializing UI
15:39:22.994 [FXGL Background Thread 1 ] DEBUG InitAppTask          - Initialization Complete
15:39:22.994 [FXGL Background Thread 1 ] INFO  InitAppTask          - Game initialization took: 0.784 sec
15:39:23.004 [JavaFX Application Thread] DEBUG Input                - Clearing active input actions
15:39:23.004 [JavaFX Application Thread] DEBUG AppStateMachine      - LoadingState -> PlayState
15:39:24.019 [JavaFX Application Thread] DEBUG GameWorld            - Resetting game world
15:39:24.346 [JavaFX Application Thread] DEBUG PhysicsWorld         - Resetting physics world
15:39:24.346 [JavaFX Application Thread] DEBUG GameScene            - Resetting game scene
15:39:24.346 [JavaFX Application Thread] DEBUG GameScene            - Creating render group for layer: TOP(2147483647)
15:39:25.828 [JavaFX Application Thread] DEBUG GameWorld            - Resetting game world
15:39:26.169 [JavaFX Application Thread] DEBUG PhysicsWorld         - Resetting physics world
15:39:26.169 [JavaFX Application Thread] DEBUG GameScene            - Resetting game scene
15:39:26.170 [JavaFX Application Thread] DEBUG GameScene            - Creating render group for layer: TOP(2147483647)
15:39:26.658 [JavaFX Application Thread] DEBUG GameWorld            - Resetting game world
15:39:26.752 [JavaFX Application Thread] DEBUG PhysicsWorld         - Resetting physics world
15:39:26.752 [JavaFX Application Thread] DEBUG GameScene            - Resetting game scene
15:39:26.752 [JavaFX Application Thread] DEBUG GameScene            - Creating render group for layer: TOP(2147483647)
15:39:27.071 [JavaFX Application Thread] DEBUG GameWorld            - Resetting game world
15:39:27.172 [JavaFX Application Thread] DEBUG PhysicsWorld         - Resetting physics world
15:39:27.172 [JavaFX Application Thread] DEBUG GameScene            - Resetting game scene
15:39:27.172 [JavaFX Application Thread] DEBUG GameScene            - Creating render group for layer: TOP(2147483647)
15:39:27.487 [JavaFX Application Thread] DEBUG GameWorld            - Resetting game world
15:39:27.568 [JavaFX Application Thread] DEBUG PhysicsWorld         - Resetting physics world
15:39:27.568 [JavaFX Application Thread] DEBUG GameScene            - Resetting game scene
15:39:27.568 [JavaFX Application Thread] DEBUG GameScene            - Creating render group for layer: TOP(2147483647)
15:39:27.902 [JavaFX Application Thread] DEBUG GameWorld            - Resetting game world
15:39:27.950 [JavaFX Application Thread] DEBUG PhysicsWorld         - Resetting physics world
15:39:27.950 [JavaFX Application Thread] DEBUG GameScene            - Resetting game scene
15:39:27.950 [JavaFX Application Thread] DEBUG GameScene            - Creating render group for layer: TOP(2147483647)
15:39:30.776 [JavaFX Application Thread] DEBUG GameWorld            - Resetting game world
15:39:30.857 [JavaFX Application Thread] DEBUG PhysicsWorld         - Resetting physics world
15:39:30.857 [JavaFX Application Thread] DEBUG GameScene            - Resetting game scene
15:39:30.857 [JavaFX Application Thread] DEBUG GameScene            - Creating render group for layer: TOP(2147483647)
15:39:31.777 [JavaFX Application Thread] DEBUG GameWorld            - Resetting game world
15:39:32.178 [JavaFX Application Thread] DEBUG PhysicsWorld         - Resetting physics world
15:39:32.179 [JavaFX Application Thread] DEBUG GameScene            - Resetting game scene
15:39:32.179 [JavaFX Application Thread] DEBUG GameScene            - Creating render group for layer: TOP(2147483647)
15:39:32.689 [JavaFX Application Thread] DEBUG GameWorld            - Resetting game world
15:39:32.757 [JavaFX Application Thread] DEBUG PhysicsWorld         - Resetting physics world
15:39:32.757 [JavaFX Application Thread] DEBUG GameScene            - Resetting game scene
15:39:32.757 [JavaFX Application Thread] DEBUG GameScene            - Creating render group for layer: TOP(2147483647)
15:39:33.118 [JavaFX Application Thread] DEBUG GameWorld            - Resetting game world
15:39:33.206 [JavaFX Application Thread] DEBUG PhysicsWorld         - Resetting physics world
15:39:33.207 [JavaFX Application Thread] DEBUG GameScene            - Resetting game scene
15:39:33.207 [JavaFX Application Thread] DEBUG GameScene            - Creating render group for layer: TOP(2147483647)
15:39:33.583 [JavaFX Application Thread] DEBUG GameWorld            - Resetting game world
15:39:33.670 [JavaFX Application Thread] DEBUG PhysicsWorld         - Resetting physics world
15:39:33.670 [JavaFX Application Thread] DEBUG GameScene            - Resetting game scene
15:39:33.670 [JavaFX Application Thread] DEBUG GameScene            - Creating render group for layer: TOP(2147483647)
15:39:33.999 [JavaFX Application Thread] DEBUG GameWorld            - Resetting game world
15:39:34.076 [JavaFX Application Thread] DEBUG PhysicsWorld         - Resetting physics world
15:39:34.077 [JavaFX Application Thread] DEBUG GameScene            - Resetting game scene
15:39:34.077 [JavaFX Application Thread] DEBUG GameScene            - Creating render group for layer: TOP(2147483647)
15:39:35.512 [JavaFX Application Thread] DEBUG FXGLEventBus         - Firing event: DisplayEvent[type=CLOSE_REQUEST]
15:39:35.513 [JavaFX Application Thread] DEBUG GameApplication      - Exiting FXGL application
15:39:35.515 [JavaFX Application Thread] DEBUG FXGL                 - Saving FXGL system data
15:39:35.516 [JavaFX Application Thread] DEBUG IOTask               - Executing task: writeDataTask(system/fxgl.bundle)
15:39:35.518 [JavaFX Application Thread] DEBUG FS                   - Writing to: system\fxgl.bundle
15:39:35.526 [JavaFX Application Thread] DEBUG IOTask               - Task succeeded: writeDataTask(system/fxgl.bundle)
15:39:35.526 [JavaFX Application Thread] DEBUG GameApplication      - Closing FXGL logger and exiting JavaFX
