23:52:26.513 [FXGL Launcher Thread     ] DEBUG FXGL                 - FXGL logger initialized
23:52:26.515 [FXGL Launcher Thread     ] DEBUG FXGL                 - Service <<AudioPlayer>> initialized
23:52:26.516 [FXGL Launcher Thread     ] DEBUG FXGLAssetLoader      - Asset cacheSize=35
23:52:26.516 [FXGL Launcher Thread     ] DEBUG FXGL                 - Service <<AssetLoader>> initialized
23:52:26.517 [FXGL Launcher Thread     ] DEBUG FXGL                 - Service <<EventBus>> initialized
23:52:26.519 [FXGL Launcher Thread     ] DEBUG FXGLAssetLoader      - Loading from disk: /assets/ui/cursors/fxgl_default.png
23:52:26.533 [FXGL Launcher Thread     ] DEBUG FXGLAssetLoader      - Loading from disk: /assets/sounds/core/notification.wav
23:52:26.559 [FXGL Launcher Thread     ] DEBUG FXGLAssetLoader      - Loading from disk: /assets/sounds/menu/select.wav
23:52:26.560 [FXGL Launcher Thread     ] DEBUG FXGLAssetLoader      - Loading from disk: /assets/sounds/menu/back.wav
23:52:26.562 [FXGL Launcher Thread     ] DEBUG FXGLAssetLoader      - Loading from disk: /assets/sounds/menu/press.wav
23:52:26.564 [FXGL Launcher Thread     ] DEBUG FXGLAssetLoader      - Loading from disk: /assets/ui/fonts/Copperplate_Gothic_Light_Regular.ttf
23:52:26.638 [FXGL Launcher Thread     ] DEBUG FXGLAssetLoader      - Loading from disk: /assets/ui/fonts/lucida_console.ttf
23:52:26.654 [FXGL Launcher Thread     ] DEBUG FXGLAssetLoader      - Loading from disk: /assets/ui/css/fxgl_dark.css
23:52:26.654 [FXGL Launcher Thread     ] DEBUG FXGLAssetLoader      - Loading from disk: /assets/ui/icons/fxgl_icon.png
23:52:26.667 [FXGL Launcher Thread     ] DEBUG FXGLDisplay          - Using CSS: CSS(externalForm=jar:file:/C:/Users/lukel/Documents/Programming/CellularAutomata/MapGeneration/lib/fxgl-0.3.4-uber.jar!/assets/ui/css/fxgl_dark.css)
23:52:26.668 [FXGL Launcher Thread     ] DEBUG FXGL                 - Service <<Display>> initialized
23:52:26.669 [FXGL Launcher Thread     ] DEBUG FXGL                 - Service <<Executor>> initialized
23:52:26.675 [FXGL Launcher Thread     ] DEBUG FXGL                 - Service <<NotificationService>> initialized
23:52:26.676 [FXGL Launcher Thread     ] DEBUG FXGL                 - Service <<Net>> initialized
23:52:26.690 [FXGL Launcher Thread     ] DEBUG FXGL                 - Service <<Gameplay>> initialized
23:52:26.696 [FXGL Launcher Thread     ] DEBUG FXGLPooler           - Default pool size for objects = 128
23:52:26.697 [FXGL Launcher Thread     ] DEBUG FXGL                 - Service <<Pooler>> initialized
23:52:26.699 [FXGL Launcher Thread     ] DEBUG FXGL                 - Service <<ExceptionHandler>> initialized
23:52:26.699 [FXGL Launcher Thread     ] DEBUG FXGL                 - Service <<UIFactory>> initialized
23:52:26.699 [FXGL Launcher Thread     ] DEBUG FXGL                 - Service <<DialogFactory>> initialized
23:52:26.700 [FXGL Launcher Thread     ] DEBUG FXGL                 - Service <<SceneFactory>> initialized
23:52:26.700 [FXGL Launcher Thread     ] DEBUG FXGL                 - Loading FXGL system data
23:52:26.704 [FXGL Launcher Thread     ] DEBUG IOTask               - Executing task: readDataTask(system/fxgl.bundle)
23:52:26.707 [FXGL Launcher Thread     ] DEBUG FS                   - Reading from: system\fxgl.bundle
23:52:26.714 [FXGL Launcher Thread     ] DEBUG IOTask               - Task succeeded: readDataTask(system/fxgl.bundle)
23:52:26.714 [FXGL Launcher Thread     ] DEBUG Bundle               - Logging bundle: FXGL
23:52:26.715 [FXGL Launcher Thread     ] DEBUG Bundle               - FXGL.offline.timer.version.check=2017-07-13T23:35:28.234
23:52:26.715 [FXGL Launcher Thread     ] DEBUG GameApplication      - FXGL configuration complete
23:52:26.716 [FXGL Launcher Thread     ] INFO  GameApplication      - FXGL configuration took:  0.665 sec
23:52:26.716 [FXGL Launcher Thread     ] DEBUG GameApplication      - Logging game settings
Title: Map Generation w/ Cellular Automata
Version: 0.1
Width: 800
Height: 400
Fullscreen: false
Intro: false
Menus: false
Profiling: false
App Mode: DEVELOPER
Menu Style: FXGL_DEFAULT
Menu Key: ESCAPE
Services: []
23:52:26.736 [FXGL Launcher Thread     ] DEBUG GameApplication      - Configuring GameApplication
23:52:26.737 [FXGL Launcher Thread     ] DEBUG AppStateMachine      - Initializing application states
23:52:26.739 [FXGL Launcher Thread     ] DEBUG FXGLAssetLoader      - Loading from disk: /assets/ui/cursors/fxgl_default.png
23:52:26.742 [FXGL Launcher Thread     ] DEBUG FXGLAssetLoader      - Loading from disk: /assets/ui/cursors/fxgl_default.png
23:52:26.770 [FXGL Launcher Thread     ] DEBUG GameWorld            - Game world initialized
23:52:26.804 [FXGL Launcher Thread     ] DEBUG PhysicsWorld         - Physics world initialized: appHeight=400, physics.ppm=50.0
23:52:26.811 [FXGL Launcher Thread     ] DEBUG FXGLAssetLoader      - Loading from disk: /assets/ui/cursors/fxgl_default.png
23:52:26.828 [FXGL Launcher Thread     ] DEBUG GameScene            - Game scene initialized: 800x400
23:52:26.844 [FXGL Launcher Thread     ] DEBUG Input                - Registered new binding: Pause - Esc
23:52:26.853 [FXGL Launcher Thread     ] INFO  GameApplication      - Game configuration took:  0.116 sec
23:52:26.856 [JavaFX Application Thread] DEBUG FXGLDisplay          - Target size: DoubleProperty [value: 800.0] x DoubleProperty [value: 400.0] @ 1.0
23:52:26.856 [JavaFX Application Thread] DEBUG FXGLDisplay          - New size:    800.0 x 400.0 @ DoubleProperty [value: 1.0]
23:52:26.856 [JavaFX Application Thread] DEBUG FXGLDisplay          - Opening primary stage
23:52:26.880 [JavaFX Application Thread] DEBUG FXGLDisplay          - Stage shown
23:52:26.880 [JavaFX Application Thread] DEBUG FXGLDisplay          - Root size: 800.0x400.0
23:52:26.880 [JavaFX Application Thread] DEBUG FXGLDisplay          - Scene size: 800.0x400.0
23:52:26.880 [JavaFX Application Thread] DEBUG FXGLDisplay          - Stage size: 816.0x439.0
23:52:26.908 [JavaFX Application Thread] DEBUG GameApplication      - Running preInit()
23:52:26.910 [JavaFX Application Thread] DEBUG Input                - Registered new binding: Screenshot - P
23:52:26.910 [JavaFX Application Thread] DEBUG Input                - Registered new binding: Dev Options - CTRL+0
23:52:26.947 [JavaFX Application Thread] DEBUG GameApplication      - Starting main loop
23:52:26.952 [JavaFX Application Thread] DEBUG StartupState         - STARTUP
23:52:26.953 [JavaFX Application Thread] DEBUG GameApplication      - Starting new game
23:52:26.953 [JavaFX Application Thread] DEBUG Input                - Clearing active input actions
23:52:26.953 [JavaFX Application Thread] DEBUG AppStateMachine      - StartupState -> LoadingState
23:52:26.976 [JavaFX Application Thread] WARN  InitAppTask          - Main has no package. Disabling annotations processing
23:52:26.979 [FXGL Background Thread 1 ] DEBUG InitAppTask          - Clearing previous game
23:52:26.979 [FXGL Background Thread 1 ] DEBUG GameWorld            - Resetting game world
23:52:26.980 [FXGL Background Thread 1 ] DEBUG PhysicsWorld         - Resetting physics world
23:52:26.980 [FXGL Background Thread 1 ] DEBUG GameScene            - Resetting game scene
23:52:26.981 [FXGL Background Thread 1 ] DEBUG InitAppTask          - Initializing Assets
23:52:26.981 [FXGL Background Thread 1 ] DEBUG InitAppTask          - Initializing Game
23:52:26.984 [FXGL Background Thread 1 ] DEBUG GameWorld            - Resetting game world
23:52:26.984 [FXGL Background Thread 1 ] DEBUG PhysicsWorld         - Resetting physics world
23:52:26.984 [FXGL Background Thread 1 ] DEBUG GameScene            - Resetting game scene
23:52:27.000 [FXGL Background Thread 1 ] DEBUG GameScene            - Creating render group for layer: TOP(2147483647)
23:52:27.715 [FXGL Background Thread 1 ] DEBUG InitAppTask          - Initializing Physics
23:52:27.715 [FXGL Background Thread 1 ] DEBUG InitAppTask          - Initializing UI
23:52:27.715 [FXGL Background Thread 1 ] DEBUG InitAppTask          - Initialization Complete
23:52:27.715 [FXGL Background Thread 1 ] INFO  InitAppTask          - Game initialization took: 0.736 sec
23:52:27.721 [JavaFX Application Thread] DEBUG Input                - Clearing active input actions
23:52:27.721 [JavaFX Application Thread] DEBUG AppStateMachine      - LoadingState -> PlayState
23:52:28.612 [JavaFX Application Thread] DEBUG GameWorld            - Resetting game world
23:52:28.854 [JavaFX Application Thread] DEBUG PhysicsWorld         - Resetting physics world
23:52:28.854 [JavaFX Application Thread] DEBUG GameScene            - Resetting game scene
23:52:28.854 [JavaFX Application Thread] DEBUG GameScene            - Creating render group for layer: TOP(2147483647)
23:52:29.811 [JavaFX Application Thread] DEBUG GameWorld            - Resetting game world
23:52:30.563 [JavaFX Application Thread] DEBUG PhysicsWorld         - Resetting physics world
23:52:30.563 [JavaFX Application Thread] DEBUG GameScene            - Resetting game scene
23:52:30.564 [JavaFX Application Thread] DEBUG GameScene            - Creating render group for layer: TOP(2147483647)
23:52:31.448 [JavaFX Application Thread] DEBUG FXGLEventBus         - Firing event: DisplayEvent[type=CLOSE_REQUEST]
23:52:31.449 [JavaFX Application Thread] DEBUG GameApplication      - Exiting FXGL application
23:52:31.450 [JavaFX Application Thread] DEBUG FXGL                 - Saving FXGL system data
23:52:31.451 [JavaFX Application Thread] DEBUG IOTask               - Executing task: writeDataTask(system/fxgl.bundle)
23:52:31.452 [JavaFX Application Thread] DEBUG FS                   - Writing to: system\fxgl.bundle
23:52:31.455 [JavaFX Application Thread] DEBUG IOTask               - Task succeeded: writeDataTask(system/fxgl.bundle)
23:52:31.455 [JavaFX Application Thread] DEBUG GameApplication      - Closing FXGL logger and exiting JavaFX
