17:11:10.644 [FXGL Launcher Thread     ] DEBUG FXGL                 - FXGL logger initialized
17:11:10.646 [FXGL Launcher Thread     ] DEBUG FXGL                 - Service <<AudioPlayer>> initialized
17:11:10.647 [FXGL Launcher Thread     ] DEBUG FXGLAssetLoader      - Asset cacheSize=35
17:11:10.648 [FXGL Launcher Thread     ] DEBUG FXGL                 - Service <<AssetLoader>> initialized
17:11:10.649 [FXGL Launcher Thread     ] DEBUG FXGL                 - Service <<EventBus>> initialized
17:11:10.651 [FXGL Launcher Thread     ] DEBUG FXGLAssetLoader      - Loading from disk: /assets/ui/cursors/fxgl_default.png
17:11:10.666 [FXGL Launcher Thread     ] DEBUG FXGLAssetLoader      - Loading from disk: /assets/sounds/core/notification.wav
17:11:10.683 [FXGL Launcher Thread     ] DEBUG FXGLAssetLoader      - Loading from disk: /assets/sounds/menu/select.wav
17:11:10.684 [FXGL Launcher Thread     ] DEBUG FXGLAssetLoader      - Loading from disk: /assets/sounds/menu/back.wav
17:11:10.686 [FXGL Launcher Thread     ] DEBUG FXGLAssetLoader      - Loading from disk: /assets/sounds/menu/press.wav
17:11:10.688 [FXGL Launcher Thread     ] DEBUG FXGLAssetLoader      - Loading from disk: /assets/ui/fonts/Copperplate_Gothic_Light_Regular.ttf
17:11:10.960 [FXGL Launcher Thread     ] DEBUG FXGLAssetLoader      - Loading from disk: /assets/ui/fonts/lucida_console.ttf
17:11:10.978 [FXGL Launcher Thread     ] DEBUG FXGLAssetLoader      - Loading from disk: /assets/ui/css/fxgl_dark.css
17:11:10.978 [FXGL Launcher Thread     ] DEBUG FXGLAssetLoader      - Loading from disk: /assets/ui/icons/fxgl_icon.png
17:11:10.991 [FXGL Launcher Thread     ] DEBUG FXGLDisplay          - Using CSS: CSS(externalForm=jar:file:/C:/Users/lukel/Documents/Programming/CellularAutomata/More1DAutomata/lib/fxgl-0.3.4-uber.jar!/assets/ui/css/fxgl_dark.css)
17:11:10.992 [FXGL Launcher Thread     ] DEBUG FXGL                 - Service <<Display>> initialized
17:11:10.994 [FXGL Launcher Thread     ] DEBUG FXGL                 - Service <<Executor>> initialized
17:11:11.001 [FXGL Launcher Thread     ] DEBUG FXGL                 - Service <<NotificationService>> initialized
17:11:11.002 [FXGL Launcher Thread     ] DEBUG FXGL                 - Service <<Net>> initialized
17:11:11.014 [FXGL Launcher Thread     ] DEBUG FXGL                 - Service <<Gameplay>> initialized
17:11:11.020 [FXGL Launcher Thread     ] DEBUG FXGLPooler           - Default pool size for objects = 128
17:11:11.021 [FXGL Launcher Thread     ] DEBUG FXGL                 - Service <<Pooler>> initialized
17:11:11.021 [FXGL Launcher Thread     ] DEBUG FXGL                 - Service <<ExceptionHandler>> initialized
17:11:11.021 [FXGL Launcher Thread     ] DEBUG FXGL                 - Service <<UIFactory>> initialized
17:11:11.021 [FXGL Launcher Thread     ] DEBUG FXGL                 - Service <<DialogFactory>> initialized
17:11:11.022 [FXGL Launcher Thread     ] DEBUG FXGL                 - Service <<SceneFactory>> initialized
17:11:11.022 [FXGL Launcher Thread     ] DEBUG FXGL                 - Loading FXGL system data
17:11:11.025 [FXGL Launcher Thread     ] DEBUG IOTask               - Executing task: readDataTask(system/fxgl.bundle)
17:11:11.027 [FXGL Launcher Thread     ] DEBUG FS                   - Reading from: system\fxgl.bundle
17:11:11.035 [FXGL Launcher Thread     ] DEBUG IOTask               - Task succeeded: readDataTask(system/fxgl.bundle)
17:11:11.035 [FXGL Launcher Thread     ] DEBUG Bundle               - Logging bundle: FXGL
17:11:11.035 [FXGL Launcher Thread     ] DEBUG Bundle               - FXGL.offline.timer.version.check=2017-07-11T23:54:35.862
17:11:11.035 [FXGL Launcher Thread     ] DEBUG GameApplication      - FXGL configuration complete
17:11:11.036 [FXGL Launcher Thread     ] INFO  GameApplication      - FXGL configuration took:  0.985 sec
17:11:11.036 [FXGL Launcher Thread     ] DEBUG GameApplication      - Logging game settings
Title: Elementary Cellular Automata
Version: 1.0
Width: 1000
Height: 1015
Fullscreen: false
Intro: false
Menus: false
Profiling: false
App Mode: DEVELOPER
Menu Style: FXGL_DEFAULT
Menu Key: ESCAPE
Services: []
17:11:11.055 [FXGL Launcher Thread     ] DEBUG GameApplication      - Configuring GameApplication
17:11:11.056 [FXGL Launcher Thread     ] DEBUG AppStateMachine      - Initializing application states
17:11:11.058 [FXGL Launcher Thread     ] DEBUG FXGLAssetLoader      - Loading from disk: /assets/ui/cursors/fxgl_default.png
17:11:11.061 [FXGL Launcher Thread     ] DEBUG FXGLAssetLoader      - Loading from disk: /assets/ui/cursors/fxgl_default.png
17:11:11.093 [FXGL Launcher Thread     ] DEBUG GameWorld            - Game world initialized
17:11:11.125 [FXGL Launcher Thread     ] DEBUG PhysicsWorld         - Physics world initialized: appHeight=1015, physics.ppm=50.0
17:11:11.132 [FXGL Launcher Thread     ] DEBUG FXGLAssetLoader      - Loading from disk: /assets/ui/cursors/fxgl_default.png
17:11:11.148 [FXGL Launcher Thread     ] DEBUG GameScene            - Game scene initialized: 1000x1015
17:11:11.166 [FXGL Launcher Thread     ] DEBUG Input                - Registered new binding: Pause - Esc
17:11:11.174 [FXGL Launcher Thread     ] INFO  GameApplication      - Game configuration took:  0.119 sec
17:11:11.177 [JavaFX Application Thread] DEBUG FXGLDisplay          - Target size: DoubleProperty [value: 1000.0] x DoubleProperty [value: 1015.0] @ 1.0
17:11:11.177 [JavaFX Application Thread] DEBUG FXGLDisplay          - New size:    1000.0 x 1015.0 @ DoubleProperty [value: 1.0]
17:11:11.177 [JavaFX Application Thread] DEBUG FXGLDisplay          - Opening primary stage
17:11:11.199 [JavaFX Application Thread] DEBUG FXGLDisplay          - Stage shown
17:11:11.199 [JavaFX Application Thread] DEBUG FXGLDisplay          - Root size: 1000.0x1015.0
17:11:11.199 [JavaFX Application Thread] DEBUG FXGLDisplay          - Scene size: 1000.0x1015.0
17:11:11.199 [JavaFX Application Thread] DEBUG FXGLDisplay          - Stage size: 1016.0x1054.0
17:11:11.221 [JavaFX Application Thread] DEBUG GameApplication      - Running preInit()
17:11:11.222 [JavaFX Application Thread] DEBUG Input                - Registered new binding: Screenshot - P
17:11:11.223 [JavaFX Application Thread] DEBUG Input                - Registered new binding: Dev Options - CTRL+0
17:11:11.223 [JavaFX Application Thread] DEBUG Input                - Registered new binding: RANDOM - R
17:11:11.223 [JavaFX Application Thread] DEBUG Input                - Registered new binding: 1 - 1
17:11:11.223 [JavaFX Application Thread] DEBUG Input                - Registered new binding: num1 - Numpad 1
17:11:11.223 [JavaFX Application Thread] DEBUG Input                - Registered new binding: 2 - 2
17:11:11.223 [JavaFX Application Thread] DEBUG Input                - Registered new binding: num2 - Numpad 2
17:11:11.223 [JavaFX Application Thread] DEBUG Input                - Registered new binding: 3 - 3
17:11:11.223 [JavaFX Application Thread] DEBUG Input                - Registered new binding: num3 - Numpad 3
17:11:11.223 [JavaFX Application Thread] DEBUG Input                - Registered new binding: 4 - 4
17:11:11.223 [JavaFX Application Thread] DEBUG Input                - Registered new binding: num4 - Numpad 4
17:11:11.224 [JavaFX Application Thread] DEBUG Input                - Registered new binding: 5 - 5
17:11:11.224 [JavaFX Application Thread] DEBUG Input                - Registered new binding: num5 - Numpad 5
17:11:11.224 [JavaFX Application Thread] DEBUG Input                - Registered new binding: 6 - 6
17:11:11.224 [JavaFX Application Thread] DEBUG Input                - Registered new binding: num6 - Numpad 6
17:11:11.224 [JavaFX Application Thread] DEBUG Input                - Registered new binding: 7 - 7
17:11:11.224 [JavaFX Application Thread] DEBUG Input                - Registered new binding: num7 - Numpad 7
17:11:11.224 [JavaFX Application Thread] DEBUG Input                - Registered new binding: 8 - 8
17:11:11.224 [JavaFX Application Thread] DEBUG Input                - Registered new binding: num8 - Numpad 8
17:11:11.224 [JavaFX Application Thread] DEBUG Input                - Registered new binding: 9 - 9
17:11:11.224 [JavaFX Application Thread] DEBUG Input                - Registered new binding: num9 - Numpad 9
17:11:11.224 [JavaFX Application Thread] DEBUG Input                - Registered new binding: 0 - 0
17:11:11.224 [JavaFX Application Thread] DEBUG Input                - Registered new binding: num0 - Numpad 0
17:11:11.224 [JavaFX Application Thread] DEBUG Input                - Registered new binding: ENTER - Enter
17:11:11.225 [JavaFX Application Thread] DEBUG Input                - Registered new binding: BACKSPACE - Backspace
17:11:11.225 [JavaFX Application Thread] DEBUG Input                - Registered new binding: PAUSE - Space
17:11:11.270 [JavaFX Application Thread] DEBUG GameApplication      - Starting main loop
17:11:11.272 [JavaFX Application Thread] DEBUG StartupState         - STARTUP
17:11:11.272 [JavaFX Application Thread] DEBUG GameApplication      - Starting new game
17:11:11.272 [JavaFX Application Thread] DEBUG Input                - Clearing active input actions
17:11:11.272 [JavaFX Application Thread] DEBUG AppStateMachine      - StartupState -> LoadingState
17:11:11.463 [JavaFX Application Thread] DEBUG InitAppTask          - @SetEntityFactory: []
17:11:11.463 [JavaFX Application Thread] DEBUG InitAppTask          - @AddCollisionHandler: []
17:11:11.469 [FXGL Background Thread 1 ] DEBUG InitAppTask          - Clearing previous game
17:11:11.470 [FXGL Background Thread 1 ] DEBUG GameWorld            - Resetting game world
17:11:11.472 [FXGL Background Thread 1 ] DEBUG PhysicsWorld         - Resetting physics world
17:11:11.472 [FXGL Background Thread 1 ] DEBUG GameScene            - Resetting game scene
17:11:11.472 [FXGL Background Thread 1 ] DEBUG InitAppTask          - Initializing Assets
17:11:11.472 [FXGL Background Thread 1 ] DEBUG InitAppTask          - Initializing Game
17:11:11.495 [FXGL Background Thread 1 ] DEBUG GameScene            - Creating render group for layer: BACKGROUND(1000)
17:11:11.499 [FXGL Background Thread 1 ] DEBUG InitAppTask          - Initializing Physics
17:11:11.499 [FXGL Background Thread 1 ] DEBUG InitAppTask          - Initializing UI
17:11:11.499 [FXGL Background Thread 1 ] DEBUG InitAppTask          - Initialization Complete
17:11:11.499 [FXGL Background Thread 1 ] INFO  InitAppTask          - Game initialization took: 0.030 sec
17:11:11.548 [JavaFX Application Thread] DEBUG Input                - Clearing active input actions
17:11:11.548 [JavaFX Application Thread] DEBUG AppStateMachine      - LoadingState -> PlayState
17:11:19.890 [JavaFX Application Thread] DEBUG GameWorld            - Resetting game world
17:11:19.893 [JavaFX Application Thread] DEBUG PhysicsWorld         - Resetting physics world
17:11:19.893 [JavaFX Application Thread] DEBUG GameScene            - Resetting game scene
17:11:19.893 [JavaFX Application Thread] DEBUG GameScene            - Creating render group for layer: BACKGROUND(1000)
17:11:34.672 [JavaFX Application Thread] DEBUG GameWorld            - Resetting game world
17:11:39.521 [JavaFX Application Thread] DEBUG PhysicsWorld         - Resetting physics world
17:11:39.522 [JavaFX Application Thread] DEBUG GameScene            - Resetting game scene
17:11:39.522 [JavaFX Application Thread] DEBUG GameScene            - Creating render group for layer: BACKGROUND(1000)
17:11:45.475 [JavaFX Application Thread] DEBUG GameWorld            - Resetting game world
17:11:48.443 [JavaFX Application Thread] DEBUG PhysicsWorld         - Resetting physics world
17:11:48.443 [JavaFX Application Thread] DEBUG GameScene            - Resetting game scene
17:11:48.444 [JavaFX Application Thread] DEBUG GameScene            - Creating render group for layer: BACKGROUND(1000)
17:11:55.645 [JavaFX Application Thread] DEBUG GameWorld            - Resetting game world
17:11:59.816 [JavaFX Application Thread] DEBUG PhysicsWorld         - Resetting physics world
17:11:59.816 [JavaFX Application Thread] DEBUG GameScene            - Resetting game scene
17:11:59.816 [JavaFX Application Thread] DEBUG GameScene            - Creating render group for layer: BACKGROUND(1000)
