14:17:52.787 [FXGL Launcher Thread     ] DEBUG FXGL                 - FXGL logger initialized
14:17:52.790 [FXGL Launcher Thread     ] DEBUG FXGL                 - Service <<AudioPlayer>> initialized
14:17:52.791 [FXGL Launcher Thread     ] DEBUG FXGLAssetLoader      - Asset cacheSize=35
14:17:52.792 [FXGL Launcher Thread     ] DEBUG FXGL                 - Service <<AssetLoader>> initialized
14:17:52.792 [FXGL Launcher Thread     ] DEBUG FXGL                 - Service <<EventBus>> initialized
14:17:52.795 [FXGL Launcher Thread     ] DEBUG FXGLAssetLoader      - Loading from disk: /assets/ui/cursors/fxgl_default.png
14:17:52.810 [FXGL Launcher Thread     ] DEBUG FXGLAssetLoader      - Loading from disk: /assets/sounds/core/notification.wav
14:17:52.828 [FXGL Launcher Thread     ] DEBUG FXGLAssetLoader      - Loading from disk: /assets/sounds/menu/select.wav
14:17:52.829 [FXGL Launcher Thread     ] DEBUG FXGLAssetLoader      - Loading from disk: /assets/sounds/menu/back.wav
14:17:52.831 [FXGL Launcher Thread     ] DEBUG FXGLAssetLoader      - Loading from disk: /assets/sounds/menu/press.wav
14:17:52.833 [FXGL Launcher Thread     ] DEBUG FXGLAssetLoader      - Loading from disk: /assets/ui/fonts/Copperplate_Gothic_Light_Regular.ttf
14:17:52.939 [FXGL Launcher Thread     ] DEBUG FXGLAssetLoader      - Loading from disk: /assets/ui/fonts/lucida_console.ttf
14:17:52.953 [FXGL Launcher Thread     ] DEBUG FXGLAssetLoader      - Loading from disk: /assets/ui/css/fxgl_dark.css
14:17:52.954 [FXGL Launcher Thread     ] DEBUG FXGLAssetLoader      - Loading from disk: /assets/ui/icons/fxgl_icon.png
14:17:52.967 [FXGL Launcher Thread     ] DEBUG FXGLDisplay          - Using CSS: CSS(externalForm=jar:file:/C:/Users/lukel/Documents/Programming/CellularAutomata/More1DAutomata/lib/fxgl-0.3.4-uber.jar!/assets/ui/css/fxgl_dark.css)
14:17:52.968 [FXGL Launcher Thread     ] DEBUG FXGL                 - Service <<Display>> initialized
14:17:52.970 [FXGL Launcher Thread     ] DEBUG FXGL                 - Service <<Executor>> initialized
14:17:52.976 [FXGL Launcher Thread     ] DEBUG FXGL                 - Service <<NotificationService>> initialized
14:17:52.977 [FXGL Launcher Thread     ] DEBUG FXGL                 - Service <<Net>> initialized
14:17:52.993 [FXGL Launcher Thread     ] DEBUG FXGL                 - Service <<Gameplay>> initialized
14:17:53.000 [FXGL Launcher Thread     ] DEBUG FXGLPooler           - Default pool size for objects = 128
14:17:53.000 [FXGL Launcher Thread     ] DEBUG FXGL                 - Service <<Pooler>> initialized
14:17:53.000 [FXGL Launcher Thread     ] DEBUG FXGL                 - Service <<ExceptionHandler>> initialized
14:17:53.001 [FXGL Launcher Thread     ] DEBUG FXGL                 - Service <<UIFactory>> initialized
14:17:53.001 [FXGL Launcher Thread     ] DEBUG FXGL                 - Service <<DialogFactory>> initialized
14:17:53.001 [FXGL Launcher Thread     ] DEBUG FXGL                 - Service <<SceneFactory>> initialized
14:17:53.001 [FXGL Launcher Thread     ] DEBUG FXGL                 - Loading FXGL system data
14:17:53.005 [FXGL Launcher Thread     ] DEBUG IOTask               - Executing task: readDataTask(system/fxgl.bundle)
14:17:53.007 [FXGL Launcher Thread     ] DEBUG FS                   - Reading from: system\fxgl.bundle
14:17:53.015 [FXGL Launcher Thread     ] DEBUG IOTask               - Task succeeded: readDataTask(system/fxgl.bundle)
14:17:53.015 [FXGL Launcher Thread     ] DEBUG Bundle               - Logging bundle: FXGL
14:17:53.015 [FXGL Launcher Thread     ] DEBUG Bundle               - FXGL.offline.timer.version.check=2017-07-11T23:54:35.862
14:17:53.015 [FXGL Launcher Thread     ] DEBUG GameApplication      - FXGL configuration complete
14:17:53.016 [FXGL Launcher Thread     ] INFO  GameApplication      - FXGL configuration took:  0.756 sec
14:17:53.016 [FXGL Launcher Thread     ] DEBUG GameApplication      - Logging game settings
Title: Elementary Cellular Automata
Version: 1.0
Width: 1000
Height: 1015
Fullscreen: false
Intro: false
Menus: false
Profiling: false
App Mode: DEVELOPER
Menu Style: FXGL_DEFAULT
Menu Key: ESCAPE
Services: []
14:17:53.030 [FXGL Launcher Thread     ] DEBUG GameApplication      - Configuring GameApplication
14:17:53.030 [FXGL Launcher Thread     ] DEBUG AppStateMachine      - Initializing application states
14:17:53.032 [FXGL Launcher Thread     ] DEBUG FXGLAssetLoader      - Loading from disk: /assets/ui/cursors/fxgl_default.png
14:17:53.036 [FXGL Launcher Thread     ] DEBUG FXGLAssetLoader      - Loading from disk: /assets/ui/cursors/fxgl_default.png
14:17:53.070 [FXGL Launcher Thread     ] DEBUG GameWorld            - Game world initialized
14:17:53.104 [FXGL Launcher Thread     ] DEBUG PhysicsWorld         - Physics world initialized: appHeight=1015, physics.ppm=50.0
14:17:53.111 [FXGL Launcher Thread     ] DEBUG FXGLAssetLoader      - Loading from disk: /assets/ui/cursors/fxgl_default.png
14:17:53.128 [FXGL Launcher Thread     ] DEBUG GameScene            - Game scene initialized: 1000x1015
14:17:53.146 [FXGL Launcher Thread     ] DEBUG Input                - Registered new binding: Pause - Esc
14:17:53.155 [FXGL Launcher Thread     ] INFO  GameApplication      - Game configuration took:  0.125 sec
14:17:53.159 [JavaFX Application Thread] DEBUG FXGLDisplay          - Target size: DoubleProperty [value: 1000.0] x DoubleProperty [value: 1015.0] @ 1.0
14:17:53.159 [JavaFX Application Thread] DEBUG FXGLDisplay          - New size:    1000.0 x 1015.0 @ DoubleProperty [value: 1.0]
14:17:53.159 [JavaFX Application Thread] DEBUG FXGLDisplay          - Opening primary stage
14:17:53.189 [JavaFX Application Thread] DEBUG FXGLDisplay          - Stage shown
14:17:53.189 [JavaFX Application Thread] DEBUG FXGLDisplay          - Root size: 1000.0x1015.0
14:17:53.189 [JavaFX Application Thread] DEBUG FXGLDisplay          - Scene size: 1000.0x1015.0
14:17:53.190 [JavaFX Application Thread] DEBUG FXGLDisplay          - Stage size: 1016.0x1054.0
14:17:53.217 [JavaFX Application Thread] DEBUG GameApplication      - Running preInit()
14:17:53.219 [JavaFX Application Thread] DEBUG Input                - Registered new binding: Screenshot - P
14:17:53.219 [JavaFX Application Thread] DEBUG Input                - Registered new binding: Dev Options - CTRL+0
14:17:53.219 [JavaFX Application Thread] DEBUG Input                - Registered new binding: RANDOM - R
14:17:53.219 [JavaFX Application Thread] DEBUG Input                - Registered new binding: 1 - 1
14:17:53.220 [JavaFX Application Thread] DEBUG Input                - Registered new binding: num1 - Numpad 1
14:17:53.220 [JavaFX Application Thread] DEBUG Input                - Registered new binding: 2 - 2
14:17:53.220 [JavaFX Application Thread] DEBUG Input                - Registered new binding: num2 - Numpad 2
14:17:53.220 [JavaFX Application Thread] DEBUG Input                - Registered new binding: 3 - 3
14:17:53.220 [JavaFX Application Thread] DEBUG Input                - Registered new binding: num3 - Numpad 3
14:17:53.220 [JavaFX Application Thread] DEBUG Input                - Registered new binding: 4 - 4
14:17:53.221 [JavaFX Application Thread] DEBUG Input                - Registered new binding: num4 - Numpad 4
14:17:53.221 [JavaFX Application Thread] DEBUG Input                - Registered new binding: 5 - 5
14:17:53.221 [JavaFX Application Thread] DEBUG Input                - Registered new binding: num5 - Numpad 5
14:17:53.221 [JavaFX Application Thread] DEBUG Input                - Registered new binding: 6 - 6
14:17:53.222 [JavaFX Application Thread] DEBUG Input                - Registered new binding: num6 - Numpad 6
14:17:53.222 [JavaFX Application Thread] DEBUG Input                - Registered new binding: 7 - 7
14:17:53.222 [JavaFX Application Thread] DEBUG Input                - Registered new binding: num7 - Numpad 7
14:17:53.222 [JavaFX Application Thread] DEBUG Input                - Registered new binding: 8 - 8
14:17:53.222 [JavaFX Application Thread] DEBUG Input                - Registered new binding: num8 - Numpad 8
14:17:53.222 [JavaFX Application Thread] DEBUG Input                - Registered new binding: 9 - 9
14:17:53.222 [JavaFX Application Thread] DEBUG Input                - Registered new binding: num9 - Numpad 9
14:17:53.222 [JavaFX Application Thread] DEBUG Input                - Registered new binding: 0 - 0
14:17:53.222 [JavaFX Application Thread] DEBUG Input                - Registered new binding: num0 - Numpad 0
14:17:53.222 [JavaFX Application Thread] DEBUG Input                - Registered new binding: ENTER - Enter
14:17:53.222 [JavaFX Application Thread] DEBUG Input                - Registered new binding: BACKSPACE - Backspace
14:17:53.222 [JavaFX Application Thread] FATAL FXGLExceptionHandler - Uncaught Exception:
14:17:53.223 [JavaFX Application Thread] FATAL FXGLExceptionHandler - 

Exception occurred: java.lang.IllegalArgumentException : Trigger P is already bound
E: com.almasb.fxgl.input.Input.addBinding(Input.kt:287)
E: com.almasb.fxgl.input.Input.addAction(Input.kt:279)
E: com.almasb.fxgl.input.Input.addAction$default(Input.kt:275)
E: com.almasb.fxgl.input.Input.addAction(Input.kt)
E: com.lukelavin.automata.Main.initInput(Main.java:314)
E: com.almasb.fxgl.app.GameApplication.runPreInit(GameApplication.java:285)
E: com.almasb.fxgl.app.GameApplication.lambda$launchGame$10(GameApplication.java:263)
E: com.almasb.fxgl.core.concurrent.Async.lambda$startFX$1(Async.java:61)
E: com.almasb.fxgl.core.concurrent.FXCoroutine$1.run(FXCoroutine.kt:34)
E: com.sun.javafx.application.PlatformImpl.lambda$null$173(PlatformImpl.java:295)
E: java.security.AccessController.doPrivileged(Native Method)
E: com.sun.javafx.application.PlatformImpl.lambda$runLater$174(PlatformImpl.java:294)
E: com.sun.glass.ui.InvokeLaterDispatcher$Future.run(InvokeLaterDispatcher.java:95)
E: com.sun.glass.ui.win.WinApplication._runLoop(Native Method)
E: com.sun.glass.ui.win.WinApplication.lambda$null$148(WinApplication.java:191)
E: java.lang.Thread.run(Thread.java:745)

14:17:53.223 [JavaFX Application Thread] FATAL FXGLExceptionHandler - Application will now exit
14:17:53.223 [JavaFX Application Thread] DEBUG GameApplication      - Stopping main loop
14:17:55.577 [JavaFX Application Thread] DEBUG GameApplication      - Exiting FXGL application
14:17:55.577 [JavaFX Application Thread] DEBUG FXGL                 - Saving FXGL system data
14:17:55.579 [JavaFX Application Thread] DEBUG IOTask               - Executing task: writeDataTask(system/fxgl.bundle)
14:17:55.580 [JavaFX Application Thread] DEBUG FS                   - Writing to: system\fxgl.bundle
14:17:55.585 [JavaFX Application Thread] DEBUG IOTask               - Task succeeded: writeDataTask(system/fxgl.bundle)
14:17:55.585 [JavaFX Application Thread] DEBUG GameApplication      - Closing FXGL logger and exiting JavaFX
