01:44:59.198 [FXGL Launcher Thread     ] DEBUG FXGL                 - FXGL logger initialized
01:44:59.201 [FXGL Launcher Thread     ] DEBUG FXGL                 - Service <<AudioPlayer>> initialized
01:44:59.202 [FXGL Launcher Thread     ] DEBUG FXGLAssetLoader      - Asset cacheSize=35
01:44:59.202 [FXGL Launcher Thread     ] DEBUG FXGL                 - Service <<AssetLoader>> initialized
01:44:59.203 [FXGL Launcher Thread     ] DEBUG FXGL                 - Service <<EventBus>> initialized
01:44:59.205 [FXGL Launcher Thread     ] DEBUG FXGLAssetLoader      - Loading from disk: /assets/ui/cursors/fxgl_default.png
01:44:59.219 [FXGL Launcher Thread     ] DEBUG FXGLAssetLoader      - Loading from disk: /assets/sounds/core/notification.wav
01:44:59.235 [FXGL Launcher Thread     ] DEBUG FXGLAssetLoader      - Loading from disk: /assets/sounds/menu/select.wav
01:44:59.237 [FXGL Launcher Thread     ] DEBUG FXGLAssetLoader      - Loading from disk: /assets/sounds/menu/back.wav
01:44:59.238 [FXGL Launcher Thread     ] DEBUG FXGLAssetLoader      - Loading from disk: /assets/sounds/menu/press.wav
01:44:59.240 [FXGL Launcher Thread     ] DEBUG FXGLAssetLoader      - Loading from disk: /assets/ui/fonts/Copperplate_Gothic_Light_Regular.ttf
01:44:59.324 [FXGL Launcher Thread     ] DEBUG FXGLAssetLoader      - Loading from disk: /assets/ui/fonts/lucida_console.ttf
01:44:59.337 [FXGL Launcher Thread     ] DEBUG FXGLAssetLoader      - Loading from disk: /assets/ui/css/fxgl_dark.css
01:44:59.337 [FXGL Launcher Thread     ] DEBUG FXGLAssetLoader      - Loading from disk: /assets/ui/icons/fxgl_icon.png
01:44:59.350 [FXGL Launcher Thread     ] DEBUG FXGLDisplay          - Using CSS: CSS(externalForm=jar:file:/C:/Users/lukel/Documents/Programming/CellularAutomata/More1DAutomata/lib/fxgl-0.3.4-uber.jar!/assets/ui/css/fxgl_dark.css)
01:44:59.351 [FXGL Launcher Thread     ] DEBUG FXGL                 - Service <<Display>> initialized
01:44:59.352 [FXGL Launcher Thread     ] DEBUG FXGL                 - Service <<Executor>> initialized
01:44:59.358 [FXGL Launcher Thread     ] DEBUG FXGL                 - Service <<NotificationService>> initialized
01:44:59.359 [FXGL Launcher Thread     ] DEBUG FXGL                 - Service <<Net>> initialized
01:44:59.367 [FXGL Launcher Thread     ] DEBUG FXGL                 - Service <<Gameplay>> initialized
01:44:59.372 [FXGL Launcher Thread     ] DEBUG FXGLPooler           - Default pool size for objects = 128
01:44:59.372 [FXGL Launcher Thread     ] DEBUG FXGL                 - Service <<Pooler>> initialized
01:44:59.372 [FXGL Launcher Thread     ] DEBUG FXGL                 - Service <<ExceptionHandler>> initialized
01:44:59.373 [FXGL Launcher Thread     ] DEBUG FXGL                 - Service <<UIFactory>> initialized
01:44:59.373 [FXGL Launcher Thread     ] DEBUG FXGL                 - Service <<DialogFactory>> initialized
01:44:59.373 [FXGL Launcher Thread     ] DEBUG FXGL                 - Service <<SceneFactory>> initialized
01:44:59.373 [FXGL Launcher Thread     ] DEBUG FXGL                 - Loading FXGL system data
01:44:59.376 [FXGL Launcher Thread     ] DEBUG IOTask               - Executing task: readDataTask(system/fxgl.bundle)
01:44:59.380 [FXGL Launcher Thread     ] DEBUG FS                   - Reading from: system\fxgl.bundle
01:44:59.388 [FXGL Launcher Thread     ] DEBUG IOTask               - Task succeeded: readDataTask(system/fxgl.bundle)
01:44:59.388 [FXGL Launcher Thread     ] DEBUG Bundle               - Logging bundle: FXGL
01:44:59.389 [FXGL Launcher Thread     ] DEBUG Bundle               - FXGL.offline.timer.version.check=2017-07-11T23:54:35.862
01:44:59.389 [FXGL Launcher Thread     ] DEBUG GameApplication      - FXGL configuration complete
01:44:59.389 [FXGL Launcher Thread     ] INFO  GameApplication      - FXGL configuration took:  0.615 sec
01:44:59.390 [FXGL Launcher Thread     ] DEBUG GameApplication      - Logging game settings
Title: Elementary Cellular Automata
Version: 0.0
Width: 1000
Height: 1015
Fullscreen: false
Intro: false
Menus: false
Profiling: false
App Mode: DEVELOPER
Menu Style: FXGL_DEFAULT
Menu Key: ESCAPE
Services: []
01:44:59.402 [FXGL Launcher Thread     ] DEBUG GameApplication      - Configuring GameApplication
01:44:59.403 [FXGL Launcher Thread     ] DEBUG AppStateMachine      - Initializing application states
01:44:59.405 [FXGL Launcher Thread     ] DEBUG FXGLAssetLoader      - Loading from disk: /assets/ui/cursors/fxgl_default.png
01:44:59.408 [FXGL Launcher Thread     ] DEBUG FXGLAssetLoader      - Loading from disk: /assets/ui/cursors/fxgl_default.png
01:44:59.436 [FXGL Launcher Thread     ] DEBUG GameWorld            - Game world initialized
01:44:59.467 [FXGL Launcher Thread     ] DEBUG PhysicsWorld         - Physics world initialized: appHeight=1015, physics.ppm=50.0
01:44:59.477 [FXGL Launcher Thread     ] DEBUG FXGLAssetLoader      - Loading from disk: /assets/ui/cursors/fxgl_default.png
01:44:59.493 [FXGL Launcher Thread     ] DEBUG GameScene            - Game scene initialized: 1000x1015
01:44:59.510 [FXGL Launcher Thread     ] DEBUG Input                - Registered new binding: Pause - Esc
01:44:59.518 [FXGL Launcher Thread     ] INFO  GameApplication      - Game configuration took:  0.115 sec
01:44:59.523 [JavaFX Application Thread] DEBUG FXGLDisplay          - Target size: DoubleProperty [value: 1000.0] x DoubleProperty [value: 1015.0] @ 1.0
01:44:59.523 [JavaFX Application Thread] DEBUG FXGLDisplay          - New size:    1000.0 x 1015.0 @ DoubleProperty [value: 1.0]
01:44:59.523 [JavaFX Application Thread] DEBUG FXGLDisplay          - Opening primary stage
01:44:59.554 [JavaFX Application Thread] DEBUG FXGLDisplay          - Stage shown
01:44:59.555 [JavaFX Application Thread] DEBUG FXGLDisplay          - Root size: 1000.0x1015.0
01:44:59.555 [JavaFX Application Thread] DEBUG FXGLDisplay          - Scene size: 1000.0x1015.0
01:44:59.555 [JavaFX Application Thread] DEBUG FXGLDisplay          - Stage size: 1016.0x1054.0
01:44:59.584 [JavaFX Application Thread] DEBUG GameApplication      - Running preInit()
01:44:59.586 [JavaFX Application Thread] DEBUG Input                - Registered new binding: Screenshot - P
01:44:59.586 [JavaFX Application Thread] DEBUG Input                - Registered new binding: Dev Options - CTRL+0
01:44:59.586 [JavaFX Application Thread] DEBUG Input                - Registered new binding: RANDOM - R
01:44:59.586 [JavaFX Application Thread] DEBUG Input                - Registered new binding: 1 - 1
01:44:59.587 [JavaFX Application Thread] DEBUG Input                - Registered new binding: num1 - Numpad 1
01:44:59.587 [JavaFX Application Thread] DEBUG Input                - Registered new binding: 2 - 2
01:44:59.587 [JavaFX Application Thread] DEBUG Input                - Registered new binding: num2 - Numpad 2
01:44:59.587 [JavaFX Application Thread] DEBUG Input                - Registered new binding: 3 - 3
01:44:59.587 [JavaFX Application Thread] DEBUG Input                - Registered new binding: num3 - Numpad 3
01:44:59.587 [JavaFX Application Thread] DEBUG Input                - Registered new binding: 4 - 4
01:44:59.587 [JavaFX Application Thread] DEBUG Input                - Registered new binding: num4 - Numpad 4
01:44:59.587 [JavaFX Application Thread] DEBUG Input                - Registered new binding: 5 - 5
01:44:59.587 [JavaFX Application Thread] DEBUG Input                - Registered new binding: num5 - Numpad 5
01:44:59.587 [JavaFX Application Thread] DEBUG Input                - Registered new binding: 6 - 6
01:44:59.588 [JavaFX Application Thread] DEBUG Input                - Registered new binding: num6 - Numpad 6
01:44:59.588 [JavaFX Application Thread] DEBUG Input                - Registered new binding: 7 - 7
01:44:59.588 [JavaFX Application Thread] DEBUG Input                - Registered new binding: num7 - Numpad 7
01:44:59.588 [JavaFX Application Thread] DEBUG Input                - Registered new binding: 8 - 8
01:44:59.588 [JavaFX Application Thread] DEBUG Input                - Registered new binding: num8 - Numpad 8
01:44:59.588 [JavaFX Application Thread] DEBUG Input                - Registered new binding: 9 - 9
01:44:59.588 [JavaFX Application Thread] DEBUG Input                - Registered new binding: num9 - Numpad 9
01:44:59.588 [JavaFX Application Thread] DEBUG Input                - Registered new binding: 0 - 0
01:44:59.588 [JavaFX Application Thread] DEBUG Input                - Registered new binding: num0 - Numpad 0
01:44:59.588 [JavaFX Application Thread] DEBUG Input                - Registered new binding: ENTER - Enter
01:44:59.588 [JavaFX Application Thread] DEBUG Input                - Registered new binding: BACKSPACE - Backspace
01:44:59.625 [JavaFX Application Thread] DEBUG GameApplication      - Starting main loop
01:44:59.627 [JavaFX Application Thread] DEBUG StartupState         - STARTUP
01:44:59.627 [JavaFX Application Thread] DEBUG GameApplication      - Starting new game
01:44:59.628 [JavaFX Application Thread] DEBUG Input                - Clearing active input actions
01:44:59.628 [JavaFX Application Thread] DEBUG AppStateMachine      - StartupState -> LoadingState
01:44:59.711 [JavaFX Application Thread] DEBUG InitAppTask          - @AddCollisionHandler: []
01:44:59.711 [JavaFX Application Thread] DEBUG InitAppTask          - @SetEntityFactory: []
01:44:59.713 [FXGL Background Thread 1 ] DEBUG InitAppTask          - Clearing previous game
01:44:59.713 [FXGL Background Thread 1 ] DEBUG GameWorld            - Resetting game world
01:44:59.714 [FXGL Background Thread 1 ] DEBUG PhysicsWorld         - Resetting physics world
01:44:59.714 [FXGL Background Thread 1 ] DEBUG GameScene            - Resetting game scene
01:44:59.714 [FXGL Background Thread 1 ] DEBUG InitAppTask          - Initializing Assets
01:44:59.715 [FXGL Background Thread 1 ] DEBUG InitAppTask          - Initializing Game
01:44:59.735 [FXGL Background Thread 1 ] DEBUG GameScene            - Creating render group for layer: BACKGROUND(1000)
01:44:59.743 [FXGL Background Thread 1 ] DEBUG InitAppTask          - Initializing Physics
01:44:59.743 [FXGL Background Thread 1 ] DEBUG InitAppTask          - Initializing UI
01:44:59.743 [FXGL Background Thread 1 ] DEBUG InitAppTask          - Initialization Complete
01:44:59.743 [FXGL Background Thread 1 ] INFO  InitAppTask          - Game initialization took: 0.030 sec
01:44:59.787 [JavaFX Application Thread] DEBUG Input                - Clearing active input actions
01:44:59.787 [JavaFX Application Thread] DEBUG AppStateMachine      - LoadingState -> PlayState
01:45:03.121 [JavaFX Application Thread] DEBUG GameWorld            - Resetting game world
01:45:03.123 [JavaFX Application Thread] DEBUG PhysicsWorld         - Resetting physics world
01:45:03.123 [JavaFX Application Thread] DEBUG GameScene            - Resetting game scene
01:45:03.124 [JavaFX Application Thread] DEBUG GameScene            - Creating render group for layer: BACKGROUND(1000)
01:45:06.740 [JavaFX Application Thread] DEBUG GameWorld            - Resetting game world
01:45:07.075 [JavaFX Application Thread] DEBUG PhysicsWorld         - Resetting physics world
01:45:07.075 [JavaFX Application Thread] DEBUG GameScene            - Resetting game scene
01:45:07.076 [JavaFX Application Thread] DEBUG GameScene            - Creating render group for layer: BACKGROUND(1000)
01:45:15.767 [JavaFX Application Thread] DEBUG GameWorld            - Resetting game world
01:45:20.013 [JavaFX Application Thread] DEBUG PhysicsWorld         - Resetting physics world
01:45:20.013 [JavaFX Application Thread] DEBUG GameScene            - Resetting game scene
01:45:20.013 [JavaFX Application Thread] DEBUG GameScene            - Creating render group for layer: BACKGROUND(1000)
01:45:23.321 [JavaFX Application Thread] DEBUG GameWorld            - Resetting game world
01:45:23.321 [JavaFX Application Thread] DEBUG PhysicsWorld         - Resetting physics world
01:45:23.321 [JavaFX Application Thread] DEBUG GameScene            - Resetting game scene
01:45:23.322 [JavaFX Application Thread] DEBUG GameScene            - Creating render group for layer: BACKGROUND(1000)
01:45:26.716 [JavaFX Application Thread] DEBUG GameWorld            - Resetting game world
01:45:27.263 [JavaFX Application Thread] DEBUG PhysicsWorld         - Resetting physics world
01:45:27.263 [JavaFX Application Thread] DEBUG GameScene            - Resetting game scene
01:45:27.263 [JavaFX Application Thread] DEBUG GameScene            - Creating render group for layer: BACKGROUND(1000)
01:45:30.572 [JavaFX Application Thread] DEBUG GameWorld            - Resetting game world
01:45:30.573 [JavaFX Application Thread] DEBUG PhysicsWorld         - Resetting physics world
01:45:30.573 [JavaFX Application Thread] DEBUG GameScene            - Resetting game scene
01:45:30.573 [JavaFX Application Thread] DEBUG GameScene            - Creating render group for layer: BACKGROUND(1000)
