01:46:41.445 [FXGL Launcher Thread     ] DEBUG FXGL                 - FXGL logger initialized
01:46:41.447 [FXGL Launcher Thread     ] DEBUG FXGL                 - Service <<AudioPlayer>> initialized
01:46:41.448 [FXGL Launcher Thread     ] DEBUG FXGLAssetLoader      - Asset cacheSize=35
01:46:41.448 [FXGL Launcher Thread     ] DEBUG FXGL                 - Service <<AssetLoader>> initialized
01:46:41.449 [FXGL Launcher Thread     ] DEBUG FXGL                 - Service <<EventBus>> initialized
01:46:41.451 [FXGL Launcher Thread     ] DEBUG FXGLAssetLoader      - Loading from disk: /assets/ui/cursors/fxgl_default.png
01:46:41.465 [FXGL Launcher Thread     ] DEBUG FXGLAssetLoader      - Loading from disk: /assets/sounds/core/notification.wav
01:46:41.482 [FXGL Launcher Thread     ] DEBUG FXGLAssetLoader      - Loading from disk: /assets/sounds/menu/select.wav
01:46:41.483 [FXGL Launcher Thread     ] DEBUG FXGLAssetLoader      - Loading from disk: /assets/sounds/menu/back.wav
01:46:41.485 [FXGL Launcher Thread     ] DEBUG FXGLAssetLoader      - Loading from disk: /assets/sounds/menu/press.wav
01:46:41.486 [FXGL Launcher Thread     ] DEBUG FXGLAssetLoader      - Loading from disk: /assets/ui/fonts/Copperplate_Gothic_Light_Regular.ttf
01:46:41.556 [FXGL Launcher Thread     ] DEBUG FXGLAssetLoader      - Loading from disk: /assets/ui/fonts/lucida_console.ttf
01:46:41.568 [FXGL Launcher Thread     ] DEBUG FXGLAssetLoader      - Loading from disk: /assets/ui/css/fxgl_dark.css
01:46:41.568 [FXGL Launcher Thread     ] DEBUG FXGLAssetLoader      - Loading from disk: /assets/ui/icons/fxgl_icon.png
01:46:41.580 [FXGL Launcher Thread     ] DEBUG FXGLDisplay          - Using CSS: CSS(externalForm=jar:file:/C:/Users/lukel/Documents/Programming/CellularAutomata/More1DAutomata/lib/fxgl-0.3.4-uber.jar!/assets/ui/css/fxgl_dark.css)
01:46:41.581 [FXGL Launcher Thread     ] DEBUG FXGL                 - Service <<Display>> initialized
01:46:41.583 [FXGL Launcher Thread     ] DEBUG FXGL                 - Service <<Executor>> initialized
01:46:41.589 [FXGL Launcher Thread     ] DEBUG FXGL                 - Service <<NotificationService>> initialized
01:46:41.590 [FXGL Launcher Thread     ] DEBUG FXGL                 - Service <<Net>> initialized
01:46:41.609 [FXGL Launcher Thread     ] DEBUG FXGL                 - Service <<Gameplay>> initialized
01:46:41.615 [FXGL Launcher Thread     ] DEBUG FXGLPooler           - Default pool size for objects = 128
01:46:41.616 [FXGL Launcher Thread     ] DEBUG FXGL                 - Service <<Pooler>> initialized
01:46:41.616 [FXGL Launcher Thread     ] DEBUG FXGL                 - Service <<ExceptionHandler>> initialized
01:46:41.616 [FXGL Launcher Thread     ] DEBUG FXGL                 - Service <<UIFactory>> initialized
01:46:41.617 [FXGL Launcher Thread     ] DEBUG FXGL                 - Service <<DialogFactory>> initialized
01:46:41.617 [FXGL Launcher Thread     ] DEBUG FXGL                 - Service <<SceneFactory>> initialized
01:46:41.617 [FXGL Launcher Thread     ] DEBUG FXGL                 - Loading FXGL system data
01:46:41.619 [FXGL Launcher Thread     ] DEBUG IOTask               - Executing task: readDataTask(system/fxgl.bundle)
01:46:41.622 [FXGL Launcher Thread     ] DEBUG FS                   - Reading from: system\fxgl.bundle
01:46:41.629 [FXGL Launcher Thread     ] DEBUG IOTask               - Task succeeded: readDataTask(system/fxgl.bundle)
01:46:41.629 [FXGL Launcher Thread     ] DEBUG Bundle               - Logging bundle: FXGL
01:46:41.630 [FXGL Launcher Thread     ] DEBUG Bundle               - FXGL.offline.timer.version.check=2017-07-11T23:54:35.862
01:46:41.630 [FXGL Launcher Thread     ] DEBUG GameApplication      - FXGL configuration complete
01:46:41.631 [FXGL Launcher Thread     ] INFO  GameApplication      - FXGL configuration took:  0.622 sec
01:46:41.631 [FXGL Launcher Thread     ] DEBUG GameApplication      - Logging game settings
Title: Elementary Cellular Automata
Version: 0.0
Width: 1000
Height: 1015
Fullscreen: false
Intro: false
Menus: false
Profiling: false
App Mode: DEVELOPER
Menu Style: FXGL_DEFAULT
Menu Key: ESCAPE
Services: []
01:46:41.647 [FXGL Launcher Thread     ] DEBUG GameApplication      - Configuring GameApplication
01:46:41.648 [FXGL Launcher Thread     ] DEBUG AppStateMachine      - Initializing application states
01:46:41.650 [FXGL Launcher Thread     ] DEBUG FXGLAssetLoader      - Loading from disk: /assets/ui/cursors/fxgl_default.png
01:46:41.653 [FXGL Launcher Thread     ] DEBUG FXGLAssetLoader      - Loading from disk: /assets/ui/cursors/fxgl_default.png
01:46:41.687 [FXGL Launcher Thread     ] DEBUG GameWorld            - Game world initialized
01:46:41.717 [FXGL Launcher Thread     ] DEBUG PhysicsWorld         - Physics world initialized: appHeight=1015, physics.ppm=50.0
01:46:41.724 [FXGL Launcher Thread     ] DEBUG FXGLAssetLoader      - Loading from disk: /assets/ui/cursors/fxgl_default.png
01:46:41.738 [FXGL Launcher Thread     ] DEBUG GameScene            - Game scene initialized: 1000x1015
01:46:41.755 [FXGL Launcher Thread     ] DEBUG Input                - Registered new binding: Pause - Esc
01:46:41.765 [FXGL Launcher Thread     ] INFO  GameApplication      - Game configuration took:  0.118 sec
01:46:41.776 [JavaFX Application Thread] DEBUG FXGLDisplay          - Target size: DoubleProperty [value: 1000.0] x DoubleProperty [value: 1015.0] @ 1.0
01:46:41.776 [JavaFX Application Thread] DEBUG FXGLDisplay          - New size:    1000.0 x 1015.0 @ DoubleProperty [value: 1.0]
01:46:41.776 [JavaFX Application Thread] DEBUG FXGLDisplay          - Opening primary stage
01:46:41.807 [JavaFX Application Thread] DEBUG FXGLDisplay          - Stage shown
01:46:41.807 [JavaFX Application Thread] DEBUG FXGLDisplay          - Root size: 1000.0x1015.0
01:46:41.807 [JavaFX Application Thread] DEBUG FXGLDisplay          - Scene size: 1000.0x1015.0
01:46:41.807 [JavaFX Application Thread] DEBUG FXGLDisplay          - Stage size: 1016.0x1054.0
01:46:41.837 [JavaFX Application Thread] DEBUG GameApplication      - Running preInit()
01:46:41.839 [JavaFX Application Thread] DEBUG Input                - Registered new binding: Screenshot - P
01:46:41.839 [JavaFX Application Thread] DEBUG Input                - Registered new binding: Dev Options - CTRL+0
01:46:41.840 [JavaFX Application Thread] DEBUG Input                - Registered new binding: RANDOM - R
01:46:41.840 [JavaFX Application Thread] DEBUG Input                - Registered new binding: 1 - 1
01:46:41.840 [JavaFX Application Thread] DEBUG Input                - Registered new binding: num1 - Numpad 1
01:46:41.840 [JavaFX Application Thread] DEBUG Input                - Registered new binding: 2 - 2
01:46:41.840 [JavaFX Application Thread] DEBUG Input                - Registered new binding: num2 - Numpad 2
01:46:41.840 [JavaFX Application Thread] DEBUG Input                - Registered new binding: 3 - 3
01:46:41.840 [JavaFX Application Thread] DEBUG Input                - Registered new binding: num3 - Numpad 3
01:46:41.840 [JavaFX Application Thread] DEBUG Input                - Registered new binding: 4 - 4
01:46:41.840 [JavaFX Application Thread] DEBUG Input                - Registered new binding: num4 - Numpad 4
01:46:41.840 [JavaFX Application Thread] DEBUG Input                - Registered new binding: 5 - 5
01:46:41.840 [JavaFX Application Thread] DEBUG Input                - Registered new binding: num5 - Numpad 5
01:46:41.840 [JavaFX Application Thread] DEBUG Input                - Registered new binding: 6 - 6
01:46:41.841 [JavaFX Application Thread] DEBUG Input                - Registered new binding: num6 - Numpad 6
01:46:41.841 [JavaFX Application Thread] DEBUG Input                - Registered new binding: 7 - 7
01:46:41.841 [JavaFX Application Thread] DEBUG Input                - Registered new binding: num7 - Numpad 7
01:46:41.841 [JavaFX Application Thread] DEBUG Input                - Registered new binding: 8 - 8
01:46:41.841 [JavaFX Application Thread] DEBUG Input                - Registered new binding: num8 - Numpad 8
01:46:41.841 [JavaFX Application Thread] DEBUG Input                - Registered new binding: 9 - 9
01:46:41.841 [JavaFX Application Thread] DEBUG Input                - Registered new binding: num9 - Numpad 9
01:46:41.841 [JavaFX Application Thread] DEBUG Input                - Registered new binding: 0 - 0
01:46:41.841 [JavaFX Application Thread] DEBUG Input                - Registered new binding: num0 - Numpad 0
01:46:41.841 [JavaFX Application Thread] DEBUG Input                - Registered new binding: ENTER - Enter
01:46:41.841 [JavaFX Application Thread] DEBUG Input                - Registered new binding: BACKSPACE - Backspace
01:46:41.879 [JavaFX Application Thread] DEBUG GameApplication      - Starting main loop
01:46:41.884 [JavaFX Application Thread] DEBUG StartupState         - STARTUP
01:46:41.884 [JavaFX Application Thread] DEBUG GameApplication      - Starting new game
01:46:41.884 [JavaFX Application Thread] DEBUG Input                - Clearing active input actions
01:46:41.884 [JavaFX Application Thread] DEBUG AppStateMachine      - StartupState -> LoadingState
01:46:42.031 [JavaFX Application Thread] DEBUG InitAppTask          - @SetEntityFactory: []
01:46:42.031 [JavaFX Application Thread] DEBUG InitAppTask          - @AddCollisionHandler: []
01:46:42.034 [FXGL Background Thread 1 ] DEBUG InitAppTask          - Clearing previous game
01:46:42.034 [FXGL Background Thread 1 ] DEBUG GameWorld            - Resetting game world
01:46:42.035 [FXGL Background Thread 1 ] DEBUG PhysicsWorld         - Resetting physics world
01:46:42.035 [FXGL Background Thread 1 ] DEBUG GameScene            - Resetting game scene
01:46:42.035 [FXGL Background Thread 1 ] DEBUG InitAppTask          - Initializing Assets
01:46:42.036 [FXGL Background Thread 1 ] DEBUG InitAppTask          - Initializing Game
01:46:42.056 [FXGL Background Thread 1 ] DEBUG GameScene            - Creating render group for layer: BACKGROUND(1000)
01:46:42.061 [FXGL Background Thread 1 ] DEBUG InitAppTask          - Initializing Physics
01:46:42.061 [FXGL Background Thread 1 ] DEBUG InitAppTask          - Initializing UI
01:46:42.061 [FXGL Background Thread 1 ] DEBUG InitAppTask          - Initialization Complete
01:46:42.061 [FXGL Background Thread 1 ] INFO  InitAppTask          - Game initialization took: 0.027 sec
01:46:42.093 [JavaFX Application Thread] DEBUG Input                - Clearing active input actions
01:46:42.093 [JavaFX Application Thread] DEBUG AppStateMachine      - LoadingState -> PlayState
01:46:45.424 [JavaFX Application Thread] DEBUG GameWorld            - Resetting game world
01:46:45.427 [JavaFX Application Thread] DEBUG PhysicsWorld         - Resetting physics world
01:46:45.427 [JavaFX Application Thread] DEBUG GameScene            - Resetting game scene
01:46:45.427 [JavaFX Application Thread] DEBUG GameScene            - Creating render group for layer: BACKGROUND(1000)
01:46:50.359 [JavaFX Application Thread] DEBUG GameWorld            - Resetting game world
01:46:51.194 [JavaFX Application Thread] DEBUG PhysicsWorld         - Resetting physics world
01:46:51.194 [JavaFX Application Thread] DEBUG GameScene            - Resetting game scene
01:46:51.195 [JavaFX Application Thread] DEBUG GameScene            - Creating render group for layer: BACKGROUND(1000)
01:46:54.554 [JavaFX Application Thread] DEBUG GameWorld            - Resetting game world
01:46:54.874 [JavaFX Application Thread] DEBUG PhysicsWorld         - Resetting physics world
01:46:54.874 [JavaFX Application Thread] DEBUG GameScene            - Resetting game scene
01:46:54.874 [JavaFX Application Thread] DEBUG GameScene            - Creating render group for layer: BACKGROUND(1000)
01:46:59.518 [JavaFX Application Thread] DEBUG GameWorld            - Resetting game world
01:47:00.217 [JavaFX Application Thread] DEBUG PhysicsWorld         - Resetting physics world
01:47:00.217 [JavaFX Application Thread] DEBUG GameScene            - Resetting game scene
01:47:00.217 [JavaFX Application Thread] DEBUG GameScene            - Creating render group for layer: BACKGROUND(1000)
01:47:03.744 [JavaFX Application Thread] DEBUG GameWorld            - Resetting game world
01:47:04.282 [JavaFX Application Thread] DEBUG PhysicsWorld         - Resetting physics world
01:47:04.282 [JavaFX Application Thread] DEBUG GameScene            - Resetting game scene
01:47:04.283 [JavaFX Application Thread] DEBUG GameScene            - Creating render group for layer: BACKGROUND(1000)
01:47:06.116 [JavaFX Application Thread] DEBUG FXGLEventBus         - Firing event: DisplayEvent[type=CLOSE_REQUEST]
01:47:06.117 [JavaFX Application Thread] DEBUG GameApplication      - Exiting FXGL application
01:47:06.117 [JavaFX Application Thread] DEBUG FXGL                 - Saving FXGL system data
01:47:06.118 [JavaFX Application Thread] DEBUG IOTask               - Executing task: writeDataTask(system/fxgl.bundle)
01:47:06.119 [JavaFX Application Thread] DEBUG FS                   - Writing to: system\fxgl.bundle
01:47:06.122 [JavaFX Application Thread] DEBUG IOTask               - Task succeeded: writeDataTask(system/fxgl.bundle)
01:47:06.122 [JavaFX Application Thread] DEBUG GameApplication      - Closing FXGL logger and exiting JavaFX
