01:42:14.177 [FXGL Launcher Thread     ] DEBUG FXGL                 - FXGL logger initialized
01:42:14.179 [FXGL Launcher Thread     ] DEBUG FXGL                 - Service <<AudioPlayer>> initialized
01:42:14.180 [FXGL Launcher Thread     ] DEBUG FXGLAssetLoader      - Asset cacheSize=35
01:42:14.180 [FXGL Launcher Thread     ] DEBUG FXGL                 - Service <<AssetLoader>> initialized
01:42:14.181 [FXGL Launcher Thread     ] DEBUG FXGL                 - Service <<EventBus>> initialized
01:42:14.183 [FXGL Launcher Thread     ] DEBUG FXGLAssetLoader      - Loading from disk: /assets/ui/cursors/fxgl_default.png
01:42:14.199 [FXGL Launcher Thread     ] DEBUG FXGLAssetLoader      - Loading from disk: /assets/sounds/core/notification.wav
01:42:14.216 [FXGL Launcher Thread     ] DEBUG FXGLAssetLoader      - Loading from disk: /assets/sounds/menu/select.wav
01:42:14.217 [FXGL Launcher Thread     ] DEBUG FXGLAssetLoader      - Loading from disk: /assets/sounds/menu/back.wav
01:42:14.219 [FXGL Launcher Thread     ] DEBUG FXGLAssetLoader      - Loading from disk: /assets/sounds/menu/press.wav
01:42:14.221 [FXGL Launcher Thread     ] DEBUG FXGLAssetLoader      - Loading from disk: /assets/ui/fonts/Copperplate_Gothic_Light_Regular.ttf
01:42:14.313 [FXGL Launcher Thread     ] DEBUG FXGLAssetLoader      - Loading from disk: /assets/ui/fonts/lucida_console.ttf
01:42:14.328 [FXGL Launcher Thread     ] DEBUG FXGLAssetLoader      - Loading from disk: /assets/ui/css/fxgl_dark.css
01:42:14.328 [FXGL Launcher Thread     ] DEBUG FXGLAssetLoader      - Loading from disk: /assets/ui/icons/fxgl_icon.png
01:42:14.341 [FXGL Launcher Thread     ] DEBUG FXGLDisplay          - Using CSS: CSS(externalForm=jar:file:/C:/Users/lukel/Documents/Programming/CellularAutomata/More1DAutomata/lib/fxgl-0.3.4-uber.jar!/assets/ui/css/fxgl_dark.css)
01:42:14.342 [FXGL Launcher Thread     ] DEBUG FXGL                 - Service <<Display>> initialized
01:42:14.344 [FXGL Launcher Thread     ] DEBUG FXGL                 - Service <<Executor>> initialized
01:42:14.350 [FXGL Launcher Thread     ] DEBUG FXGL                 - Service <<NotificationService>> initialized
01:42:14.351 [FXGL Launcher Thread     ] DEBUG FXGL                 - Service <<Net>> initialized
01:42:14.364 [FXGL Launcher Thread     ] DEBUG FXGL                 - Service <<Gameplay>> initialized
01:42:14.372 [FXGL Launcher Thread     ] DEBUG FXGLPooler           - Default pool size for objects = 128
01:42:14.373 [FXGL Launcher Thread     ] DEBUG FXGL                 - Service <<Pooler>> initialized
01:42:14.374 [FXGL Launcher Thread     ] DEBUG FXGL                 - Service <<ExceptionHandler>> initialized
01:42:14.376 [FXGL Launcher Thread     ] DEBUG FXGL                 - Service <<UIFactory>> initialized
01:42:14.376 [FXGL Launcher Thread     ] DEBUG FXGL                 - Service <<DialogFactory>> initialized
01:42:14.376 [FXGL Launcher Thread     ] DEBUG FXGL                 - Service <<SceneFactory>> initialized
01:42:14.376 [FXGL Launcher Thread     ] DEBUG FXGL                 - Loading FXGL system data
01:42:14.379 [FXGL Launcher Thread     ] DEBUG IOTask               - Executing task: readDataTask(system/fxgl.bundle)
01:42:14.382 [FXGL Launcher Thread     ] DEBUG FS                   - Reading from: system\fxgl.bundle
01:42:14.389 [FXGL Launcher Thread     ] DEBUG IOTask               - Task succeeded: readDataTask(system/fxgl.bundle)
01:42:14.389 [FXGL Launcher Thread     ] DEBUG Bundle               - Logging bundle: FXGL
01:42:14.390 [FXGL Launcher Thread     ] DEBUG Bundle               - FXGL.offline.timer.version.check=2017-07-11T23:54:35.862
01:42:14.390 [FXGL Launcher Thread     ] DEBUG GameApplication      - FXGL configuration complete
01:42:14.391 [FXGL Launcher Thread     ] INFO  GameApplication      - FXGL configuration took:  0.663 sec
01:42:14.391 [FXGL Launcher Thread     ] DEBUG GameApplication      - Logging game settings
Title: Elementary Cellular Automata
Version: 0.0
Width: 1000
Height: 1015
Fullscreen: false
Intro: false
Menus: false
Profiling: false
App Mode: DEVELOPER
Menu Style: FXGL_DEFAULT
Menu Key: ESCAPE
Services: []
01:42:14.411 [FXGL Launcher Thread     ] DEBUG GameApplication      - Configuring GameApplication
01:42:14.412 [FXGL Launcher Thread     ] DEBUG AppStateMachine      - Initializing application states
01:42:14.414 [FXGL Launcher Thread     ] DEBUG FXGLAssetLoader      - Loading from disk: /assets/ui/cursors/fxgl_default.png
01:42:14.417 [FXGL Launcher Thread     ] DEBUG FXGLAssetLoader      - Loading from disk: /assets/ui/cursors/fxgl_default.png
01:42:14.469 [FXGL Launcher Thread     ] DEBUG GameWorld            - Game world initialized
01:42:14.500 [FXGL Launcher Thread     ] DEBUG PhysicsWorld         - Physics world initialized: appHeight=1015, physics.ppm=50.0
01:42:14.510 [FXGL Launcher Thread     ] DEBUG FXGLAssetLoader      - Loading from disk: /assets/ui/cursors/fxgl_default.png
01:42:14.526 [FXGL Launcher Thread     ] DEBUG GameScene            - Game scene initialized: 1000x1015
01:42:14.543 [FXGL Launcher Thread     ] DEBUG Input                - Registered new binding: Pause - Esc
01:42:14.552 [FXGL Launcher Thread     ] INFO  GameApplication      - Game configuration took:  0.140 sec
01:42:14.555 [JavaFX Application Thread] DEBUG FXGLDisplay          - Target size: DoubleProperty [value: 1000.0] x DoubleProperty [value: 1015.0] @ 1.0
01:42:14.555 [JavaFX Application Thread] DEBUG FXGLDisplay          - New size:    1000.0 x 1015.0 @ DoubleProperty [value: 1.0]
01:42:14.555 [JavaFX Application Thread] DEBUG FXGLDisplay          - Opening primary stage
01:42:14.584 [JavaFX Application Thread] DEBUG FXGLDisplay          - Stage shown
01:42:14.584 [JavaFX Application Thread] DEBUG FXGLDisplay          - Root size: 1000.0x1015.0
01:42:14.584 [JavaFX Application Thread] DEBUG FXGLDisplay          - Scene size: 1000.0x1015.0
01:42:14.584 [JavaFX Application Thread] DEBUG FXGLDisplay          - Stage size: 1016.0x1054.0
01:42:14.612 [JavaFX Application Thread] DEBUG GameApplication      - Running preInit()
01:42:14.613 [JavaFX Application Thread] DEBUG Input                - Registered new binding: Screenshot - P
01:42:14.614 [JavaFX Application Thread] DEBUG Input                - Registered new binding: Dev Options - CTRL+0
01:42:14.614 [JavaFX Application Thread] DEBUG Input                - Registered new binding: RANDOM - R
01:42:14.614 [JavaFX Application Thread] DEBUG Input                - Registered new binding: 1 - 1
01:42:14.614 [JavaFX Application Thread] DEBUG Input                - Registered new binding: num1 - Numpad 1
01:42:14.614 [JavaFX Application Thread] DEBUG Input                - Registered new binding: 2 - 2
01:42:14.614 [JavaFX Application Thread] DEBUG Input                - Registered new binding: num2 - Numpad 2
01:42:14.614 [JavaFX Application Thread] DEBUG Input                - Registered new binding: 3 - 3
01:42:14.614 [JavaFX Application Thread] DEBUG Input                - Registered new binding: num3 - Numpad 3
01:42:14.614 [JavaFX Application Thread] DEBUG Input                - Registered new binding: 4 - 4
01:42:14.614 [JavaFX Application Thread] DEBUG Input                - Registered new binding: num4 - Numpad 4
01:42:14.615 [JavaFX Application Thread] DEBUG Input                - Registered new binding: 5 - 5
01:42:14.615 [JavaFX Application Thread] DEBUG Input                - Registered new binding: num5 - Numpad 5
01:42:14.615 [JavaFX Application Thread] DEBUG Input                - Registered new binding: 6 - 6
01:42:14.615 [JavaFX Application Thread] DEBUG Input                - Registered new binding: num6 - Numpad 6
01:42:14.615 [JavaFX Application Thread] DEBUG Input                - Registered new binding: 7 - 7
01:42:14.615 [JavaFX Application Thread] DEBUG Input                - Registered new binding: num7 - Numpad 7
01:42:14.615 [JavaFX Application Thread] DEBUG Input                - Registered new binding: 8 - 8
01:42:14.615 [JavaFX Application Thread] DEBUG Input                - Registered new binding: num8 - Numpad 8
01:42:14.615 [JavaFX Application Thread] DEBUG Input                - Registered new binding: 9 - 9
01:42:14.615 [JavaFX Application Thread] DEBUG Input                - Registered new binding: num9 - Numpad 9
01:42:14.615 [JavaFX Application Thread] DEBUG Input                - Registered new binding: 0 - 0
01:42:14.615 [JavaFX Application Thread] DEBUG Input                - Registered new binding: num0 - Numpad 0
01:42:14.616 [JavaFX Application Thread] DEBUG Input                - Registered new binding: ENTER - Enter
01:42:14.616 [JavaFX Application Thread] FATAL FXGLExceptionHandler - Uncaught Exception:
01:42:14.616 [JavaFX Application Thread] FATAL FXGLExceptionHandler - 

Exception occurred: java.lang.IllegalArgumentException : Action with name "ENTER" already exists
E: com.almasb.fxgl.input.Input.addBinding(Input.kt:284)
E: com.almasb.fxgl.input.Input.addAction(Input.kt:279)
E: com.almasb.fxgl.input.Input.addAction$default(Input.kt:275)
E: com.almasb.fxgl.input.Input.addAction(Input.kt)
E: com.lukelavin.automata.Main.initInput(Main.java:275)
E: com.almasb.fxgl.app.GameApplication.runPreInit(GameApplication.java:285)
E: com.almasb.fxgl.app.GameApplication.lambda$launchGame$10(GameApplication.java:263)
E: com.almasb.fxgl.core.concurrent.Async.lambda$startFX$1(Async.java:61)
E: com.almasb.fxgl.core.concurrent.FXCoroutine$1.run(FXCoroutine.kt:34)
E: com.sun.javafx.application.PlatformImpl.lambda$null$173(PlatformImpl.java:295)
E: java.security.AccessController.doPrivileged(Native Method)
E: com.sun.javafx.application.PlatformImpl.lambda$runLater$174(PlatformImpl.java:294)
E: com.sun.glass.ui.InvokeLaterDispatcher$Future.run(InvokeLaterDispatcher.java:95)
E: com.sun.glass.ui.win.WinApplication._runLoop(Native Method)
E: com.sun.glass.ui.win.WinApplication.lambda$null$148(WinApplication.java:191)
E: java.lang.Thread.run(Thread.java:745)

01:42:14.617 [JavaFX Application Thread] FATAL FXGLExceptionHandler - Application will now exit
01:42:14.617 [JavaFX Application Thread] DEBUG GameApplication      - Stopping main loop
01:42:15.853 [JavaFX Application Thread] DEBUG GameApplication      - Exiting FXGL application
01:42:15.854 [JavaFX Application Thread] DEBUG FXGL                 - Saving FXGL system data
01:42:15.856 [JavaFX Application Thread] DEBUG IOTask               - Executing task: writeDataTask(system/fxgl.bundle)
01:42:15.857 [JavaFX Application Thread] DEBUG FS                   - Writing to: system\fxgl.bundle
01:42:15.860 [JavaFX Application Thread] DEBUG IOTask               - Task succeeded: writeDataTask(system/fxgl.bundle)
01:42:15.860 [JavaFX Application Thread] DEBUG GameApplication      - Closing FXGL logger and exiting JavaFX
