12:15:58.928 [FXGL Launcher Thread     ] DEBUG FXGL                 - FXGL logger initialized
12:15:58.931 [FXGL Launcher Thread     ] DEBUG FXGL                 - Service <<AudioPlayer>> initialized
12:15:58.932 [FXGL Launcher Thread     ] DEBUG FXGLAssetLoader      - Asset cacheSize=35
12:15:58.932 [FXGL Launcher Thread     ] DEBUG FXGL                 - Service <<AssetLoader>> initialized
12:15:58.933 [FXGL Launcher Thread     ] DEBUG FXGL                 - Service <<EventBus>> initialized
12:15:58.935 [FXGL Launcher Thread     ] DEBUG FXGLAssetLoader      - Loading from disk: /assets/ui/cursors/fxgl_default.png
12:15:58.950 [FXGL Launcher Thread     ] DEBUG FXGLAssetLoader      - Loading from disk: /assets/sounds/core/notification.wav
12:15:58.966 [FXGL Launcher Thread     ] DEBUG FXGLAssetLoader      - Loading from disk: /assets/sounds/menu/select.wav
12:15:58.967 [FXGL Launcher Thread     ] DEBUG FXGLAssetLoader      - Loading from disk: /assets/sounds/menu/back.wav
12:15:58.968 [FXGL Launcher Thread     ] DEBUG FXGLAssetLoader      - Loading from disk: /assets/sounds/menu/press.wav
12:15:58.970 [FXGL Launcher Thread     ] DEBUG FXGLAssetLoader      - Loading from disk: /assets/ui/fonts/Copperplate_Gothic_Light_Regular.ttf
12:15:59.092 [FXGL Launcher Thread     ] DEBUG FXGLAssetLoader      - Loading from disk: /assets/ui/fonts/lucida_console.ttf
12:15:59.105 [FXGL Launcher Thread     ] DEBUG FXGLAssetLoader      - Loading from disk: /assets/ui/css/fxgl_dark.css
12:15:59.106 [FXGL Launcher Thread     ] DEBUG FXGLAssetLoader      - Loading from disk: /assets/ui/icons/fxgl_icon.png
12:15:59.118 [FXGL Launcher Thread     ] DEBUG FXGLDisplay          - Using CSS: CSS(externalForm=jar:file:/C:/Users/lukel/Documents/Programming/CellularAutomata/More1DAutomata/lib/fxgl-0.3.4-uber.jar!/assets/ui/css/fxgl_dark.css)
12:15:59.119 [FXGL Launcher Thread     ] DEBUG FXGL                 - Service <<Display>> initialized
12:15:59.121 [FXGL Launcher Thread     ] DEBUG FXGL                 - Service <<Executor>> initialized
12:15:59.127 [FXGL Launcher Thread     ] DEBUG FXGL                 - Service <<NotificationService>> initialized
12:15:59.128 [FXGL Launcher Thread     ] DEBUG FXGL                 - Service <<Net>> initialized
12:15:59.143 [FXGL Launcher Thread     ] DEBUG FXGL                 - Service <<Gameplay>> initialized
12:15:59.149 [FXGL Launcher Thread     ] DEBUG FXGLPooler           - Default pool size for objects = 128
12:15:59.149 [FXGL Launcher Thread     ] DEBUG FXGL                 - Service <<Pooler>> initialized
12:15:59.150 [FXGL Launcher Thread     ] DEBUG FXGL                 - Service <<ExceptionHandler>> initialized
12:15:59.150 [FXGL Launcher Thread     ] DEBUG FXGL                 - Service <<UIFactory>> initialized
12:15:59.150 [FXGL Launcher Thread     ] DEBUG FXGL                 - Service <<DialogFactory>> initialized
12:15:59.150 [FXGL Launcher Thread     ] DEBUG FXGL                 - Service <<SceneFactory>> initialized
12:15:59.150 [FXGL Launcher Thread     ] DEBUG FXGL                 - Loading FXGL system data
12:15:59.153 [FXGL Launcher Thread     ] DEBUG IOTask               - Executing task: readDataTask(system/fxgl.bundle)
12:15:59.155 [FXGL Launcher Thread     ] DEBUG FS                   - Reading from: system\fxgl.bundle
12:15:59.163 [FXGL Launcher Thread     ] DEBUG IOTask               - Task succeeded: readDataTask(system/fxgl.bundle)
12:15:59.163 [FXGL Launcher Thread     ] DEBUG Bundle               - Logging bundle: FXGL
12:15:59.164 [FXGL Launcher Thread     ] DEBUG Bundle               - FXGL.offline.timer.version.check=2017-07-11T23:54:35.862
12:15:59.164 [FXGL Launcher Thread     ] DEBUG GameApplication      - FXGL configuration complete
12:15:59.164 [FXGL Launcher Thread     ] INFO  GameApplication      - FXGL configuration took:  0.666 sec
12:15:59.164 [FXGL Launcher Thread     ] DEBUG GameApplication      - Logging game settings
Title: Elementary Cellular Automata
Version: 1.0
Width: 1000
Height: 1015
Fullscreen: false
Intro: false
Menus: false
Profiling: false
App Mode: DEVELOPER
Menu Style: FXGL_DEFAULT
Menu Key: ESCAPE
Services: []
12:15:59.175 [FXGL Launcher Thread     ] DEBUG GameApplication      - Configuring GameApplication
12:15:59.176 [FXGL Launcher Thread     ] DEBUG AppStateMachine      - Initializing application states
12:15:59.178 [FXGL Launcher Thread     ] DEBUG FXGLAssetLoader      - Loading from disk: /assets/ui/cursors/fxgl_default.png
12:15:59.181 [FXGL Launcher Thread     ] DEBUG FXGLAssetLoader      - Loading from disk: /assets/ui/cursors/fxgl_default.png
12:15:59.219 [FXGL Launcher Thread     ] DEBUG GameWorld            - Game world initialized
12:15:59.252 [FXGL Launcher Thread     ] DEBUG PhysicsWorld         - Physics world initialized: appHeight=1015, physics.ppm=50.0
12:15:59.260 [FXGL Launcher Thread     ] DEBUG FXGLAssetLoader      - Loading from disk: /assets/ui/cursors/fxgl_default.png
12:15:59.276 [FXGL Launcher Thread     ] DEBUG GameScene            - Game scene initialized: 1000x1015
12:15:59.293 [FXGL Launcher Thread     ] DEBUG Input                - Registered new binding: Pause - Esc
12:15:59.305 [FXGL Launcher Thread     ] INFO  GameApplication      - Game configuration took:  0.129 sec
12:15:59.312 [JavaFX Application Thread] DEBUG FXGLDisplay          - Target size: DoubleProperty [value: 1000.0] x DoubleProperty [value: 1015.0] @ 1.0
12:15:59.313 [JavaFX Application Thread] DEBUG FXGLDisplay          - New size:    1000.0 x 1015.0 @ DoubleProperty [value: 1.0]
12:15:59.313 [JavaFX Application Thread] DEBUG FXGLDisplay          - Opening primary stage
12:15:59.344 [JavaFX Application Thread] DEBUG FXGLDisplay          - Stage shown
12:15:59.344 [JavaFX Application Thread] DEBUG FXGLDisplay          - Root size: 1000.0x1015.0
12:15:59.345 [JavaFX Application Thread] DEBUG FXGLDisplay          - Scene size: 1000.0x1015.0
12:15:59.345 [JavaFX Application Thread] DEBUG FXGLDisplay          - Stage size: 1016.0x1054.0
12:15:59.363 [JavaFX Application Thread] DEBUG GameApplication      - Running preInit()
12:15:59.365 [JavaFX Application Thread] DEBUG Input                - Registered new binding: Screenshot - P
12:15:59.365 [JavaFX Application Thread] DEBUG Input                - Registered new binding: Dev Options - CTRL+0
12:15:59.365 [JavaFX Application Thread] DEBUG Input                - Registered new binding: RANDOM - R
12:15:59.366 [JavaFX Application Thread] DEBUG Input                - Registered new binding: 1 - 1
12:15:59.366 [JavaFX Application Thread] DEBUG Input                - Registered new binding: num1 - Numpad 1
12:15:59.366 [JavaFX Application Thread] DEBUG Input                - Registered new binding: 2 - 2
12:15:59.366 [JavaFX Application Thread] DEBUG Input                - Registered new binding: num2 - Numpad 2
12:15:59.366 [JavaFX Application Thread] DEBUG Input                - Registered new binding: 3 - 3
12:15:59.366 [JavaFX Application Thread] DEBUG Input                - Registered new binding: num3 - Numpad 3
12:15:59.366 [JavaFX Application Thread] DEBUG Input                - Registered new binding: 4 - 4
12:15:59.366 [JavaFX Application Thread] DEBUG Input                - Registered new binding: num4 - Numpad 4
12:15:59.366 [JavaFX Application Thread] DEBUG Input                - Registered new binding: 5 - 5
12:15:59.366 [JavaFX Application Thread] DEBUG Input                - Registered new binding: num5 - Numpad 5
12:15:59.366 [JavaFX Application Thread] DEBUG Input                - Registered new binding: 6 - 6
12:15:59.367 [JavaFX Application Thread] DEBUG Input                - Registered new binding: num6 - Numpad 6
12:15:59.367 [JavaFX Application Thread] DEBUG Input                - Registered new binding: 7 - 7
12:15:59.367 [JavaFX Application Thread] DEBUG Input                - Registered new binding: num7 - Numpad 7
12:15:59.367 [JavaFX Application Thread] DEBUG Input                - Registered new binding: 8 - 8
12:15:59.367 [JavaFX Application Thread] DEBUG Input                - Registered new binding: num8 - Numpad 8
12:15:59.367 [JavaFX Application Thread] DEBUG Input                - Registered new binding: 9 - 9
12:15:59.367 [JavaFX Application Thread] DEBUG Input                - Registered new binding: num9 - Numpad 9
12:15:59.367 [JavaFX Application Thread] DEBUG Input                - Registered new binding: 0 - 0
12:15:59.367 [JavaFX Application Thread] DEBUG Input                - Registered new binding: num0 - Numpad 0
12:15:59.367 [JavaFX Application Thread] DEBUG Input                - Registered new binding: ENTER - Enter
12:15:59.367 [JavaFX Application Thread] DEBUG Input                - Registered new binding: BACKSPACE - Backspace
12:15:59.405 [JavaFX Application Thread] DEBUG GameApplication      - Starting main loop
12:15:59.410 [JavaFX Application Thread] DEBUG StartupState         - STARTUP
12:15:59.410 [JavaFX Application Thread] DEBUG GameApplication      - Starting new game
12:15:59.411 [JavaFX Application Thread] DEBUG Input                - Clearing active input actions
12:15:59.411 [JavaFX Application Thread] DEBUG AppStateMachine      - StartupState -> LoadingState
12:15:59.568 [JavaFX Application Thread] DEBUG InitAppTask          - @SetEntityFactory: []
12:15:59.569 [JavaFX Application Thread] DEBUG InitAppTask          - @AddCollisionHandler: []
12:15:59.571 [FXGL Background Thread 1 ] DEBUG InitAppTask          - Clearing previous game
12:15:59.571 [FXGL Background Thread 1 ] DEBUG GameWorld            - Resetting game world
12:15:59.572 [FXGL Background Thread 1 ] DEBUG PhysicsWorld         - Resetting physics world
12:15:59.572 [FXGL Background Thread 1 ] DEBUG GameScene            - Resetting game scene
12:15:59.573 [FXGL Background Thread 1 ] DEBUG InitAppTask          - Initializing Assets
12:15:59.573 [FXGL Background Thread 1 ] DEBUG InitAppTask          - Initializing Game
12:15:59.605 [FXGL Background Thread 1 ] DEBUG GameScene            - Creating render group for layer: BACKGROUND(1000)
12:15:59.608 [FXGL Background Thread 1 ] DEBUG InitAppTask          - Initializing Physics
12:15:59.608 [FXGL Background Thread 1 ] DEBUG InitAppTask          - Initializing UI
12:15:59.608 [FXGL Background Thread 1 ] DEBUG InitAppTask          - Initialization Complete
12:15:59.608 [FXGL Background Thread 1 ] INFO  InitAppTask          - Game initialization took: 0.038 sec
12:15:59.644 [JavaFX Application Thread] DEBUG Input                - Clearing active input actions
12:15:59.644 [JavaFX Application Thread] DEBUG AppStateMachine      - LoadingState -> PlayState
12:16:02.981 [JavaFX Application Thread] DEBUG GameWorld            - Resetting game world
12:16:02.983 [JavaFX Application Thread] DEBUG PhysicsWorld         - Resetting physics world
12:16:02.984 [JavaFX Application Thread] DEBUG GameScene            - Resetting game scene
12:16:02.984 [JavaFX Application Thread] DEBUG GameScene            - Creating render group for layer: BACKGROUND(1000)
12:16:06.593 [JavaFX Application Thread] DEBUG GameWorld            - Resetting game world
12:16:06.959 [JavaFX Application Thread] DEBUG PhysicsWorld         - Resetting physics world
12:16:06.959 [JavaFX Application Thread] DEBUG GameScene            - Resetting game scene
12:16:06.959 [JavaFX Application Thread] DEBUG GameScene            - Creating render group for layer: BACKGROUND(1000)
12:16:11.234 [JavaFX Application Thread] DEBUG GameWorld            - Resetting game world
12:16:12.792 [JavaFX Application Thread] DEBUG PhysicsWorld         - Resetting physics world
12:16:12.792 [JavaFX Application Thread] DEBUG GameScene            - Resetting game scene
12:16:12.792 [JavaFX Application Thread] DEBUG GameScene            - Creating render group for layer: BACKGROUND(1000)
12:16:17.543 [JavaFX Application Thread] DEBUG GameWorld            - Resetting game world
12:16:18.613 [JavaFX Application Thread] DEBUG PhysicsWorld         - Resetting physics world
12:16:18.614 [JavaFX Application Thread] DEBUG GameScene            - Resetting game scene
12:16:18.614 [JavaFX Application Thread] DEBUG GameScene            - Creating render group for layer: BACKGROUND(1000)
12:16:22.525 [JavaFX Application Thread] DEBUG GameWorld            - Resetting game world
12:16:24.054 [JavaFX Application Thread] DEBUG PhysicsWorld         - Resetting physics world
12:16:24.054 [JavaFX Application Thread] DEBUG GameScene            - Resetting game scene
12:16:24.054 [JavaFX Application Thread] DEBUG GameScene            - Creating render group for layer: BACKGROUND(1000)
12:16:29.769 [JavaFX Application Thread] DEBUG GameWorld            - Resetting game world
12:16:31.954 [JavaFX Application Thread] DEBUG PhysicsWorld         - Resetting physics world
12:16:31.954 [JavaFX Application Thread] DEBUG GameScene            - Resetting game scene
12:16:31.954 [JavaFX Application Thread] DEBUG GameScene            - Creating render group for layer: BACKGROUND(1000)
12:16:34.153 [JavaFX Application Thread] DEBUG GameWorld            - Resetting game world
12:16:34.953 [JavaFX Application Thread] DEBUG PhysicsWorld         - Resetting physics world
12:16:34.953 [JavaFX Application Thread] DEBUG GameScene            - Resetting game scene
12:16:34.953 [JavaFX Application Thread] DEBUG GameScene            - Creating render group for layer: BACKGROUND(1000)
12:16:37.487 [JavaFX Application Thread] DEBUG GameWorld            - Resetting game world
12:16:38.388 [JavaFX Application Thread] DEBUG PhysicsWorld         - Resetting physics world
12:16:38.388 [JavaFX Application Thread] DEBUG GameScene            - Resetting game scene
12:16:38.388 [JavaFX Application Thread] DEBUG GameScene            - Creating render group for layer: BACKGROUND(1000)
12:16:43.196 [JavaFX Application Thread] DEBUG GameWorld            - Resetting game world
12:16:44.378 [JavaFX Application Thread] DEBUG PhysicsWorld         - Resetting physics world
12:16:44.378 [JavaFX Application Thread] DEBUG GameScene            - Resetting game scene
12:16:44.378 [JavaFX Application Thread] DEBUG GameScene            - Creating render group for layer: BACKGROUND(1000)
12:16:46.825 [JavaFX Application Thread] DEBUG GameWorld            - Resetting game world
12:16:46.825 [JavaFX Application Thread] DEBUG PhysicsWorld         - Resetting physics world
12:16:46.825 [JavaFX Application Thread] DEBUG GameScene            - Resetting game scene
12:16:46.826 [JavaFX Application Thread] DEBUG GameScene            - Creating render group for layer: BACKGROUND(1000)
12:16:49.785 [JavaFX Application Thread] DEBUG GameWorld            - Resetting game world
12:16:50.667 [JavaFX Application Thread] DEBUG PhysicsWorld         - Resetting physics world
12:16:50.667 [JavaFX Application Thread] DEBUG GameScene            - Resetting game scene
12:16:50.668 [JavaFX Application Thread] DEBUG GameScene            - Creating render group for layer: BACKGROUND(1000)
12:16:53.975 [JavaFX Application Thread] DEBUG GameWorld            - Resetting game world
12:16:54.877 [JavaFX Application Thread] DEBUG PhysicsWorld         - Resetting physics world
12:16:54.877 [JavaFX Application Thread] DEBUG GameScene            - Resetting game scene
12:16:54.877 [JavaFX Application Thread] DEBUG GameScene            - Creating render group for layer: BACKGROUND(1000)
12:16:57.969 [JavaFX Application Thread] DEBUG GameWorld            - Resetting game world
12:16:59.297 [JavaFX Application Thread] DEBUG PhysicsWorld         - Resetting physics world
12:16:59.297 [JavaFX Application Thread] DEBUG GameScene            - Resetting game scene
12:16:59.297 [JavaFX Application Thread] DEBUG GameScene            - Creating render group for layer: BACKGROUND(1000)
12:17:02.846 [JavaFX Application Thread] DEBUG GameWorld            - Resetting game world
12:17:03.302 [JavaFX Application Thread] DEBUG PhysicsWorld         - Resetting physics world
12:17:03.302 [JavaFX Application Thread] DEBUG GameScene            - Resetting game scene
12:17:03.302 [JavaFX Application Thread] DEBUG GameScene            - Creating render group for layer: BACKGROUND(1000)
12:17:06.595 [JavaFX Application Thread] DEBUG GameWorld            - Resetting game world
12:17:06.596 [JavaFX Application Thread] DEBUG PhysicsWorld         - Resetting physics world
12:17:06.596 [JavaFX Application Thread] DEBUG GameScene            - Resetting game scene
12:17:06.596 [JavaFX Application Thread] DEBUG GameScene            - Creating render group for layer: BACKGROUND(1000)
12:17:07.045 [JavaFX Application Thread] DEBUG GameWorld            - Resetting game world
12:17:07.061 [JavaFX Application Thread] DEBUG PhysicsWorld         - Resetting physics world
12:17:07.061 [JavaFX Application Thread] DEBUG GameScene            - Resetting game scene
12:17:07.061 [JavaFX Application Thread] DEBUG GameScene            - Creating render group for layer: BACKGROUND(1000)
12:17:10.380 [JavaFX Application Thread] DEBUG GameWorld            - Resetting game world
12:17:11.537 [JavaFX Application Thread] DEBUG PhysicsWorld         - Resetting physics world
12:17:11.537 [JavaFX Application Thread] DEBUG GameScene            - Resetting game scene
12:17:11.537 [JavaFX Application Thread] DEBUG GameScene            - Creating render group for layer: BACKGROUND(1000)
12:17:14.430 [JavaFX Application Thread] DEBUG GameWorld            - Resetting game world
12:17:15.810 [JavaFX Application Thread] DEBUG PhysicsWorld         - Resetting physics world
12:17:15.810 [JavaFX Application Thread] DEBUG GameScene            - Resetting game scene
12:17:15.810 [JavaFX Application Thread] DEBUG GameScene            - Creating render group for layer: BACKGROUND(1000)
12:17:19.092 [JavaFX Application Thread] DEBUG GameWorld            - Resetting game world
12:17:19.092 [JavaFX Application Thread] DEBUG PhysicsWorld         - Resetting physics world
12:17:19.092 [JavaFX Application Thread] DEBUG GameScene            - Resetting game scene
12:17:19.093 [JavaFX Application Thread] DEBUG GameScene            - Creating render group for layer: BACKGROUND(1000)
12:17:19.625 [JavaFX Application Thread] DEBUG GameWorld            - Resetting game world
12:17:19.660 [JavaFX Application Thread] DEBUG PhysicsWorld         - Resetting physics world
12:17:19.660 [JavaFX Application Thread] DEBUG GameScene            - Resetting game scene
12:17:19.660 [JavaFX Application Thread] DEBUG GameScene            - Creating render group for layer: BACKGROUND(1000)
12:17:22.946 [JavaFX Application Thread] DEBUG GameWorld            - Resetting game world
12:17:22.948 [JavaFX Application Thread] DEBUG PhysicsWorld         - Resetting physics world
12:17:22.949 [JavaFX Application Thread] DEBUG GameScene            - Resetting game scene
12:17:22.949 [JavaFX Application Thread] DEBUG GameScene            - Creating render group for layer: BACKGROUND(1000)
12:17:26.327 [JavaFX Application Thread] DEBUG GameWorld            - Resetting game world
12:17:26.579 [JavaFX Application Thread] DEBUG PhysicsWorld         - Resetting physics world
12:17:26.580 [JavaFX Application Thread] DEBUG GameScene            - Resetting game scene
12:17:26.580 [JavaFX Application Thread] DEBUG GameScene            - Creating render group for layer: BACKGROUND(1000)
12:17:29.387 [JavaFX Application Thread] DEBUG GameWorld            - Resetting game world
12:17:30.116 [JavaFX Application Thread] DEBUG PhysicsWorld         - Resetting physics world
12:17:30.116 [JavaFX Application Thread] DEBUG GameScene            - Resetting game scene
12:17:30.116 [JavaFX Application Thread] DEBUG GameScene            - Creating render group for layer: BACKGROUND(1000)
12:17:33.304 [JavaFX Application Thread] DEBUG GameWorld            - Resetting game world
12:17:34.054 [JavaFX Application Thread] DEBUG PhysicsWorld         - Resetting physics world
12:17:34.054 [JavaFX Application Thread] DEBUG GameScene            - Resetting game scene
12:17:34.054 [JavaFX Application Thread] DEBUG GameScene            - Creating render group for layer: BACKGROUND(1000)
12:17:36.626 [JavaFX Application Thread] DEBUG GameWorld            - Resetting game world
12:17:37.667 [JavaFX Application Thread] DEBUG PhysicsWorld         - Resetting physics world
12:17:37.667 [JavaFX Application Thread] DEBUG GameScene            - Resetting game scene
12:17:37.668 [JavaFX Application Thread] DEBUG GameScene            - Creating render group for layer: BACKGROUND(1000)
12:17:42.465 [JavaFX Application Thread] DEBUG GameWorld            - Resetting game world
12:17:43.384 [JavaFX Application Thread] DEBUG PhysicsWorld         - Resetting physics world
12:17:43.384 [JavaFX Application Thread] DEBUG GameScene            - Resetting game scene
12:17:43.384 [JavaFX Application Thread] DEBUG GameScene            - Creating render group for layer: BACKGROUND(1000)
12:17:45.985 [JavaFX Application Thread] DEBUG GameWorld            - Resetting game world
12:17:45.986 [JavaFX Application Thread] DEBUG PhysicsWorld         - Resetting physics world
12:17:45.986 [JavaFX Application Thread] DEBUG GameScene            - Resetting game scene
12:17:45.986 [JavaFX Application Thread] DEBUG GameScene            - Creating render group for layer: BACKGROUND(1000)
12:17:50.383 [JavaFX Application Thread] DEBUG GameWorld            - Resetting game world
12:17:52.336 [JavaFX Application Thread] DEBUG PhysicsWorld         - Resetting physics world
12:17:52.336 [JavaFX Application Thread] DEBUG GameScene            - Resetting game scene
12:17:52.336 [JavaFX Application Thread] DEBUG GameScene            - Creating render group for layer: BACKGROUND(1000)
12:17:57.107 [JavaFX Application Thread] DEBUG GameWorld            - Resetting game world
12:17:58.123 [JavaFX Application Thread] DEBUG PhysicsWorld         - Resetting physics world
12:17:58.123 [JavaFX Application Thread] DEBUG GameScene            - Resetting game scene
12:17:58.124 [JavaFX Application Thread] DEBUG GameScene            - Creating render group for layer: BACKGROUND(1000)
12:18:02.315 [JavaFX Application Thread] DEBUG GameWorld            - Resetting game world
12:18:04.054 [JavaFX Application Thread] DEBUG PhysicsWorld         - Resetting physics world
12:18:04.054 [JavaFX Application Thread] DEBUG GameScene            - Resetting game scene
12:18:04.054 [JavaFX Application Thread] DEBUG GameScene            - Creating render group for layer: BACKGROUND(1000)
12:18:09.409 [JavaFX Application Thread] DEBUG GameWorld            - Resetting game world
12:18:13.065 [JavaFX Application Thread] DEBUG PhysicsWorld         - Resetting physics world
12:18:13.065 [JavaFX Application Thread] DEBUG GameScene            - Resetting game scene
12:18:13.066 [JavaFX Application Thread] DEBUG GameScene            - Creating render group for layer: BACKGROUND(1000)
12:18:16.350 [JavaFX Application Thread] DEBUG GameWorld            - Resetting game world
12:18:16.351 [JavaFX Application Thread] DEBUG PhysicsWorld         - Resetting physics world
12:18:16.351 [JavaFX Application Thread] DEBUG GameScene            - Resetting game scene
12:18:16.352 [JavaFX Application Thread] DEBUG GameScene            - Creating render group for layer: BACKGROUND(1000)
12:18:17.834 [JavaFX Application Thread] DEBUG GameWorld            - Resetting game world
12:18:17.877 [JavaFX Application Thread] DEBUG PhysicsWorld         - Resetting physics world
12:18:17.877 [JavaFX Application Thread] DEBUG GameScene            - Resetting game scene
12:18:17.877 [JavaFX Application Thread] DEBUG GameScene            - Creating render group for layer: BACKGROUND(1000)
12:18:21.224 [JavaFX Application Thread] DEBUG GameWorld            - Resetting game world
12:18:22.411 [JavaFX Application Thread] DEBUG PhysicsWorld         - Resetting physics world
12:18:22.411 [JavaFX Application Thread] DEBUG GameScene            - Resetting game scene
12:18:22.412 [JavaFX Application Thread] DEBUG GameScene            - Creating render group for layer: BACKGROUND(1000)
12:18:24.024 [JavaFX Application Thread] DEBUG GameWorld            - Resetting game world
12:18:24.055 [JavaFX Application Thread] DEBUG PhysicsWorld         - Resetting physics world
12:18:24.055 [JavaFX Application Thread] DEBUG GameScene            - Resetting game scene
12:18:24.055 [JavaFX Application Thread] DEBUG GameScene            - Creating render group for layer: BACKGROUND(1000)
12:18:27.193 [JavaFX Application Thread] DEBUG GameWorld            - Resetting game world
12:18:28.542 [JavaFX Application Thread] DEBUG PhysicsWorld         - Resetting physics world
12:18:28.542 [JavaFX Application Thread] DEBUG GameScene            - Resetting game scene
12:18:28.542 [JavaFX Application Thread] DEBUG GameScene            - Creating render group for layer: BACKGROUND(1000)
12:18:30.664 [JavaFX Application Thread] DEBUG GameWorld            - Resetting game world
12:18:30.665 [JavaFX Application Thread] DEBUG PhysicsWorld         - Resetting physics world
12:18:30.665 [JavaFX Application Thread] DEBUG GameScene            - Resetting game scene
12:18:30.665 [JavaFX Application Thread] DEBUG GameScene            - Creating render group for layer: BACKGROUND(1000)
12:18:32.853 [JavaFX Application Thread] DEBUG GameWorld            - Resetting game world
12:18:33.845 [JavaFX Application Thread] DEBUG PhysicsWorld         - Resetting physics world
12:18:33.845 [JavaFX Application Thread] DEBUG GameScene            - Resetting game scene
12:18:33.845 [JavaFX Application Thread] DEBUG GameScene            - Creating render group for layer: BACKGROUND(1000)
12:18:35.853 [JavaFX Application Thread] DEBUG GameWorld            - Resetting game world
12:18:35.890 [JavaFX Application Thread] DEBUG PhysicsWorld         - Resetting physics world
12:18:35.890 [JavaFX Application Thread] DEBUG GameScene            - Resetting game scene
12:18:35.890 [JavaFX Application Thread] DEBUG GameScene            - Creating render group for layer: BACKGROUND(1000)
12:18:38.189 [JavaFX Application Thread] DEBUG GameWorld            - Resetting game world
12:18:38.612 [JavaFX Application Thread] DEBUG PhysicsWorld         - Resetting physics world
12:18:38.612 [JavaFX Application Thread] DEBUG GameScene            - Resetting game scene
12:18:38.612 [JavaFX Application Thread] DEBUG GameScene            - Creating render group for layer: BACKGROUND(1000)
12:18:42.501 [JavaFX Application Thread] DEBUG GameWorld            - Resetting game world
12:18:43.751 [JavaFX Application Thread] DEBUG PhysicsWorld         - Resetting physics world
12:18:43.751 [JavaFX Application Thread] DEBUG GameScene            - Resetting game scene
12:18:43.752 [JavaFX Application Thread] DEBUG GameScene            - Creating render group for layer: BACKGROUND(1000)
12:18:47.031 [JavaFX Application Thread] DEBUG GameWorld            - Resetting game world
12:18:47.033 [JavaFX Application Thread] DEBUG PhysicsWorld         - Resetting physics world
12:18:47.033 [JavaFX Application Thread] DEBUG GameScene            - Resetting game scene
12:18:47.033 [JavaFX Application Thread] DEBUG GameScene            - Creating render group for layer: BACKGROUND(1000)
12:18:47.180 [JavaFX Application Thread] DEBUG GameWorld            - Resetting game world
12:18:47.183 [JavaFX Application Thread] DEBUG PhysicsWorld         - Resetting physics world
12:18:47.184 [JavaFX Application Thread] DEBUG GameScene            - Resetting game scene
12:18:47.184 [JavaFX Application Thread] DEBUG GameScene            - Creating render group for layer: BACKGROUND(1000)
12:18:55.308 [JavaFX Application Thread] DEBUG GameWorld            - Resetting game world
12:18:58.864 [JavaFX Application Thread] DEBUG PhysicsWorld         - Resetting physics world
12:18:58.865 [JavaFX Application Thread] DEBUG GameScene            - Resetting game scene
12:18:58.865 [JavaFX Application Thread] DEBUG GameScene            - Creating render group for layer: BACKGROUND(1000)
12:18:58.893 [JavaFX Application Thread] DEBUG GameWorld            - Resetting game world
12:18:58.895 [JavaFX Application Thread] DEBUG PhysicsWorld         - Resetting physics world
12:18:58.895 [JavaFX Application Thread] DEBUG GameScene            - Resetting game scene
12:18:58.895 [JavaFX Application Thread] DEBUG GameScene            - Creating render group for layer: BACKGROUND(1000)
12:19:03.267 [JavaFX Application Thread] DEBUG GameWorld            - Resetting game world
12:19:04.823 [JavaFX Application Thread] DEBUG PhysicsWorld         - Resetting physics world
12:19:04.823 [JavaFX Application Thread] DEBUG GameScene            - Resetting game scene
12:19:04.823 [JavaFX Application Thread] DEBUG GameScene            - Creating render group for layer: BACKGROUND(1000)
12:19:08.506 [JavaFX Application Thread] DEBUG GameWorld            - Resetting game world
12:19:10.437 [JavaFX Application Thread] DEBUG PhysicsWorld         - Resetting physics world
12:19:10.437 [JavaFX Application Thread] DEBUG GameScene            - Resetting game scene
12:19:10.438 [JavaFX Application Thread] DEBUG GameScene            - Creating render group for layer: BACKGROUND(1000)
12:19:17.916 [JavaFX Application Thread] DEBUG GameWorld            - Resetting game world
12:19:21.202 [JavaFX Application Thread] DEBUG PhysicsWorld         - Resetting physics world
12:19:21.202 [JavaFX Application Thread] DEBUG GameScene            - Resetting game scene
12:19:21.203 [JavaFX Application Thread] DEBUG GameScene            - Creating render group for layer: BACKGROUND(1000)
12:19:24.150 [JavaFX Application Thread] DEBUG GameWorld            - Resetting game world
12:19:24.829 [JavaFX Application Thread] DEBUG PhysicsWorld         - Resetting physics world
12:19:24.829 [JavaFX Application Thread] DEBUG GameScene            - Resetting game scene
12:19:24.830 [JavaFX Application Thread] DEBUG GameScene            - Creating render group for layer: BACKGROUND(1000)
12:19:30.138 [JavaFX Application Thread] DEBUG GameWorld            - Resetting game world
12:19:32.835 [JavaFX Application Thread] DEBUG PhysicsWorld         - Resetting physics world
12:19:32.835 [JavaFX Application Thread] DEBUG GameScene            - Resetting game scene
12:19:32.835 [JavaFX Application Thread] DEBUG GameScene            - Creating render group for layer: BACKGROUND(1000)
12:19:38.855 [JavaFX Application Thread] DEBUG GameWorld            - Resetting game world
12:19:41.776 [JavaFX Application Thread] DEBUG PhysicsWorld         - Resetting physics world
12:19:41.776 [JavaFX Application Thread] DEBUG GameScene            - Resetting game scene
12:19:41.777 [JavaFX Application Thread] DEBUG GameScene            - Creating render group for layer: BACKGROUND(1000)
12:19:45.133 [JavaFX Application Thread] DEBUG GameWorld            - Resetting game world
12:19:45.556 [JavaFX Application Thread] DEBUG PhysicsWorld         - Resetting physics world
12:19:45.556 [JavaFX Application Thread] DEBUG GameScene            - Resetting game scene
12:19:45.556 [JavaFX Application Thread] DEBUG GameScene            - Creating render group for layer: BACKGROUND(1000)
12:19:48.022 [JavaFX Application Thread] DEBUG GameWorld            - Resetting game world
12:19:49.393 [JavaFX Application Thread] DEBUG PhysicsWorld         - Resetting physics world
12:19:49.393 [JavaFX Application Thread] DEBUG GameScene            - Resetting game scene
12:19:49.393 [JavaFX Application Thread] DEBUG GameScene            - Creating render group for layer: BACKGROUND(1000)
12:19:52.694 [JavaFX Application Thread] DEBUG GameWorld            - Resetting game world
12:19:54.606 [JavaFX Application Thread] DEBUG PhysicsWorld         - Resetting physics world
12:19:54.606 [JavaFX Application Thread] DEBUG GameScene            - Resetting game scene
12:19:54.607 [JavaFX Application Thread] DEBUG GameScene            - Creating render group for layer: BACKGROUND(1000)
12:19:56.182 [JavaFX Application Thread] DEBUG GameWorld            - Resetting game world
12:19:56.485 [JavaFX Application Thread] DEBUG PhysicsWorld         - Resetting physics world
12:19:56.485 [JavaFX Application Thread] DEBUG GameScene            - Resetting game scene
12:19:56.486 [JavaFX Application Thread] DEBUG GameScene            - Creating render group for layer: BACKGROUND(1000)
12:19:59.772 [JavaFX Application Thread] DEBUG GameWorld            - Resetting game world
12:19:59.773 [JavaFX Application Thread] DEBUG PhysicsWorld         - Resetting physics world
12:19:59.773 [JavaFX Application Thread] DEBUG GameScene            - Resetting game scene
12:19:59.774 [JavaFX Application Thread] DEBUG GameScene            - Creating render group for layer: BACKGROUND(1000)
12:20:01.348 [JavaFX Application Thread] DEBUG GameWorld            - Resetting game world
12:20:01.716 [JavaFX Application Thread] DEBUG PhysicsWorld         - Resetting physics world
12:20:01.716 [JavaFX Application Thread] DEBUG GameScene            - Resetting game scene
12:20:01.716 [JavaFX Application Thread] DEBUG GameScene            - Creating render group for layer: BACKGROUND(1000)
12:20:04.618 [JavaFX Application Thread] DEBUG GameWorld            - Resetting game world
12:20:06.088 [JavaFX Application Thread] DEBUG PhysicsWorld         - Resetting physics world
12:20:06.088 [JavaFX Application Thread] DEBUG GameScene            - Resetting game scene
12:20:06.088 [JavaFX Application Thread] DEBUG GameScene            - Creating render group for layer: BACKGROUND(1000)
12:20:09.706 [JavaFX Application Thread] DEBUG GameWorld            - Resetting game world
12:20:10.626 [JavaFX Application Thread] DEBUG PhysicsWorld         - Resetting physics world
12:20:10.626 [JavaFX Application Thread] DEBUG GameScene            - Resetting game scene
12:20:10.626 [JavaFX Application Thread] DEBUG GameScene            - Creating render group for layer: BACKGROUND(1000)
12:20:14.675 [JavaFX Application Thread] DEBUG GameWorld            - Resetting game world
12:20:15.841 [JavaFX Application Thread] DEBUG PhysicsWorld         - Resetting physics world
12:20:15.841 [JavaFX Application Thread] DEBUG GameScene            - Resetting game scene
12:20:15.841 [JavaFX Application Thread] DEBUG GameScene            - Creating render group for layer: BACKGROUND(1000)
12:20:19.155 [JavaFX Application Thread] DEBUG GameWorld            - Resetting game world
12:20:19.542 [JavaFX Application Thread] DEBUG PhysicsWorld         - Resetting physics world
12:20:19.542 [JavaFX Application Thread] DEBUG GameScene            - Resetting game scene
12:20:19.542 [JavaFX Application Thread] DEBUG GameScene            - Creating render group for layer: BACKGROUND(1000)
12:20:22.916 [JavaFX Application Thread] DEBUG GameWorld            - Resetting game world
12:20:23.547 [JavaFX Application Thread] DEBUG PhysicsWorld         - Resetting physics world
12:20:23.547 [JavaFX Application Thread] DEBUG GameScene            - Resetting game scene
12:20:23.547 [JavaFX Application Thread] DEBUG GameScene            - Creating render group for layer: BACKGROUND(1000)
12:20:27.808 [JavaFX Application Thread] DEBUG GameWorld            - Resetting game world
12:20:28.443 [JavaFX Application Thread] DEBUG PhysicsWorld         - Resetting physics world
12:20:28.443 [JavaFX Application Thread] DEBUG GameScene            - Resetting game scene
12:20:28.443 [JavaFX Application Thread] DEBUG GameScene            - Creating render group for layer: BACKGROUND(1000)
12:20:31.783 [JavaFX Application Thread] DEBUG GameWorld            - Resetting game world
12:20:32.054 [JavaFX Application Thread] DEBUG PhysicsWorld         - Resetting physics world
12:20:32.054 [JavaFX Application Thread] DEBUG GameScene            - Resetting game scene
12:20:32.054 [JavaFX Application Thread] DEBUG GameScene            - Creating render group for layer: BACKGROUND(1000)
12:20:35.358 [JavaFX Application Thread] DEBUG GameWorld            - Resetting game world
12:20:35.359 [JavaFX Application Thread] DEBUG PhysicsWorld         - Resetting physics world
12:20:35.359 [JavaFX Application Thread] DEBUG GameScene            - Resetting game scene
12:20:35.359 [JavaFX Application Thread] DEBUG GameScene            - Creating render group for layer: BACKGROUND(1000)
12:20:39.108 [JavaFX Application Thread] DEBUG GameWorld            - Resetting game world
12:20:40.145 [JavaFX Application Thread] DEBUG PhysicsWorld         - Resetting physics world
12:20:40.145 [JavaFX Application Thread] DEBUG GameScene            - Resetting game scene
12:20:40.145 [JavaFX Application Thread] DEBUG GameScene            - Creating render group for layer: BACKGROUND(1000)
12:20:43.450 [JavaFX Application Thread] DEBUG GameWorld            - Resetting game world
12:20:43.450 [JavaFX Application Thread] DEBUG PhysicsWorld         - Resetting physics world
12:20:43.450 [JavaFX Application Thread] DEBUG GameScene            - Resetting game scene
12:20:43.450 [JavaFX Application Thread] DEBUG GameScene            - Creating render group for layer: BACKGROUND(1000)
12:20:46.787 [JavaFX Application Thread] DEBUG GameWorld            - Resetting game world
12:20:46.787 [JavaFX Application Thread] DEBUG PhysicsWorld         - Resetting physics world
12:20:46.787 [JavaFX Application Thread] DEBUG GameScene            - Resetting game scene
12:20:46.788 [JavaFX Application Thread] DEBUG GameScene            - Creating render group for layer: BACKGROUND(1000)
12:20:50.123 [JavaFX Application Thread] DEBUG GameWorld            - Resetting game world
12:20:50.124 [JavaFX Application Thread] DEBUG PhysicsWorld         - Resetting physics world
12:20:50.124 [JavaFX Application Thread] DEBUG GameScene            - Resetting game scene
12:20:50.124 [JavaFX Application Thread] DEBUG GameScene            - Creating render group for layer: BACKGROUND(1000)
12:20:53.468 [JavaFX Application Thread] DEBUG GameWorld            - Resetting game world
12:20:53.588 [JavaFX Application Thread] DEBUG PhysicsWorld         - Resetting physics world
12:20:53.588 [JavaFX Application Thread] DEBUG GameScene            - Resetting game scene
12:20:53.588 [JavaFX Application Thread] DEBUG GameScene            - Creating render group for layer: BACKGROUND(1000)
12:20:56.881 [JavaFX Application Thread] DEBUG GameWorld            - Resetting game world
12:20:56.881 [JavaFX Application Thread] DEBUG PhysicsWorld         - Resetting physics world
12:20:56.881 [JavaFX Application Thread] DEBUG GameScene            - Resetting game scene
12:20:56.882 [JavaFX Application Thread] DEBUG GameScene            - Creating render group for layer: BACKGROUND(1000)
12:21:00.225 [JavaFX Application Thread] DEBUG GameWorld            - Resetting game world
12:21:00.449 [JavaFX Application Thread] DEBUG PhysicsWorld         - Resetting physics world
12:21:00.449 [JavaFX Application Thread] DEBUG GameScene            - Resetting game scene
12:21:00.449 [JavaFX Application Thread] DEBUG GameScene            - Creating render group for layer: BACKGROUND(1000)
12:21:05.954 [JavaFX Application Thread] DEBUG GameWorld            - Resetting game world
12:21:08.315 [JavaFX Application Thread] DEBUG PhysicsWorld         - Resetting physics world
12:21:08.315 [JavaFX Application Thread] DEBUG GameScene            - Resetting game scene
12:21:08.315 [JavaFX Application Thread] DEBUG GameScene            - Creating render group for layer: BACKGROUND(1000)
12:21:11.612 [JavaFX Application Thread] DEBUG GameWorld            - Resetting game world
12:21:11.613 [JavaFX Application Thread] DEBUG PhysicsWorld         - Resetting physics world
12:21:11.613 [JavaFX Application Thread] DEBUG GameScene            - Resetting game scene
12:21:11.613 [JavaFX Application Thread] DEBUG GameScene            - Creating render group for layer: BACKGROUND(1000)
12:21:14.949 [JavaFX Application Thread] DEBUG GameWorld            - Resetting game world
12:21:14.954 [JavaFX Application Thread] DEBUG PhysicsWorld         - Resetting physics world
12:21:14.954 [JavaFX Application Thread] DEBUG GameScene            - Resetting game scene
12:21:14.955 [JavaFX Application Thread] DEBUG GameScene            - Creating render group for layer: BACKGROUND(1000)
12:21:19.291 [JavaFX Application Thread] DEBUG GameWorld            - Resetting game world
12:21:19.905 [JavaFX Application Thread] DEBUG PhysicsWorld         - Resetting physics world
12:21:19.906 [JavaFX Application Thread] DEBUG GameScene            - Resetting game scene
12:21:19.906 [JavaFX Application Thread] DEBUG GameScene            - Creating render group for layer: BACKGROUND(1000)
12:21:24.666 [JavaFX Application Thread] DEBUG GameWorld            - Resetting game world
12:21:25.798 [JavaFX Application Thread] DEBUG PhysicsWorld         - Resetting physics world
12:21:25.798 [JavaFX Application Thread] DEBUG GameScene            - Resetting game scene
12:21:25.798 [JavaFX Application Thread] DEBUG GameScene            - Creating render group for layer: BACKGROUND(1000)
12:21:30.473 [JavaFX Application Thread] DEBUG GameWorld            - Resetting game world
12:21:31.316 [JavaFX Application Thread] DEBUG PhysicsWorld         - Resetting physics world
12:21:31.316 [JavaFX Application Thread] DEBUG GameScene            - Resetting game scene
12:21:31.316 [JavaFX Application Thread] DEBUG GameScene            - Creating render group for layer: BACKGROUND(1000)
12:21:34.619 [JavaFX Application Thread] DEBUG GameWorld            - Resetting game world
12:21:34.619 [JavaFX Application Thread] DEBUG PhysicsWorld         - Resetting physics world
12:21:34.619 [JavaFX Application Thread] DEBUG GameScene            - Resetting game scene
12:21:34.620 [JavaFX Application Thread] DEBUG GameScene            - Creating render group for layer: BACKGROUND(1000)
12:21:38.186 [JavaFX Application Thread] DEBUG GameWorld            - Resetting game world
12:21:39.060 [JavaFX Application Thread] DEBUG PhysicsWorld         - Resetting physics world
12:21:39.060 [JavaFX Application Thread] DEBUG GameScene            - Resetting game scene
12:21:39.060 [JavaFX Application Thread] DEBUG GameScene            - Creating render group for layer: BACKGROUND(1000)
12:21:46.966 [JavaFX Application Thread] DEBUG GameWorld            - Resetting game world
12:21:50.108 [JavaFX Application Thread] DEBUG PhysicsWorld         - Resetting physics world
12:21:50.108 [JavaFX Application Thread] DEBUG GameScene            - Resetting game scene
12:21:50.109 [JavaFX Application Thread] DEBUG GameScene            - Creating render group for layer: BACKGROUND(1000)
12:21:54.015 [JavaFX Application Thread] DEBUG GameWorld            - Resetting game world
12:21:55.157 [JavaFX Application Thread] DEBUG PhysicsWorld         - Resetting physics world
12:21:55.157 [JavaFX Application Thread] DEBUG GameScene            - Resetting game scene
12:21:55.157 [JavaFX Application Thread] DEBUG GameScene            - Creating render group for layer: BACKGROUND(1000)
12:21:58.986 [JavaFX Application Thread] DEBUG GameWorld            - Resetting game world
12:22:00.132 [JavaFX Application Thread] DEBUG PhysicsWorld         - Resetting physics world
12:22:00.132 [JavaFX Application Thread] DEBUG GameScene            - Resetting game scene
12:22:00.133 [JavaFX Application Thread] DEBUG GameScene            - Creating render group for layer: BACKGROUND(1000)
12:22:08.484 [JavaFX Application Thread] DEBUG GameWorld            - Resetting game world
12:22:11.027 [JavaFX Application Thread] DEBUG PhysicsWorld         - Resetting physics world
12:22:11.027 [JavaFX Application Thread] DEBUG GameScene            - Resetting game scene
12:22:11.027 [JavaFX Application Thread] DEBUG GameScene            - Creating render group for layer: BACKGROUND(1000)
12:22:14.976 [JavaFX Application Thread] DEBUG GameWorld            - Resetting game world
12:22:15.951 [JavaFX Application Thread] DEBUG PhysicsWorld         - Resetting physics world
12:22:15.951 [JavaFX Application Thread] DEBUG GameScene            - Resetting game scene
12:22:15.951 [JavaFX Application Thread] DEBUG GameScene            - Creating render group for layer: BACKGROUND(1000)
12:22:23.468 [JavaFX Application Thread] DEBUG GameWorld            - Resetting game world
12:22:27.063 [JavaFX Application Thread] DEBUG PhysicsWorld         - Resetting physics world
12:22:27.063 [JavaFX Application Thread] DEBUG GameScene            - Resetting game scene
12:22:27.063 [JavaFX Application Thread] DEBUG GameScene            - Creating render group for layer: BACKGROUND(1000)
12:22:30.375 [JavaFX Application Thread] DEBUG GameWorld            - Resetting game world
12:22:30.376 [JavaFX Application Thread] DEBUG PhysicsWorld         - Resetting physics world
12:22:30.376 [JavaFX Application Thread] DEBUG GameScene            - Resetting game scene
12:22:30.376 [JavaFX Application Thread] DEBUG GameScene            - Creating render group for layer: BACKGROUND(1000)
12:22:33.807 [JavaFX Application Thread] DEBUG GameWorld            - Resetting game world
12:22:34.469 [JavaFX Application Thread] DEBUG PhysicsWorld         - Resetting physics world
12:22:34.469 [JavaFX Application Thread] DEBUG GameScene            - Resetting game scene
12:22:34.470 [JavaFX Application Thread] DEBUG GameScene            - Creating render group for layer: BACKGROUND(1000)
12:22:43.433 [JavaFX Application Thread] DEBUG GameWorld            - Resetting game world
12:22:47.880 [JavaFX Application Thread] DEBUG PhysicsWorld         - Resetting physics world
12:22:47.880 [JavaFX Application Thread] DEBUG GameScene            - Resetting game scene
12:22:47.881 [JavaFX Application Thread] DEBUG GameScene            - Creating render group for layer: BACKGROUND(1000)
12:22:53.074 [JavaFX Application Thread] DEBUG GameWorld            - Resetting game world
12:22:54.951 [JavaFX Application Thread] DEBUG PhysicsWorld         - Resetting physics world
12:22:54.951 [JavaFX Application Thread] DEBUG GameScene            - Resetting game scene
12:22:54.951 [JavaFX Application Thread] DEBUG GameScene            - Creating render group for layer: BACKGROUND(1000)
12:22:58.255 [JavaFX Application Thread] DEBUG GameWorld            - Resetting game world
12:22:58.258 [JavaFX Application Thread] DEBUG PhysicsWorld         - Resetting physics world
12:22:58.259 [JavaFX Application Thread] DEBUG GameScene            - Resetting game scene
12:22:58.259 [JavaFX Application Thread] DEBUG GameScene            - Creating render group for layer: BACKGROUND(1000)
12:23:02.738 [JavaFX Application Thread] DEBUG GameWorld            - Resetting game world
12:23:05.032 [JavaFX Application Thread] DEBUG PhysicsWorld         - Resetting physics world
12:23:05.032 [JavaFX Application Thread] DEBUG GameScene            - Resetting game scene
12:23:05.032 [JavaFX Application Thread] DEBUG GameScene            - Creating render group for layer: BACKGROUND(1000)
12:23:07.968 [JavaFX Application Thread] DEBUG GameWorld            - Resetting game world
12:23:08.660 [JavaFX Application Thread] DEBUG PhysicsWorld         - Resetting physics world
12:23:08.660 [JavaFX Application Thread] DEBUG GameScene            - Resetting game scene
12:23:08.660 [JavaFX Application Thread] DEBUG GameScene            - Creating render group for layer: BACKGROUND(1000)
12:23:08.799 [JavaFX Application Thread] DEBUG GameWorld            - Resetting game world
12:23:08.800 [JavaFX Application Thread] DEBUG PhysicsWorld         - Resetting physics world
12:23:08.800 [JavaFX Application Thread] DEBUG GameScene            - Resetting game scene
12:23:08.800 [JavaFX Application Thread] DEBUG GameScene            - Creating render group for layer: BACKGROUND(1000)
12:23:11.414 [JavaFX Application Thread] DEBUG GameWorld            - Resetting game world
12:23:12.503 [JavaFX Application Thread] DEBUG PhysicsWorld         - Resetting physics world
12:23:12.503 [JavaFX Application Thread] DEBUG GameScene            - Resetting game scene
12:23:12.504 [JavaFX Application Thread] DEBUG GameScene            - Creating render group for layer: BACKGROUND(1000)
12:23:14.489 [JavaFX Application Thread] DEBUG GameWorld            - Resetting game world
12:23:15.510 [JavaFX Application Thread] DEBUG PhysicsWorld         - Resetting physics world
12:23:15.510 [JavaFX Application Thread] DEBUG GameScene            - Resetting game scene
12:23:15.511 [JavaFX Application Thread] DEBUG GameScene            - Creating render group for layer: BACKGROUND(1000)
12:23:17.528 [JavaFX Application Thread] DEBUG GameWorld            - Resetting game world
12:23:18.337 [JavaFX Application Thread] DEBUG PhysicsWorld         - Resetting physics world
12:23:18.337 [JavaFX Application Thread] DEBUG GameScene            - Resetting game scene
12:23:18.337 [JavaFX Application Thread] DEBUG GameScene            - Creating render group for layer: BACKGROUND(1000)
12:23:18.472 [JavaFX Application Thread] DEBUG GameWorld            - Resetting game world
12:23:18.473 [JavaFX Application Thread] DEBUG PhysicsWorld         - Resetting physics world
12:23:18.473 [JavaFX Application Thread] DEBUG GameScene            - Resetting game scene
12:23:18.473 [JavaFX Application Thread] DEBUG GameScene            - Creating render group for layer: BACKGROUND(1000)
12:23:21.780 [JavaFX Application Thread] DEBUG GameWorld            - Resetting game world
12:23:22.859 [JavaFX Application Thread] DEBUG PhysicsWorld         - Resetting physics world
12:23:22.859 [JavaFX Application Thread] DEBUG GameScene            - Resetting game scene
12:23:22.859 [JavaFX Application Thread] DEBUG GameScene            - Creating render group for layer: BACKGROUND(1000)
12:23:26.131 [JavaFX Application Thread] DEBUG GameWorld            - Resetting game world
12:23:27.775 [JavaFX Application Thread] DEBUG PhysicsWorld         - Resetting physics world
12:23:27.775 [JavaFX Application Thread] DEBUG GameScene            - Resetting game scene
12:23:27.776 [JavaFX Application Thread] DEBUG GameScene            - Creating render group for layer: BACKGROUND(1000)
12:23:29.030 [JavaFX Application Thread] DEBUG GameWorld            - Resetting game world
12:23:29.522 [JavaFX Application Thread] DEBUG PhysicsWorld         - Resetting physics world
12:23:29.522 [JavaFX Application Thread] DEBUG GameScene            - Resetting game scene
12:23:29.523 [JavaFX Application Thread] DEBUG GameScene            - Creating render group for layer: BACKGROUND(1000)
12:23:29.678 [JavaFX Application Thread] DEBUG GameWorld            - Resetting game world
12:23:29.680 [JavaFX Application Thread] DEBUG PhysicsWorld         - Resetting physics world
12:23:29.680 [JavaFX Application Thread] DEBUG GameScene            - Resetting game scene
12:23:29.680 [JavaFX Application Thread] DEBUG GameScene            - Creating render group for layer: BACKGROUND(1000)
12:23:33.825 [JavaFX Application Thread] DEBUG GameWorld            - Resetting game world
12:23:36.081 [JavaFX Application Thread] DEBUG PhysicsWorld         - Resetting physics world
12:23:36.081 [JavaFX Application Thread] DEBUG GameScene            - Resetting game scene
12:23:36.081 [JavaFX Application Thread] DEBUG GameScene            - Creating render group for layer: BACKGROUND(1000)
12:23:38.770 [JavaFX Application Thread] DEBUG GameWorld            - Resetting game world
12:23:40.436 [JavaFX Application Thread] DEBUG PhysicsWorld         - Resetting physics world
12:23:40.436 [JavaFX Application Thread] DEBUG GameScene            - Resetting game scene
12:23:40.436 [JavaFX Application Thread] DEBUG GameScene            - Creating render group for layer: BACKGROUND(1000)
12:23:42.587 [JavaFX Application Thread] DEBUG GameWorld            - Resetting game world
12:23:43.703 [JavaFX Application Thread] DEBUG PhysicsWorld         - Resetting physics world
12:23:43.703 [JavaFX Application Thread] DEBUG GameScene            - Resetting game scene
12:23:43.703 [JavaFX Application Thread] DEBUG GameScene            - Creating render group for layer: BACKGROUND(1000)
12:23:43.847 [JavaFX Application Thread] DEBUG GameWorld            - Resetting game world
12:23:43.848 [JavaFX Application Thread] DEBUG PhysicsWorld         - Resetting physics world
12:23:43.848 [JavaFX Application Thread] DEBUG GameScene            - Resetting game scene
12:23:43.848 [JavaFX Application Thread] DEBUG GameScene            - Creating render group for layer: BACKGROUND(1000)
12:23:47.000 [JavaFX Application Thread] DEBUG GameWorld            - Resetting game world
12:23:47.539 [JavaFX Application Thread] DEBUG PhysicsWorld         - Resetting physics world
12:23:47.539 [JavaFX Application Thread] DEBUG GameScene            - Resetting game scene
12:23:47.539 [JavaFX Application Thread] DEBUG GameScene            - Creating render group for layer: BACKGROUND(1000)
12:23:51.345 [JavaFX Application Thread] DEBUG GameWorld            - Resetting game world
12:23:52.564 [JavaFX Application Thread] DEBUG PhysicsWorld         - Resetting physics world
12:23:52.564 [JavaFX Application Thread] DEBUG GameScene            - Resetting game scene
12:23:52.565 [JavaFX Application Thread] DEBUG GameScene            - Creating render group for layer: BACKGROUND(1000)
12:23:56.745 [JavaFX Application Thread] DEBUG GameWorld            - Resetting game world
12:23:57.774 [JavaFX Application Thread] DEBUG PhysicsWorld         - Resetting physics world
12:23:57.774 [JavaFX Application Thread] DEBUG GameScene            - Resetting game scene
12:23:57.774 [JavaFX Application Thread] DEBUG GameScene            - Creating render group for layer: BACKGROUND(1000)
12:24:01.177 [JavaFX Application Thread] DEBUG GameWorld            - Resetting game world
12:24:01.817 [JavaFX Application Thread] DEBUG PhysicsWorld         - Resetting physics world
12:24:01.817 [JavaFX Application Thread] DEBUG GameScene            - Resetting game scene
12:24:01.817 [JavaFX Application Thread] DEBUG GameScene            - Creating render group for layer: BACKGROUND(1000)
12:24:05.122 [JavaFX Application Thread] DEBUG GameWorld            - Resetting game world
12:24:05.122 [JavaFX Application Thread] DEBUG PhysicsWorld         - Resetting physics world
12:24:05.122 [JavaFX Application Thread] DEBUG GameScene            - Resetting game scene
12:24:05.122 [JavaFX Application Thread] DEBUG GameScene            - Creating render group for layer: BACKGROUND(1000)
12:24:09.653 [JavaFX Application Thread] DEBUG GameWorld            - Resetting game world
12:24:10.592 [JavaFX Application Thread] DEBUG PhysicsWorld         - Resetting physics world
12:24:10.592 [JavaFX Application Thread] DEBUG GameScene            - Resetting game scene
12:24:10.592 [JavaFX Application Thread] DEBUG GameScene            - Creating render group for layer: BACKGROUND(1000)
12:24:14.041 [JavaFX Application Thread] DEBUG GameWorld            - Resetting game world
12:24:14.683 [JavaFX Application Thread] DEBUG PhysicsWorld         - Resetting physics world
12:24:14.683 [JavaFX Application Thread] DEBUG GameScene            - Resetting game scene
12:24:14.683 [JavaFX Application Thread] DEBUG GameScene            - Creating render group for layer: BACKGROUND(1000)
12:24:19.628 [JavaFX Application Thread] DEBUG GameWorld            - Resetting game world
12:24:22.719 [JavaFX Application Thread] DEBUG PhysicsWorld         - Resetting physics world
12:24:22.719 [JavaFX Application Thread] DEBUG GameScene            - Resetting game scene
12:24:22.719 [JavaFX Application Thread] DEBUG GameScene            - Creating render group for layer: BACKGROUND(1000)
12:24:26.027 [JavaFX Application Thread] DEBUG GameWorld            - Resetting game world
12:24:26.028 [JavaFX Application Thread] DEBUG PhysicsWorld         - Resetting physics world
12:24:26.028 [JavaFX Application Thread] DEBUG GameScene            - Resetting game scene
12:24:26.028 [JavaFX Application Thread] DEBUG GameScene            - Creating render group for layer: BACKGROUND(1000)
12:24:29.375 [JavaFX Application Thread] DEBUG GameWorld            - Resetting game world
12:24:29.637 [JavaFX Application Thread] DEBUG PhysicsWorld         - Resetting physics world
12:24:29.637 [JavaFX Application Thread] DEBUG GameScene            - Resetting game scene
12:24:29.638 [JavaFX Application Thread] DEBUG GameScene            - Creating render group for layer: BACKGROUND(1000)
12:24:34.896 [JavaFX Application Thread] DEBUG GameWorld            - Resetting game world
12:24:36.043 [JavaFX Application Thread] DEBUG PhysicsWorld         - Resetting physics world
12:24:36.043 [JavaFX Application Thread] DEBUG GameScene            - Resetting game scene
12:24:36.043 [JavaFX Application Thread] DEBUG GameScene            - Creating render group for layer: BACKGROUND(1000)
12:24:40.204 [JavaFX Application Thread] DEBUG GameWorld            - Resetting game world
12:24:41.311 [JavaFX Application Thread] DEBUG PhysicsWorld         - Resetting physics world
12:24:41.311 [JavaFX Application Thread] DEBUG GameScene            - Resetting game scene
12:24:41.312 [JavaFX Application Thread] DEBUG GameScene            - Creating render group for layer: BACKGROUND(1000)
12:24:45.294 [JavaFX Application Thread] DEBUG GameWorld            - Resetting game world
12:24:46.706 [JavaFX Application Thread] DEBUG PhysicsWorld         - Resetting physics world
12:24:46.706 [JavaFX Application Thread] DEBUG GameScene            - Resetting game scene
12:24:46.706 [JavaFX Application Thread] DEBUG GameScene            - Creating render group for layer: BACKGROUND(1000)
12:24:50.872 [JavaFX Application Thread] DEBUG GameWorld            - Resetting game world
12:24:51.936 [JavaFX Application Thread] DEBUG PhysicsWorld         - Resetting physics world
12:24:51.936 [JavaFX Application Thread] DEBUG GameScene            - Resetting game scene
12:24:51.937 [JavaFX Application Thread] DEBUG GameScene            - Creating render group for layer: BACKGROUND(1000)
12:24:55.273 [JavaFX Application Thread] DEBUG GameWorld            - Resetting game world
12:24:55.655 [JavaFX Application Thread] DEBUG PhysicsWorld         - Resetting physics world
12:24:55.655 [JavaFX Application Thread] DEBUG GameScene            - Resetting game scene
12:24:55.655 [JavaFX Application Thread] DEBUG GameScene            - Creating render group for layer: BACKGROUND(1000)
12:24:59.070 [JavaFX Application Thread] DEBUG GameWorld            - Resetting game world
12:24:59.788 [JavaFX Application Thread] DEBUG PhysicsWorld         - Resetting physics world
12:24:59.788 [JavaFX Application Thread] DEBUG GameScene            - Resetting game scene
12:24:59.788 [JavaFX Application Thread] DEBUG GameScene            - Creating render group for layer: BACKGROUND(1000)
12:25:03.081 [JavaFX Application Thread] DEBUG GameWorld            - Resetting game world
12:25:03.082 [JavaFX Application Thread] DEBUG PhysicsWorld         - Resetting physics world
12:25:03.082 [JavaFX Application Thread] DEBUG GameScene            - Resetting game scene
12:25:03.082 [JavaFX Application Thread] DEBUG GameScene            - Creating render group for layer: BACKGROUND(1000)
12:25:06.418 [JavaFX Application Thread] DEBUG GameWorld            - Resetting game world
12:25:06.419 [JavaFX Application Thread] DEBUG PhysicsWorld         - Resetting physics world
12:25:06.419 [JavaFX Application Thread] DEBUG GameScene            - Resetting game scene
12:25:06.419 [JavaFX Application Thread] DEBUG GameScene            - Creating render group for layer: BACKGROUND(1000)
12:25:09.770 [JavaFX Application Thread] DEBUG GameWorld            - Resetting game world
12:25:10.190 [JavaFX Application Thread] DEBUG PhysicsWorld         - Resetting physics world
12:25:10.190 [JavaFX Application Thread] DEBUG GameScene            - Resetting game scene
12:25:10.190 [JavaFX Application Thread] DEBUG GameScene            - Creating render group for layer: BACKGROUND(1000)
12:25:14.509 [JavaFX Application Thread] DEBUG GameWorld            - Resetting game world
12:25:15.451 [JavaFX Application Thread] DEBUG PhysicsWorld         - Resetting physics world
12:25:15.451 [JavaFX Application Thread] DEBUG GameScene            - Resetting game scene
12:25:15.452 [JavaFX Application Thread] DEBUG GameScene            - Creating render group for layer: BACKGROUND(1000)
12:25:18.748 [JavaFX Application Thread] DEBUG GameWorld            - Resetting game world
12:25:18.750 [JavaFX Application Thread] DEBUG PhysicsWorld         - Resetting physics world
12:25:18.750 [JavaFX Application Thread] DEBUG GameScene            - Resetting game scene
12:25:18.750 [JavaFX Application Thread] DEBUG GameScene            - Creating render group for layer: BACKGROUND(1000)
12:25:22.084 [JavaFX Application Thread] DEBUG GameWorld            - Resetting game world
12:25:22.086 [JavaFX Application Thread] DEBUG PhysicsWorld         - Resetting physics world
12:25:22.086 [JavaFX Application Thread] DEBUG GameScene            - Resetting game scene
12:25:22.086 [JavaFX Application Thread] DEBUG GameScene            - Creating render group for layer: BACKGROUND(1000)
12:25:25.838 [JavaFX Application Thread] DEBUG GameWorld            - Resetting game world
12:25:26.883 [JavaFX Application Thread] DEBUG PhysicsWorld         - Resetting physics world
12:25:26.883 [JavaFX Application Thread] DEBUG GameScene            - Resetting game scene
12:25:26.884 [JavaFX Application Thread] DEBUG GameScene            - Creating render group for layer: BACKGROUND(1000)
12:25:31.985 [JavaFX Application Thread] DEBUG GameWorld            - Resetting game world
12:25:33.957 [JavaFX Application Thread] DEBUG PhysicsWorld         - Resetting physics world
12:25:33.957 [JavaFX Application Thread] DEBUG GameScene            - Resetting game scene
12:25:33.957 [JavaFX Application Thread] DEBUG GameScene            - Creating render group for layer: BACKGROUND(1000)
12:25:37.277 [JavaFX Application Thread] DEBUG GameWorld            - Resetting game world
12:25:37.502 [JavaFX Application Thread] DEBUG PhysicsWorld         - Resetting physics world
12:25:37.502 [JavaFX Application Thread] DEBUG GameScene            - Resetting game scene
12:25:37.502 [JavaFX Application Thread] DEBUG GameScene            - Creating render group for layer: BACKGROUND(1000)
12:25:41.386 [JavaFX Application Thread] DEBUG GameWorld            - Resetting game world
12:25:42.428 [JavaFX Application Thread] DEBUG PhysicsWorld         - Resetting physics world
12:25:42.428 [JavaFX Application Thread] DEBUG GameScene            - Resetting game scene
12:25:42.428 [JavaFX Application Thread] DEBUG GameScene            - Creating render group for layer: BACKGROUND(1000)
12:25:45.724 [JavaFX Application Thread] DEBUG GameWorld            - Resetting game world
12:25:45.725 [JavaFX Application Thread] DEBUG PhysicsWorld         - Resetting physics world
12:25:45.725 [JavaFX Application Thread] DEBUG GameScene            - Resetting game scene
12:25:45.725 [JavaFX Application Thread] DEBUG GameScene            - Creating render group for layer: BACKGROUND(1000)
12:25:49.061 [JavaFX Application Thread] DEBUG GameWorld            - Resetting game world
12:25:49.063 [JavaFX Application Thread] DEBUG PhysicsWorld         - Resetting physics world
12:25:49.063 [JavaFX Application Thread] DEBUG GameScene            - Resetting game scene
12:25:49.063 [JavaFX Application Thread] DEBUG GameScene            - Creating render group for layer: BACKGROUND(1000)
12:25:52.436 [JavaFX Application Thread] DEBUG GameWorld            - Resetting game world
12:25:52.878 [JavaFX Application Thread] DEBUG PhysicsWorld         - Resetting physics world
12:25:52.878 [JavaFX Application Thread] DEBUG GameScene            - Resetting game scene
12:25:52.878 [JavaFX Application Thread] DEBUG GameScene            - Creating render group for layer: BACKGROUND(1000)
12:25:58.066 [JavaFX Application Thread] DEBUG GameWorld            - Resetting game world
12:26:00.049 [JavaFX Application Thread] DEBUG PhysicsWorld         - Resetting physics world
12:26:00.049 [JavaFX Application Thread] DEBUG GameScene            - Resetting game scene
12:26:00.049 [JavaFX Application Thread] DEBUG GameScene            - Creating render group for layer: BACKGROUND(1000)
12:26:05.240 [JavaFX Application Thread] DEBUG GameWorld            - Resetting game world
12:26:06.608 [JavaFX Application Thread] DEBUG PhysicsWorld         - Resetting physics world
12:26:06.609 [JavaFX Application Thread] DEBUG GameScene            - Resetting game scene
12:26:06.609 [JavaFX Application Thread] DEBUG GameScene            - Creating render group for layer: BACKGROUND(1000)
12:26:09.960 [JavaFX Application Thread] DEBUG GameWorld            - Resetting game world
12:26:10.288 [JavaFX Application Thread] DEBUG PhysicsWorld         - Resetting physics world
12:26:10.288 [JavaFX Application Thread] DEBUG GameScene            - Resetting game scene
12:26:10.288 [JavaFX Application Thread] DEBUG GameScene            - Creating render group for layer: BACKGROUND(1000)
12:26:14.380 [JavaFX Application Thread] DEBUG GameWorld            - Resetting game world
12:26:15.892 [JavaFX Application Thread] DEBUG PhysicsWorld         - Resetting physics world
12:26:15.892 [JavaFX Application Thread] DEBUG GameScene            - Resetting game scene
12:26:15.892 [JavaFX Application Thread] DEBUG GameScene            - Creating render group for layer: BACKGROUND(1000)
12:26:20.956 [JavaFX Application Thread] DEBUG GameWorld            - Resetting game world
12:26:22.841 [JavaFX Application Thread] DEBUG PhysicsWorld         - Resetting physics world
12:26:22.842 [JavaFX Application Thread] DEBUG GameScene            - Resetting game scene
12:26:22.842 [JavaFX Application Thread] DEBUG GameScene            - Creating render group for layer: BACKGROUND(1000)
12:26:31.025 [JavaFX Application Thread] DEBUG GameWorld            - Resetting game world
12:26:35.246 [JavaFX Application Thread] DEBUG PhysicsWorld         - Resetting physics world
12:26:35.246 [JavaFX Application Thread] DEBUG GameScene            - Resetting game scene
12:26:35.246 [JavaFX Application Thread] DEBUG GameScene            - Creating render group for layer: BACKGROUND(1000)
12:26:38.545 [JavaFX Application Thread] DEBUG GameWorld            - Resetting game world
12:26:38.546 [JavaFX Application Thread] DEBUG PhysicsWorld         - Resetting physics world
12:26:38.546 [JavaFX Application Thread] DEBUG GameScene            - Resetting game scene
12:26:38.546 [JavaFX Application Thread] DEBUG GameScene            - Creating render group for layer: BACKGROUND(1000)
12:26:42.736 [JavaFX Application Thread] DEBUG GameWorld            - Resetting game world
12:26:44.315 [JavaFX Application Thread] DEBUG PhysicsWorld         - Resetting physics world
12:26:44.315 [JavaFX Application Thread] DEBUG GameScene            - Resetting game scene
12:26:44.316 [JavaFX Application Thread] DEBUG GameScene            - Creating render group for layer: BACKGROUND(1000)
12:26:48.423 [JavaFX Application Thread] DEBUG GameWorld            - Resetting game world
12:26:49.683 [JavaFX Application Thread] DEBUG PhysicsWorld         - Resetting physics world
12:26:49.683 [JavaFX Application Thread] DEBUG GameScene            - Resetting game scene
12:26:49.683 [JavaFX Application Thread] DEBUG GameScene            - Creating render group for layer: BACKGROUND(1000)
12:26:54.768 [JavaFX Application Thread] DEBUG GameWorld            - Resetting game world
12:26:56.972 [JavaFX Application Thread] DEBUG PhysicsWorld         - Resetting physics world
12:26:56.972 [JavaFX Application Thread] DEBUG GameScene            - Resetting game scene
12:26:56.972 [JavaFX Application Thread] DEBUG GameScene            - Creating render group for layer: BACKGROUND(1000)
12:27:00.291 [JavaFX Application Thread] DEBUG GameWorld            - Resetting game world
12:27:00.712 [JavaFX Application Thread] DEBUG PhysicsWorld         - Resetting physics world
12:27:00.713 [JavaFX Application Thread] DEBUG GameScene            - Resetting game scene
12:27:00.713 [JavaFX Application Thread] DEBUG GameScene            - Creating render group for layer: BACKGROUND(1000)
12:27:04.955 [JavaFX Application Thread] DEBUG GameWorld            - Resetting game world
12:27:05.885 [JavaFX Application Thread] DEBUG PhysicsWorld         - Resetting physics world
12:27:05.885 [JavaFX Application Thread] DEBUG GameScene            - Resetting game scene
12:27:05.885 [JavaFX Application Thread] DEBUG GameScene            - Creating render group for layer: BACKGROUND(1000)
12:27:13.917 [JavaFX Application Thread] DEBUG GameWorld            - Resetting game world
12:27:17.432 [JavaFX Application Thread] DEBUG PhysicsWorld         - Resetting physics world
12:27:17.432 [JavaFX Application Thread] DEBUG GameScene            - Resetting game scene
12:27:17.432 [JavaFX Application Thread] DEBUG GameScene            - Creating render group for layer: BACKGROUND(1000)
12:27:21.622 [JavaFX Application Thread] DEBUG GameWorld            - Resetting game world
12:27:22.659 [JavaFX Application Thread] DEBUG PhysicsWorld         - Resetting physics world
12:27:22.659 [JavaFX Application Thread] DEBUG GameScene            - Resetting game scene
12:27:22.659 [JavaFX Application Thread] DEBUG GameScene            - Creating render group for layer: BACKGROUND(1000)
12:27:25.960 [JavaFX Application Thread] DEBUG GameWorld            - Resetting game world
12:27:25.961 [JavaFX Application Thread] DEBUG PhysicsWorld         - Resetting physics world
12:27:25.961 [JavaFX Application Thread] DEBUG GameScene            - Resetting game scene
12:27:25.961 [JavaFX Application Thread] DEBUG GameScene            - Creating render group for layer: BACKGROUND(1000)
12:27:29.928 [JavaFX Application Thread] DEBUG GameWorld            - Resetting game world
12:27:30.701 [JavaFX Application Thread] DEBUG PhysicsWorld         - Resetting physics world
12:27:30.701 [JavaFX Application Thread] DEBUG GameScene            - Resetting game scene
12:27:30.701 [JavaFX Application Thread] DEBUG GameScene            - Creating render group for layer: BACKGROUND(1000)
12:27:34.084 [JavaFX Application Thread] DEBUG GameWorld            - Resetting game world
12:27:34.584 [JavaFX Application Thread] DEBUG PhysicsWorld         - Resetting physics world
12:27:34.584 [JavaFX Application Thread] DEBUG GameScene            - Resetting game scene
12:27:34.584 [JavaFX Application Thread] DEBUG GameScene            - Creating render group for layer: BACKGROUND(1000)
12:27:38.183 [JavaFX Application Thread] DEBUG GameWorld            - Resetting game world
12:27:38.984 [JavaFX Application Thread] DEBUG PhysicsWorld         - Resetting physics world
12:27:38.984 [JavaFX Application Thread] DEBUG GameScene            - Resetting game scene
12:27:38.984 [JavaFX Application Thread] DEBUG GameScene            - Creating render group for layer: BACKGROUND(1000)
12:27:42.283 [JavaFX Application Thread] DEBUG GameWorld            - Resetting game world
12:27:42.503 [JavaFX Application Thread] DEBUG PhysicsWorld         - Resetting physics world
12:27:42.503 [JavaFX Application Thread] DEBUG GameScene            - Resetting game scene
12:27:42.503 [JavaFX Application Thread] DEBUG GameScene            - Creating render group for layer: BACKGROUND(1000)
12:27:46.004 [JavaFX Application Thread] DEBUG GameWorld            - Resetting game world
12:27:46.784 [JavaFX Application Thread] DEBUG PhysicsWorld         - Resetting physics world
12:27:46.784 [JavaFX Application Thread] DEBUG GameScene            - Resetting game scene
12:27:46.784 [JavaFX Application Thread] DEBUG GameScene            - Creating render group for layer: BACKGROUND(1000)
12:27:50.085 [JavaFX Application Thread] DEBUG GameWorld            - Resetting game world
12:27:50.086 [JavaFX Application Thread] DEBUG PhysicsWorld         - Resetting physics world
12:27:50.086 [JavaFX Application Thread] DEBUG GameScene            - Resetting game scene
12:27:50.086 [JavaFX Application Thread] DEBUG GameScene            - Creating render group for layer: BACKGROUND(1000)
12:27:53.523 [JavaFX Application Thread] DEBUG GameWorld            - Resetting game world
12:27:54.201 [JavaFX Application Thread] DEBUG PhysicsWorld         - Resetting physics world
12:27:54.201 [JavaFX Application Thread] DEBUG GameScene            - Resetting game scene
12:27:54.202 [JavaFX Application Thread] DEBUG GameScene            - Creating render group for layer: BACKGROUND(1000)
12:27:58.499 [JavaFX Application Thread] DEBUG GameWorld            - Resetting game world
12:27:59.866 [JavaFX Application Thread] DEBUG PhysicsWorld         - Resetting physics world
12:27:59.866 [JavaFX Application Thread] DEBUG GameScene            - Resetting game scene
12:27:59.866 [JavaFX Application Thread] DEBUG GameScene            - Creating render group for layer: BACKGROUND(1000)
12:28:03.602 [JavaFX Application Thread] DEBUG GameWorld            - Resetting game world
12:28:04.041 [JavaFX Application Thread] DEBUG PhysicsWorld         - Resetting physics world
12:28:04.041 [JavaFX Application Thread] DEBUG GameScene            - Resetting game scene
12:28:04.041 [JavaFX Application Thread] DEBUG GameScene            - Creating render group for layer: BACKGROUND(1000)
12:28:12.624 [JavaFX Application Thread] DEBUG GameWorld            - Resetting game world
12:28:15.858 [JavaFX Application Thread] DEBUG PhysicsWorld         - Resetting physics world
12:28:15.858 [JavaFX Application Thread] DEBUG GameScene            - Resetting game scene
12:28:15.858 [JavaFX Application Thread] DEBUG GameScene            - Creating render group for layer: BACKGROUND(1000)
12:28:20.021 [JavaFX Application Thread] DEBUG GameWorld            - Resetting game world
12:28:20.694 [JavaFX Application Thread] DEBUG PhysicsWorld         - Resetting physics world
12:28:20.694 [JavaFX Application Thread] DEBUG GameScene            - Resetting game scene
12:28:20.694 [JavaFX Application Thread] DEBUG GameScene            - Creating render group for layer: BACKGROUND(1000)
12:28:28.766 [JavaFX Application Thread] DEBUG GameWorld            - Resetting game world
12:28:31.756 [JavaFX Application Thread] DEBUG PhysicsWorld         - Resetting physics world
12:28:31.756 [JavaFX Application Thread] DEBUG GameScene            - Resetting game scene
12:28:31.756 [JavaFX Application Thread] DEBUG GameScene            - Creating render group for layer: BACKGROUND(1000)
12:28:36.818 [JavaFX Application Thread] DEBUG GameWorld            - Resetting game world
12:28:38.779 [JavaFX Application Thread] DEBUG PhysicsWorld         - Resetting physics world
12:28:38.780 [JavaFX Application Thread] DEBUG GameScene            - Resetting game scene
12:28:38.780 [JavaFX Application Thread] DEBUG GameScene            - Creating render group for layer: BACKGROUND(1000)
12:28:43.098 [JavaFX Application Thread] DEBUG GameWorld            - Resetting game world
12:28:44.122 [JavaFX Application Thread] DEBUG PhysicsWorld         - Resetting physics world
12:28:44.122 [JavaFX Application Thread] DEBUG GameScene            - Resetting game scene
12:28:44.122 [JavaFX Application Thread] DEBUG GameScene            - Creating render group for layer: BACKGROUND(1000)
12:28:47.457 [JavaFX Application Thread] DEBUG GameWorld            - Resetting game world
12:28:47.804 [JavaFX Application Thread] DEBUG PhysicsWorld         - Resetting physics world
12:28:47.804 [JavaFX Application Thread] DEBUG GameScene            - Resetting game scene
12:28:47.804 [JavaFX Application Thread] DEBUG GameScene            - Creating render group for layer: BACKGROUND(1000)
12:28:51.097 [JavaFX Application Thread] DEBUG GameWorld            - Resetting game world
12:28:51.098 [JavaFX Application Thread] DEBUG PhysicsWorld         - Resetting physics world
12:28:51.098 [JavaFX Application Thread] DEBUG GameScene            - Resetting game scene
12:28:51.098 [JavaFX Application Thread] DEBUG GameScene            - Creating render group for layer: BACKGROUND(1000)
12:28:55.296 [JavaFX Application Thread] DEBUG GameWorld            - Resetting game world
12:28:56.359 [JavaFX Application Thread] DEBUG PhysicsWorld         - Resetting physics world
12:28:56.359 [JavaFX Application Thread] DEBUG GameScene            - Resetting game scene
12:28:56.359 [JavaFX Application Thread] DEBUG GameScene            - Creating render group for layer: BACKGROUND(1000)
12:28:59.941 [JavaFX Application Thread] DEBUG GameWorld            - Resetting game world
12:29:00.653 [JavaFX Application Thread] DEBUG PhysicsWorld         - Resetting physics world
12:29:00.653 [JavaFX Application Thread] DEBUG GameScene            - Resetting game scene
12:29:00.653 [JavaFX Application Thread] DEBUG GameScene            - Creating render group for layer: BACKGROUND(1000)
12:29:03.960 [JavaFX Application Thread] DEBUG GameWorld            - Resetting game world
12:29:03.960 [JavaFX Application Thread] DEBUG PhysicsWorld         - Resetting physics world
12:29:03.960 [JavaFX Application Thread] DEBUG GameScene            - Resetting game scene
12:29:03.960 [JavaFX Application Thread] DEBUG GameScene            - Creating render group for layer: BACKGROUND(1000)
12:29:07.296 [JavaFX Application Thread] DEBUG GameWorld            - Resetting game world
12:29:07.297 [JavaFX Application Thread] DEBUG PhysicsWorld         - Resetting physics world
12:29:07.297 [JavaFX Application Thread] DEBUG GameScene            - Resetting game scene
12:29:07.297 [JavaFX Application Thread] DEBUG GameScene            - Creating render group for layer: BACKGROUND(1000)
12:29:10.715 [JavaFX Application Thread] DEBUG GameWorld            - Resetting game world
12:29:11.394 [JavaFX Application Thread] DEBUG PhysicsWorld         - Resetting physics world
12:29:11.394 [JavaFX Application Thread] DEBUG GameScene            - Resetting game scene
12:29:11.394 [JavaFX Application Thread] DEBUG GameScene            - Creating render group for layer: BACKGROUND(1000)
12:29:15.725 [JavaFX Application Thread] DEBUG GameWorld            - Resetting game world
12:29:16.397 [JavaFX Application Thread] DEBUG PhysicsWorld         - Resetting physics world
12:29:16.397 [JavaFX Application Thread] DEBUG GameScene            - Resetting game scene
12:29:16.398 [JavaFX Application Thread] DEBUG GameScene            - Creating render group for layer: BACKGROUND(1000)
12:29:20.380 [JavaFX Application Thread] DEBUG GameWorld            - Resetting game world
12:29:21.774 [JavaFX Application Thread] DEBUG PhysicsWorld         - Resetting physics world
12:29:21.774 [JavaFX Application Thread] DEBUG GameScene            - Resetting game scene
12:29:21.775 [JavaFX Application Thread] DEBUG GameScene            - Creating render group for layer: BACKGROUND(1000)
12:29:25.212 [JavaFX Application Thread] DEBUG GameWorld            - Resetting game world
12:29:25.938 [JavaFX Application Thread] DEBUG PhysicsWorld         - Resetting physics world
12:29:25.938 [JavaFX Application Thread] DEBUG GameScene            - Resetting game scene
12:29:25.938 [JavaFX Application Thread] DEBUG GameScene            - Creating render group for layer: BACKGROUND(1000)
12:29:30.060 [JavaFX Application Thread] DEBUG GameWorld            - Resetting game world
12:29:31.273 [JavaFX Application Thread] DEBUG PhysicsWorld         - Resetting physics world
12:29:31.273 [JavaFX Application Thread] DEBUG GameScene            - Resetting game scene
12:29:31.273 [JavaFX Application Thread] DEBUG GameScene            - Creating render group for layer: BACKGROUND(1000)
12:29:34.769 [JavaFX Application Thread] DEBUG GameWorld            - Resetting game world
12:29:35.486 [JavaFX Application Thread] DEBUG PhysicsWorld         - Resetting physics world
12:29:35.486 [JavaFX Application Thread] DEBUG GameScene            - Resetting game scene
12:29:35.486 [JavaFX Application Thread] DEBUG GameScene            - Creating render group for layer: BACKGROUND(1000)
12:29:38.779 [JavaFX Application Thread] DEBUG GameWorld            - Resetting game world
12:29:38.780 [JavaFX Application Thread] DEBUG PhysicsWorld         - Resetting physics world
12:29:38.780 [JavaFX Application Thread] DEBUG GameScene            - Resetting game scene
12:29:38.780 [JavaFX Application Thread] DEBUG GameScene            - Creating render group for layer: BACKGROUND(1000)
12:29:42.116 [JavaFX Application Thread] DEBUG GameWorld            - Resetting game world
12:29:42.116 [JavaFX Application Thread] DEBUG PhysicsWorld         - Resetting physics world
12:29:42.117 [JavaFX Application Thread] DEBUG GameScene            - Resetting game scene
12:29:42.117 [JavaFX Application Thread] DEBUG GameScene            - Creating render group for layer: BACKGROUND(1000)
12:29:48.743 [JavaFX Application Thread] DEBUG GameWorld            - Resetting game world
12:29:50.551 [JavaFX Application Thread] DEBUG PhysicsWorld         - Resetting physics world
12:29:50.551 [JavaFX Application Thread] DEBUG GameScene            - Resetting game scene
12:29:50.551 [JavaFX Application Thread] DEBUG GameScene            - Creating render group for layer: BACKGROUND(1000)
12:29:53.901 [JavaFX Application Thread] DEBUG GameWorld            - Resetting game world
12:29:54.082 [JavaFX Application Thread] DEBUG PhysicsWorld         - Resetting physics world
12:29:54.082 [JavaFX Application Thread] DEBUG GameScene            - Resetting game scene
12:29:54.082 [JavaFX Application Thread] DEBUG GameScene            - Creating render group for layer: BACKGROUND(1000)
12:29:57.825 [JavaFX Application Thread] DEBUG GameWorld            - Resetting game world
12:29:59.082 [JavaFX Application Thread] DEBUG PhysicsWorld         - Resetting physics world
12:29:59.082 [JavaFX Application Thread] DEBUG GameScene            - Resetting game scene
12:29:59.082 [JavaFX Application Thread] DEBUG GameScene            - Creating render group for layer: BACKGROUND(1000)
12:30:02.386 [JavaFX Application Thread] DEBUG GameWorld            - Resetting game world
12:30:02.386 [JavaFX Application Thread] DEBUG PhysicsWorld         - Resetting physics world
12:30:02.386 [JavaFX Application Thread] DEBUG GameScene            - Resetting game scene
12:30:02.386 [JavaFX Application Thread] DEBUG GameScene            - Creating render group for layer: BACKGROUND(1000)
12:30:07.253 [JavaFX Application Thread] DEBUG GameWorld            - Resetting game world
12:30:08.972 [JavaFX Application Thread] DEBUG PhysicsWorld         - Resetting physics world
12:30:08.972 [JavaFX Application Thread] DEBUG GameScene            - Resetting game scene
12:30:08.972 [JavaFX Application Thread] DEBUG GameScene            - Creating render group for layer: BACKGROUND(1000)
12:30:14.359 [JavaFX Application Thread] DEBUG GameWorld            - Resetting game world
12:30:15.727 [JavaFX Application Thread] DEBUG PhysicsWorld         - Resetting physics world
12:30:15.727 [JavaFX Application Thread] DEBUG GameScene            - Resetting game scene
12:30:15.727 [JavaFX Application Thread] DEBUG GameScene            - Creating render group for layer: BACKGROUND(1000)
12:30:23.486 [JavaFX Application Thread] DEBUG GameWorld            - Resetting game world
12:30:26.924 [JavaFX Application Thread] DEBUG PhysicsWorld         - Resetting physics world
12:30:26.924 [JavaFX Application Thread] DEBUG GameScene            - Resetting game scene
12:30:26.924 [JavaFX Application Thread] DEBUG GameScene            - Creating render group for layer: BACKGROUND(1000)
12:30:31.072 [JavaFX Application Thread] DEBUG GameWorld            - Resetting game world
12:30:32.102 [JavaFX Application Thread] DEBUG PhysicsWorld         - Resetting physics world
12:30:32.102 [JavaFX Application Thread] DEBUG GameScene            - Resetting game scene
12:30:32.102 [JavaFX Application Thread] DEBUG GameScene            - Creating render group for layer: BACKGROUND(1000)
12:30:36.362 [JavaFX Application Thread] DEBUG GameWorld            - Resetting game world
12:30:36.995 [JavaFX Application Thread] DEBUG PhysicsWorld         - Resetting physics world
12:30:36.995 [JavaFX Application Thread] DEBUG GameScene            - Resetting game scene
12:30:36.995 [JavaFX Application Thread] DEBUG GameScene            - Creating render group for layer: BACKGROUND(1000)
12:30:40.376 [JavaFX Application Thread] DEBUG GameWorld            - Resetting game world
12:30:40.907 [JavaFX Application Thread] DEBUG PhysicsWorld         - Resetting physics world
12:30:40.907 [JavaFX Application Thread] DEBUG GameScene            - Resetting game scene
12:30:40.907 [JavaFX Application Thread] DEBUG GameScene            - Creating render group for layer: BACKGROUND(1000)
12:30:44.196 [JavaFX Application Thread] DEBUG GameWorld            - Resetting game world
12:30:44.197 [JavaFX Application Thread] DEBUG PhysicsWorld         - Resetting physics world
12:30:44.197 [JavaFX Application Thread] DEBUG GameScene            - Resetting game scene
12:30:44.197 [JavaFX Application Thread] DEBUG GameScene            - Creating render group for layer: BACKGROUND(1000)
12:30:47.735 [JavaFX Application Thread] DEBUG GameWorld            - Resetting game world
12:30:48.557 [JavaFX Application Thread] DEBUG PhysicsWorld         - Resetting physics world
12:30:48.557 [JavaFX Application Thread] DEBUG GameScene            - Resetting game scene
12:30:48.558 [JavaFX Application Thread] DEBUG GameScene            - Creating render group for layer: BACKGROUND(1000)
12:30:52.749 [JavaFX Application Thread] DEBUG GameWorld            - Resetting game world
12:30:53.593 [JavaFX Application Thread] DEBUG PhysicsWorld         - Resetting physics world
12:30:53.593 [JavaFX Application Thread] DEBUG GameScene            - Resetting game scene
12:30:53.593 [JavaFX Application Thread] DEBUG GameScene            - Creating render group for layer: BACKGROUND(1000)
12:30:56.892 [JavaFX Application Thread] DEBUG GameWorld            - Resetting game world
12:30:56.893 [JavaFX Application Thread] DEBUG PhysicsWorld         - Resetting physics world
12:30:56.893 [JavaFX Application Thread] DEBUG GameScene            - Resetting game scene
12:30:56.893 [JavaFX Application Thread] DEBUG GameScene            - Creating render group for layer: BACKGROUND(1000)
12:31:00.291 [JavaFX Application Thread] DEBUG GameWorld            - Resetting game world
12:31:00.551 [JavaFX Application Thread] DEBUG PhysicsWorld         - Resetting physics world
12:31:00.551 [JavaFX Application Thread] DEBUG GameScene            - Resetting game scene
12:31:00.551 [JavaFX Application Thread] DEBUG GameScene            - Creating render group for layer: BACKGROUND(1000)
12:31:03.982 [JavaFX Application Thread] DEBUG GameWorld            - Resetting game world
12:31:03.986 [JavaFX Application Thread] DEBUG PhysicsWorld         - Resetting physics world
12:31:03.986 [JavaFX Application Thread] DEBUG GameScene            - Resetting game scene
12:31:03.986 [JavaFX Application Thread] DEBUG GameScene            - Creating render group for layer: BACKGROUND(1000)
12:31:07.405 [JavaFX Application Thread] DEBUG GameWorld            - Resetting game world
12:31:07.605 [JavaFX Application Thread] DEBUG PhysicsWorld         - Resetting physics world
12:31:07.605 [JavaFX Application Thread] DEBUG GameScene            - Resetting game scene
12:31:07.605 [JavaFX Application Thread] DEBUG GameScene            - Creating render group for layer: BACKGROUND(1000)
12:31:11.965 [JavaFX Application Thread] DEBUG GameWorld            - Resetting game world
12:31:13.702 [JavaFX Application Thread] DEBUG PhysicsWorld         - Resetting physics world
12:31:13.702 [JavaFX Application Thread] DEBUG GameScene            - Resetting game scene
12:31:13.703 [JavaFX Application Thread] DEBUG GameScene            - Creating render group for layer: BACKGROUND(1000)
12:31:17.393 [JavaFX Application Thread] DEBUG GameWorld            - Resetting game world
12:31:18.421 [JavaFX Application Thread] DEBUG PhysicsWorld         - Resetting physics world
12:31:18.421 [JavaFX Application Thread] DEBUG GameScene            - Resetting game scene
12:31:18.421 [JavaFX Application Thread] DEBUG GameScene            - Creating render group for layer: BACKGROUND(1000)
12:31:21.717 [JavaFX Application Thread] DEBUG GameWorld            - Resetting game world
12:31:21.717 [JavaFX Application Thread] DEBUG PhysicsWorld         - Resetting physics world
12:31:21.717 [JavaFX Application Thread] DEBUG GameScene            - Resetting game scene
12:31:21.718 [JavaFX Application Thread] DEBUG GameScene            - Creating render group for layer: BACKGROUND(1000)
12:31:28.985 [JavaFX Application Thread] DEBUG GameWorld            - Resetting game world
12:31:30.414 [JavaFX Application Thread] DEBUG PhysicsWorld         - Resetting physics world
12:31:30.414 [JavaFX Application Thread] DEBUG GameScene            - Resetting game scene
12:31:30.414 [JavaFX Application Thread] DEBUG GameScene            - Creating render group for layer: BACKGROUND(1000)
12:31:34.507 [JavaFX Application Thread] DEBUG GameWorld            - Resetting game world
12:31:35.909 [JavaFX Application Thread] DEBUG PhysicsWorld         - Resetting physics world
12:31:35.909 [JavaFX Application Thread] DEBUG GameScene            - Resetting game scene
12:31:35.909 [JavaFX Application Thread] DEBUG GameScene            - Creating render group for layer: BACKGROUND(1000)
12:31:39.098 [JavaFX Application Thread] DEBUG GameWorld            - Resetting game world
12:31:39.385 [JavaFX Application Thread] DEBUG PhysicsWorld         - Resetting physics world
12:31:39.385 [JavaFX Application Thread] DEBUG GameScene            - Resetting game scene
12:31:39.385 [JavaFX Application Thread] DEBUG GameScene            - Creating render group for layer: BACKGROUND(1000)
12:31:44.031 [JavaFX Application Thread] DEBUG GameWorld            - Resetting game world
12:31:45.391 [JavaFX Application Thread] DEBUG PhysicsWorld         - Resetting physics world
12:31:45.392 [JavaFX Application Thread] DEBUG GameScene            - Resetting game scene
12:31:45.392 [JavaFX Application Thread] DEBUG GameScene            - Creating render group for layer: BACKGROUND(1000)
12:31:48.553 [JavaFX Application Thread] DEBUG GameWorld            - Resetting game world
12:31:48.554 [JavaFX Application Thread] DEBUG PhysicsWorld         - Resetting physics world
12:31:48.554 [JavaFX Application Thread] DEBUG GameScene            - Resetting game scene
12:31:48.554 [JavaFX Application Thread] DEBUG GameScene            - Creating render group for layer: BACKGROUND(1000)
12:31:52.887 [JavaFX Application Thread] DEBUG GameWorld            - Resetting game world
12:31:53.863 [JavaFX Application Thread] DEBUG PhysicsWorld         - Resetting physics world
12:31:53.863 [JavaFX Application Thread] DEBUG GameScene            - Resetting game scene
12:31:53.863 [JavaFX Application Thread] DEBUG GameScene            - Creating render group for layer: BACKGROUND(1000)
12:31:57.172 [JavaFX Application Thread] DEBUG GameWorld            - Resetting game world
12:31:57.794 [JavaFX Application Thread] DEBUG PhysicsWorld         - Resetting physics world
12:31:57.795 [JavaFX Application Thread] DEBUG GameScene            - Resetting game scene
12:31:57.795 [JavaFX Application Thread] DEBUG GameScene            - Creating render group for layer: BACKGROUND(1000)
12:32:00.954 [JavaFX Application Thread] DEBUG GameWorld            - Resetting game world
12:32:00.955 [JavaFX Application Thread] DEBUG PhysicsWorld         - Resetting physics world
12:32:00.955 [JavaFX Application Thread] DEBUG GameScene            - Resetting game scene
12:32:00.955 [JavaFX Application Thread] DEBUG GameScene            - Creating render group for layer: BACKGROUND(1000)
12:32:04.145 [JavaFX Application Thread] DEBUG GameWorld            - Resetting game world
12:32:04.147 [JavaFX Application Thread] DEBUG PhysicsWorld         - Resetting physics world
12:32:04.147 [JavaFX Application Thread] DEBUG GameScene            - Resetting game scene
12:32:04.147 [JavaFX Application Thread] DEBUG GameScene            - Creating render group for layer: BACKGROUND(1000)
12:32:07.751 [JavaFX Application Thread] DEBUG GameWorld            - Resetting game world
12:32:08.553 [JavaFX Application Thread] DEBUG PhysicsWorld         - Resetting physics world
12:32:08.553 [JavaFX Application Thread] DEBUG GameScene            - Resetting game scene
12:32:08.553 [JavaFX Application Thread] DEBUG GameScene            - Creating render group for layer: BACKGROUND(1000)
12:32:11.725 [JavaFX Application Thread] DEBUG GameWorld            - Resetting game world
12:32:11.727 [JavaFX Application Thread] DEBUG PhysicsWorld         - Resetting physics world
12:32:11.727 [JavaFX Application Thread] DEBUG GameScene            - Resetting game scene
12:32:11.727 [JavaFX Application Thread] DEBUG GameScene            - Creating render group for layer: BACKGROUND(1000)
12:32:21.728 [JavaFX Application Thread] DEBUG GameWorld            - Resetting game world
12:32:24.779 [JavaFX Application Thread] DEBUG PhysicsWorld         - Resetting physics world
12:32:24.780 [JavaFX Application Thread] DEBUG GameScene            - Resetting game scene
12:32:24.780 [JavaFX Application Thread] DEBUG GameScene            - Creating render group for layer: BACKGROUND(1000)
12:32:27.563 [JavaFX Application Thread] DEBUG FXGLEventBus         - Firing event: DisplayEvent[type=CLOSE_REQUEST]
12:32:27.563 [JavaFX Application Thread] DEBUG GameApplication      - Exiting FXGL application
12:32:27.564 [JavaFX Application Thread] DEBUG FXGL                 - Saving FXGL system data
12:32:27.564 [JavaFX Application Thread] DEBUG IOTask               - Executing task: writeDataTask(system/fxgl.bundle)
12:32:27.566 [JavaFX Application Thread] DEBUG FS                   - Writing to: system\fxgl.bundle
12:32:27.571 [JavaFX Application Thread] DEBUG IOTask               - Task succeeded: writeDataTask(system/fxgl.bundle)
12:32:27.571 [JavaFX Application Thread] DEBUG GameApplication      - Closing FXGL logger and exiting JavaFX
