17:05:30.259 [FXGL Launcher Thread     ] DEBUG FXGL                 - FXGL logger initialized
17:05:30.261 [FXGL Launcher Thread     ] DEBUG FXGL                 - Service <<AudioPlayer>> initialized
17:05:30.262 [FXGL Launcher Thread     ] DEBUG FXGLAssetLoader      - Asset cacheSize=35
17:05:30.263 [FXGL Launcher Thread     ] DEBUG FXGL                 - Service <<AssetLoader>> initialized
17:05:30.263 [FXGL Launcher Thread     ] DEBUG FXGL                 - Service <<EventBus>> initialized
17:05:30.266 [FXGL Launcher Thread     ] DEBUG FXGLAssetLoader      - Loading from disk: /assets/ui/cursors/fxgl_default.png
17:05:30.282 [FXGL Launcher Thread     ] DEBUG FXGLAssetLoader      - Loading from disk: /assets/sounds/core/notification.wav
17:05:30.299 [FXGL Launcher Thread     ] DEBUG FXGLAssetLoader      - Loading from disk: /assets/sounds/menu/select.wav
17:05:30.301 [FXGL Launcher Thread     ] DEBUG FXGLAssetLoader      - Loading from disk: /assets/sounds/menu/back.wav
17:05:30.303 [FXGL Launcher Thread     ] DEBUG FXGLAssetLoader      - Loading from disk: /assets/sounds/menu/press.wav
17:05:30.305 [FXGL Launcher Thread     ] DEBUG FXGLAssetLoader      - Loading from disk: /assets/ui/fonts/Copperplate_Gothic_Light_Regular.ttf
17:05:30.396 [FXGL Launcher Thread     ] DEBUG FXGLAssetLoader      - Loading from disk: /assets/ui/fonts/lucida_console.ttf
17:05:30.413 [FXGL Launcher Thread     ] DEBUG FXGLAssetLoader      - Loading from disk: /assets/ui/css/fxgl_dark.css
17:05:30.413 [FXGL Launcher Thread     ] DEBUG FXGLAssetLoader      - Loading from disk: /assets/ui/icons/fxgl_icon.png
17:05:30.427 [FXGL Launcher Thread     ] DEBUG FXGLDisplay          - Using CSS: CSS(externalForm=jar:file:/C:/Users/lukel/Documents/Programming/CellularAutomata/More1DAutomata/lib/fxgl-0.3.4-uber.jar!/assets/ui/css/fxgl_dark.css)
17:05:30.428 [FXGL Launcher Thread     ] DEBUG FXGL                 - Service <<Display>> initialized
17:05:30.430 [FXGL Launcher Thread     ] DEBUG FXGL                 - Service <<Executor>> initialized
17:05:30.437 [FXGL Launcher Thread     ] DEBUG FXGL                 - Service <<NotificationService>> initialized
17:05:30.438 [FXGL Launcher Thread     ] DEBUG FXGL                 - Service <<Net>> initialized
17:05:30.451 [FXGL Launcher Thread     ] DEBUG FXGL                 - Service <<Gameplay>> initialized
17:05:30.455 [FXGL Launcher Thread     ] DEBUG FXGLPooler           - Default pool size for objects = 128
17:05:30.457 [FXGL Launcher Thread     ] DEBUG FXGL                 - Service <<Pooler>> initialized
17:05:30.458 [FXGL Launcher Thread     ] DEBUG FXGL                 - Service <<ExceptionHandler>> initialized
17:05:30.458 [FXGL Launcher Thread     ] DEBUG FXGL                 - Service <<UIFactory>> initialized
17:05:30.458 [FXGL Launcher Thread     ] DEBUG FXGL                 - Service <<DialogFactory>> initialized
17:05:30.458 [FXGL Launcher Thread     ] DEBUG FXGL                 - Service <<SceneFactory>> initialized
17:05:30.458 [FXGL Launcher Thread     ] DEBUG FXGL                 - Loading FXGL system data
17:05:30.461 [FXGL Launcher Thread     ] DEBUG IOTask               - Executing task: readDataTask(system/fxgl.bundle)
17:05:30.463 [FXGL Launcher Thread     ] DEBUG FS                   - Reading from: system\fxgl.bundle
17:05:30.472 [FXGL Launcher Thread     ] DEBUG IOTask               - Task succeeded: readDataTask(system/fxgl.bundle)
17:05:30.472 [FXGL Launcher Thread     ] DEBUG Bundle               - Logging bundle: FXGL
17:05:30.473 [FXGL Launcher Thread     ] DEBUG Bundle               - FXGL.offline.timer.version.check=2017-07-11T23:54:35.862
17:05:30.473 [FXGL Launcher Thread     ] DEBUG GameApplication      - FXGL configuration complete
17:05:30.473 [FXGL Launcher Thread     ] INFO  GameApplication      - FXGL configuration took:  0.736 sec
17:05:30.474 [FXGL Launcher Thread     ] DEBUG GameApplication      - Logging game settings
Title: Elementary Cellular Automata
Version: 1.0
Width: 1000
Height: 1015
Fullscreen: false
Intro: false
Menus: false
Profiling: false
App Mode: DEVELOPER
Menu Style: FXGL_DEFAULT
Menu Key: ESCAPE
Services: []
17:05:30.491 [FXGL Launcher Thread     ] DEBUG GameApplication      - Configuring GameApplication
17:05:30.492 [FXGL Launcher Thread     ] DEBUG AppStateMachine      - Initializing application states
17:05:30.494 [FXGL Launcher Thread     ] DEBUG FXGLAssetLoader      - Loading from disk: /assets/ui/cursors/fxgl_default.png
17:05:30.497 [FXGL Launcher Thread     ] DEBUG FXGLAssetLoader      - Loading from disk: /assets/ui/cursors/fxgl_default.png
17:05:30.560 [FXGL Launcher Thread     ] DEBUG GameWorld            - Game world initialized
17:05:30.594 [FXGL Launcher Thread     ] DEBUG PhysicsWorld         - Physics world initialized: appHeight=1015, physics.ppm=50.0
17:05:30.601 [FXGL Launcher Thread     ] DEBUG FXGLAssetLoader      - Loading from disk: /assets/ui/cursors/fxgl_default.png
17:05:30.616 [FXGL Launcher Thread     ] DEBUG GameScene            - Game scene initialized: 1000x1015
17:05:30.633 [FXGL Launcher Thread     ] DEBUG Input                - Registered new binding: Pause - Esc
17:05:30.642 [FXGL Launcher Thread     ] INFO  GameApplication      - Game configuration took:  0.150 sec
17:05:30.645 [JavaFX Application Thread] DEBUG FXGLDisplay          - Target size: DoubleProperty [value: 1000.0] x DoubleProperty [value: 1015.0] @ 1.0
17:05:30.645 [JavaFX Application Thread] DEBUG FXGLDisplay          - New size:    1000.0 x 1015.0 @ DoubleProperty [value: 1.0]
17:05:30.645 [JavaFX Application Thread] DEBUG FXGLDisplay          - Opening primary stage
17:05:30.668 [JavaFX Application Thread] DEBUG FXGLDisplay          - Stage shown
17:05:30.669 [JavaFX Application Thread] DEBUG FXGLDisplay          - Root size: 1000.0x1015.0
17:05:30.669 [JavaFX Application Thread] DEBUG FXGLDisplay          - Scene size: 1000.0x1015.0
17:05:30.669 [JavaFX Application Thread] DEBUG FXGLDisplay          - Stage size: 1016.0x1054.0
17:05:30.699 [JavaFX Application Thread] DEBUG GameApplication      - Running preInit()
17:05:30.701 [JavaFX Application Thread] DEBUG Input                - Registered new binding: Screenshot - P
17:05:30.701 [JavaFX Application Thread] DEBUG Input                - Registered new binding: Dev Options - CTRL+0
17:05:30.701 [JavaFX Application Thread] DEBUG Input                - Registered new binding: RANDOM - R
17:05:30.701 [JavaFX Application Thread] DEBUG Input                - Registered new binding: 1 - 1
17:05:30.701 [JavaFX Application Thread] DEBUG Input                - Registered new binding: num1 - Numpad 1
17:05:30.702 [JavaFX Application Thread] DEBUG Input                - Registered new binding: 2 - 2
17:05:30.702 [JavaFX Application Thread] DEBUG Input                - Registered new binding: num2 - Numpad 2
17:05:30.702 [JavaFX Application Thread] DEBUG Input                - Registered new binding: 3 - 3
17:05:30.702 [JavaFX Application Thread] DEBUG Input                - Registered new binding: num3 - Numpad 3
17:05:30.702 [JavaFX Application Thread] DEBUG Input                - Registered new binding: 4 - 4
17:05:30.702 [JavaFX Application Thread] DEBUG Input                - Registered new binding: num4 - Numpad 4
17:05:30.702 [JavaFX Application Thread] DEBUG Input                - Registered new binding: 5 - 5
17:05:30.702 [JavaFX Application Thread] DEBUG Input                - Registered new binding: num5 - Numpad 5
17:05:30.702 [JavaFX Application Thread] DEBUG Input                - Registered new binding: 6 - 6
17:05:30.702 [JavaFX Application Thread] DEBUG Input                - Registered new binding: num6 - Numpad 6
17:05:30.702 [JavaFX Application Thread] DEBUG Input                - Registered new binding: 7 - 7
17:05:30.702 [JavaFX Application Thread] DEBUG Input                - Registered new binding: num7 - Numpad 7
17:05:30.702 [JavaFX Application Thread] DEBUG Input                - Registered new binding: 8 - 8
17:05:30.702 [JavaFX Application Thread] DEBUG Input                - Registered new binding: num8 - Numpad 8
17:05:30.703 [JavaFX Application Thread] DEBUG Input                - Registered new binding: 9 - 9
17:05:30.703 [JavaFX Application Thread] DEBUG Input                - Registered new binding: num9 - Numpad 9
17:05:30.703 [JavaFX Application Thread] DEBUG Input                - Registered new binding: 0 - 0
17:05:30.703 [JavaFX Application Thread] DEBUG Input                - Registered new binding: num0 - Numpad 0
17:05:30.703 [JavaFX Application Thread] DEBUG Input                - Registered new binding: ENTER - Enter
17:05:30.703 [JavaFX Application Thread] DEBUG Input                - Registered new binding: BACKSPACE - Backspace
17:05:30.703 [JavaFX Application Thread] DEBUG Input                - Registered new binding: PAUSE - Space
17:05:30.848 [JavaFX Application Thread] DEBUG GameApplication      - Starting main loop
17:05:30.849 [JavaFX Application Thread] DEBUG StartupState         - STARTUP
17:05:30.849 [JavaFX Application Thread] DEBUG GameApplication      - Starting new game
17:05:30.850 [JavaFX Application Thread] DEBUG Input                - Clearing active input actions
17:05:30.850 [JavaFX Application Thread] DEBUG AppStateMachine      - StartupState -> LoadingState
17:05:31.013 [JavaFX Application Thread] DEBUG InitAppTask          - @AddCollisionHandler: []
17:05:31.013 [JavaFX Application Thread] DEBUG InitAppTask          - @SetEntityFactory: []
17:05:31.016 [FXGL Background Thread 1 ] DEBUG InitAppTask          - Clearing previous game
17:05:31.016 [FXGL Background Thread 1 ] DEBUG GameWorld            - Resetting game world
17:05:31.017 [FXGL Background Thread 1 ] DEBUG PhysicsWorld         - Resetting physics world
17:05:31.018 [FXGL Background Thread 1 ] DEBUG GameScene            - Resetting game scene
17:05:31.018 [FXGL Background Thread 1 ] DEBUG InitAppTask          - Initializing Assets
17:05:31.018 [FXGL Background Thread 1 ] DEBUG InitAppTask          - Initializing Game
17:05:31.046 [FXGL Background Thread 1 ] DEBUG GameScene            - Creating render group for layer: BACKGROUND(1000)
17:05:31.049 [FXGL Background Thread 1 ] DEBUG InitAppTask          - Initializing Physics
17:05:31.049 [FXGL Background Thread 1 ] DEBUG InitAppTask          - Initializing UI
17:05:31.049 [FXGL Background Thread 1 ] DEBUG InitAppTask          - Initialization Complete
17:05:31.049 [FXGL Background Thread 1 ] INFO  InitAppTask          - Game initialization took: 0.033 sec
17:05:31.102 [JavaFX Application Thread] DEBUG Input                - Clearing active input actions
17:05:31.102 [JavaFX Application Thread] DEBUG AppStateMachine      - LoadingState -> PlayState
17:05:34.738 [JavaFX Application Thread] DEBUG GameWorld            - Resetting game world
17:05:34.741 [JavaFX Application Thread] DEBUG PhysicsWorld         - Resetting physics world
17:05:34.741 [JavaFX Application Thread] DEBUG GameScene            - Resetting game scene
17:05:34.742 [JavaFX Application Thread] DEBUG GameScene            - Creating render group for layer: BACKGROUND(1000)
