01:50:42.572 [FXGL Launcher Thread     ] DEBUG FXGL                 - FXGL logger initialized
01:50:42.574 [FXGL Launcher Thread     ] DEBUG FXGL                 - Service <<AudioPlayer>> initialized
01:50:42.575 [FXGL Launcher Thread     ] DEBUG FXGLAssetLoader      - Asset cacheSize=35
01:50:42.576 [FXGL Launcher Thread     ] DEBUG FXGL                 - Service <<AssetLoader>> initialized
01:50:42.576 [FXGL Launcher Thread     ] DEBUG FXGL                 - Service <<EventBus>> initialized
01:50:42.579 [FXGL Launcher Thread     ] DEBUG FXGLAssetLoader      - Loading from disk: /assets/ui/cursors/fxgl_default.png
01:50:42.594 [FXGL Launcher Thread     ] DEBUG FXGLAssetLoader      - Loading from disk: /assets/sounds/core/notification.wav
01:50:42.613 [FXGL Launcher Thread     ] DEBUG FXGLAssetLoader      - Loading from disk: /assets/sounds/menu/select.wav
01:50:42.614 [FXGL Launcher Thread     ] DEBUG FXGLAssetLoader      - Loading from disk: /assets/sounds/menu/back.wav
01:50:42.616 [FXGL Launcher Thread     ] DEBUG FXGLAssetLoader      - Loading from disk: /assets/sounds/menu/press.wav
01:50:42.618 [FXGL Launcher Thread     ] DEBUG FXGLAssetLoader      - Loading from disk: /assets/ui/fonts/Copperplate_Gothic_Light_Regular.ttf
01:50:42.774 [FXGL Launcher Thread     ] DEBUG FXGLAssetLoader      - Loading from disk: /assets/ui/fonts/lucida_console.ttf
01:50:42.787 [FXGL Launcher Thread     ] DEBUG FXGLAssetLoader      - Loading from disk: /assets/ui/css/fxgl_dark.css
01:50:42.788 [FXGL Launcher Thread     ] DEBUG FXGLAssetLoader      - Loading from disk: /assets/ui/icons/fxgl_icon.png
01:50:42.800 [FXGL Launcher Thread     ] DEBUG FXGLDisplay          - Using CSS: CSS(externalForm=jar:file:/C:/Users/lukel/Documents/Programming/CellularAutomata/More1DAutomata/lib/fxgl-0.3.4-uber.jar!/assets/ui/css/fxgl_dark.css)
01:50:42.801 [FXGL Launcher Thread     ] DEBUG FXGL                 - Service <<Display>> initialized
01:50:42.803 [FXGL Launcher Thread     ] DEBUG FXGL                 - Service <<Executor>> initialized
01:50:42.809 [FXGL Launcher Thread     ] DEBUG FXGL                 - Service <<NotificationService>> initialized
01:50:42.810 [FXGL Launcher Thread     ] DEBUG FXGL                 - Service <<Net>> initialized
01:50:42.822 [FXGL Launcher Thread     ] DEBUG FXGL                 - Service <<Gameplay>> initialized
01:50:42.827 [FXGL Launcher Thread     ] DEBUG FXGLPooler           - Default pool size for objects = 128
01:50:42.827 [FXGL Launcher Thread     ] DEBUG FXGL                 - Service <<Pooler>> initialized
01:50:42.828 [FXGL Launcher Thread     ] DEBUG FXGL                 - Service <<ExceptionHandler>> initialized
01:50:42.828 [FXGL Launcher Thread     ] DEBUG FXGL                 - Service <<UIFactory>> initialized
01:50:42.829 [FXGL Launcher Thread     ] DEBUG FXGL                 - Service <<DialogFactory>> initialized
01:50:42.829 [FXGL Launcher Thread     ] DEBUG FXGL                 - Service <<SceneFactory>> initialized
01:50:42.829 [FXGL Launcher Thread     ] DEBUG FXGL                 - Loading FXGL system data
01:50:42.832 [FXGL Launcher Thread     ] DEBUG IOTask               - Executing task: readDataTask(system/fxgl.bundle)
01:50:42.836 [FXGL Launcher Thread     ] DEBUG FS                   - Reading from: system\fxgl.bundle
01:50:42.844 [FXGL Launcher Thread     ] DEBUG IOTask               - Task succeeded: readDataTask(system/fxgl.bundle)
01:50:42.845 [FXGL Launcher Thread     ] DEBUG Bundle               - Logging bundle: FXGL
01:50:42.845 [FXGL Launcher Thread     ] DEBUG Bundle               - FXGL.offline.timer.version.check=2017-07-11T23:54:35.862
01:50:42.845 [FXGL Launcher Thread     ] DEBUG GameApplication      - FXGL configuration complete
01:50:42.846 [FXGL Launcher Thread     ] INFO  GameApplication      - FXGL configuration took:  0.719 sec
01:50:42.846 [FXGL Launcher Thread     ] DEBUG GameApplication      - Logging game settings
Title: Elementary Cellular Automata
Version: 0.0
Width: 1000
Height: 1015
Fullscreen: false
Intro: false
Menus: false
Profiling: false
App Mode: DEVELOPER
Menu Style: FXGL_DEFAULT
Menu Key: ESCAPE
Services: []
01:50:42.856 [FXGL Launcher Thread     ] DEBUG GameApplication      - Configuring GameApplication
01:50:42.857 [FXGL Launcher Thread     ] DEBUG AppStateMachine      - Initializing application states
01:50:42.859 [FXGL Launcher Thread     ] DEBUG FXGLAssetLoader      - Loading from disk: /assets/ui/cursors/fxgl_default.png
01:50:42.863 [FXGL Launcher Thread     ] DEBUG FXGLAssetLoader      - Loading from disk: /assets/ui/cursors/fxgl_default.png
01:50:42.900 [FXGL Launcher Thread     ] DEBUG GameWorld            - Game world initialized
01:50:42.937 [FXGL Launcher Thread     ] DEBUG PhysicsWorld         - Physics world initialized: appHeight=1015, physics.ppm=50.0
01:50:42.943 [FXGL Launcher Thread     ] DEBUG FXGLAssetLoader      - Loading from disk: /assets/ui/cursors/fxgl_default.png
01:50:42.959 [FXGL Launcher Thread     ] DEBUG GameScene            - Game scene initialized: 1000x1015
01:50:42.975 [FXGL Launcher Thread     ] DEBUG Input                - Registered new binding: Pause - Esc
01:50:42.983 [FXGL Launcher Thread     ] INFO  GameApplication      - Game configuration took:  0.127 sec
01:50:42.997 [JavaFX Application Thread] DEBUG FXGLDisplay          - Target size: DoubleProperty [value: 1000.0] x DoubleProperty [value: 1015.0] @ 1.0
01:50:42.997 [JavaFX Application Thread] DEBUG FXGLDisplay          - New size:    1000.0 x 1015.0 @ DoubleProperty [value: 1.0]
01:50:42.997 [JavaFX Application Thread] DEBUG FXGLDisplay          - Opening primary stage
01:50:43.030 [JavaFX Application Thread] DEBUG FXGLDisplay          - Stage shown
01:50:43.030 [JavaFX Application Thread] DEBUG FXGLDisplay          - Root size: 1000.0x1015.0
01:50:43.030 [JavaFX Application Thread] DEBUG FXGLDisplay          - Scene size: 1000.0x1015.0
01:50:43.030 [JavaFX Application Thread] DEBUG FXGLDisplay          - Stage size: 1016.0x1054.0
01:50:43.059 [JavaFX Application Thread] DEBUG GameApplication      - Running preInit()
01:50:43.061 [JavaFX Application Thread] DEBUG Input                - Registered new binding: Screenshot - P
01:50:43.061 [JavaFX Application Thread] DEBUG Input                - Registered new binding: Dev Options - CTRL+0
01:50:43.061 [JavaFX Application Thread] DEBUG Input                - Registered new binding: RANDOM - R
01:50:43.062 [JavaFX Application Thread] DEBUG Input                - Registered new binding: 1 - 1
01:50:43.062 [JavaFX Application Thread] DEBUG Input                - Registered new binding: num1 - Numpad 1
01:50:43.062 [JavaFX Application Thread] DEBUG Input                - Registered new binding: 2 - 2
01:50:43.062 [JavaFX Application Thread] DEBUG Input                - Registered new binding: num2 - Numpad 2
01:50:43.062 [JavaFX Application Thread] DEBUG Input                - Registered new binding: 3 - 3
01:50:43.062 [JavaFX Application Thread] DEBUG Input                - Registered new binding: num3 - Numpad 3
01:50:43.062 [JavaFX Application Thread] DEBUG Input                - Registered new binding: 4 - 4
01:50:43.062 [JavaFX Application Thread] DEBUG Input                - Registered new binding: num4 - Numpad 4
01:50:43.062 [JavaFX Application Thread] DEBUG Input                - Registered new binding: 5 - 5
01:50:43.062 [JavaFX Application Thread] DEBUG Input                - Registered new binding: num5 - Numpad 5
01:50:43.062 [JavaFX Application Thread] DEBUG Input                - Registered new binding: 6 - 6
01:50:43.062 [JavaFX Application Thread] DEBUG Input                - Registered new binding: num6 - Numpad 6
01:50:43.062 [JavaFX Application Thread] DEBUG Input                - Registered new binding: 7 - 7
01:50:43.062 [JavaFX Application Thread] DEBUG Input                - Registered new binding: num7 - Numpad 7
01:50:43.063 [JavaFX Application Thread] DEBUG Input                - Registered new binding: 8 - 8
01:50:43.063 [JavaFX Application Thread] DEBUG Input                - Registered new binding: num8 - Numpad 8
01:50:43.063 [JavaFX Application Thread] DEBUG Input                - Registered new binding: 9 - 9
01:50:43.063 [JavaFX Application Thread] DEBUG Input                - Registered new binding: num9 - Numpad 9
01:50:43.063 [JavaFX Application Thread] DEBUG Input                - Registered new binding: 0 - 0
01:50:43.063 [JavaFX Application Thread] DEBUG Input                - Registered new binding: num0 - Numpad 0
01:50:43.063 [JavaFX Application Thread] DEBUG Input                - Registered new binding: ENTER - Enter
01:50:43.063 [JavaFX Application Thread] DEBUG Input                - Registered new binding: BACKSPACE - Backspace
01:50:43.099 [JavaFX Application Thread] DEBUG GameApplication      - Starting main loop
01:50:43.101 [JavaFX Application Thread] DEBUG StartupState         - STARTUP
01:50:43.101 [JavaFX Application Thread] DEBUG GameApplication      - Starting new game
01:50:43.102 [JavaFX Application Thread] DEBUG Input                - Clearing active input actions
01:50:43.102 [JavaFX Application Thread] DEBUG AppStateMachine      - StartupState -> LoadingState
01:50:43.258 [JavaFX Application Thread] DEBUG InitAppTask          - @SetEntityFactory: []
01:50:43.258 [JavaFX Application Thread] DEBUG InitAppTask          - @AddCollisionHandler: []
01:50:43.262 [FXGL Background Thread 1 ] DEBUG InitAppTask          - Clearing previous game
01:50:43.262 [FXGL Background Thread 1 ] DEBUG GameWorld            - Resetting game world
01:50:43.263 [FXGL Background Thread 1 ] DEBUG PhysicsWorld         - Resetting physics world
01:50:43.263 [FXGL Background Thread 1 ] DEBUG GameScene            - Resetting game scene
01:50:43.263 [FXGL Background Thread 1 ] DEBUG InitAppTask          - Initializing Assets
01:50:43.263 [FXGL Background Thread 1 ] DEBUG InitAppTask          - Initializing Game
01:50:43.284 [FXGL Background Thread 1 ] DEBUG GameScene            - Creating render group for layer: BACKGROUND(1000)
01:50:43.288 [FXGL Background Thread 1 ] DEBUG InitAppTask          - Initializing Physics
01:50:43.288 [FXGL Background Thread 1 ] DEBUG InitAppTask          - Initializing UI
01:50:43.289 [FXGL Background Thread 1 ] DEBUG InitAppTask          - Initialization Complete
01:50:43.289 [FXGL Background Thread 1 ] INFO  InitAppTask          - Game initialization took: 0.027 sec
01:50:43.328 [JavaFX Application Thread] DEBUG Input                - Clearing active input actions
01:50:43.329 [JavaFX Application Thread] DEBUG AppStateMachine      - LoadingState -> PlayState
01:50:46.663 [JavaFX Application Thread] DEBUG GameWorld            - Resetting game world
01:50:46.666 [JavaFX Application Thread] DEBUG PhysicsWorld         - Resetting physics world
01:50:46.666 [JavaFX Application Thread] DEBUG GameScene            - Resetting game scene
01:50:46.666 [JavaFX Application Thread] DEBUG GameScene            - Creating render group for layer: BACKGROUND(1000)
01:50:50.243 [JavaFX Application Thread] DEBUG GameWorld            - Resetting game world
01:50:50.725 [JavaFX Application Thread] DEBUG PhysicsWorld         - Resetting physics world
01:50:50.725 [JavaFX Application Thread] DEBUG GameScene            - Resetting game scene
01:50:50.726 [JavaFX Application Thread] DEBUG GameScene            - Creating render group for layer: BACKGROUND(1000)
01:50:54.853 [JavaFX Application Thread] DEBUG GameWorld            - Resetting game world
01:50:55.850 [JavaFX Application Thread] DEBUG PhysicsWorld         - Resetting physics world
01:50:55.850 [JavaFX Application Thread] DEBUG GameScene            - Resetting game scene
01:50:55.850 [JavaFX Application Thread] DEBUG GameScene            - Creating render group for layer: BACKGROUND(1000)
01:50:59.148 [JavaFX Application Thread] DEBUG GameWorld            - Resetting game world
01:50:59.151 [JavaFX Application Thread] DEBUG PhysicsWorld         - Resetting physics world
01:50:59.151 [JavaFX Application Thread] DEBUG GameScene            - Resetting game scene
01:50:59.152 [JavaFX Application Thread] DEBUG GameScene            - Creating render group for layer: BACKGROUND(1000)
01:51:03.227 [JavaFX Application Thread] DEBUG GameWorld            - Resetting game world
01:51:04.332 [JavaFX Application Thread] DEBUG PhysicsWorld         - Resetting physics world
01:51:04.332 [JavaFX Application Thread] DEBUG GameScene            - Resetting game scene
01:51:04.333 [JavaFX Application Thread] DEBUG GameScene            - Creating render group for layer: BACKGROUND(1000)
01:51:07.629 [JavaFX Application Thread] DEBUG GameWorld            - Resetting game world
01:51:07.630 [JavaFX Application Thread] DEBUG PhysicsWorld         - Resetting physics world
01:51:07.630 [JavaFX Application Thread] DEBUG GameScene            - Resetting game scene
01:51:07.630 [JavaFX Application Thread] DEBUG GameScene            - Creating render group for layer: BACKGROUND(1000)
01:51:12.208 [JavaFX Application Thread] DEBUG GameWorld            - Resetting game world
01:51:13.156 [JavaFX Application Thread] DEBUG PhysicsWorld         - Resetting physics world
01:51:13.156 [JavaFX Application Thread] DEBUG GameScene            - Resetting game scene
01:51:13.156 [JavaFX Application Thread] DEBUG GameScene            - Creating render group for layer: BACKGROUND(1000)
01:51:16.617 [JavaFX Application Thread] DEBUG GameWorld            - Resetting game world
01:51:17.494 [JavaFX Application Thread] DEBUG PhysicsWorld         - Resetting physics world
01:51:17.494 [JavaFX Application Thread] DEBUG GameScene            - Resetting game scene
01:51:17.495 [JavaFX Application Thread] DEBUG GameScene            - Creating render group for layer: BACKGROUND(1000)
01:51:20.805 [JavaFX Application Thread] DEBUG GameWorld            - Resetting game world
01:51:21.057 [JavaFX Application Thread] DEBUG PhysicsWorld         - Resetting physics world
01:51:21.057 [JavaFX Application Thread] DEBUG GameScene            - Resetting game scene
01:51:21.057 [JavaFX Application Thread] DEBUG GameScene            - Creating render group for layer: BACKGROUND(1000)
01:51:24.502 [JavaFX Application Thread] DEBUG GameWorld            - Resetting game world
01:51:25.030 [JavaFX Application Thread] DEBUG PhysicsWorld         - Resetting physics world
01:51:25.030 [JavaFX Application Thread] DEBUG GameScene            - Resetting game scene
01:51:25.030 [JavaFX Application Thread] DEBUG GameScene            - Creating render group for layer: BACKGROUND(1000)
01:51:28.437 [JavaFX Application Thread] DEBUG GameWorld            - Resetting game world
01:51:29.007 [JavaFX Application Thread] DEBUG PhysicsWorld         - Resetting physics world
01:51:29.007 [JavaFX Application Thread] DEBUG GameScene            - Resetting game scene
01:51:29.007 [JavaFX Application Thread] DEBUG GameScene            - Creating render group for layer: BACKGROUND(1000)
01:51:32.320 [JavaFX Application Thread] DEBUG GameWorld            - Resetting game world
01:51:32.451 [JavaFX Application Thread] DEBUG PhysicsWorld         - Resetting physics world
01:51:32.451 [JavaFX Application Thread] DEBUG GameScene            - Resetting game scene
01:51:32.451 [JavaFX Application Thread] DEBUG GameScene            - Creating render group for layer: BACKGROUND(1000)
01:51:35.930 [JavaFX Application Thread] DEBUG GameWorld            - Resetting game world
01:51:36.313 [JavaFX Application Thread] DEBUG PhysicsWorld         - Resetting physics world
01:51:36.313 [JavaFX Application Thread] DEBUG GameScene            - Resetting game scene
01:51:36.313 [JavaFX Application Thread] DEBUG GameScene            - Creating render group for layer: BACKGROUND(1000)
01:51:39.614 [JavaFX Application Thread] DEBUG GameWorld            - Resetting game world
01:51:39.616 [JavaFX Application Thread] DEBUG PhysicsWorld         - Resetting physics world
01:51:39.616 [JavaFX Application Thread] DEBUG GameScene            - Resetting game scene
01:51:39.616 [JavaFX Application Thread] DEBUG GameScene            - Creating render group for layer: BACKGROUND(1000)
01:51:43.609 [JavaFX Application Thread] DEBUG GameWorld            - Resetting game world
01:51:45.071 [JavaFX Application Thread] DEBUG PhysicsWorld         - Resetting physics world
01:51:45.071 [JavaFX Application Thread] DEBUG GameScene            - Resetting game scene
01:51:45.072 [JavaFX Application Thread] DEBUG GameScene            - Creating render group for layer: BACKGROUND(1000)
01:51:49.417 [JavaFX Application Thread] DEBUG GameWorld            - Resetting game world
01:51:50.223 [JavaFX Application Thread] DEBUG PhysicsWorld         - Resetting physics world
01:51:50.224 [JavaFX Application Thread] DEBUG GameScene            - Resetting game scene
01:51:50.224 [JavaFX Application Thread] DEBUG GameScene            - Creating render group for layer: BACKGROUND(1000)
01:51:53.530 [JavaFX Application Thread] DEBUG GameWorld            - Resetting game world
01:51:53.530 [JavaFX Application Thread] DEBUG PhysicsWorld         - Resetting physics world
01:51:53.530 [JavaFX Application Thread] DEBUG GameScene            - Resetting game scene
01:51:53.530 [JavaFX Application Thread] DEBUG GameScene            - Creating render group for layer: BACKGROUND(1000)
01:51:56.986 [JavaFX Application Thread] DEBUG GameWorld            - Resetting game world
01:51:57.484 [JavaFX Application Thread] DEBUG PhysicsWorld         - Resetting physics world
01:51:57.485 [JavaFX Application Thread] DEBUG GameScene            - Resetting game scene
01:51:57.485 [JavaFX Application Thread] DEBUG GameScene            - Creating render group for layer: BACKGROUND(1000)
01:52:00.781 [JavaFX Application Thread] DEBUG GameWorld            - Resetting game world
01:52:00.782 [JavaFX Application Thread] DEBUG PhysicsWorld         - Resetting physics world
01:52:00.782 [JavaFX Application Thread] DEBUG GameScene            - Resetting game scene
01:52:00.783 [JavaFX Application Thread] DEBUG GameScene            - Creating render group for layer: BACKGROUND(1000)
01:52:04.255 [JavaFX Application Thread] DEBUG GameWorld            - Resetting game world
01:52:04.820 [JavaFX Application Thread] DEBUG PhysicsWorld         - Resetting physics world
01:52:04.820 [JavaFX Application Thread] DEBUG GameScene            - Resetting game scene
01:52:04.820 [JavaFX Application Thread] DEBUG GameScene            - Creating render group for layer: BACKGROUND(1000)
01:52:08.114 [JavaFX Application Thread] DEBUG GameWorld            - Resetting game world
01:52:08.114 [JavaFX Application Thread] DEBUG PhysicsWorld         - Resetting physics world
01:52:08.114 [JavaFX Application Thread] DEBUG GameScene            - Resetting game scene
01:52:08.114 [JavaFX Application Thread] DEBUG GameScene            - Creating render group for layer: BACKGROUND(1000)
01:52:11.543 [JavaFX Application Thread] DEBUG GameWorld            - Resetting game world
01:52:12.215 [JavaFX Application Thread] DEBUG PhysicsWorld         - Resetting physics world
01:52:12.215 [JavaFX Application Thread] DEBUG GameScene            - Resetting game scene
01:52:12.215 [JavaFX Application Thread] DEBUG GameScene            - Creating render group for layer: BACKGROUND(1000)
01:52:15.514 [JavaFX Application Thread] DEBUG GameWorld            - Resetting game world
01:52:15.516 [JavaFX Application Thread] DEBUG PhysicsWorld         - Resetting physics world
01:52:15.516 [JavaFX Application Thread] DEBUG GameScene            - Resetting game scene
01:52:15.516 [JavaFX Application Thread] DEBUG GameScene            - Creating render group for layer: BACKGROUND(1000)
01:52:19.096 [JavaFX Application Thread] DEBUG GameWorld            - Resetting game world
01:52:19.488 [JavaFX Application Thread] DEBUG PhysicsWorld         - Resetting physics world
01:52:19.488 [JavaFX Application Thread] DEBUG GameScene            - Resetting game scene
01:52:19.488 [JavaFX Application Thread] DEBUG GameScene            - Creating render group for layer: BACKGROUND(1000)
01:52:22.781 [JavaFX Application Thread] DEBUG GameWorld            - Resetting game world
01:52:22.781 [JavaFX Application Thread] DEBUG PhysicsWorld         - Resetting physics world
01:52:22.781 [JavaFX Application Thread] DEBUG GameScene            - Resetting game scene
01:52:22.781 [JavaFX Application Thread] DEBUG GameScene            - Creating render group for layer: BACKGROUND(1000)
01:52:26.215 [JavaFX Application Thread] DEBUG GameWorld            - Resetting game world
01:52:26.837 [JavaFX Application Thread] DEBUG PhysicsWorld         - Resetting physics world
01:52:26.838 [JavaFX Application Thread] DEBUG GameScene            - Resetting game scene
01:52:26.838 [JavaFX Application Thread] DEBUG GameScene            - Creating render group for layer: BACKGROUND(1000)
01:52:30.181 [JavaFX Application Thread] DEBUG GameWorld            - Resetting game world
01:52:30.183 [JavaFX Application Thread] DEBUG PhysicsWorld         - Resetting physics world
01:52:30.183 [JavaFX Application Thread] DEBUG GameScene            - Resetting game scene
01:52:30.183 [JavaFX Application Thread] DEBUG GameScene            - Creating render group for layer: BACKGROUND(1000)
01:52:33.608 [JavaFX Application Thread] DEBUG GameWorld            - Resetting game world
01:52:34.491 [JavaFX Application Thread] DEBUG PhysicsWorld         - Resetting physics world
01:52:34.491 [JavaFX Application Thread] DEBUG GameScene            - Resetting game scene
01:52:34.491 [JavaFX Application Thread] DEBUG GameScene            - Creating render group for layer: BACKGROUND(1000)
01:52:37.782 [JavaFX Application Thread] DEBUG GameWorld            - Resetting game world
01:52:37.784 [JavaFX Application Thread] DEBUG PhysicsWorld         - Resetting physics world
01:52:37.784 [JavaFX Application Thread] DEBUG GameScene            - Resetting game scene
01:52:37.784 [JavaFX Application Thread] DEBUG GameScene            - Creating render group for layer: BACKGROUND(1000)
01:52:41.192 [JavaFX Application Thread] DEBUG GameWorld            - Resetting game world
01:52:41.644 [JavaFX Application Thread] DEBUG PhysicsWorld         - Resetting physics world
01:52:41.644 [JavaFX Application Thread] DEBUG GameScene            - Resetting game scene
01:52:41.644 [JavaFX Application Thread] DEBUG GameScene            - Creating render group for layer: BACKGROUND(1000)
01:52:45.001 [JavaFX Application Thread] DEBUG GameWorld            - Resetting game world
01:52:45.112 [JavaFX Application Thread] DEBUG PhysicsWorld         - Resetting physics world
01:52:45.112 [JavaFX Application Thread] DEBUG GameScene            - Resetting game scene
01:52:45.112 [JavaFX Application Thread] DEBUG GameScene            - Creating render group for layer: BACKGROUND(1000)
01:52:48.478 [JavaFX Application Thread] DEBUG GameWorld            - Resetting game world
01:52:48.942 [JavaFX Application Thread] DEBUG PhysicsWorld         - Resetting physics world
01:52:48.942 [JavaFX Application Thread] DEBUG GameScene            - Resetting game scene
01:52:48.942 [JavaFX Application Thread] DEBUG GameScene            - Creating render group for layer: BACKGROUND(1000)
01:52:52.282 [JavaFX Application Thread] DEBUG GameWorld            - Resetting game world
01:52:52.284 [JavaFX Application Thread] DEBUG PhysicsWorld         - Resetting physics world
01:52:52.284 [JavaFX Application Thread] DEBUG GameScene            - Resetting game scene
01:52:52.285 [JavaFX Application Thread] DEBUG GameScene            - Creating render group for layer: BACKGROUND(1000)
01:52:55.826 [JavaFX Application Thread] DEBUG GameWorld            - Resetting game world
01:52:56.453 [JavaFX Application Thread] DEBUG PhysicsWorld         - Resetting physics world
01:52:56.453 [JavaFX Application Thread] DEBUG GameScene            - Resetting game scene
01:52:56.454 [JavaFX Application Thread] DEBUG GameScene            - Creating render group for layer: BACKGROUND(1000)
01:52:59.875 [JavaFX Application Thread] DEBUG GameWorld            - Resetting game world
01:53:00.290 [JavaFX Application Thread] DEBUG PhysicsWorld         - Resetting physics world
01:53:00.290 [JavaFX Application Thread] DEBUG GameScene            - Resetting game scene
01:53:00.290 [JavaFX Application Thread] DEBUG GameScene            - Creating render group for layer: BACKGROUND(1000)
01:53:03.622 [JavaFX Application Thread] DEBUG GameWorld            - Resetting game world
01:53:04.329 [JavaFX Application Thread] DEBUG PhysicsWorld         - Resetting physics world
01:53:04.329 [JavaFX Application Thread] DEBUG GameScene            - Resetting game scene
01:53:04.329 [JavaFX Application Thread] DEBUG GameScene            - Creating render group for layer: BACKGROUND(1000)
01:53:07.665 [JavaFX Application Thread] DEBUG GameWorld            - Resetting game world
01:53:07.667 [JavaFX Application Thread] DEBUG PhysicsWorld         - Resetting physics world
01:53:07.667 [JavaFX Application Thread] DEBUG GameScene            - Resetting game scene
01:53:07.667 [JavaFX Application Thread] DEBUG GameScene            - Creating render group for layer: BACKGROUND(1000)
01:53:11.066 [JavaFX Application Thread] DEBUG GameWorld            - Resetting game world
01:53:11.877 [JavaFX Application Thread] DEBUG PhysicsWorld         - Resetting physics world
01:53:11.877 [JavaFX Application Thread] DEBUG GameScene            - Resetting game scene
01:53:11.877 [JavaFX Application Thread] DEBUG GameScene            - Creating render group for layer: BACKGROUND(1000)
01:53:15.189 [JavaFX Application Thread] DEBUG GameWorld            - Resetting game world
01:53:15.445 [JavaFX Application Thread] DEBUG PhysicsWorld         - Resetting physics world
01:53:15.445 [JavaFX Application Thread] DEBUG GameScene            - Resetting game scene
01:53:15.445 [JavaFX Application Thread] DEBUG GameScene            - Creating render group for layer: BACKGROUND(1000)
01:53:18.804 [JavaFX Application Thread] DEBUG GameWorld            - Resetting game world
01:53:19.480 [JavaFX Application Thread] DEBUG PhysicsWorld         - Resetting physics world
01:53:19.480 [JavaFX Application Thread] DEBUG GameScene            - Resetting game scene
01:53:19.480 [JavaFX Application Thread] DEBUG GameScene            - Creating render group for layer: BACKGROUND(1000)
01:53:22.782 [JavaFX Application Thread] DEBUG GameWorld            - Resetting game world
01:53:22.785 [JavaFX Application Thread] DEBUG PhysicsWorld         - Resetting physics world
01:53:22.785 [JavaFX Application Thread] DEBUG GameScene            - Resetting game scene
01:53:22.785 [JavaFX Application Thread] DEBUG GameScene            - Creating render group for layer: BACKGROUND(1000)
01:53:26.160 [JavaFX Application Thread] DEBUG GameWorld            - Resetting game world
01:53:26.888 [JavaFX Application Thread] DEBUG PhysicsWorld         - Resetting physics world
01:53:26.888 [JavaFX Application Thread] DEBUG GameScene            - Resetting game scene
01:53:26.888 [JavaFX Application Thread] DEBUG GameScene            - Creating render group for layer: BACKGROUND(1000)
01:53:30.380 [JavaFX Application Thread] DEBUG GameWorld            - Resetting game world
01:53:31.396 [JavaFX Application Thread] DEBUG PhysicsWorld         - Resetting physics world
01:53:31.396 [JavaFX Application Thread] DEBUG GameScene            - Resetting game scene
01:53:31.396 [JavaFX Application Thread] DEBUG GameScene            - Creating render group for layer: BACKGROUND(1000)
01:53:34.757 [JavaFX Application Thread] DEBUG GameWorld            - Resetting game world
01:53:35.517 [JavaFX Application Thread] DEBUG PhysicsWorld         - Resetting physics world
01:53:35.517 [JavaFX Application Thread] DEBUG GameScene            - Resetting game scene
01:53:35.517 [JavaFX Application Thread] DEBUG GameScene            - Creating render group for layer: BACKGROUND(1000)
01:53:38.816 [JavaFX Application Thread] DEBUG GameWorld            - Resetting game world
01:53:38.816 [JavaFX Application Thread] DEBUG PhysicsWorld         - Resetting physics world
01:53:38.816 [JavaFX Application Thread] DEBUG GameScene            - Resetting game scene
01:53:38.816 [JavaFX Application Thread] DEBUG GameScene            - Creating render group for layer: BACKGROUND(1000)
01:53:42.188 [JavaFX Application Thread] DEBUG GameWorld            - Resetting game world
01:53:42.941 [JavaFX Application Thread] DEBUG PhysicsWorld         - Resetting physics world
01:53:42.941 [JavaFX Application Thread] DEBUG GameScene            - Resetting game scene
01:53:42.941 [JavaFX Application Thread] DEBUG GameScene            - Creating render group for layer: BACKGROUND(1000)
01:53:46.316 [JavaFX Application Thread] DEBUG GameWorld            - Resetting game world
01:53:46.317 [JavaFX Application Thread] DEBUG PhysicsWorld         - Resetting physics world
01:53:46.317 [JavaFX Application Thread] DEBUG GameScene            - Resetting game scene
01:53:46.317 [JavaFX Application Thread] DEBUG GameScene            - Creating render group for layer: BACKGROUND(1000)
