01:43:39.789 [FXGL Launcher Thread     ] DEBUG FXGL                 - FXGL logger initialized
01:43:39.792 [FXGL Launcher Thread     ] DEBUG FXGL                 - Service <<AudioPlayer>> initialized
01:43:39.793 [FXGL Launcher Thread     ] DEBUG FXGLAssetLoader      - Asset cacheSize=35
01:43:39.793 [FXGL Launcher Thread     ] DEBUG FXGL                 - Service <<AssetLoader>> initialized
01:43:39.794 [FXGL Launcher Thread     ] DEBUG FXGL                 - Service <<EventBus>> initialized
01:43:39.796 [FXGL Launcher Thread     ] DEBUG FXGLAssetLoader      - Loading from disk: /assets/ui/cursors/fxgl_default.png
01:43:39.810 [FXGL Launcher Thread     ] DEBUG FXGLAssetLoader      - Loading from disk: /assets/sounds/core/notification.wav
01:43:39.826 [FXGL Launcher Thread     ] DEBUG FXGLAssetLoader      - Loading from disk: /assets/sounds/menu/select.wav
01:43:39.827 [FXGL Launcher Thread     ] DEBUG FXGLAssetLoader      - Loading from disk: /assets/sounds/menu/back.wav
01:43:39.829 [FXGL Launcher Thread     ] DEBUG FXGLAssetLoader      - Loading from disk: /assets/sounds/menu/press.wav
01:43:39.831 [FXGL Launcher Thread     ] DEBUG FXGLAssetLoader      - Loading from disk: /assets/ui/fonts/Copperplate_Gothic_Light_Regular.ttf
01:43:39.933 [FXGL Launcher Thread     ] DEBUG FXGLAssetLoader      - Loading from disk: /assets/ui/fonts/lucida_console.ttf
01:43:39.945 [FXGL Launcher Thread     ] DEBUG FXGLAssetLoader      - Loading from disk: /assets/ui/css/fxgl_dark.css
01:43:39.946 [FXGL Launcher Thread     ] DEBUG FXGLAssetLoader      - Loading from disk: /assets/ui/icons/fxgl_icon.png
01:43:39.959 [FXGL Launcher Thread     ] DEBUG FXGLDisplay          - Using CSS: CSS(externalForm=jar:file:/C:/Users/lukel/Documents/Programming/CellularAutomata/More1DAutomata/lib/fxgl-0.3.4-uber.jar!/assets/ui/css/fxgl_dark.css)
01:43:39.961 [FXGL Launcher Thread     ] DEBUG FXGL                 - Service <<Display>> initialized
01:43:39.963 [FXGL Launcher Thread     ] DEBUG FXGL                 - Service <<Executor>> initialized
01:43:39.970 [FXGL Launcher Thread     ] DEBUG FXGL                 - Service <<NotificationService>> initialized
01:43:39.971 [FXGL Launcher Thread     ] DEBUG FXGL                 - Service <<Net>> initialized
01:43:39.985 [FXGL Launcher Thread     ] DEBUG FXGL                 - Service <<Gameplay>> initialized
01:43:39.990 [FXGL Launcher Thread     ] DEBUG FXGLPooler           - Default pool size for objects = 128
01:43:39.990 [FXGL Launcher Thread     ] DEBUG FXGL                 - Service <<Pooler>> initialized
01:43:39.991 [FXGL Launcher Thread     ] DEBUG FXGL                 - Service <<ExceptionHandler>> initialized
01:43:39.991 [FXGL Launcher Thread     ] DEBUG FXGL                 - Service <<UIFactory>> initialized
01:43:39.991 [FXGL Launcher Thread     ] DEBUG FXGL                 - Service <<DialogFactory>> initialized
01:43:39.991 [FXGL Launcher Thread     ] DEBUG FXGL                 - Service <<SceneFactory>> initialized
01:43:39.991 [FXGL Launcher Thread     ] DEBUG FXGL                 - Loading FXGL system data
01:43:39.994 [FXGL Launcher Thread     ] DEBUG IOTask               - Executing task: readDataTask(system/fxgl.bundle)
01:43:39.996 [FXGL Launcher Thread     ] DEBUG FS                   - Reading from: system\fxgl.bundle
01:43:40.004 [FXGL Launcher Thread     ] DEBUG IOTask               - Task succeeded: readDataTask(system/fxgl.bundle)
01:43:40.004 [FXGL Launcher Thread     ] DEBUG Bundle               - Logging bundle: FXGL
01:43:40.005 [FXGL Launcher Thread     ] DEBUG Bundle               - FXGL.offline.timer.version.check=2017-07-11T23:54:35.862
01:43:40.005 [FXGL Launcher Thread     ] DEBUG GameApplication      - FXGL configuration complete
01:43:40.005 [FXGL Launcher Thread     ] INFO  GameApplication      - FXGL configuration took:  0.634 sec
01:43:40.006 [FXGL Launcher Thread     ] DEBUG GameApplication      - Logging game settings
Title: Elementary Cellular Automata
Version: 0.0
Width: 1000
Height: 1015
Fullscreen: false
Intro: false
Menus: false
Profiling: false
App Mode: DEVELOPER
Menu Style: FXGL_DEFAULT
Menu Key: ESCAPE
Services: []
01:43:40.015 [FXGL Launcher Thread     ] DEBUG GameApplication      - Configuring GameApplication
01:43:40.016 [FXGL Launcher Thread     ] DEBUG AppStateMachine      - Initializing application states
01:43:40.018 [FXGL Launcher Thread     ] DEBUG FXGLAssetLoader      - Loading from disk: /assets/ui/cursors/fxgl_default.png
01:43:40.021 [FXGL Launcher Thread     ] DEBUG FXGLAssetLoader      - Loading from disk: /assets/ui/cursors/fxgl_default.png
01:43:40.057 [FXGL Launcher Thread     ] DEBUG GameWorld            - Game world initialized
01:43:40.090 [FXGL Launcher Thread     ] DEBUG PhysicsWorld         - Physics world initialized: appHeight=1015, physics.ppm=50.0
01:43:40.098 [FXGL Launcher Thread     ] DEBUG FXGLAssetLoader      - Loading from disk: /assets/ui/cursors/fxgl_default.png
01:43:40.116 [FXGL Launcher Thread     ] DEBUG GameScene            - Game scene initialized: 1000x1015
01:43:40.133 [FXGL Launcher Thread     ] DEBUG Input                - Registered new binding: Pause - Esc
01:43:40.142 [FXGL Launcher Thread     ] INFO  GameApplication      - Game configuration took:  0.127 sec
01:43:40.145 [JavaFX Application Thread] DEBUG FXGLDisplay          - Target size: DoubleProperty [value: 1000.0] x DoubleProperty [value: 1015.0] @ 1.0
01:43:40.145 [JavaFX Application Thread] DEBUG FXGLDisplay          - New size:    1000.0 x 1015.0 @ DoubleProperty [value: 1.0]
01:43:40.146 [JavaFX Application Thread] DEBUG FXGLDisplay          - Opening primary stage
01:43:40.170 [JavaFX Application Thread] DEBUG FXGLDisplay          - Stage shown
01:43:40.170 [JavaFX Application Thread] DEBUG FXGLDisplay          - Root size: 1000.0x1015.0
01:43:40.170 [JavaFX Application Thread] DEBUG FXGLDisplay          - Scene size: 1000.0x1015.0
01:43:40.171 [JavaFX Application Thread] DEBUG FXGLDisplay          - Stage size: 1016.0x1054.0
01:43:40.198 [JavaFX Application Thread] DEBUG GameApplication      - Running preInit()
01:43:40.200 [JavaFX Application Thread] DEBUG Input                - Registered new binding: Screenshot - P
01:43:40.200 [JavaFX Application Thread] DEBUG Input                - Registered new binding: Dev Options - CTRL+0
01:43:40.200 [JavaFX Application Thread] DEBUG Input                - Registered new binding: RANDOM - R
01:43:40.200 [JavaFX Application Thread] DEBUG Input                - Registered new binding: 1 - 1
01:43:40.201 [JavaFX Application Thread] DEBUG Input                - Registered new binding: num1 - Numpad 1
01:43:40.201 [JavaFX Application Thread] DEBUG Input                - Registered new binding: 2 - 2
01:43:40.201 [JavaFX Application Thread] DEBUG Input                - Registered new binding: num2 - Numpad 2
01:43:40.201 [JavaFX Application Thread] DEBUG Input                - Registered new binding: 3 - 3
01:43:40.201 [JavaFX Application Thread] DEBUG Input                - Registered new binding: num3 - Numpad 3
01:43:40.201 [JavaFX Application Thread] DEBUG Input                - Registered new binding: 4 - 4
01:43:40.201 [JavaFX Application Thread] DEBUG Input                - Registered new binding: num4 - Numpad 4
01:43:40.201 [JavaFX Application Thread] DEBUG Input                - Registered new binding: 5 - 5
01:43:40.201 [JavaFX Application Thread] DEBUG Input                - Registered new binding: num5 - Numpad 5
01:43:40.202 [JavaFX Application Thread] DEBUG Input                - Registered new binding: 6 - 6
01:43:40.202 [JavaFX Application Thread] DEBUG Input                - Registered new binding: num6 - Numpad 6
01:43:40.202 [JavaFX Application Thread] DEBUG Input                - Registered new binding: 7 - 7
01:43:40.202 [JavaFX Application Thread] DEBUG Input                - Registered new binding: num7 - Numpad 7
01:43:40.202 [JavaFX Application Thread] DEBUG Input                - Registered new binding: 8 - 8
01:43:40.202 [JavaFX Application Thread] DEBUG Input                - Registered new binding: num8 - Numpad 8
01:43:40.202 [JavaFX Application Thread] DEBUG Input                - Registered new binding: 9 - 9
01:43:40.202 [JavaFX Application Thread] DEBUG Input                - Registered new binding: num9 - Numpad 9
01:43:40.203 [JavaFX Application Thread] DEBUG Input                - Registered new binding: 0 - 0
01:43:40.203 [JavaFX Application Thread] DEBUG Input                - Registered new binding: num0 - Numpad 0
01:43:40.203 [JavaFX Application Thread] DEBUG Input                - Registered new binding: ENTER - Enter
01:43:40.203 [JavaFX Application Thread] DEBUG Input                - Registered new binding: BACKSPACE - Backspace
01:43:40.241 [JavaFX Application Thread] DEBUG GameApplication      - Starting main loop
01:43:40.243 [JavaFX Application Thread] DEBUG StartupState         - STARTUP
01:43:40.243 [JavaFX Application Thread] DEBUG GameApplication      - Starting new game
01:43:40.243 [JavaFX Application Thread] DEBUG Input                - Clearing active input actions
01:43:40.243 [JavaFX Application Thread] DEBUG AppStateMachine      - StartupState -> LoadingState
01:43:40.401 [JavaFX Application Thread] DEBUG InitAppTask          - @AddCollisionHandler: []
01:43:40.401 [JavaFX Application Thread] DEBUG InitAppTask          - @SetEntityFactory: []
01:43:40.427 [FXGL Background Thread 1 ] DEBUG InitAppTask          - Clearing previous game
01:43:40.428 [FXGL Background Thread 1 ] DEBUG GameWorld            - Resetting game world
01:43:40.428 [FXGL Background Thread 1 ] DEBUG PhysicsWorld         - Resetting physics world
01:43:40.428 [FXGL Background Thread 1 ] DEBUG GameScene            - Resetting game scene
01:43:40.429 [FXGL Background Thread 1 ] DEBUG InitAppTask          - Initializing Assets
01:43:40.429 [FXGL Background Thread 1 ] DEBUG InitAppTask          - Initializing Game
01:43:40.455 [FXGL Background Thread 1 ] DEBUG GameScene            - Creating render group for layer: BACKGROUND(1000)
01:43:40.459 [FXGL Background Thread 1 ] DEBUG InitAppTask          - Initializing Physics
01:43:40.459 [FXGL Background Thread 1 ] DEBUG InitAppTask          - Initializing UI
01:43:40.459 [FXGL Background Thread 1 ] DEBUG InitAppTask          - Initialization Complete
01:43:40.459 [FXGL Background Thread 1 ] INFO  InitAppTask          - Game initialization took: 0.032 sec
01:43:40.485 [JavaFX Application Thread] DEBUG Input                - Clearing active input actions
01:43:40.486 [JavaFX Application Thread] DEBUG AppStateMachine      - LoadingState -> PlayState
01:43:43.820 [JavaFX Application Thread] DEBUG GameWorld            - Resetting game world
01:43:43.823 [JavaFX Application Thread] DEBUG PhysicsWorld         - Resetting physics world
01:43:43.823 [JavaFX Application Thread] DEBUG GameScene            - Resetting game scene
01:43:43.824 [JavaFX Application Thread] DEBUG GameScene            - Creating render group for layer: BACKGROUND(1000)
01:43:47.438 [JavaFX Application Thread] DEBUG GameWorld            - Resetting game world
01:43:47.853 [JavaFX Application Thread] DEBUG PhysicsWorld         - Resetting physics world
01:43:47.853 [JavaFX Application Thread] DEBUG GameScene            - Resetting game scene
01:43:47.854 [JavaFX Application Thread] DEBUG GameScene            - Creating render group for layer: BACKGROUND(1000)
01:43:51.153 [JavaFX Application Thread] DEBUG GameWorld            - Resetting game world
01:43:51.155 [JavaFX Application Thread] DEBUG PhysicsWorld         - Resetting physics world
01:43:51.155 [JavaFX Application Thread] DEBUG GameScene            - Resetting game scene
01:43:51.156 [JavaFX Application Thread] DEBUG GameScene            - Creating render group for layer: BACKGROUND(1000)
01:43:56.869 [JavaFX Application Thread] DEBUG GameWorld            - Resetting game world
01:43:59.003 [JavaFX Application Thread] DEBUG PhysicsWorld         - Resetting physics world
01:43:59.003 [JavaFX Application Thread] DEBUG GameScene            - Resetting game scene
01:43:59.003 [JavaFX Application Thread] DEBUG GameScene            - Creating render group for layer: BACKGROUND(1000)
