01:49:02.581 [FXGL Launcher Thread     ] DEBUG FXGL                 - FXGL logger initialized
01:49:02.583 [FXGL Launcher Thread     ] DEBUG FXGL                 - Service <<AudioPlayer>> initialized
01:49:02.584 [FXGL Launcher Thread     ] DEBUG FXGLAssetLoader      - Asset cacheSize=35
01:49:02.584 [FXGL Launcher Thread     ] DEBUG FXGL                 - Service <<AssetLoader>> initialized
01:49:02.585 [FXGL Launcher Thread     ] DEBUG FXGL                 - Service <<EventBus>> initialized
01:49:02.587 [FXGL Launcher Thread     ] DEBUG FXGLAssetLoader      - Loading from disk: /assets/ui/cursors/fxgl_default.png
01:49:02.602 [FXGL Launcher Thread     ] DEBUG FXGLAssetLoader      - Loading from disk: /assets/sounds/core/notification.wav
01:49:02.619 [FXGL Launcher Thread     ] DEBUG FXGLAssetLoader      - Loading from disk: /assets/sounds/menu/select.wav
01:49:02.620 [FXGL Launcher Thread     ] DEBUG FXGLAssetLoader      - Loading from disk: /assets/sounds/menu/back.wav
01:49:02.622 [FXGL Launcher Thread     ] DEBUG FXGLAssetLoader      - Loading from disk: /assets/sounds/menu/press.wav
01:49:02.623 [FXGL Launcher Thread     ] DEBUG FXGLAssetLoader      - Loading from disk: /assets/ui/fonts/Copperplate_Gothic_Light_Regular.ttf
01:49:02.719 [FXGL Launcher Thread     ] DEBUG FXGLAssetLoader      - Loading from disk: /assets/ui/fonts/lucida_console.ttf
01:49:02.733 [FXGL Launcher Thread     ] DEBUG FXGLAssetLoader      - Loading from disk: /assets/ui/css/fxgl_dark.css
01:49:02.734 [FXGL Launcher Thread     ] DEBUG FXGLAssetLoader      - Loading from disk: /assets/ui/icons/fxgl_icon.png
01:49:02.746 [FXGL Launcher Thread     ] DEBUG FXGLDisplay          - Using CSS: CSS(externalForm=jar:file:/C:/Users/lukel/Documents/Programming/CellularAutomata/More1DAutomata/lib/fxgl-0.3.4-uber.jar!/assets/ui/css/fxgl_dark.css)
01:49:02.747 [FXGL Launcher Thread     ] DEBUG FXGL                 - Service <<Display>> initialized
01:49:02.749 [FXGL Launcher Thread     ] DEBUG FXGL                 - Service <<Executor>> initialized
01:49:02.755 [FXGL Launcher Thread     ] DEBUG FXGL                 - Service <<NotificationService>> initialized
01:49:02.756 [FXGL Launcher Thread     ] DEBUG FXGL                 - Service <<Net>> initialized
01:49:02.768 [FXGL Launcher Thread     ] DEBUG FXGL                 - Service <<Gameplay>> initialized
01:49:02.772 [FXGL Launcher Thread     ] DEBUG FXGLPooler           - Default pool size for objects = 128
01:49:02.772 [FXGL Launcher Thread     ] DEBUG FXGL                 - Service <<Pooler>> initialized
01:49:02.773 [FXGL Launcher Thread     ] DEBUG FXGL                 - Service <<ExceptionHandler>> initialized
01:49:02.773 [FXGL Launcher Thread     ] DEBUG FXGL                 - Service <<UIFactory>> initialized
01:49:02.773 [FXGL Launcher Thread     ] DEBUG FXGL                 - Service <<DialogFactory>> initialized
01:49:02.773 [FXGL Launcher Thread     ] DEBUG FXGL                 - Service <<SceneFactory>> initialized
01:49:02.773 [FXGL Launcher Thread     ] DEBUG FXGL                 - Loading FXGL system data
01:49:02.776 [FXGL Launcher Thread     ] DEBUG IOTask               - Executing task: readDataTask(system/fxgl.bundle)
01:49:02.779 [FXGL Launcher Thread     ] DEBUG FS                   - Reading from: system\fxgl.bundle
01:49:02.789 [FXGL Launcher Thread     ] DEBUG IOTask               - Task succeeded: readDataTask(system/fxgl.bundle)
01:49:02.789 [FXGL Launcher Thread     ] DEBUG Bundle               - Logging bundle: FXGL
01:49:02.790 [FXGL Launcher Thread     ] DEBUG Bundle               - FXGL.offline.timer.version.check=2017-07-11T23:54:35.862
01:49:02.790 [FXGL Launcher Thread     ] DEBUG GameApplication      - FXGL configuration complete
01:49:02.790 [FXGL Launcher Thread     ] INFO  GameApplication      - FXGL configuration took:  0.647 sec
01:49:02.790 [FXGL Launcher Thread     ] DEBUG GameApplication      - Logging game settings
Title: Elementary Cellular Automata
Version: 0.0
Width: 1000
Height: 1015
Fullscreen: false
Intro: false
Menus: false
Profiling: false
App Mode: DEVELOPER
Menu Style: FXGL_DEFAULT
Menu Key: ESCAPE
Services: []
01:49:02.800 [FXGL Launcher Thread     ] DEBUG GameApplication      - Configuring GameApplication
01:49:02.801 [FXGL Launcher Thread     ] DEBUG AppStateMachine      - Initializing application states
01:49:02.803 [FXGL Launcher Thread     ] DEBUG FXGLAssetLoader      - Loading from disk: /assets/ui/cursors/fxgl_default.png
01:49:02.806 [FXGL Launcher Thread     ] DEBUG FXGLAssetLoader      - Loading from disk: /assets/ui/cursors/fxgl_default.png
01:49:02.839 [FXGL Launcher Thread     ] DEBUG GameWorld            - Game world initialized
01:49:02.872 [FXGL Launcher Thread     ] DEBUG PhysicsWorld         - Physics world initialized: appHeight=1015, physics.ppm=50.0
01:49:02.879 [FXGL Launcher Thread     ] DEBUG FXGLAssetLoader      - Loading from disk: /assets/ui/cursors/fxgl_default.png
01:49:02.894 [FXGL Launcher Thread     ] DEBUG GameScene            - Game scene initialized: 1000x1015
01:49:02.910 [FXGL Launcher Thread     ] DEBUG Input                - Registered new binding: Pause - Esc
01:49:02.919 [FXGL Launcher Thread     ] INFO  GameApplication      - Game configuration took:  0.119 sec
01:49:02.922 [JavaFX Application Thread] DEBUG FXGLDisplay          - Target size: DoubleProperty [value: 1000.0] x DoubleProperty [value: 1015.0] @ 1.0
01:49:02.923 [JavaFX Application Thread] DEBUG FXGLDisplay          - New size:    1000.0 x 1015.0 @ DoubleProperty [value: 1.0]
01:49:02.923 [JavaFX Application Thread] DEBUG FXGLDisplay          - Opening primary stage
01:49:02.943 [JavaFX Application Thread] DEBUG FXGLDisplay          - Stage shown
01:49:02.943 [JavaFX Application Thread] DEBUG FXGLDisplay          - Root size: 1000.0x1015.0
01:49:02.943 [JavaFX Application Thread] DEBUG FXGLDisplay          - Scene size: 1000.0x1015.0
01:49:02.943 [JavaFX Application Thread] DEBUG FXGLDisplay          - Stage size: 1016.0x1054.0
01:49:02.972 [JavaFX Application Thread] DEBUG GameApplication      - Running preInit()
01:49:02.974 [JavaFX Application Thread] DEBUG Input                - Registered new binding: Screenshot - P
01:49:02.974 [JavaFX Application Thread] DEBUG Input                - Registered new binding: Dev Options - CTRL+0
01:49:02.975 [JavaFX Application Thread] DEBUG Input                - Registered new binding: RANDOM - R
01:49:02.975 [JavaFX Application Thread] DEBUG Input                - Registered new binding: 1 - 1
01:49:02.975 [JavaFX Application Thread] DEBUG Input                - Registered new binding: num1 - Numpad 1
01:49:02.975 [JavaFX Application Thread] DEBUG Input                - Registered new binding: 2 - 2
01:49:02.975 [JavaFX Application Thread] DEBUG Input                - Registered new binding: num2 - Numpad 2
01:49:02.975 [JavaFX Application Thread] DEBUG Input                - Registered new binding: 3 - 3
01:49:02.975 [JavaFX Application Thread] DEBUG Input                - Registered new binding: num3 - Numpad 3
01:49:02.976 [JavaFX Application Thread] DEBUG Input                - Registered new binding: 4 - 4
01:49:02.976 [JavaFX Application Thread] DEBUG Input                - Registered new binding: num4 - Numpad 4
01:49:02.976 [JavaFX Application Thread] DEBUG Input                - Registered new binding: 5 - 5
01:49:02.976 [JavaFX Application Thread] DEBUG Input                - Registered new binding: num5 - Numpad 5
01:49:02.976 [JavaFX Application Thread] DEBUG Input                - Registered new binding: 6 - 6
01:49:02.976 [JavaFX Application Thread] DEBUG Input                - Registered new binding: num6 - Numpad 6
01:49:02.976 [JavaFX Application Thread] DEBUG Input                - Registered new binding: 7 - 7
01:49:02.976 [JavaFX Application Thread] DEBUG Input                - Registered new binding: num7 - Numpad 7
01:49:02.976 [JavaFX Application Thread] DEBUG Input                - Registered new binding: 8 - 8
01:49:02.977 [JavaFX Application Thread] DEBUG Input                - Registered new binding: num8 - Numpad 8
01:49:02.977 [JavaFX Application Thread] DEBUG Input                - Registered new binding: 9 - 9
01:49:02.977 [JavaFX Application Thread] DEBUG Input                - Registered new binding: num9 - Numpad 9
01:49:02.977 [JavaFX Application Thread] DEBUG Input                - Registered new binding: 0 - 0
01:49:02.977 [JavaFX Application Thread] DEBUG Input                - Registered new binding: num0 - Numpad 0
01:49:02.977 [JavaFX Application Thread] DEBUG Input                - Registered new binding: ENTER - Enter
01:49:02.977 [JavaFX Application Thread] DEBUG Input                - Registered new binding: BACKSPACE - Backspace
01:49:03.015 [JavaFX Application Thread] DEBUG GameApplication      - Starting main loop
01:49:03.020 [JavaFX Application Thread] DEBUG StartupState         - STARTUP
01:49:03.020 [JavaFX Application Thread] DEBUG GameApplication      - Starting new game
01:49:03.021 [JavaFX Application Thread] DEBUG Input                - Clearing active input actions
01:49:03.021 [JavaFX Application Thread] DEBUG AppStateMachine      - StartupState -> LoadingState
01:49:03.175 [JavaFX Application Thread] DEBUG InitAppTask          - @SetEntityFactory: []
01:49:03.175 [JavaFX Application Thread] DEBUG InitAppTask          - @AddCollisionHandler: []
01:49:03.206 [FXGL Background Thread 1 ] DEBUG InitAppTask          - Clearing previous game
01:49:03.206 [FXGL Background Thread 1 ] DEBUG GameWorld            - Resetting game world
01:49:03.207 [FXGL Background Thread 1 ] DEBUG PhysicsWorld         - Resetting physics world
01:49:03.207 [FXGL Background Thread 1 ] DEBUG GameScene            - Resetting game scene
01:49:03.207 [FXGL Background Thread 1 ] DEBUG InitAppTask          - Initializing Assets
01:49:03.209 [FXGL Background Thread 1 ] DEBUG InitAppTask          - Initializing Game
01:49:03.232 [FXGL Background Thread 1 ] DEBUG GameScene            - Creating render group for layer: BACKGROUND(1000)
01:49:03.236 [FXGL Background Thread 1 ] DEBUG InitAppTask          - Initializing Physics
01:49:03.236 [FXGL Background Thread 1 ] DEBUG InitAppTask          - Initializing UI
01:49:03.236 [FXGL Background Thread 1 ] DEBUG InitAppTask          - Initialization Complete
01:49:03.236 [FXGL Background Thread 1 ] INFO  InitAppTask          - Game initialization took: 0.030 sec
01:49:03.261 [JavaFX Application Thread] DEBUG Input                - Clearing active input actions
01:49:03.261 [JavaFX Application Thread] DEBUG AppStateMachine      - LoadingState -> PlayState
01:49:06.611 [JavaFX Application Thread] DEBUG GameWorld            - Resetting game world
01:49:06.615 [JavaFX Application Thread] DEBUG PhysicsWorld         - Resetting physics world
01:49:06.615 [JavaFX Application Thread] DEBUG GameScene            - Resetting game scene
01:49:06.617 [JavaFX Application Thread] DEBUG GameScene            - Creating render group for layer: BACKGROUND(1000)
01:49:10.144 [JavaFX Application Thread] DEBUG GameWorld            - Resetting game world
01:49:10.388 [JavaFX Application Thread] DEBUG PhysicsWorld         - Resetting physics world
01:49:10.388 [JavaFX Application Thread] DEBUG GameScene            - Resetting game scene
01:49:10.389 [JavaFX Application Thread] DEBUG GameScene            - Creating render group for layer: BACKGROUND(1000)
01:49:14.144 [JavaFX Application Thread] DEBUG GameWorld            - Resetting game world
01:49:14.520 [JavaFX Application Thread] DEBUG PhysicsWorld         - Resetting physics world
01:49:14.520 [JavaFX Application Thread] DEBUG GameScene            - Resetting game scene
01:49:14.520 [JavaFX Application Thread] DEBUG GameScene            - Creating render group for layer: BACKGROUND(1000)
01:49:17.810 [JavaFX Application Thread] DEBUG GameWorld            - Resetting game world
01:49:17.812 [JavaFX Application Thread] DEBUG PhysicsWorld         - Resetting physics world
01:49:17.812 [JavaFX Application Thread] DEBUG GameScene            - Resetting game scene
01:49:17.812 [JavaFX Application Thread] DEBUG GameScene            - Creating render group for layer: BACKGROUND(1000)
01:49:21.320 [JavaFX Application Thread] DEBUG GameWorld            - Resetting game world
01:49:21.841 [JavaFX Application Thread] DEBUG PhysicsWorld         - Resetting physics world
01:49:21.841 [JavaFX Application Thread] DEBUG GameScene            - Resetting game scene
01:49:21.841 [JavaFX Application Thread] DEBUG GameScene            - Creating render group for layer: BACKGROUND(1000)
01:49:25.202 [JavaFX Application Thread] DEBUG GameWorld            - Resetting game world
01:49:25.471 [JavaFX Application Thread] DEBUG PhysicsWorld         - Resetting physics world
01:49:25.472 [JavaFX Application Thread] DEBUG GameScene            - Resetting game scene
01:49:25.472 [JavaFX Application Thread] DEBUG GameScene            - Creating render group for layer: BACKGROUND(1000)
01:49:28.917 [JavaFX Application Thread] DEBUG GameWorld            - Resetting game world
01:49:29.548 [JavaFX Application Thread] DEBUG PhysicsWorld         - Resetting physics world
01:49:29.548 [JavaFX Application Thread] DEBUG GameScene            - Resetting game scene
01:49:29.549 [JavaFX Application Thread] DEBUG GameScene            - Creating render group for layer: BACKGROUND(1000)
01:49:32.844 [JavaFX Application Thread] DEBUG GameWorld            - Resetting game world
01:49:32.847 [JavaFX Application Thread] DEBUG PhysicsWorld         - Resetting physics world
01:49:32.848 [JavaFX Application Thread] DEBUG GameScene            - Resetting game scene
01:49:32.848 [JavaFX Application Thread] DEBUG GameScene            - Creating render group for layer: BACKGROUND(1000)
01:49:36.239 [JavaFX Application Thread] DEBUG GameWorld            - Resetting game world
01:49:36.919 [JavaFX Application Thread] DEBUG PhysicsWorld         - Resetting physics world
01:49:36.919 [JavaFX Application Thread] DEBUG GameScene            - Resetting game scene
01:49:36.920 [JavaFX Application Thread] DEBUG GameScene            - Creating render group for layer: BACKGROUND(1000)
01:49:40.410 [JavaFX Application Thread] DEBUG GameWorld            - Resetting game world
01:49:41.203 [JavaFX Application Thread] DEBUG PhysicsWorld         - Resetting physics world
01:49:41.203 [JavaFX Application Thread] DEBUG GameScene            - Resetting game scene
01:49:41.203 [JavaFX Application Thread] DEBUG GameScene            - Creating render group for layer: BACKGROUND(1000)
01:49:45.090 [JavaFX Application Thread] DEBUG GameWorld            - Resetting game world
01:49:45.468 [JavaFX Application Thread] DEBUG PhysicsWorld         - Resetting physics world
01:49:45.468 [JavaFX Application Thread] DEBUG GameScene            - Resetting game scene
01:49:45.468 [JavaFX Application Thread] DEBUG GameScene            - Creating render group for layer: BACKGROUND(1000)
01:49:48.799 [JavaFX Application Thread] DEBUG GameWorld            - Resetting game world
01:49:48.919 [JavaFX Application Thread] DEBUG PhysicsWorld         - Resetting physics world
01:49:48.919 [JavaFX Application Thread] DEBUG GameScene            - Resetting game scene
01:49:48.920 [JavaFX Application Thread] DEBUG GameScene            - Creating render group for layer: BACKGROUND(1000)
01:49:52.000 [JavaFX Application Thread] DEBUG FXGLEventBus         - Firing event: DisplayEvent[type=CLOSE_REQUEST]
01:49:52.000 [JavaFX Application Thread] DEBUG GameApplication      - Exiting FXGL application
01:49:52.001 [JavaFX Application Thread] DEBUG FXGL                 - Saving FXGL system data
01:49:52.002 [JavaFX Application Thread] DEBUG IOTask               - Executing task: writeDataTask(system/fxgl.bundle)
01:49:52.004 [JavaFX Application Thread] DEBUG FS                   - Writing to: system\fxgl.bundle
01:49:52.007 [JavaFX Application Thread] DEBUG IOTask               - Task succeeded: writeDataTask(system/fxgl.bundle)
01:49:52.007 [JavaFX Application Thread] DEBUG GameApplication      - Closing FXGL logger and exiting JavaFX
