17:07:58.055 [FXGL Launcher Thread     ] DEBUG FXGL                 - FXGL logger initialized
17:07:58.058 [FXGL Launcher Thread     ] DEBUG FXGL                 - Service <<AudioPlayer>> initialized
17:07:58.059 [FXGL Launcher Thread     ] DEBUG FXGLAssetLoader      - Asset cacheSize=35
17:07:58.059 [FXGL Launcher Thread     ] DEBUG FXGL                 - Service <<AssetLoader>> initialized
17:07:58.060 [FXGL Launcher Thread     ] DEBUG FXGL                 - Service <<EventBus>> initialized
17:07:58.062 [FXGL Launcher Thread     ] DEBUG FXGLAssetLoader      - Loading from disk: /assets/ui/cursors/fxgl_default.png
17:07:58.077 [FXGL Launcher Thread     ] DEBUG FXGLAssetLoader      - Loading from disk: /assets/sounds/core/notification.wav
17:07:58.094 [FXGL Launcher Thread     ] DEBUG FXGLAssetLoader      - Loading from disk: /assets/sounds/menu/select.wav
17:07:58.095 [FXGL Launcher Thread     ] DEBUG FXGLAssetLoader      - Loading from disk: /assets/sounds/menu/back.wav
17:07:58.097 [FXGL Launcher Thread     ] DEBUG FXGLAssetLoader      - Loading from disk: /assets/sounds/menu/press.wav
17:07:58.098 [FXGL Launcher Thread     ] DEBUG FXGLAssetLoader      - Loading from disk: /assets/ui/fonts/Copperplate_Gothic_Light_Regular.ttf
17:07:58.244 [FXGL Launcher Thread     ] DEBUG FXGLAssetLoader      - Loading from disk: /assets/ui/fonts/lucida_console.ttf
17:07:58.262 [FXGL Launcher Thread     ] DEBUG FXGLAssetLoader      - Loading from disk: /assets/ui/css/fxgl_dark.css
17:07:58.262 [FXGL Launcher Thread     ] DEBUG FXGLAssetLoader      - Loading from disk: /assets/ui/icons/fxgl_icon.png
17:07:58.275 [FXGL Launcher Thread     ] DEBUG FXGLDisplay          - Using CSS: CSS(externalForm=jar:file:/C:/Users/lukel/Documents/Programming/CellularAutomata/More1DAutomata/lib/fxgl-0.3.4-uber.jar!/assets/ui/css/fxgl_dark.css)
17:07:58.276 [FXGL Launcher Thread     ] DEBUG FXGL                 - Service <<Display>> initialized
17:07:58.278 [FXGL Launcher Thread     ] DEBUG FXGL                 - Service <<Executor>> initialized
17:07:58.285 [FXGL Launcher Thread     ] DEBUG FXGL                 - Service <<NotificationService>> initialized
17:07:58.286 [FXGL Launcher Thread     ] DEBUG FXGL                 - Service <<Net>> initialized
17:07:58.297 [FXGL Launcher Thread     ] DEBUG FXGL                 - Service <<Gameplay>> initialized
17:07:58.301 [FXGL Launcher Thread     ] DEBUG FXGLPooler           - Default pool size for objects = 128
17:07:58.302 [FXGL Launcher Thread     ] DEBUG FXGL                 - Service <<Pooler>> initialized
17:07:58.302 [FXGL Launcher Thread     ] DEBUG FXGL                 - Service <<ExceptionHandler>> initialized
17:07:58.302 [FXGL Launcher Thread     ] DEBUG FXGL                 - Service <<UIFactory>> initialized
17:07:58.302 [FXGL Launcher Thread     ] DEBUG FXGL                 - Service <<DialogFactory>> initialized
17:07:58.302 [FXGL Launcher Thread     ] DEBUG FXGL                 - Service <<SceneFactory>> initialized
17:07:58.302 [FXGL Launcher Thread     ] DEBUG FXGL                 - Loading FXGL system data
17:07:58.307 [FXGL Launcher Thread     ] DEBUG IOTask               - Executing task: readDataTask(system/fxgl.bundle)
17:07:58.432 [FXGL Launcher Thread     ] DEBUG FS                   - Reading from: system\fxgl.bundle
17:07:58.441 [FXGL Launcher Thread     ] DEBUG IOTask               - Task succeeded: readDataTask(system/fxgl.bundle)
17:07:58.441 [FXGL Launcher Thread     ] DEBUG Bundle               - Logging bundle: FXGL
17:07:58.441 [FXGL Launcher Thread     ] DEBUG Bundle               - FXGL.offline.timer.version.check=2017-07-11T23:54:35.862
17:07:58.441 [FXGL Launcher Thread     ] DEBUG GameApplication      - FXGL configuration complete
17:07:58.442 [FXGL Launcher Thread     ] INFO  GameApplication      - FXGL configuration took:  0.870 sec
17:07:58.442 [FXGL Launcher Thread     ] DEBUG GameApplication      - Logging game settings
Title: Elementary Cellular Automata
Version: 1.0
Width: 1000
Height: 1015
Fullscreen: false
Intro: false
Menus: false
Profiling: false
App Mode: DEVELOPER
Menu Style: FXGL_DEFAULT
Menu Key: ESCAPE
Services: []
17:07:58.459 [FXGL Launcher Thread     ] DEBUG GameApplication      - Configuring GameApplication
17:07:58.460 [FXGL Launcher Thread     ] DEBUG AppStateMachine      - Initializing application states
17:07:58.462 [FXGL Launcher Thread     ] DEBUG FXGLAssetLoader      - Loading from disk: /assets/ui/cursors/fxgl_default.png
17:07:58.465 [FXGL Launcher Thread     ] DEBUG FXGLAssetLoader      - Loading from disk: /assets/ui/cursors/fxgl_default.png
17:07:58.514 [FXGL Launcher Thread     ] DEBUG GameWorld            - Game world initialized
17:07:58.547 [FXGL Launcher Thread     ] DEBUG PhysicsWorld         - Physics world initialized: appHeight=1015, physics.ppm=50.0
17:07:58.553 [FXGL Launcher Thread     ] DEBUG FXGLAssetLoader      - Loading from disk: /assets/ui/cursors/fxgl_default.png
17:07:58.570 [FXGL Launcher Thread     ] DEBUG GameScene            - Game scene initialized: 1000x1015
17:07:58.587 [FXGL Launcher Thread     ] DEBUG Input                - Registered new binding: Pause - Esc
17:07:58.595 [FXGL Launcher Thread     ] INFO  GameApplication      - Game configuration took:  0.135 sec
17:07:58.598 [JavaFX Application Thread] DEBUG FXGLDisplay          - Target size: DoubleProperty [value: 1000.0] x DoubleProperty [value: 1015.0] @ 1.0
17:07:58.599 [JavaFX Application Thread] DEBUG FXGLDisplay          - New size:    1000.0 x 1015.0 @ DoubleProperty [value: 1.0]
17:07:58.599 [JavaFX Application Thread] DEBUG FXGLDisplay          - Opening primary stage
17:07:58.620 [JavaFX Application Thread] DEBUG FXGLDisplay          - Stage shown
17:07:58.620 [JavaFX Application Thread] DEBUG FXGLDisplay          - Root size: 1000.0x1015.0
17:07:58.620 [JavaFX Application Thread] DEBUG FXGLDisplay          - Scene size: 1000.0x1015.0
17:07:58.620 [JavaFX Application Thread] DEBUG FXGLDisplay          - Stage size: 1016.0x1054.0
17:07:58.647 [JavaFX Application Thread] DEBUG GameApplication      - Running preInit()
17:07:58.649 [JavaFX Application Thread] DEBUG Input                - Registered new binding: Screenshot - P
17:07:58.649 [JavaFX Application Thread] DEBUG Input                - Registered new binding: Dev Options - CTRL+0
17:07:58.649 [JavaFX Application Thread] DEBUG Input                - Registered new binding: RANDOM - R
17:07:58.650 [JavaFX Application Thread] DEBUG Input                - Registered new binding: 1 - 1
17:07:58.650 [JavaFX Application Thread] DEBUG Input                - Registered new binding: num1 - Numpad 1
17:07:58.650 [JavaFX Application Thread] DEBUG Input                - Registered new binding: 2 - 2
17:07:58.650 [JavaFX Application Thread] DEBUG Input                - Registered new binding: num2 - Numpad 2
17:07:58.650 [JavaFX Application Thread] DEBUG Input                - Registered new binding: 3 - 3
17:07:58.650 [JavaFX Application Thread] DEBUG Input                - Registered new binding: num3 - Numpad 3
17:07:58.650 [JavaFX Application Thread] DEBUG Input                - Registered new binding: 4 - 4
17:07:58.650 [JavaFX Application Thread] DEBUG Input                - Registered new binding: num4 - Numpad 4
17:07:58.651 [JavaFX Application Thread] DEBUG Input                - Registered new binding: 5 - 5
17:07:58.651 [JavaFX Application Thread] DEBUG Input                - Registered new binding: num5 - Numpad 5
17:07:58.651 [JavaFX Application Thread] DEBUG Input                - Registered new binding: 6 - 6
17:07:58.651 [JavaFX Application Thread] DEBUG Input                - Registered new binding: num6 - Numpad 6
17:07:58.651 [JavaFX Application Thread] DEBUG Input                - Registered new binding: 7 - 7
17:07:58.651 [JavaFX Application Thread] DEBUG Input                - Registered new binding: num7 - Numpad 7
17:07:58.651 [JavaFX Application Thread] DEBUG Input                - Registered new binding: 8 - 8
17:07:58.652 [JavaFX Application Thread] DEBUG Input                - Registered new binding: num8 - Numpad 8
17:07:58.652 [JavaFX Application Thread] DEBUG Input                - Registered new binding: 9 - 9
17:07:58.652 [JavaFX Application Thread] DEBUG Input                - Registered new binding: num9 - Numpad 9
17:07:58.652 [JavaFX Application Thread] DEBUG Input                - Registered new binding: 0 - 0
17:07:58.652 [JavaFX Application Thread] DEBUG Input                - Registered new binding: num0 - Numpad 0
17:07:58.652 [JavaFX Application Thread] DEBUG Input                - Registered new binding: ENTER - Enter
17:07:58.652 [JavaFX Application Thread] DEBUG Input                - Registered new binding: BACKSPACE - Backspace
17:07:58.652 [JavaFX Application Thread] DEBUG Input                - Registered new binding: PAUSE - Space
17:07:58.692 [JavaFX Application Thread] DEBUG GameApplication      - Starting main loop
17:07:58.693 [JavaFX Application Thread] DEBUG StartupState         - STARTUP
17:07:58.694 [JavaFX Application Thread] DEBUG GameApplication      - Starting new game
17:07:58.694 [JavaFX Application Thread] DEBUG Input                - Clearing active input actions
17:07:58.694 [JavaFX Application Thread] DEBUG AppStateMachine      - StartupState -> LoadingState
17:07:58.786 [JavaFX Application Thread] DEBUG InitAppTask          - @AddCollisionHandler: []
17:07:58.787 [JavaFX Application Thread] DEBUG InitAppTask          - @SetEntityFactory: []
17:07:58.841 [FXGL Background Thread 1 ] DEBUG InitAppTask          - Clearing previous game
17:07:58.841 [FXGL Background Thread 1 ] DEBUG GameWorld            - Resetting game world
17:07:58.842 [FXGL Background Thread 1 ] DEBUG PhysicsWorld         - Resetting physics world
17:07:58.842 [FXGL Background Thread 1 ] DEBUG GameScene            - Resetting game scene
17:07:58.842 [FXGL Background Thread 1 ] DEBUG InitAppTask          - Initializing Assets
17:07:58.843 [FXGL Background Thread 1 ] DEBUG InitAppTask          - Initializing Game
17:07:58.867 [FXGL Background Thread 1 ] DEBUG GameScene            - Creating render group for layer: BACKGROUND(1000)
17:07:58.871 [FXGL Background Thread 1 ] DEBUG InitAppTask          - Initializing Physics
17:07:58.871 [FXGL Background Thread 1 ] DEBUG InitAppTask          - Initializing UI
17:07:58.871 [FXGL Background Thread 1 ] DEBUG InitAppTask          - Initialization Complete
17:07:58.872 [FXGL Background Thread 1 ] INFO  InitAppTask          - Game initialization took: 0.031 sec
17:07:58.886 [JavaFX Application Thread] DEBUG Input                - Clearing active input actions
17:07:58.886 [JavaFX Application Thread] DEBUG AppStateMachine      - LoadingState -> PlayState
17:08:02.655 [JavaFX Application Thread] DEBUG GameWorld            - Resetting game world
17:08:02.658 [JavaFX Application Thread] DEBUG PhysicsWorld         - Resetting physics world
17:08:02.658 [JavaFX Application Thread] DEBUG GameScene            - Resetting game scene
17:08:02.659 [JavaFX Application Thread] DEBUG GameScene            - Creating render group for layer: BACKGROUND(1000)
17:08:12.705 [JavaFX Application Thread] DEBUG GameWorld            - Resetting game world
17:08:20.112 [JavaFX Application Thread] DEBUG PhysicsWorld         - Resetting physics world
17:08:20.112 [JavaFX Application Thread] DEBUG GameScene            - Resetting game scene
17:08:20.112 [JavaFX Application Thread] DEBUG GameScene            - Creating render group for layer: BACKGROUND(1000)
17:09:07.645 [JavaFX Application Thread] DEBUG GameWorld            - Resetting game world
17:09:19.052 [JavaFX Application Thread] DEBUG PhysicsWorld         - Resetting physics world
17:09:19.053 [JavaFX Application Thread] DEBUG GameScene            - Resetting game scene
17:09:19.053 [JavaFX Application Thread] DEBUG GameScene            - Creating render group for layer: BACKGROUND(1000)
17:09:57.090 [JavaFX Application Thread] DEBUG GameWorld            - Resetting game world
17:10:33.204 [JavaFX Application Thread] DEBUG PhysicsWorld         - Resetting physics world
17:10:33.204 [JavaFX Application Thread] DEBUG GameScene            - Resetting game scene
17:10:33.204 [JavaFX Application Thread] DEBUG GameScene            - Creating render group for layer: BACKGROUND(1000)
